2021-06-11 08:20:30,057 INFO raft peers changed: [Member{ip='nacos', port=8848, state=UP, extendInfo={raftPort=7848, version=2.0.1}}]

2021-06-11 08:20:30,437 INFO initializing Raft sub-system

2021-06-11 08:20:30,438 INFO finish loading all datums, size: 0 cost 1 ms.

2021-06-11 08:20:30,477 INFO cache loaded, datum count: 0, current term: 0

2021-06-11 08:20:30,477 INFO finish to load data from disk, cost: 40 ms.

2021-06-11 08:20:30,496 INFO timer started: leader timeout ms: 15000, heart-beat timeout ms: 5000

2021-06-11 08:20:31,879 INFO add listener: com.alibaba.nacos.naming.domains.meta.

2021-06-11 08:20:35,373 WARN start to close old raft protocol!!!

2021-06-11 08:20:35,373 WARN stop old raft protocol task for notifier

2021-06-11 08:20:35,373 WARN stop old raft protocol task for master task

2021-06-11 08:20:35,373 WARN stop old raft protocol task for heartbeat task

2021-06-11 08:20:35,373 WARN clean old cache datum for old raft

2021-06-11 08:20:35,373 WARN start to close old raft protocol!!!

2021-06-11 08:20:35,373 WARN stop old raft protocol task for notifier

2021-06-11 08:20:35,373 WARN stop old raft protocol task for master task

2021-06-11 08:20:35,373 WARN stop old raft protocol task for heartbeat task

2021-06-11 08:20:35,373 WARN clean old cache datum for old raft

2021-06-11 08:20:35,373 WARN start to move old raft protocol metadata

2021-06-11 08:20:35,377 WARN start to move old raft protocol metadata

2021-06-11 08:20:36,496 INFO add listener: com.alibaba.nacos.naming.domains.meta.00-00---000-NACOS_SWITCH_DOMAIN-000---00-00

2021-06-11 08:23:44,682 INFO raft peers changed: [Member{ip='nacos', port=8848, state=UP, extendInfo={raftPort=7848, version=2.0.1}}]

2021-06-11 08:23:45,013 INFO initializing Raft sub-system

2021-06-11 08:23:45,013 INFO finish loading all datums, size: 0 cost 0 ms.

2021-06-11 08:23:45,021 INFO cache loaded, datum count: 0, current term: 0

2021-06-11 08:23:45,021 INFO finish to load data from disk, cost: 8 ms.

2021-06-11 08:23:45,034 INFO timer started: leader timeout ms: 15000, heart-beat timeout ms: 5000

2021-06-11 08:23:45,943 INFO add listener: com.alibaba.nacos.naming.domains.meta.

2021-06-11 08:23:49,599 INFO add listener: com.alibaba.nacos.naming.domains.meta.00-00---000-NACOS_SWITCH_DOMAIN-000---00-00

2021-06-11 08:23:49,990 WARN start to close old raft protocol!!!

2021-06-11 08:23:49,990 WARN stop old raft protocol task for notifier

2021-06-11 08:23:49,990 WARN stop old raft protocol task for master task

2021-06-11 08:23:49,990 WARN stop old raft protocol task for heartbeat task

2021-06-11 08:23:49,990 WARN clean old cache datum for old raft

2021-06-11 08:23:49,990 WARN start to close old raft protocol!!!

2021-06-11 08:23:49,990 WARN stop old raft protocol task for notifier

2021-06-11 08:23:49,990 WARN stop old raft protocol task for master task

2021-06-11 08:23:49,990 WARN stop old raft protocol task for heartbeat task

2021-06-11 08:23:49,990 WARN clean old cache datum for old raft

2021-06-11 08:23:49,990 WARN start to move old raft protocol metadata

2021-06-11 08:23:49,996 WARN start to move old raft protocol metadata

