Jun 08 22:40:01 存在更新锁定文件，跳过git pull操作...
Jun 08 22:40:01 ------------------------------------------------执行定时任务任务shell脚本------------------------------------------------
Jun 08 22:40:01 定义定时任务合并处理用到的文件路径...
Jun 08 22:40:01 默认文件定时任务文件路径为 /scripts/docker/crontab_list.sh
Jun 08 22:40:01 合并后定时任务文件路径为 /scripts/docker/merged_list_file.sh
Jun 08 22:40:01 第1步将默认定时任务列表添加到并后定时任务文件...
Jun 08 22:40:01 第2步判断是否存在自定义任务任务列表并追加...
Jun 08 22:40:01 当前只使用了默认定时任务文件 crontab_list.sh ...
Jun 08 22:40:01 第3步判断是否配置了随机延迟参数...
Jun 08 22:40:01 已设置随机延迟为 120 , 设置延迟任务中...
Jun 08 22:40:01 第4步判断是否配置自定义shell执行脚本...
Jun 08 22:40:01 未配置自定shell脚本文件，跳过执行。
Jun 08 22:40:02 第5步删除不运行的脚本任务...
Jun 08 22:40:02 第6步设定下次运行docker_entrypoint.sh时间...
Jun 08 22:40:02 删除原有docker_entrypoint.sh任务
Jun 08 22:40:02 设定 docker_entrypoint.sh cron为：
Jun 08 22:40:02 17 0 * * * docker_entrypoint.sh >> /scripts/logs/default_task.log 2>&1
Jun 08 22:40:02 第7步 自动助力
Jun 08 22:40:02 开启自动助力
Jun 08 22:40:02 第8步增加 |ts 任务日志输出时间戳...
Jun 08 22:40:02 第9步执行proc_file.sh脚本任务...
Jun 08 22:40:02 处理jd_crazy_joy_coin任务。。。
Jun 08 22:40:02 配置启用jd_crazy_joy_coin，杀掉jd_crazy_joy_coin任务，并重启
Jun 08 22:40:02 配置jd_crazy_joy_coin重启完成
Jun 08 22:40:02 第10步加载最新的定时任务文件...
Jun 08 22:40:02 第11步将仓库的docker_entrypoint.sh脚本更新至系统/usr/local/bin/docker_entrypoint.sh内...
Jun 08 22:40:02 发送通知
Jun 08 22:40:02 --------------------------------------------------默认定时任务执行完成---------------------------------------------------
Jun 08 22:40:02 默认定时任务执行结束。
Jun 09 22:37:00 存在更新锁定文件，跳过git pull操作...
Jun 09 22:37:00 ------------------------------------------------执行定时任务任务shell脚本------------------------------------------------
Jun 09 22:37:00 定义定时任务合并处理用到的文件路径...
Jun 09 22:37:00 默认文件定时任务文件路径为 /scripts/docker/crontab_list.sh
Jun 09 22:37:00 合并后定时任务文件路径为 /scripts/docker/merged_list_file.sh
Jun 09 22:37:00 第1步将默认定时任务列表添加到并后定时任务文件...
Jun 09 22:37:00 第2步判断是否存在自定义任务任务列表并追加...
Jun 09 22:37:00 当前只使用了默认定时任务文件 crontab_list.sh ...
Jun 09 22:37:00 第3步判断是否配置了随机延迟参数...
Jun 09 22:37:00 已设置随机延迟为 120 , 设置延迟任务中...
Jun 09 22:37:00 第4步判断是否配置自定义shell执行脚本...
Jun 09 22:37:00 未配置自定shell脚本文件，跳过执行。
Jun 09 22:37:00 第5步删除不运行的脚本任务...
Jun 09 22:37:00 第6步设定下次运行docker_entrypoint.sh时间...
Jun 09 22:37:00 删除原有docker_entrypoint.sh任务
Jun 09 22:37:00 设定 docker_entrypoint.sh cron为：
Jun 09 22:37:00 59 9 * * * docker_entrypoint.sh >> /scripts/logs/default_task.log 2>&1
Jun 09 22:37:00 第7步 自动助力
Jun 09 22:37:00 开启自动助力
Jun 09 22:37:00 第8步增加 |ts 任务日志输出时间戳...
Jun 09 22:37:00 第9步执行proc_file.sh脚本任务...
Jun 09 22:37:00 处理jd_crazy_joy_coin任务。。。
Jun 09 22:37:00 配置启用jd_crazy_joy_coin，杀掉jd_crazy_joy_coin任务，并重启
Jun 09 22:37:00 配置jd_crazy_joy_coin重启完成
Jun 09 22:37:00 第10步加载最新的定时任务文件...
Jun 09 22:37:00 第11步将仓库的docker_entrypoint.sh脚本更新至系统/usr/local/bin/docker_entrypoint.sh内...
Jun 09 22:37:00 发送通知
Jun 09 22:37:01 --------------------------------------------------默认定时任务执行完成---------------------------------------------------
Jun 09 22:37:01 默认定时任务执行结束。
Jun 10 22:45:00 存在更新锁定文件，跳过git pull操作...
Jun 10 22:45:00 ------------------------------------------------执行定时任务任务shell脚本------------------------------------------------
Jun 10 22:45:00 定义定时任务合并处理用到的文件路径...
Jun 10 22:45:00 默认文件定时任务文件路径为 /scripts/docker/crontab_list.sh
Jun 10 22:45:00 合并后定时任务文件路径为 /scripts/docker/merged_list_file.sh
Jun 10 22:45:00 第1步将默认定时任务列表添加到并后定时任务文件...
Jun 10 22:45:00 第2步判断是否存在自定义任务任务列表并追加...
Jun 10 22:45:01 当前只使用了默认定时任务文件 crontab_list.sh ...
Jun 10 22:45:01 第3步判断是否配置了随机延迟参数...
Jun 10 22:45:01 已设置随机延迟为 120 , 设置延迟任务中...
Jun 10 22:45:01 第4步判断是否配置自定义shell执行脚本...
Jun 10 22:45:01 未配置自定shell脚本文件，跳过执行。
Jun 10 22:45:01 第5步删除不运行的脚本任务...
Jun 10 22:45:01 第6步设定下次运行docker_entrypoint.sh时间...
Jun 10 22:45:01 删除原有docker_entrypoint.sh任务
Jun 10 22:45:01 设定 docker_entrypoint.sh cron为：
Jun 10 22:45:01 18 6 * * * docker_entrypoint.sh >> /scripts/logs/default_task.log 2>&1
Jun 10 22:45:01 第7步 自动助力
Jun 10 22:45:01 开启自动助力
Jun 10 22:45:01 第8步增加 |ts 任务日志输出时间戳...
Jun 10 22:45:01 第9步执行proc_file.sh脚本任务...
Jun 10 22:45:01 处理jd_crazy_joy_coin任务。。。
Jun 10 22:45:01 配置启用jd_crazy_joy_coin，杀掉jd_crazy_joy_coin任务，并重启
Jun 10 22:45:01 配置jd_crazy_joy_coin重启完成
Jun 10 22:45:01 第10步加载最新的定时任务文件...
Jun 10 22:45:01 第11步将仓库的docker_entrypoint.sh脚本更新至系统/usr/local/bin/docker_entrypoint.sh内...
Jun 10 22:45:01 发送通知
Jun 10 22:45:02 --------------------------------------------------默认定时任务执行完成---------------------------------------------------
Jun 10 22:45:02 默认定时任务执行结束。
