Jun 08 10:20:11 
Jun 08 10:20:11 🔔京东资产变动通知, 开始!
Jun 08 10:20:11 
Jun 08 10:20:11 ====================共1个京东账号Cookie=========
Jun 08 10:20:11 
Jun 08 10:20:11 ==================脚本执行- 北京时间(UTC+8)：6/8/2021, 10:20:11 AM=====================
Jun 08 10:20:11 
Jun 08 10:20:12 
Jun 08 10:20:12 ********开始【京东账号1】liu1071607950******
Jun 08 10:20:12 
Jun 08 10:20:12 
Jun 08 10:20:12 ==============📣系统通知📣==============
Jun 08 10:20:12 京东资产变动通知
Jun 08 10:20:12 【提示】cookie已失效
Jun 08 10:20:12 京东账号1 liu1071607950
Jun 08 10:20:12 请重新登录获取
Jun 08 10:20:12 https://bean.m.jd.com/bean/signIndex.action
Jun 08 10:20:12 
Jun 08 10:20:12 
Jun 08 10:20:12 您未提供server酱的SCKEY，取消微信推送消息通知🚫
Jun 08 10:20:12 
Jun 08 10:20:12 您未提供push+推送所需的PUSH_PLUS_TOKEN，取消push+推送消息通知🚫
Jun 08 10:20:12 
Jun 08 10:20:12 您未提供Bark的APP推送BARK_PUSH，取消Bark推送消息通知🚫
Jun 08 10:20:12 
Jun 08 10:20:12 您未提供telegram机器人推送所需的TG_BOT_TOKEN和TG_USER_ID，取消telegram推送消息通知🚫
Jun 08 10:20:12 
Jun 08 10:20:12 您未提供钉钉机器人推送所需的DD_BOT_TOKEN或者DD_BOT_SECRET，取消钉钉推送消息通知🚫
Jun 08 10:20:12 
Jun 08 10:20:12 您未提供企业微信机器人推送所需的QYWX_KEY，取消企业微信推送消息通知🚫
Jun 08 10:20:12 
Jun 08 10:20:12 您未提供企业微信应用消息推送所需的QYWX_AM，取消企业微信应用消息推送消息通知🚫
Jun 08 10:20:12 
Jun 08 10:20:12 您未提供iGot的推送IGOT_PUSH_KEY，取消iGot推送消息通知🚫
Jun 08 10:20:13 
Jun 08 10:20:13 
Jun 08 10:20:13 🔔京东资产变动通知, 结束! 🕛 1.37 秒
Jun 08 10:20:13 
Jun 10 10:21:49 
Jun 10 10:21:49 🔔京东资产变动通知, 开始!
Jun 10 10:21:49 
Jun 10 10:21:49 ====================共1个京东账号Cookie=========
Jun 10 10:21:49 
Jun 10 10:21:49 ==================脚本执行- 北京时间(UTC+8)：6/10/2021, 10:21:49 AM=====================
Jun 10 10:21:49 
Jun 10 10:21:50 
Jun 10 10:21:50 ********开始【京东账号1】liu1071607950******
Jun 10 10:21:50 
Jun 10 10:21:50 
Jun 10 10:21:50 ==============📣系统通知📣==============
Jun 10 10:21:50 京东资产变动通知
Jun 10 10:21:50 【提示】cookie已失效
Jun 10 10:21:50 京东账号1 liu1071607950
Jun 10 10:21:50 请重新登录获取
Jun 10 10:21:50 https://bean.m.jd.com/bean/signIndex.action
Jun 10 10:21:50 
Jun 10 10:21:50 
Jun 10 10:21:50 您未提供server酱的SCKEY，取消微信推送消息通知🚫
Jun 10 10:21:50 
Jun 10 10:21:50 您未提供push+推送所需的PUSH_PLUS_TOKEN，取消push+推送消息通知🚫
Jun 10 10:21:50 
Jun 10 10:21:50 您未提供Bark的APP推送BARK_PUSH，取消Bark推送消息通知🚫
Jun 10 10:21:50 
Jun 10 10:21:50 您未提供telegram机器人推送所需的TG_BOT_TOKEN和TG_USER_ID，取消telegram推送消息通知🚫
Jun 10 10:21:50 
Jun 10 10:21:50 您未提供钉钉机器人推送所需的DD_BOT_TOKEN或者DD_BOT_SECRET，取消钉钉推送消息通知🚫
Jun 10 10:21:50 
Jun 10 10:21:50 您未提供企业微信机器人推送所需的QYWX_KEY，取消企业微信推送消息通知🚫
Jun 10 10:21:50 
Jun 10 10:21:50 您未提供企业微信应用消息推送所需的QYWX_AM，取消企业微信应用消息推送消息通知🚫
Jun 10 10:21:50 
Jun 10 10:21:50 您未提供iGot的推送IGOT_PUSH_KEY，取消iGot推送消息通知🚫
Jun 10 10:21:50 
Jun 10 10:21:50 
Jun 10 10:21:50 🔔京东资产变动通知, 结束! 🕛 1.252 秒
Jun 10 10:21:50 
