Jun 08 12:39:44 
Jun 08 12:39:44 🔔口袋书店, 开始!
Jun 08 12:39:44 
Jun 08 12:39:44 ====================共1个京东账号Cookie=========
Jun 08 12:39:44 
Jun 08 12:39:44 ==================脚本执行- 北京时间(UTC+8)：6/8/2021, 12:39:44 PM=====================
Jun 08 12:39:44 
Jun 08 12:39:44 开始获取口袋书店配置文件
Jun 08 12:39:44 
Jun 08 12:39:44 共1个京东账号
Jun 08 12:39:44 
Jun 08 12:39:44 您提供了0个账号的口袋书店助力码
Jun 08 12:39:44 
Jun 08 12:39:46 
Jun 08 12:39:46 ******开始【京东账号1】liu1071607950*********
Jun 08 12:39:46 
Jun 08 12:39:46 
Jun 08 12:39:46 ==============📣系统通知📣==============
Jun 08 12:39:46 口袋书店
Jun 08 12:39:46 【提示】cookie已失效
Jun 08 12:39:46 京东账号1 liu1071607950
Jun 08 12:39:46 请重新登录获取
Jun 08 12:39:46 https://bean.m.jd.com/
Jun 08 12:39:46 
Jun 08 12:39:46 
Jun 08 12:39:46 您未提供server酱的SCKEY，取消微信推送消息通知🚫
Jun 08 12:39:46 
Jun 08 12:39:46 您未提供push+推送所需的PUSH_PLUS_TOKEN，取消push+推送消息通知🚫
Jun 08 12:39:46 
Jun 08 12:39:46 您未提供Bark的APP推送BARK_PUSH，取消Bark推送消息通知🚫
Jun 08 12:39:46 
Jun 08 12:39:46 您未提供telegram机器人推送所需的TG_BOT_TOKEN和TG_USER_ID，取消telegram推送消息通知🚫
Jun 08 12:39:46 
Jun 08 12:39:46 您未提供钉钉机器人推送所需的DD_BOT_TOKEN或者DD_BOT_SECRET，取消钉钉推送消息通知🚫
Jun 08 12:39:46 
Jun 08 12:39:46 您未提供企业微信机器人推送所需的QYWX_KEY，取消企业微信推送消息通知🚫
Jun 08 12:39:46 
Jun 08 12:39:46 您未提供企业微信应用消息推送所需的QYWX_AM，取消企业微信应用消息推送消息通知🚫
Jun 08 12:39:46 
Jun 08 12:39:46 您未提供iGot的推送IGOT_PUSH_KEY，取消iGot推送消息通知🚫
Jun 08 12:39:46 
Jun 08 12:39:46 
Jun 08 12:39:46 🔔口袋书店, 结束! 🕛 1.399 秒
Jun 08 12:39:46 
Jun 08 18:38:54 
Jun 08 18:38:54 🔔口袋书店, 开始!
Jun 08 18:38:54 
Jun 08 18:38:54 ====================共1个京东账号Cookie=========
Jun 08 18:38:54 
Jun 08 18:38:54 ==================脚本执行- 北京时间(UTC+8)：6/8/2021, 6:38:54 PM=====================
Jun 08 18:38:54 
Jun 08 18:38:54 开始获取口袋书店配置文件
Jun 08 18:38:54 
Jun 08 18:38:54 共1个京东账号
Jun 08 18:38:54 
Jun 08 18:38:54 您提供了0个账号的口袋书店助力码
Jun 08 18:38:54 
Jun 08 18:38:56 
Jun 08 18:38:56 ******开始【京东账号1】liu1071607950*********
Jun 08 18:38:56 
Jun 08 18:38:56 
Jun 08 18:38:56 ==============📣系统通知📣==============
Jun 08 18:38:56 口袋书店
Jun 08 18:38:56 【提示】cookie已失效
Jun 08 18:38:56 京东账号1 liu1071607950
Jun 08 18:38:56 请重新登录获取
Jun 08 18:38:56 https://bean.m.jd.com/
Jun 08 18:38:56 
Jun 08 18:38:56 
Jun 08 18:38:56 您未提供server酱的SCKEY，取消微信推送消息通知🚫
Jun 08 18:38:56 
Jun 08 18:38:56 您未提供push+推送所需的PUSH_PLUS_TOKEN，取消push+推送消息通知🚫
Jun 08 18:38:56 
Jun 08 18:38:56 您未提供Bark的APP推送BARK_PUSH，取消Bark推送消息通知🚫
Jun 08 18:38:56 
Jun 08 18:38:56 您未提供telegram机器人推送所需的TG_BOT_TOKEN和TG_USER_ID，取消telegram推送消息通知🚫
Jun 08 18:38:56 
Jun 08 18:38:56 您未提供钉钉机器人推送所需的DD_BOT_TOKEN或者DD_BOT_SECRET，取消钉钉推送消息通知🚫
Jun 08 18:38:56 
Jun 08 18:38:56 您未提供企业微信机器人推送所需的QYWX_KEY，取消企业微信推送消息通知🚫
Jun 08 18:38:56 
Jun 08 18:38:56 您未提供企业微信应用消息推送所需的QYWX_AM，取消企业微信应用消息推送消息通知🚫
Jun 08 18:38:56 
Jun 08 18:38:56 您未提供iGot的推送IGOT_PUSH_KEY，取消iGot推送消息通知🚫
Jun 08 18:38:56 
Jun 08 18:38:56 
Jun 08 18:38:56 🔔口袋书店, 结束! 🕛 2.186 秒
Jun 08 18:38:56 
Jun 09 12:38:42 
Jun 09 12:38:42 🔔口袋书店, 开始!
Jun 09 12:38:42 
Jun 09 12:38:42 ====================共1个京东账号Cookie=========
Jun 09 12:38:42 
Jun 09 12:38:42 ==================脚本执行- 北京时间(UTC+8)：6/9/2021, 12:38:42 PM=====================
Jun 09 12:38:42 
Jun 09 12:38:42 开始获取口袋书店配置文件
Jun 09 12:38:42 
Jun 09 12:38:42 共1个京东账号
Jun 09 12:38:42 
Jun 09 12:38:42 您提供了0个账号的口袋书店助力码
Jun 09 12:38:42 
Jun 09 12:38:43 "getaddrinfo ENOTFOUND wq.jd.com"
Jun 09 12:38:43 口袋书店 API请求失败，请检查网路重试
Jun 09 12:38:43 
Jun 09 12:38:43 ******开始【京东账号1】liu1071607950*********
Jun 09 12:38:43 
Jun 09 12:38:43 由于您第1个京东账号未提供shareCode,将采纳本脚本自带的助力码
Jun 09 12:38:43 
Jun 09 12:38:43 第1个京东账号将要助力的好友["28a699ac78d74aa3b31f7103597f8927","2f14ee9c92954cf79829320dd482bf49","fdf827db272543d88dbb51a505c2e869","ce2536153a8742fb9e8754a9a7d361da","38ba4e7ba8074b78851e928af2b4f6b2"]
Jun 09 12:38:43 口袋书店 API请求失败，请检查网路重试
Jun 09 12:38:43 口袋书店 API请求失败，请检查网路重试
Jun 09 12:38:46 口袋书店 API请求失败，请检查网路重试
Jun 09 12:38:46 口袋书店 API请求失败，请检查网路重试
Jun 09 12:38:46 口袋书店 API请求失败，请检查网路重试
Jun 09 12:38:46 口袋书店 API请求失败，请检查网路重试
Jun 09 12:38:46 口袋书店 API请求失败，请检查网路重试
Jun 09 12:38:46 口袋书店 API请求失败，请检查网路重试
Jun 09 12:38:46 口袋书店 API请求失败，请检查网路重试
Jun 09 12:38:47 口袋书店 API请求失败，请检查网路重试
Jun 09 12:38:47 口袋书店 API请求失败，请检查网路重试
Jun 09 12:38:47 
Jun 09 12:38:47 ❌ 口袋书店, 失败! 原因: TypeError: Cannot read property 'storeGold' of undefined!
Jun 09 12:38:47 
Jun 09 12:38:47 
Jun 09 12:38:47 🔔口袋书店, 结束! 🕛 5.009 秒
Jun 09 12:38:47 
Jun 09 18:38:33 
Jun 09 18:38:33 🔔口袋书店, 开始!
Jun 09 18:38:33 
Jun 09 18:38:33 ====================共1个京东账号Cookie=========
Jun 09 18:38:33 
Jun 09 18:38:33 ==================脚本执行- 北京时间(UTC+8)：6/9/2021, 6:38:33 PM=====================
Jun 09 18:38:33 
Jun 09 18:38:33 开始获取口袋书店配置文件
Jun 09 18:38:33 
Jun 09 18:38:33 共1个京东账号
Jun 09 18:38:33 
Jun 09 18:38:33 您提供了0个账号的口袋书店助力码
Jun 09 18:38:33 
Jun 09 18:38:34 
Jun 09 18:38:34 ******开始【京东账号1】liu1071607950*********
Jun 09 18:38:34 
Jun 09 18:38:34 
Jun 09 18:38:34 ==============📣系统通知📣==============
Jun 09 18:38:34 口袋书店
Jun 09 18:38:34 【提示】cookie已失效
Jun 09 18:38:34 京东账号1 liu1071607950
Jun 09 18:38:34 请重新登录获取
Jun 09 18:38:34 https://bean.m.jd.com/
Jun 09 18:38:34 
Jun 09 18:38:34 
Jun 09 18:38:34 您未提供server酱的SCKEY，取消微信推送消息通知🚫
Jun 09 18:38:34 
Jun 09 18:38:34 您未提供push+推送所需的PUSH_PLUS_TOKEN，取消push+推送消息通知🚫
Jun 09 18:38:34 
Jun 09 18:38:34 您未提供Bark的APP推送BARK_PUSH，取消Bark推送消息通知🚫
Jun 09 18:38:34 
Jun 09 18:38:34 您未提供telegram机器人推送所需的TG_BOT_TOKEN和TG_USER_ID，取消telegram推送消息通知🚫
Jun 09 18:38:34 
Jun 09 18:38:34 您未提供钉钉机器人推送所需的DD_BOT_TOKEN或者DD_BOT_SECRET，取消钉钉推送消息通知🚫
Jun 09 18:38:34 
Jun 09 18:38:34 您未提供企业微信机器人推送所需的QYWX_KEY，取消企业微信推送消息通知🚫
Jun 09 18:38:34 
Jun 09 18:38:34 您未提供企业微信应用消息推送所需的QYWX_AM，取消企业微信应用消息推送消息通知🚫
Jun 09 18:38:34 
Jun 09 18:38:34 您未提供iGot的推送IGOT_PUSH_KEY，取消iGot推送消息通知🚫
Jun 09 18:38:34 
Jun 09 18:38:34 
Jun 09 18:38:34 🔔口袋书店, 结束! 🕛 1.174 秒
Jun 09 18:38:34 
Jun 10 12:39:00 
Jun 10 12:39:00 🔔口袋书店, 开始!
Jun 10 12:39:01 
Jun 10 12:39:01 ====================共1个京东账号Cookie=========
Jun 10 12:39:01 
Jun 10 12:39:01 ==================脚本执行- 北京时间(UTC+8)：6/10/2021, 12:39:01 PM=====================
Jun 10 12:39:01 
Jun 10 12:39:01 开始获取口袋书店配置文件
Jun 10 12:39:01 
Jun 10 12:39:01 共1个京东账号
Jun 10 12:39:01 
Jun 10 12:39:01 您提供了0个账号的口袋书店助力码
Jun 10 12:39:01 
Jun 10 12:39:02 "getaddrinfo ENOTFOUND wq.jd.com"
Jun 10 12:39:02 口袋书店 API请求失败，请检查网路重试
Jun 10 12:39:02 
Jun 10 12:39:02 ******开始【京东账号1】liu1071607950*********
Jun 10 12:39:02 
Jun 10 12:39:02 由于您第1个京东账号未提供shareCode,将采纳本脚本自带的助力码
Jun 10 12:39:02 
Jun 10 12:39:02 第1个京东账号将要助力的好友["28a699ac78d74aa3b31f7103597f8927","2f14ee9c92954cf79829320dd482bf49","fdf827db272543d88dbb51a505c2e869","ce2536153a8742fb9e8754a9a7d361da","38ba4e7ba8074b78851e928af2b4f6b2"]
Jun 10 12:39:02 口袋书店 API请求失败，请检查网路重试
Jun 10 12:39:02 口袋书店 API请求失败，请检查网路重试
Jun 10 12:39:05 口袋书店 API请求失败，请检查网路重试
Jun 10 12:39:05 口袋书店 API请求失败，请检查网路重试
Jun 10 12:39:05 口袋书店 API请求失败，请检查网路重试
Jun 10 12:39:05 口袋书店 API请求失败，请检查网路重试
Jun 10 12:39:05 口袋书店 API请求失败，请检查网路重试
Jun 10 12:39:05 口袋书店 API请求失败，请检查网路重试
Jun 10 12:39:05 口袋书店 API请求失败，请检查网路重试
Jun 10 12:39:05 口袋书店 API请求失败，请检查网路重试
Jun 10 12:39:06 口袋书店 API请求失败，请检查网路重试
Jun 10 12:39:06 
Jun 10 12:39:06 ❌ 口袋书店, 失败! 原因: TypeError: Cannot read property 'storeGold' of undefined!
Jun 10 12:39:06 
Jun 10 12:39:06 
Jun 10 12:39:06 🔔口袋书店, 结束! 🕛 5.188 秒
Jun 10 12:39:06 
Jun 10 18:38:28 
Jun 10 18:38:28 🔔口袋书店, 开始!
Jun 10 18:38:28 
Jun 10 18:38:28 ====================共1个京东账号Cookie=========
Jun 10 18:38:28 
Jun 10 18:38:28 ==================脚本执行- 北京时间(UTC+8)：6/10/2021, 6:38:28 PM=====================
Jun 10 18:38:28 
Jun 10 18:38:28 开始获取口袋书店配置文件
Jun 10 18:38:28 
Jun 10 18:38:28 共1个京东账号
Jun 10 18:38:28 
Jun 10 18:38:28 您提供了0个账号的口袋书店助力码
Jun 10 18:38:28 
Jun 10 18:38:30 
Jun 10 18:38:30 ******开始【京东账号1】liu1071607950*********
Jun 10 18:38:30 
Jun 10 18:38:30 
Jun 10 18:38:30 ==============📣系统通知📣==============
Jun 10 18:38:30 口袋书店
Jun 10 18:38:30 【提示】cookie已失效
Jun 10 18:38:30 京东账号1 liu1071607950
Jun 10 18:38:30 请重新登录获取
Jun 10 18:38:30 https://bean.m.jd.com/
Jun 10 18:38:30 
Jun 10 18:38:30 
Jun 10 18:38:30 您未提供server酱的SCKEY，取消微信推送消息通知🚫
Jun 10 18:38:30 
Jun 10 18:38:30 您未提供push+推送所需的PUSH_PLUS_TOKEN，取消push+推送消息通知🚫
Jun 10 18:38:30 
Jun 10 18:38:30 您未提供Bark的APP推送BARK_PUSH，取消Bark推送消息通知🚫
Jun 10 18:38:30 
Jun 10 18:38:30 您未提供telegram机器人推送所需的TG_BOT_TOKEN和TG_USER_ID，取消telegram推送消息通知🚫
Jun 10 18:38:30 
Jun 10 18:38:30 您未提供钉钉机器人推送所需的DD_BOT_TOKEN或者DD_BOT_SECRET，取消钉钉推送消息通知🚫
Jun 10 18:38:30 
Jun 10 18:38:30 您未提供企业微信机器人推送所需的QYWX_KEY，取消企业微信推送消息通知🚫
Jun 10 18:38:30 
Jun 10 18:38:30 您未提供企业微信应用消息推送所需的QYWX_AM，取消企业微信应用消息推送消息通知🚫
Jun 10 18:38:30 
Jun 10 18:38:30 您未提供iGot的推送IGOT_PUSH_KEY，取消iGot推送消息通知🚫
Jun 10 18:38:30 
Jun 10 18:38:30 
Jun 10 18:38:30 🔔口袋书店, 结束! 🕛 2.08 秒
Jun 10 18:38:30 
Jun 11 08:38:07 
Jun 11 08:38:07 🔔口袋书店, 开始!
Jun 11 08:38:07 
Jun 11 08:38:07 ====================共1个京东账号Cookie=========
Jun 11 08:38:07 
Jun 11 08:38:07 ==================脚本执行- 北京时间(UTC+8)：6/11/2021, 8:38:07 AM=====================
Jun 11 08:38:07 
Jun 11 08:38:07 开始获取口袋书店配置文件
Jun 11 08:38:07 
Jun 11 08:38:07 共1个京东账号
Jun 11 08:38:07 
Jun 11 08:38:07 您提供了0个账号的口袋书店助力码
Jun 11 08:38:07 
Jun 11 08:38:08 
Jun 11 08:38:08 ******开始【京东账号1】liu1071607950*********
Jun 11 08:38:08 
Jun 11 08:38:08 
Jun 11 08:38:08 ==============📣系统通知📣==============
Jun 11 08:38:08 口袋书店
Jun 11 08:38:08 【提示】cookie已失效
Jun 11 08:38:08 京东账号1 liu1071607950
Jun 11 08:38:08 请重新登录获取
Jun 11 08:38:08 https://bean.m.jd.com/
Jun 11 08:38:08 
Jun 11 08:38:08 
Jun 11 08:38:08 您未提供server酱的SCKEY，取消微信推送消息通知🚫
Jun 11 08:38:08 
Jun 11 08:38:08 您未提供push+推送所需的PUSH_PLUS_TOKEN，取消push+推送消息通知🚫
Jun 11 08:38:08 
Jun 11 08:38:08 您未提供Bark的APP推送BARK_PUSH，取消Bark推送消息通知🚫
Jun 11 08:38:08 
Jun 11 08:38:08 您未提供telegram机器人推送所需的TG_BOT_TOKEN和TG_USER_ID，取消telegram推送消息通知🚫
Jun 11 08:38:08 
Jun 11 08:38:08 您未提供钉钉机器人推送所需的DD_BOT_TOKEN或者DD_BOT_SECRET，取消钉钉推送消息通知🚫
Jun 11 08:38:08 
Jun 11 08:38:08 您未提供企业微信机器人推送所需的QYWX_KEY，取消企业微信推送消息通知🚫
Jun 11 08:38:08 
Jun 11 08:38:08 您未提供企业微信应用消息推送所需的QYWX_AM，取消企业微信应用消息推送消息通知🚫
Jun 11 08:38:08 
Jun 11 08:38:08 您未提供iGot的推送IGOT_PUSH_KEY，取消iGot推送消息通知🚫
Jun 11 08:38:08 
Jun 11 08:38:08 
Jun 11 08:38:08 🔔口袋书店, 结束! 🕛 1.509 秒
Jun 11 08:38:08 
