Jun 07 00:07:02 
Jun 07 00:07:02 🔔京东多合一签到, 开始!
Jun 07 00:07:02 
Jun 07 00:07:02 ====================共1个京东账号Cookie=========
Jun 07 00:07:02 
Jun 07 00:07:02 ==================脚本执行- 北京时间(UTC+8)：6/7/2021, 12:07:02 AM=====================
Jun 07 00:07:02 
Jun 07 00:07:11 检测到您当前网络环境不能访问外网,将使用jsdelivr CDN下载JD_DailyBonus.js文件
Jun 07 00:07:12 JD_DailyBonus.js文件  CDN刷新成功
Jun 07 00:07:12 JD_DailyBonus.js文件下载完毕
Jun 07 00:07:12 
Jun 07 00:07:12 
Jun 07 00:07:13 *****************开始京东账号1 liu1071607950京豆签到*******************
Jun 07 00:07:13 
Jun 07 00:07:13 开始替换变量
Jun 07 00:07:13 替换变量完毕
Jun 07 00:07:13 
Jun 07 00:07:13 开始执行脚本签到，请稍等
Jun 07 00:07:24 👇👇👇👇👇👇👇👇👇👇👇LOG记录👇👇👇👇👇👇👇👇👇👇👇
Jun 07 00:07:24 
Jun 07 00:07:24 京东魔方-尝试查询活动(2) 
Jun 07 00:07:24 
Jun 07 00:07:24 京东商城-超市签到失败 
Jun 07 00:07:24 
Jun 07 00:07:24 京东精彩-京豆签到失败 
Jun 07 00:07:24 
Jun 07 00:07:24 京东商城-转盘查询成功 
Jun 07 00:07:24 
Jun 07 00:07:24 京东现金-红包签到失败 
Jun 07 00:07:24 
Jun 07 00:07:24 京东商城-闪购签到失败 
Jun 07 00:07:24 
Jun 07 00:07:24 京东商城-京豆Cookie失效 
Jun 07 00:07:24 
Jun 07 00:07:24 京东商城-现金签到失败 
Jun 07 00:07:24 
Jun 07 00:07:24 京东秒杀-红包查询失败 
Jun 07 00:07:24 
Jun 07 00:07:24 京东商城-摇一摇签到失败 
Jun 07 00:07:24 
Jun 07 00:07:24 京东汽车-检查签到状态 
Jun 07 00:07:24 
Jun 07 00:07:24 京东金融-钢镚签到失败 
Jun 07 00:07:24 
Jun 07 00:07:24 京东金融-签贰签到失败 
Jun 07 00:07:24 
Jun 07 00:07:24 京东金融-签叁签到失败 
Jun 07 00:07:24 
Jun 07 00:07:24 京东金融-签壹签到失败 
Jun 07 00:07:24 
Jun 07 00:07:24 京东商城-金贴签到失败 
Jun 07 00:07:24 
Jun 07 00:07:24 京东金融-签肆签到失败 
Jun 07 00:07:24 
Jun 07 00:07:24 京东金融-签伍签到失败 
Jun 07 00:07:24 
Jun 07 00:07:24 京东魔方-尝试查询活动(1) 
Jun 07 00:07:24 
Jun 07 00:07:24 京东转盘Cookie失效 
Jun 07 00:07:24 
Jun 07 00:07:24 京东商城-魔方签到失败 
Jun 07 00:07:24 
Jun 07 00:07:24 金融现金-双签签到失败 
Jun 07 00:07:24 
Jun 07 00:07:24 京东商城-陪伴签到失败(1)
Jun 07 00:07:24 
Jun 07 00:07:24 京东商城-母婴关注店铺
Jun 07 00:07:24 
Jun 07 00:07:24 京东商城-卡包签到失败(1)
Jun 07 00:07:24 
Jun 07 00:07:24 京东商城-鞋靴签到失败(1)
Jun 07 00:07:24 
Jun 07 00:07:24 京东商城-童装关注店铺
Jun 07 00:07:24 
Jun 07 00:07:24 京东商城-数码关注店铺
Jun 07 00:07:24 
Jun 07 00:07:24 京东商城-图书签到失败(1)
Jun 07 00:07:24 
Jun 07 00:07:24 京东商城-女装签到失败(1)
Jun 07 00:07:24 
Jun 07 00:07:24 京东商城-内衣关注店铺
Jun 07 00:07:24 
Jun 07 00:07:24 京东金贴-双签签到失败 
Jun 07 00:07:24 
Jun 07 00:07:24 京东商城-母婴签到失败(2)
Jun 07 00:07:24 
Jun 07 00:07:24 京东商城-数码签到失败(2)
Jun 07 00:07:24 
Jun 07 00:07:24 京东商城-童装签到失败(2)
Jun 07 00:07:24 
Jun 07 00:07:24 京东商城-内衣签到失败(2)
Jun 07 00:07:24 
Jun 07 00:07:24 京东商城-个护关注店铺
Jun 07 00:07:24 
Jun 07 00:07:24 京东商城-服饰签到失败(1)
Jun 07 00:07:24 
Jun 07 00:07:24 京东商城-健康关注店铺
Jun 07 00:07:24 
Jun 07 00:07:24 京东商城-菜场二次查询
Jun 07 00:07:24 
Jun 07 00:07:24 京东商城-清洁关注店铺
Jun 07 00:07:24 
Jun 07 00:07:24 京东商城-校园签到失败(1)
Jun 07 00:07:24 
Jun 07 00:07:24 京东商城-电竞签到失败(1)
Jun 07 00:07:24 
Jun 07 00:07:24 京东商城-珠宝签到失败(1)
Jun 07 00:07:24 
Jun 07 00:07:24 京东商城-箱包签到失败(1)
Jun 07 00:07:24 
Jun 07 00:07:24 京东商城-个护签到失败(2)
Jun 07 00:07:24 
Jun 07 00:07:24 京东智能-生活签到失败(1)
Jun 07 00:07:24 
Jun 07 00:07:24 京东商城-健康签到失败(2)
Jun 07 00:07:24 
Jun 07 00:07:24 京东商城-清洁签到失败(2)
Jun 07 00:07:24 
Jun 07 00:07:24 京东拍拍-二手签到失败(1)
Jun 07 00:07:24 
Jun 07 00:07:24 京东商城-菜场签到失败(1)
Jun 07 00:07:24 
Jun 07 00:07:24 金融京豆-双签签到失败 
Jun 07 00:07:24 
Jun 07 00:07:24 京东-总红包查询失败 
Jun 07 00:07:24 
Jun 07 00:07:24 京东-总京豆查询失败 
Jun 07 00:07:24 
Jun 07 00:07:24 京东-总现金查询失败 
Jun 07 00:07:24 
Jun 07 00:07:24 京东-总金贴查询失败 
Jun 07 00:07:24 
Jun 07 00:07:24 京东-总钢镚查询失败 
Jun 07 00:07:24 
Jun 07 00:07:24 
Jun 07 00:07:24 【签到概览】:  失败41个
Jun 07 00:07:24 【账号总计】:  获取失败
Jun 07 00:07:24 【其他总计】:  获取失败
Jun 07 00:07:24 
Jun 07 00:07:24 京东商城-京豆: 失败, 原因: Cookie失效‼️
Jun 07 00:07:24 京东商城-超市: 失败, 原因: Cookie失效‼️
Jun 07 00:07:24 京东金融-钢镚: 失败, 原因: Cookie失效‼️
Jun 07 00:07:24 京东商城-转盘: 失败, 原因: Cookie失效‼️
Jun 07 00:07:24 京东商城-闪购: 失败, 原因: Cookie失效‼️
Jun 07 00:07:24 京东现金-红包: 失败, 原因: Cookie失效‼️
Jun 07 00:07:24 京东商城-魔方: 失败, 原因: Cookie失效‼️
Jun 07 00:07:24 京东商城-金贴: 失败, 原因: Cookie失效‼️
Jun 07 00:07:24 京东商城-现金: 失败, 原因: Cookie失效‼️
Jun 07 00:07:24 京东商城-摇摇: 失败, 原因: 未知 ⚠️
Jun 07 00:07:24 京东秒杀-红包: 失败, 暂无有效活动 ⚠️
Jun 07 00:07:24 京东精彩-京豆: 失败, 原因: Cookie失效‼️
Jun 07 00:07:24 京东商城-汽车: 失败, 原因: Cookie失效‼️
Jun 07 00:07:24 京东金融-签壹: 失败, 原因: Cookie失效‼️
Jun 07 00:07:24 京东金融-签贰: 失败, 原因: Cookie失效‼️
Jun 07 00:07:24 京东金融-签叁: 失败, 原因: Cookie失效‼️
Jun 07 00:07:24 京东金融-签肆: 失败, 原因: Cookie失效‼️
Jun 07 00:07:24 京东金融-签伍: 失败, 原因: Cookie失效‼️
Jun 07 00:07:24 京东商城-内衣: 失败, 原因: Cookie失效‼️
Jun 07 00:07:24 京东商城-卡包: 失败, 原因: Cookie失效‼️
Jun 07 00:07:24 京东商城-陪伴: 失败, 原因: Cookie失效‼️
Jun 07 00:07:24 京东商城-鞋靴: 失败, 原因: Cookie失效‼️
Jun 07 00:07:24 京东商城-童装: 失败, 原因: Cookie失效‼️
Jun 07 00:07:24 京东商城-母婴: 失败, 原因: Cookie失效‼️
Jun 07 00:07:24 京东商城-数码: 失败, 原因: Cookie失效‼️
Jun 07 00:07:24 京东商城-女装: 失败, 原因: Cookie失效‼️
Jun 07 00:07:24 京东商城-图书: 失败, 原因: Cookie失效‼️
Jun 07 00:07:24 京东金贴-双签: 失败, 原因: Cookie失效‼️
Jun 07 00:07:24 金融现金-双签: 失败, 原因: Cookie失效‼️
Jun 07 00:07:24 京东商城-电竞: 失败, 原因: Cookie失效‼️
Jun 07 00:07:24 京东商城-服饰: 失败, 原因: Cookie失效‼️
Jun 07 00:07:24 京东商城-箱包: 失败, 原因: Cookie失效‼️
Jun 07 00:07:24 京东商城-校园: 失败, 原因: Cookie失效‼️
Jun 07 00:07:24 京东商城-健康: 失败, 原因: Cookie失效‼️
Jun 07 00:07:24 京东拍拍-二手: 失败, 原因: Cookie失效‼️
Jun 07 00:07:24 京东商城-清洁: 失败, 原因: Cookie失效‼️
Jun 07 00:07:24 京东商城-个护: 失败, 原因: Cookie失效‼️
Jun 07 00:07:24 京东商城-珠宝: 失败, 原因: Cookie失效‼️
Jun 07 00:07:24 京东商城-菜场: 失败, 原因: Cookie失效‼️
Jun 07 00:07:24 京东智能-生活: 失败, 原因: Cookie失效‼️
Jun 07 00:07:24 金融京豆-双签: 失败, 原因: Cookie失效‼️
Jun 07 00:07:24 
Jun 07 00:07:24 签到用时: 11.06 秒
Jun 07 00:07:24 
Jun 07 00:07:24 👆👆👆👆👆👆👆👆👆LOG记录👆👆👆👆👆👆👆👆👆👆👆
Jun 07 00:07:24 
Jun 07 00:07:24 
Jun 07 00:07:24 *****************6/7/2021, 24:07:24 京东账号1 liu1071607950京豆签到完成*******************
Jun 07 00:07:24 
Jun 07 00:07:24 
Jun 07 00:07:24 
Jun 07 00:07:24 
Jun 07 00:07:24 您未提供server酱的SCKEY，取消微信推送消息通知🚫
Jun 07 00:07:24 
Jun 07 00:07:24 您未提供push+推送所需的PUSH_PLUS_TOKEN，取消push+推送消息通知🚫
Jun 07 00:07:24 
Jun 07 00:07:24 您未提供Bark的APP推送BARK_PUSH，取消Bark推送消息通知🚫
Jun 07 00:07:24 
Jun 07 00:07:24 您未提供telegram机器人推送所需的TG_BOT_TOKEN和TG_USER_ID，取消telegram推送消息通知🚫
Jun 07 00:07:24 
Jun 07 00:07:24 您未提供钉钉机器人推送所需的DD_BOT_TOKEN或者DD_BOT_SECRET，取消钉钉推送消息通知🚫
Jun 07 00:07:24 
Jun 07 00:07:24 您未提供企业微信机器人推送所需的QYWX_KEY，取消企业微信推送消息通知🚫
Jun 07 00:07:24 
Jun 07 00:07:24 您未提供企业微信应用消息推送所需的QYWX_AM，取消企业微信应用消息推送消息通知🚫
Jun 07 00:07:24 
Jun 07 00:07:24 您未提供iGot的推送IGOT_PUSH_KEY，取消iGot推送消息通知🚫
Jun 07 00:07:24 
Jun 07 00:07:24 
Jun 07 00:07:24 🔔京东多合一签到, 结束! 🕛 22.087 秒
Jun 07 00:07:24 
Jun 08 17:07:01 
Jun 08 17:07:01 🔔京东多合一签到, 开始!
Jun 08 17:07:01 
Jun 08 17:07:01 ====================共1个京东账号Cookie=========
Jun 08 17:07:01 
Jun 08 17:07:01 ==================脚本执行- 北京时间(UTC+8)：6/8/2021, 5:07:01 PM=====================
Jun 08 17:07:01 
Jun 08 17:07:37 检测到您当前网络环境不能访问外网,将使用jsdelivr CDN下载JD_DailyBonus.js文件
Jun 08 17:07:40 JD_DailyBonus.js文件  CDN刷新成功
Jun 08 17:07:41 JD_DailyBonus.js文件下载完毕
Jun 08 17:07:41 
Jun 08 17:07:41 
Jun 08 17:07:42 *****************开始京东账号1 liu1071607950京豆签到*******************
Jun 08 17:07:42 
Jun 08 17:07:42 开始替换变量
Jun 08 17:07:42 替换变量完毕
Jun 08 17:07:42 
Jun 08 17:07:42 开始执行脚本签到，请稍等
Jun 08 17:07:53 👇👇👇👇👇👇👇👇👇👇👇LOG记录👇👇👇👇👇👇👇👇👇👇👇
Jun 08 17:07:53 
Jun 08 17:07:53 京东商城-转盘查询成功 
Jun 08 17:07:53 
Jun 08 17:07:53 京东现金-红包签到失败 
Jun 08 17:07:53 
Jun 08 17:07:54 京东魔方-尝试查询活动(2) 
Jun 08 17:07:54 
Jun 08 17:07:54 京东商城-超市签到失败 
Jun 08 17:07:54 
Jun 08 17:07:54 京东商城-现金签到失败 
Jun 08 17:07:54 
Jun 08 17:07:54 京东商城-闪购签到失败 
Jun 08 17:07:54 
Jun 08 17:07:54 京东秒杀-红包查询失败 
Jun 08 17:07:54 
Jun 08 17:07:54 京东商城-金贴签到失败 
Jun 08 17:07:54 
Jun 08 17:07:54 京东商城-京豆Cookie失效 
Jun 08 17:07:54 
Jun 08 17:07:54 京东商城-摇一摇签到失败 
Jun 08 17:07:54 
Jun 08 17:07:54 京东金融-钢镚签到失败 
Jun 08 17:07:54 
Jun 08 17:07:54 京东汽车-检查签到状态 
Jun 08 17:07:54 
Jun 08 17:07:54 京东精彩-京豆签到失败 
Jun 08 17:07:54 
Jun 08 17:07:54 京东转盘Cookie失效 
Jun 08 17:07:54 
Jun 08 17:07:54 京东魔方-尝试查询活动(1) 
Jun 08 17:07:54 
Jun 08 17:07:54 京东金融-签伍签到失败 
Jun 08 17:07:54 
Jun 08 17:07:54 京东金融-签叁签到失败 
Jun 08 17:07:54 
Jun 08 17:07:54 京东金融-签贰签到失败 
Jun 08 17:07:54 
Jun 08 17:07:54 京东金融-签肆签到失败 
Jun 08 17:07:54 
Jun 08 17:07:54 京东金融-签壹签到失败 
Jun 08 17:07:54 
Jun 08 17:07:54 京东商城-魔方签到失败 
Jun 08 17:07:54 
Jun 08 17:07:54 京东金贴-双签签到失败 
Jun 08 17:07:54 
Jun 08 17:07:54 金融现金-双签签到失败 
Jun 08 17:07:54 
Jun 08 17:07:54 京东商城-陪伴签到失败(1)
Jun 08 17:07:54 
Jun 08 17:07:54 京东商城-母婴关注店铺
Jun 08 17:07:54 
Jun 08 17:07:54 京东商城-卡包签到失败(1)
Jun 08 17:07:54 
Jun 08 17:07:54 京东商城-童装关注店铺
Jun 08 17:07:54 
Jun 08 17:07:54 京东商城-鞋靴签到失败(1)
Jun 08 17:07:54 
Jun 08 17:07:54 京东商城-图书签到失败(1)
Jun 08 17:07:54 
Jun 08 17:07:54 京东商城-数码关注店铺
Jun 08 17:07:54 
Jun 08 17:07:54 京东商城-女装签到失败(1)
Jun 08 17:07:54 
Jun 08 17:07:54 京东商城-内衣关注店铺
Jun 08 17:07:54 
Jun 08 17:07:54 京东商城-童装签到失败(2)
Jun 08 17:07:54 
Jun 08 17:07:54 京东商城-母婴签到失败(2)
Jun 08 17:07:54 
Jun 08 17:07:54 京东商城-数码签到失败(2)
Jun 08 17:07:54 
Jun 08 17:07:54 京东商城-内衣签到失败(2)
Jun 08 17:07:54 
Jun 08 17:07:54 京东商城-个护关注店铺
Jun 08 17:07:54 
Jun 08 17:07:54 京东商城-服饰签到失败(1)
Jun 08 17:07:54 
Jun 08 17:07:54 京东商城-健康关注店铺
Jun 08 17:07:54 
Jun 08 17:07:54 京东商城-校园签到失败(1)
Jun 08 17:07:54 
Jun 08 17:07:54 京东商城-电竞签到失败(1)
Jun 08 17:07:54 
Jun 08 17:07:54 京东商城-菜场二次查询
Jun 08 17:07:54 
Jun 08 17:07:54 京东商城-清洁关注店铺
Jun 08 17:07:54 
Jun 08 17:07:54 京东商城-珠宝签到失败(1)
Jun 08 17:07:54 
Jun 08 17:07:54 京东商城-个护签到失败(2)
Jun 08 17:07:54 
Jun 08 17:07:54 京东商城-箱包签到失败(1)
Jun 08 17:07:54 
Jun 08 17:07:54 京东智能-生活二次查询
Jun 08 17:07:54 
Jun 08 17:07:54 京东商城-健康签到失败(2)
Jun 08 17:07:54 
Jun 08 17:07:54 京东商城-清洁签到失败(2)
Jun 08 17:07:54 
Jun 08 17:07:54 京东拍拍-二手签到失败(1)
Jun 08 17:07:54 
Jun 08 17:07:54 京东商城-菜场签到失败(1)
Jun 08 17:07:54 
Jun 08 17:07:54 金融京豆-双签签到失败 
Jun 08 17:07:54 
Jun 08 17:07:54 京东-总红包查询失败 
Jun 08 17:07:54 
Jun 08 17:07:54 京东-总现金查询失败 
Jun 08 17:07:54 
Jun 08 17:07:54 京东-总京豆查询失败 
Jun 08 17:07:54 
Jun 08 17:07:54 京东-总金贴查询失败 
Jun 08 17:07:54 
Jun 08 17:07:54 京东-总钢镚查询失败 
Jun 08 17:07:54 
Jun 08 17:07:54 
Jun 08 17:07:54 【签到概览】:  失败41个
Jun 08 17:07:54 【账号总计】:  获取失败
Jun 08 17:07:54 【其他总计】:  获取失败
Jun 08 17:07:54 
Jun 08 17:07:54 京东商城-京豆: 失败, 原因: Cookie失效‼️
Jun 08 17:07:54 京东商城-超市: 失败, 原因: Cookie失效‼️
Jun 08 17:07:54 京东金融-钢镚: 失败, 原因: Cookie失效‼️
Jun 08 17:07:54 京东商城-转盘: 失败, 原因: Cookie失效‼️
Jun 08 17:07:54 京东商城-闪购: 失败, 原因: Cookie失效‼️
Jun 08 17:07:54 京东现金-红包: 失败, 原因: Cookie失效‼️
Jun 08 17:07:54 京东商城-魔方: 失败, 原因: Cookie失效‼️
Jun 08 17:07:54 京东商城-金贴: 失败, 原因: Cookie失效‼️
Jun 08 17:07:54 京东商城-现金: 失败, 原因: Cookie失效‼️
Jun 08 17:07:54 京东商城-摇摇: 失败, 原因: Cookie失效‼️
Jun 08 17:07:54 京东秒杀-红包: 失败, 暂无有效活动 ⚠️
Jun 08 17:07:54 京东精彩-京豆: 失败, 原因: Cookie失效‼️
Jun 08 17:07:54 京东商城-汽车: 失败, 原因: Cookie失效‼️
Jun 08 17:07:54 京东金融-签壹: 失败, 原因: Cookie失效‼️
Jun 08 17:07:54 京东金融-签贰: 失败, 原因: Cookie失效‼️
Jun 08 17:07:54 京东金融-签叁: 失败, 原因: Cookie失效‼️
Jun 08 17:07:54 京东金融-签肆: 失败, 原因: Cookie失效‼️
Jun 08 17:07:54 京东金融-签伍: 失败, 原因: Cookie失效‼️
Jun 08 17:07:54 京东商城-内衣: 失败, 原因: Cookie失效‼️
Jun 08 17:07:54 京东商城-卡包: 失败, 原因: Cookie失效‼️
Jun 08 17:07:54 京东商城-陪伴: 失败, 原因: Cookie失效‼️
Jun 08 17:07:54 京东商城-鞋靴: 失败, 原因: Cookie失效‼️
Jun 08 17:07:54 京东商城-童装: 失败, 原因: Cookie失效‼️
Jun 08 17:07:54 京东商城-母婴: 失败, 原因: Cookie失效‼️
Jun 08 17:07:54 京东商城-数码: 失败, 原因: Cookie失效‼️
Jun 08 17:07:54 京东商城-女装: 失败, 原因: Cookie失效‼️
Jun 08 17:07:54 京东商城-图书: 失败, 原因: Cookie失效‼️
Jun 08 17:07:54 京东金贴-双签: 失败, 原因: Cookie失效‼️
Jun 08 17:07:54 金融现金-双签: 失败, 原因: Cookie失效‼️
Jun 08 17:07:54 京东商城-电竞: 失败, 原因: Cookie失效‼️
Jun 08 17:07:54 京东商城-服饰: 失败, 原因: Cookie失效‼️
Jun 08 17:07:54 京东商城-箱包: 失败, 原因: Cookie失效‼️
Jun 08 17:07:54 京东商城-校园: 失败, 原因: Cookie失效‼️
Jun 08 17:07:54 京东商城-健康: 失败, 原因: Cookie失效‼️
Jun 08 17:07:54 京东拍拍-二手: 失败, 原因: Cookie失效‼️
Jun 08 17:07:54 京东商城-清洁: 失败, 原因: Cookie失效‼️
Jun 08 17:07:54 京东商城-个护: 失败, 原因: Cookie失效‼️
Jun 08 17:07:54 京东商城-珠宝: 失败, 原因: Cookie失效‼️
Jun 08 17:07:54 京东商城-菜场: 失败, 原因: Cookie失效‼️
Jun 08 17:07:54 京东智能-生活: 失败, 不含活动数据 ⚠️
Jun 08 17:07:54 金融京豆-双签: 失败, 原因: Cookie失效‼️
Jun 08 17:07:54 
Jun 08 17:07:54 签到用时: 11.63 秒
Jun 08 17:07:54 
Jun 08 17:07:54 👆👆👆👆👆👆👆👆👆LOG记录👆👆👆👆👆👆👆👆👆👆👆
Jun 08 17:07:54 
Jun 08 17:07:54 
Jun 08 17:07:54 *****************6/8/2021, 17:07:53 京东账号1 liu1071607950京豆签到完成*******************
Jun 08 17:07:54 
Jun 08 17:07:54 
Jun 08 17:07:54 
Jun 08 17:07:54 
Jun 08 17:07:54 您未提供server酱的SCKEY，取消微信推送消息通知🚫
Jun 08 17:07:54 
Jun 08 17:07:54 您未提供push+推送所需的PUSH_PLUS_TOKEN，取消push+推送消息通知🚫
Jun 08 17:07:54 
Jun 08 17:07:54 您未提供Bark的APP推送BARK_PUSH，取消Bark推送消息通知🚫
Jun 08 17:07:54 
Jun 08 17:07:54 您未提供telegram机器人推送所需的TG_BOT_TOKEN和TG_USER_ID，取消telegram推送消息通知🚫
Jun 08 17:07:54 
Jun 08 17:07:54 您未提供钉钉机器人推送所需的DD_BOT_TOKEN或者DD_BOT_SECRET，取消钉钉推送消息通知🚫
Jun 08 17:07:54 
Jun 08 17:07:54 您未提供企业微信机器人推送所需的QYWX_KEY，取消企业微信推送消息通知🚫
Jun 08 17:07:54 
Jun 08 17:07:54 您未提供企业微信应用消息推送所需的QYWX_AM，取消企业微信应用消息推送消息通知🚫
Jun 08 17:07:54 
Jun 08 17:07:54 您未提供iGot的推送IGOT_PUSH_KEY，取消iGot推送消息通知🚫
Jun 08 17:07:54 
Jun 08 17:07:54 
Jun 08 17:07:54 🔔京东多合一签到, 结束! 🕛 52.247 秒
Jun 08 17:07:54 
Jun 09 17:07:02 
Jun 09 17:07:02 🔔京东多合一签到, 开始!
Jun 09 17:07:02 
Jun 09 17:07:02 ====================共1个京东账号Cookie=========
Jun 09 17:07:02 
Jun 09 17:07:02 ==================脚本执行- 北京时间(UTC+8)：6/9/2021, 5:07:02 PM=====================
Jun 09 17:07:02 
Jun 09 17:07:08 JD_DailyBonus.js文件下载完毕
Jun 09 17:07:08 
Jun 09 17:07:08 
Jun 09 17:07:08 *****************开始京东账号1 liu1071607950京豆签到*******************
Jun 09 17:07:08 
Jun 09 17:07:08 开始替换变量
Jun 09 17:07:08 替换变量完毕
Jun 09 17:07:08 
Jun 09 17:07:08 开始执行脚本签到，请稍等
Jun 09 17:07:29 👇👇👇👇👇👇👇👇👇👇👇LOG记录👇👇👇👇👇👇👇👇👇👇👇
Jun 09 17:07:29 
Jun 09 17:07:29 京东魔方-尝试查询活动(2) 
Jun 09 17:07:29 
Jun 09 17:07:29 京东现金-红包签到失败 
Jun 09 17:07:29 
Jun 09 17:07:29 京东商城-京豆Cookie失效 
Jun 09 17:07:29 
Jun 09 17:07:29 京东商城-闪购签到失败 
Jun 09 17:07:29 
Jun 09 17:07:29 京东商城-转盘查询成功 
Jun 09 17:07:29 
Jun 09 17:07:29 京东商城-超市签到失败 
Jun 09 17:07:29 
Jun 09 17:07:29 京东秒杀-红包查询失败 
Jun 09 17:07:29 
Jun 09 17:07:29 京东商城-摇一摇签到失败 
Jun 09 17:07:29 
Jun 09 17:07:29 京东商城-现金签到失败 
Jun 09 17:07:29 
Jun 09 17:07:29 京东金融-钢镚签到失败 
Jun 09 17:07:29 
Jun 09 17:07:29 京东商城-金贴签到失败 
Jun 09 17:07:29 
Jun 09 17:07:29 京东汽车-检查签到状态 
Jun 09 17:07:29 
Jun 09 17:07:29 京东精彩-京豆签到失败 
Jun 09 17:07:29 
Jun 09 17:07:29 京东金融-签叁签到失败 
Jun 09 17:07:29 
Jun 09 17:07:29 京东金融-签肆签到失败 
Jun 09 17:07:29 
Jun 09 17:07:29 京东转盘Cookie失效 
Jun 09 17:07:29 
Jun 09 17:07:29 京东魔方-尝试查询活动(1) 
Jun 09 17:07:29 
Jun 09 17:07:29 京东金融-签壹签到失败 
Jun 09 17:07:29 
Jun 09 17:07:29 京东金融-签贰签到失败 
Jun 09 17:07:29 
Jun 09 17:07:29 京东金融-签伍签到失败 
Jun 09 17:07:29 
Jun 09 17:07:29 京东商城-魔方签到失败 
Jun 09 17:07:29 
Jun 09 17:07:29 京东金贴-双签签到失败 
Jun 09 17:07:29 
Jun 09 17:07:29 金融现金-双签签到失败 
Jun 09 17:07:29 
Jun 09 17:07:29 京东商城-陪伴签到失败(1)
Jun 09 17:07:29 
Jun 09 17:07:29 京东商城-母婴关注店铺
Jun 09 17:07:29 
Jun 09 17:07:29 京东商城-卡包签到失败(1)
Jun 09 17:07:29 
Jun 09 17:07:29 京东商城-女装签到失败(1)
Jun 09 17:07:29 
Jun 09 17:07:29 京东商城-图书签到失败(1)
Jun 09 17:07:29 
Jun 09 17:07:29 京东商城-鞋靴签到失败(1)
Jun 09 17:07:29 
Jun 09 17:07:29 京东商城-童装关注店铺
Jun 09 17:07:29 
Jun 09 17:07:29 京东商城-数码关注店铺
Jun 09 17:07:29 
Jun 09 17:07:29 京东商城-母婴签到失败(2)
Jun 09 17:07:29 
Jun 09 17:07:29 京东商城-童装签到失败(2)
Jun 09 17:07:29 
Jun 09 17:07:29 京东商城-数码签到失败(2)
Jun 09 17:07:29 
Jun 09 17:07:29 京东商城-内衣关注店铺
Jun 09 17:07:29 
Jun 09 17:07:29 京东商城-内衣签到失败(2)
Jun 09 17:07:29 
Jun 09 17:07:29 京东商城-个护关注店铺
Jun 09 17:07:29 
Jun 09 17:07:29 京东商城-服饰签到失败(1)
Jun 09 17:07:29 
Jun 09 17:07:29 京东商城-健康关注店铺
Jun 09 17:07:29 
Jun 09 17:07:29 京东商城-校园签到失败(1)
Jun 09 17:07:29 
Jun 09 17:07:29 京东商城-珠宝二次查询
Jun 09 17:07:29 
Jun 09 17:07:29 京东商城-电竞签到失败(1)
Jun 09 17:07:29 
Jun 09 17:07:29 京东商城-菜场二次查询
Jun 09 17:07:29 
Jun 09 17:07:29 京东商城-个护签到失败(2)
Jun 09 17:07:29 
Jun 09 17:07:29 京东商城-清洁关注店铺
Jun 09 17:07:29 
Jun 09 17:07:29 京东商城-健康签到失败(2)
Jun 09 17:07:29 
Jun 09 17:07:29 京东智能-生活签到失败(1)
Jun 09 17:07:29 
Jun 09 17:07:29 京东商城-清洁签到失败(2)
Jun 09 17:07:29 
Jun 09 17:07:29 京东商城-箱包签到失败(1)
Jun 09 17:07:29 
Jun 09 17:07:29 京东商城-菜场签到失败(1)
Jun 09 17:07:29 
Jun 09 17:07:29 京东拍拍-二手签到失败(1)
Jun 09 17:07:29 
Jun 09 17:07:29 金融京豆-双签签到失败 
Jun 09 17:07:29 
Jun 09 17:07:29 京东-总红包查询失败 
Jun 09 17:07:29 
Jun 09 17:07:29 京东-总京豆查询失败 
Jun 09 17:07:29 
Jun 09 17:07:29 京东-总现金查询失败 
Jun 09 17:07:29 
Jun 09 17:07:29 京东-总金贴查询失败 
Jun 09 17:07:29 
Jun 09 17:07:29 京东-总钢镚查询失败 
Jun 09 17:07:29 
Jun 09 17:07:29 
Jun 09 17:07:29 【签到概览】:  失败41个
Jun 09 17:07:29 【账号总计】:  获取失败
Jun 09 17:07:29 【其他总计】:  获取失败
Jun 09 17:07:29 
Jun 09 17:07:29 京东商城-京豆: 失败, 原因: Cookie失效‼️
Jun 09 17:07:29 京东商城-超市: 失败, 原因: Cookie失效‼️
Jun 09 17:07:29 京东金融-钢镚: 失败, 原因: Cookie失效‼️
Jun 09 17:07:29 京东商城-转盘: 失败, 原因: Cookie失效‼️
Jun 09 17:07:29 京东商城-闪购: 失败, 原因: Cookie失效‼️
Jun 09 17:07:29 京东现金-红包: 失败, 原因: Cookie失效‼️
Jun 09 17:07:29 京东商城-魔方: 失败, 原因: Cookie失效‼️
Jun 09 17:07:29 京东商城-金贴: 失败, 原因: Cookie失效‼️
Jun 09 17:07:29 京东商城-现金: 失败, 原因: Cookie失效‼️
Jun 09 17:07:29 京东商城-摇摇: 失败, 原因: Cookie失效‼️
Jun 09 17:07:29 京东秒杀-红包: 失败, 暂无有效活动 ⚠️
Jun 09 17:07:29 京东精彩-京豆: 失败, 原因: Cookie失效‼️
Jun 09 17:07:29 京东商城-汽车: 失败, 原因: Cookie失效‼️
Jun 09 17:07:29 京东金融-签壹: 失败, 原因: Cookie失效‼️
Jun 09 17:07:29 京东金融-签贰: 失败, 原因: Cookie失效‼️
Jun 09 17:07:29 京东金融-签叁: 失败, 原因: Cookie失效‼️
Jun 09 17:07:29 京东金融-签肆: 失败, 原因: Cookie失效‼️
Jun 09 17:07:29 京东金融-签伍: 失败, 原因: Cookie失效‼️
Jun 09 17:07:29 京东商城-内衣: 失败, 原因: Cookie失效‼️
Jun 09 17:07:29 京东商城-卡包: 失败, 原因: Cookie失效‼️
Jun 09 17:07:29 京东商城-陪伴: 失败, 原因: Cookie失效‼️
Jun 09 17:07:29 京东商城-鞋靴: 失败, 原因: Cookie失效‼️
Jun 09 17:07:29 京东商城-童装: 失败, 原因: Cookie失效‼️
Jun 09 17:07:29 京东商城-母婴: 失败, 原因: Cookie失效‼️
Jun 09 17:07:29 京东商城-数码: 失败, 原因: Cookie失效‼️
Jun 09 17:07:29 京东商城-女装: 失败, 原因: Cookie失效‼️
Jun 09 17:07:29 京东商城-图书: 失败, 原因: Cookie失效‼️
Jun 09 17:07:29 京东金贴-双签: 失败, 原因: Cookie失效‼️
Jun 09 17:07:29 金融现金-双签: 失败, 原因: Cookie失效‼️
Jun 09 17:07:29 京东商城-电竞: 失败, 原因: Cookie失效‼️
Jun 09 17:07:29 京东商城-服饰: 失败, 原因: Cookie失效‼️
Jun 09 17:07:29 京东商城-箱包: 失败, 原因: Cookie失效‼️
Jun 09 17:07:29 京东商城-校园: 失败, 原因: Cookie失效‼️
Jun 09 17:07:29 京东商城-健康: 失败, 原因: Cookie失效‼️
Jun 09 17:07:29 京东拍拍-二手: 失败, 原因: Cookie失效‼️
Jun 09 17:07:29 京东商城-清洁: 失败, 原因: Cookie失效‼️
Jun 09 17:07:29 京东商城-个护: 失败, 原因: Cookie失效‼️
Jun 09 17:07:29 京东商城-珠宝: 失败, 不含活动数据 ⚠️
Jun 09 17:07:29 京东商城-菜场: 失败, 原因: Cookie失效‼️
Jun 09 17:07:29 京东智能-生活: 失败, 原因: Cookie失效‼️
Jun 09 17:07:29 金融京豆-双签: 失败, 原因: Cookie失效‼️
Jun 09 17:07:29 
Jun 09 17:07:29 签到用时: 20.48 秒
Jun 09 17:07:29 
Jun 09 17:07:29 👆👆👆👆👆👆👆👆👆LOG记录👆👆👆👆👆👆👆👆👆👆👆
Jun 09 17:07:29 
Jun 09 17:07:29 
Jun 09 17:07:29 *****************6/9/2021, 17:07:29 京东账号1 liu1071607950京豆签到完成*******************
Jun 09 17:07:29 
Jun 09 17:07:29 
Jun 09 17:07:29 
Jun 09 17:07:29 
Jun 09 17:07:29 您未提供server酱的SCKEY，取消微信推送消息通知🚫
Jun 09 17:07:29 
Jun 09 17:07:29 您未提供push+推送所需的PUSH_PLUS_TOKEN，取消push+推送消息通知🚫
Jun 09 17:07:29 
Jun 09 17:07:29 您未提供Bark的APP推送BARK_PUSH，取消Bark推送消息通知🚫
Jun 09 17:07:29 
Jun 09 17:07:29 您未提供telegram机器人推送所需的TG_BOT_TOKEN和TG_USER_ID，取消telegram推送消息通知🚫
Jun 09 17:07:29 
Jun 09 17:07:29 您未提供钉钉机器人推送所需的DD_BOT_TOKEN或者DD_BOT_SECRET，取消钉钉推送消息通知🚫
Jun 09 17:07:29 
Jun 09 17:07:29 您未提供企业微信机器人推送所需的QYWX_KEY，取消企业微信推送消息通知🚫
Jun 09 17:07:29 
Jun 09 17:07:29 您未提供企业微信应用消息推送所需的QYWX_AM，取消企业微信应用消息推送消息通知🚫
Jun 09 17:07:29 
Jun 09 17:07:29 您未提供iGot的推送IGOT_PUSH_KEY，取消iGot推送消息通知🚫
Jun 09 17:07:29 
Jun 09 17:07:29 
Jun 09 17:07:29 🔔京东多合一签到, 结束! 🕛 27.203 秒
Jun 09 17:07:29 
Jun 10 17:07:01 
Jun 10 17:07:01 🔔京东多合一签到, 开始!
Jun 10 17:07:01 
Jun 10 17:07:01 ====================共1个京东账号Cookie=========
Jun 10 17:07:01 
Jun 10 17:07:01 ==================脚本执行- 北京时间(UTC+8)：6/10/2021, 5:07:01 PM=====================
Jun 10 17:07:01 
Jun 10 17:07:37 检测到您当前网络环境不能访问外网,将使用jsdelivr CDN下载JD_DailyBonus.js文件
Jun 10 17:07:39 JD_DailyBonus.js文件  CDN刷新成功
Jun 10 17:07:40 JD_DailyBonus.js文件下载完毕
Jun 10 17:07:40 
Jun 10 17:07:40 
Jun 10 17:07:40 *****************开始京东账号1 liu1071607950京豆签到*******************
Jun 10 17:07:40 
Jun 10 17:07:40 开始替换变量
Jun 10 17:07:40 替换变量完毕
Jun 10 17:07:40 
Jun 10 17:07:40 开始执行脚本签到，请稍等
Jun 10 17:08:07 👇👇👇👇👇👇👇👇👇👇👇LOG记录👇👇👇👇👇👇👇👇👇👇👇
Jun 10 17:08:07 
Jun 10 17:08:07 京东现金-红包签到失败 
Jun 10 17:08:07 
Jun 10 17:08:07 京东商城-转盘查询成功 
Jun 10 17:08:07 
Jun 10 17:08:07 京东商城-闪购签到失败 
Jun 10 17:08:07 
Jun 10 17:08:07 京东商城-京豆Cookie失效 
Jun 10 17:08:07 
Jun 10 17:08:07 京东魔方-尝试查询活动(2) 
Jun 10 17:08:07 
Jun 10 17:08:07 京东商城-超市签到失败 
Jun 10 17:08:07 
Jun 10 17:08:07 京东商城-现金签到失败 
Jun 10 17:08:07 
Jun 10 17:08:07 京东商城-摇一摇签到失败 
Jun 10 17:08:07 
Jun 10 17:08:07 京东秒杀-红包查询失败 
Jun 10 17:08:07 
Jun 10 17:08:07 京东金融-钢镚签到失败 
Jun 10 17:08:07 
Jun 10 17:08:07 京东商城-金贴签到失败 
Jun 10 17:08:07 
Jun 10 17:08:07 京东汽车-检查签到状态 
Jun 10 17:08:07 
Jun 10 17:08:07 京东转盘Cookie失效 
Jun 10 17:08:07 
Jun 10 17:08:07 京东精彩-京豆签到失败 
Jun 10 17:08:07 
Jun 10 17:08:07 京东魔方-尝试查询活动(1) 
Jun 10 17:08:07 
Jun 10 17:08:07 京东金融-签壹签到失败 
Jun 10 17:08:07 
Jun 10 17:08:07 京东金融-签肆签到失败 
Jun 10 17:08:07 
Jun 10 17:08:07 京东金融-签伍签到失败 
Jun 10 17:08:07 
Jun 10 17:08:07 京东金融-签贰签到失败 
Jun 10 17:08:07 
Jun 10 17:08:07 京东金融-签叁签到失败 
Jun 10 17:08:07 
Jun 10 17:08:07 京东商城-魔方签到失败 
Jun 10 17:08:07 
Jun 10 17:08:07 京东金贴-双签签到失败 
Jun 10 17:08:07 
Jun 10 17:08:07 金融现金-双签签到失败 
Jun 10 17:08:07 
Jun 10 17:08:07 京东商城-陪伴签到失败(1)
Jun 10 17:08:07 
Jun 10 17:08:07 京东商城-母婴关注店铺
Jun 10 17:08:07 
Jun 10 17:08:07 京东商城-卡包签到失败(1)
Jun 10 17:08:07 
Jun 10 17:08:07 京东商城-鞋靴签到失败(1)
Jun 10 17:08:07 
Jun 10 17:08:07 京东商城-图书签到失败(1)
Jun 10 17:08:07 
Jun 10 17:08:07 京东商城-母婴签到失败(2)
Jun 10 17:08:07 
Jun 10 17:08:07 京东商城-女装签到失败(1)
Jun 10 17:08:07 
Jun 10 17:08:07 京东商城-童装关注店铺
Jun 10 17:08:07 
Jun 10 17:08:07 京东商城-数码关注店铺
Jun 10 17:08:07 
Jun 10 17:08:07 京东商城-童装签到失败(2)
Jun 10 17:08:07 
Jun 10 17:08:07 京东商城-数码签到失败(2)
Jun 10 17:08:07 
Jun 10 17:08:07 京东商城-内衣关注店铺
Jun 10 17:08:07 
Jun 10 17:08:07 京东商城-内衣签到失败(2)
Jun 10 17:08:07 
Jun 10 17:08:07 京东商城-个护关注店铺
Jun 10 17:08:07 
Jun 10 17:08:07 京东商城-服饰签到失败(1)
Jun 10 17:08:07 
Jun 10 17:08:07 京东商城-健康关注店铺
Jun 10 17:08:07 
Jun 10 17:08:07 京东商城-校园签到失败(1)
Jun 10 17:08:07 
Jun 10 17:08:07 京东商城-珠宝二次查询
Jun 10 17:08:07 
Jun 10 17:08:07 京东商城-电竞签到失败(1)
Jun 10 17:08:07 
Jun 10 17:08:07 京东商城-菜场二次查询
Jun 10 17:08:07 
Jun 10 17:08:07 京东商城-箱包签到失败(1)
Jun 10 17:08:07 
Jun 10 17:08:07 京东商城-个护签到失败(2)
Jun 10 17:08:07 
Jun 10 17:08:07 京东商城-清洁关注店铺
Jun 10 17:08:07 
Jun 10 17:08:07 京东商城-健康签到失败(2)
Jun 10 17:08:07 
Jun 10 17:08:07 京东智能-生活签到失败(1)
Jun 10 17:08:07 
Jun 10 17:08:07 京东商城-清洁签到失败(2)
Jun 10 17:08:07 
Jun 10 17:08:07 京东商城-菜场签到失败(1)
Jun 10 17:08:07 
Jun 10 17:08:07 京东拍拍-二手签到失败(1)
Jun 10 17:08:07 
Jun 10 17:08:07 金融京豆-双签签到失败 
Jun 10 17:08:07 
Jun 10 17:08:07 京东-总红包查询失败 
Jun 10 17:08:07 
Jun 10 17:08:07 京东-总京豆查询失败 
Jun 10 17:08:07 
Jun 10 17:08:07 京东-总现金查询失败 
Jun 10 17:08:07 
Jun 10 17:08:07 京东-总金贴查询失败 
Jun 10 17:08:07 
Jun 10 17:08:07 京东-总钢镚查询失败 
Jun 10 17:08:07 
Jun 10 17:08:07 
Jun 10 17:08:07 【签到概览】:  失败41个
Jun 10 17:08:07 【账号总计】:  获取失败
Jun 10 17:08:07 【其他总计】:  获取失败
Jun 10 17:08:07 
Jun 10 17:08:07 京东商城-京豆: 失败, 原因: Cookie失效‼️
Jun 10 17:08:07 京东商城-超市: 失败, 原因: Cookie失效‼️
Jun 10 17:08:07 京东金融-钢镚: 失败, 原因: Cookie失效‼️
Jun 10 17:08:07 京东商城-转盘: 失败, 原因: Cookie失效‼️
Jun 10 17:08:07 京东商城-闪购: 失败, 原因: Cookie失效‼️
Jun 10 17:08:07 京东现金-红包: 失败, 原因: Cookie失效‼️
Jun 10 17:08:07 京东商城-魔方: 失败, 原因: Cookie失效‼️
Jun 10 17:08:07 京东商城-金贴: 失败, 原因: Cookie失效‼️
Jun 10 17:08:07 京东商城-现金: 失败, 原因: Cookie失效‼️
Jun 10 17:08:07 京东商城-摇摇: 失败, 原因: Cookie失效‼️
Jun 10 17:08:07 京东秒杀-红包: 失败, 暂无有效活动 ⚠️
Jun 10 17:08:07 京东精彩-京豆: 失败, 原因: Cookie失效‼️
Jun 10 17:08:07 京东商城-汽车: 失败, 原因: Cookie失效‼️
Jun 10 17:08:07 京东金融-签壹: 失败, 原因: Cookie失效‼️
Jun 10 17:08:07 京东金融-签贰: 失败, 原因: Cookie失效‼️
Jun 10 17:08:07 京东金融-签叁: 失败, 原因: Cookie失效‼️
Jun 10 17:08:07 京东金融-签肆: 失败, 原因: Cookie失效‼️
Jun 10 17:08:07 京东金融-签伍: 失败, 原因: Cookie失效‼️
Jun 10 17:08:07 京东商城-内衣: 失败, 原因: Cookie失效‼️
Jun 10 17:08:07 京东商城-卡包: 失败, 原因: Cookie失效‼️
Jun 10 17:08:07 京东商城-陪伴: 失败, 原因: Cookie失效‼️
Jun 10 17:08:07 京东商城-鞋靴: 失败, 原因: Cookie失效‼️
Jun 10 17:08:07 京东商城-童装: 失败, 原因: Cookie失效‼️
Jun 10 17:08:07 京东商城-母婴: 失败, 原因: Cookie失效‼️
Jun 10 17:08:07 京东商城-数码: 失败, 原因: Cookie失效‼️
Jun 10 17:08:07 京东商城-女装: 失败, 原因: Cookie失效‼️
Jun 10 17:08:07 京东商城-图书: 失败, 原因: Cookie失效‼️
Jun 10 17:08:07 京东金贴-双签: 失败, 原因: Cookie失效‼️
Jun 10 17:08:07 金融现金-双签: 失败, 原因: Cookie失效‼️
Jun 10 17:08:07 京东商城-电竞: 失败, 原因: Cookie失效‼️
Jun 10 17:08:07 京东商城-服饰: 失败, 原因: Cookie失效‼️
Jun 10 17:08:07 京东商城-箱包: 失败, 原因: Cookie失效‼️
Jun 10 17:08:07 京东商城-校园: 失败, 原因: Cookie失效‼️
Jun 10 17:08:07 京东商城-健康: 失败, 原因: Cookie失效‼️
Jun 10 17:08:07 京东拍拍-二手: 失败, 原因: Cookie失效‼️
Jun 10 17:08:07 京东商城-清洁: 失败, 原因: Cookie失效‼️
Jun 10 17:08:07 京东商城-个护: 失败, 原因: Cookie失效‼️
Jun 10 17:08:07 京东商城-珠宝: 失败, 不含活动数据 ⚠️
Jun 10 17:08:07 京东商城-菜场: 失败, 原因: Cookie失效‼️
Jun 10 17:08:07 京东智能-生活: 失败, 原因: Cookie失效‼️
Jun 10 17:08:07 金融京豆-双签: 失败, 原因: Cookie失效‼️
Jun 10 17:08:07 
Jun 10 17:08:07 签到用时: 26.79 秒
Jun 10 17:08:07 
Jun 10 17:08:07 👆👆👆👆👆👆👆👆👆LOG记录👆👆👆👆👆👆👆👆👆👆👆
Jun 10 17:08:07 
Jun 10 17:08:07 
Jun 10 17:08:07 *****************6/10/2021, 17:08:07 京东账号1 liu1071607950京豆签到完成*******************
Jun 10 17:08:07 
Jun 10 17:08:07 
Jun 10 17:08:07 
Jun 10 17:08:07 
Jun 10 17:08:07 您未提供server酱的SCKEY，取消微信推送消息通知🚫
Jun 10 17:08:07 
Jun 10 17:08:07 您未提供push+推送所需的PUSH_PLUS_TOKEN，取消push+推送消息通知🚫
Jun 10 17:08:07 
Jun 10 17:08:07 您未提供Bark的APP推送BARK_PUSH，取消Bark推送消息通知🚫
Jun 10 17:08:07 
Jun 10 17:08:07 您未提供telegram机器人推送所需的TG_BOT_TOKEN和TG_USER_ID，取消telegram推送消息通知🚫
Jun 10 17:08:07 
Jun 10 17:08:07 您未提供钉钉机器人推送所需的DD_BOT_TOKEN或者DD_BOT_SECRET，取消钉钉推送消息通知🚫
Jun 10 17:08:07 
Jun 10 17:08:07 您未提供企业微信机器人推送所需的QYWX_KEY，取消企业微信推送消息通知🚫
Jun 10 17:08:07 
Jun 10 17:08:07 您未提供企业微信应用消息推送所需的QYWX_AM，取消企业微信应用消息推送消息通知🚫
Jun 10 17:08:07 
Jun 10 17:08:07 您未提供iGot的推送IGOT_PUSH_KEY，取消iGot推送消息通知🚫
Jun 10 17:08:07 
Jun 10 17:08:07 
Jun 10 17:08:07 🔔京东多合一签到, 结束! 🕛 65.595 秒
Jun 10 17:08:07 
