Jun 07 00:06:47 
Jun 07 00:06:47 🔔京喜财富岛, 开始!
Jun 07 00:06:47 
Jun 07 00:06:47 ====================共1个京东账号Cookie=========
Jun 07 00:06:47 
Jun 07 00:06:47 ==================脚本执行- 北京时间(UTC+8)：6/7/2021, 12:06:47 AM=====================
Jun 07 00:06:47 
Jun 07 00:06:48 开始获取京喜财富岛配置文件
Jun 07 00:06:48 
Jun 07 00:06:48 您提供了1个账号的京喜财富岛助力码
Jun 07 00:06:48 
Jun 07 00:06:55 
Jun 07 00:06:55 开始【京东账号1】liu1071607950
Jun 07 00:06:55 
Jun 07 00:06:55 
Jun 07 00:06:55 ==============📣系统通知📣==============
Jun 07 00:06:55 京喜财富岛
Jun 07 00:06:55 【提示】cookie已失效
Jun 07 00:06:55 京东账号1 liu1071607950
Jun 07 00:06:55 请重新登录获取
Jun 07 00:06:55 https://bean.m.jd.com/bean/signIndex.action
Jun 07 00:06:55 
Jun 07 00:06:55 
Jun 07 00:06:55 您未提供server酱的SCKEY，取消微信推送消息通知🚫
Jun 07 00:06:55 
Jun 07 00:06:55 您未提供push+推送所需的PUSH_PLUS_TOKEN，取消push+推送消息通知🚫
Jun 07 00:06:55 
Jun 07 00:06:55 您未提供Bark的APP推送BARK_PUSH，取消Bark推送消息通知🚫
Jun 07 00:06:55 
Jun 07 00:06:55 您未提供telegram机器人推送所需的TG_BOT_TOKEN和TG_USER_ID，取消telegram推送消息通知🚫
Jun 07 00:06:55 
Jun 07 00:06:55 您未提供钉钉机器人推送所需的DD_BOT_TOKEN或者DD_BOT_SECRET，取消钉钉推送消息通知🚫
Jun 07 00:06:55 
Jun 07 00:06:55 您未提供企业微信机器人推送所需的QYWX_KEY，取消企业微信推送消息通知🚫
Jun 07 00:06:55 
Jun 07 00:06:55 您未提供企业微信应用消息推送所需的QYWX_AM，取消企业微信应用消息推送消息通知🚫
Jun 07 00:06:55 
Jun 07 00:06:55 您未提供iGot的推送IGOT_PUSH_KEY，取消iGot推送消息通知🚫
Jun 07 00:06:55 
Jun 07 00:06:55 
Jun 07 00:06:55 🔔京喜财富岛, 结束! 🕛 8.104 秒
Jun 07 00:06:55 
Jun 08 10:06:00 
Jun 08 10:06:00 🔔京喜财富岛, 开始!
Jun 08 10:06:00 
Jun 08 10:06:00 ====================共1个京东账号Cookie=========
Jun 08 10:06:00 
Jun 08 10:06:00 ==================脚本执行- 北京时间(UTC+8)：6/8/2021, 10:06:00 AM=====================
Jun 08 10:06:00 
Jun 08 10:06:00 开始获取京喜财富岛配置文件
Jun 08 10:06:00 
Jun 08 10:06:00 您提供了1个账号的京喜财富岛助力码
Jun 08 10:06:00 
Jun 08 10:06:04 
Jun 08 10:06:04 开始【京东账号1】liu1071607950
Jun 08 10:06:04 
Jun 08 10:06:04 
Jun 08 10:06:04 ==============📣系统通知📣==============
Jun 08 10:06:04 京喜财富岛
Jun 08 10:06:04 【提示】cookie已失效
Jun 08 10:06:04 京东账号1 liu1071607950
Jun 08 10:06:04 请重新登录获取
Jun 08 10:06:04 https://bean.m.jd.com/bean/signIndex.action
Jun 08 10:06:04 
Jun 08 10:06:04 
Jun 08 10:06:04 您未提供server酱的SCKEY，取消微信推送消息通知🚫
Jun 08 10:06:04 
Jun 08 10:06:04 您未提供push+推送所需的PUSH_PLUS_TOKEN，取消push+推送消息通知🚫
Jun 08 10:06:04 
Jun 08 10:06:04 您未提供Bark的APP推送BARK_PUSH，取消Bark推送消息通知🚫
Jun 08 10:06:04 
Jun 08 10:06:04 您未提供telegram机器人推送所需的TG_BOT_TOKEN和TG_USER_ID，取消telegram推送消息通知🚫
Jun 08 10:06:04 
Jun 08 10:06:04 您未提供钉钉机器人推送所需的DD_BOT_TOKEN或者DD_BOT_SECRET，取消钉钉推送消息通知🚫
Jun 08 10:06:04 
Jun 08 10:06:04 您未提供企业微信机器人推送所需的QYWX_KEY，取消企业微信推送消息通知🚫
Jun 08 10:06:04 
Jun 08 10:06:04 您未提供企业微信应用消息推送所需的QYWX_AM，取消企业微信应用消息推送消息通知🚫
Jun 08 10:06:04 
Jun 08 10:06:04 您未提供iGot的推送IGOT_PUSH_KEY，取消iGot推送消息通知🚫
Jun 08 10:06:04 
Jun 08 10:06:05 
Jun 08 10:06:05 🔔京喜财富岛, 结束! 🕛 4.905 秒
Jun 08 10:06:05 
Jun 08 12:06:05 
Jun 08 12:06:05 🔔京喜财富岛, 开始!
Jun 08 12:06:05 
Jun 08 12:06:05 ====================共1个京东账号Cookie=========
Jun 08 12:06:05 
Jun 08 12:06:05 ==================脚本执行- 北京时间(UTC+8)：6/8/2021, 12:06:05 PM=====================
Jun 08 12:06:05 
Jun 08 12:06:05 开始获取京喜财富岛配置文件
Jun 08 12:06:05 
Jun 08 12:06:06 您提供了0个账号的京喜财富岛助力码
Jun 08 12:06:06 
Jun 08 12:06:08 
Jun 08 12:06:08 开始【京东账号1】liu1071607950
Jun 08 12:06:08 
Jun 08 12:06:08 
Jun 08 12:06:08 ==============📣系统通知📣==============
Jun 08 12:06:08 京喜财富岛
Jun 08 12:06:08 【提示】cookie已失效
Jun 08 12:06:08 京东账号1 liu1071607950
Jun 08 12:06:08 请重新登录获取
Jun 08 12:06:08 https://bean.m.jd.com/bean/signIndex.action
Jun 08 12:06:08 
Jun 08 12:06:08 
Jun 08 12:06:08 您未提供server酱的SCKEY，取消微信推送消息通知🚫
Jun 08 12:06:08 
Jun 08 12:06:08 您未提供push+推送所需的PUSH_PLUS_TOKEN，取消push+推送消息通知🚫
Jun 08 12:06:08 
Jun 08 12:06:08 您未提供Bark的APP推送BARK_PUSH，取消Bark推送消息通知🚫
Jun 08 12:06:08 
Jun 08 12:06:08 您未提供telegram机器人推送所需的TG_BOT_TOKEN和TG_USER_ID，取消telegram推送消息通知🚫
Jun 08 12:06:08 
Jun 08 12:06:08 您未提供钉钉机器人推送所需的DD_BOT_TOKEN或者DD_BOT_SECRET，取消钉钉推送消息通知🚫
Jun 08 12:06:08 
Jun 08 12:06:08 您未提供企业微信机器人推送所需的QYWX_KEY，取消企业微信推送消息通知🚫
Jun 08 12:06:08 
Jun 08 12:06:08 您未提供企业微信应用消息推送所需的QYWX_AM，取消企业微信应用消息推送消息通知🚫
Jun 08 12:06:08 
Jun 08 12:06:08 您未提供iGot的推送IGOT_PUSH_KEY，取消iGot推送消息通知🚫
Jun 08 12:06:08 
Jun 08 12:06:09 
Jun 08 12:06:09 🔔京喜财富岛, 结束! 🕛 3.197 秒
Jun 08 12:06:09 
Jun 08 14:05:26 
Jun 08 14:05:26 🔔京喜财富岛, 开始!
Jun 08 14:05:26 
Jun 08 14:05:26 ====================共1个京东账号Cookie=========
Jun 08 14:05:26 
Jun 08 14:05:26 ==================脚本执行- 北京时间(UTC+8)：6/8/2021, 2:05:26 PM=====================
Jun 08 14:05:26 
Jun 08 14:05:26 开始获取京喜财富岛配置文件
Jun 08 14:05:26 
Jun 08 14:05:26 您提供了0个账号的京喜财富岛助力码
Jun 08 14:05:26 
Jun 08 14:05:38 
Jun 08 14:05:38 开始【京东账号1】liu1071607950
Jun 08 14:05:39 
Jun 08 14:05:39 
Jun 08 14:05:39 ==============📣系统通知📣==============
Jun 08 14:05:39 京喜财富岛
Jun 08 14:05:39 【提示】cookie已失效
Jun 08 14:05:39 京东账号1 liu1071607950
Jun 08 14:05:39 请重新登录获取
Jun 08 14:05:39 https://bean.m.jd.com/bean/signIndex.action
Jun 08 14:05:39 
Jun 08 14:05:39 
Jun 08 14:05:39 您未提供server酱的SCKEY，取消微信推送消息通知🚫
Jun 08 14:05:39 
Jun 08 14:05:39 您未提供push+推送所需的PUSH_PLUS_TOKEN，取消push+推送消息通知🚫
Jun 08 14:05:39 
Jun 08 14:05:39 您未提供Bark的APP推送BARK_PUSH，取消Bark推送消息通知🚫
Jun 08 14:05:39 
Jun 08 14:05:39 您未提供telegram机器人推送所需的TG_BOT_TOKEN和TG_USER_ID，取消telegram推送消息通知🚫
Jun 08 14:05:39 
Jun 08 14:05:39 您未提供钉钉机器人推送所需的DD_BOT_TOKEN或者DD_BOT_SECRET，取消钉钉推送消息通知🚫
Jun 08 14:05:39 
Jun 08 14:05:39 您未提供企业微信机器人推送所需的QYWX_KEY，取消企业微信推送消息通知🚫
Jun 08 14:05:39 
Jun 08 14:05:39 您未提供企业微信应用消息推送所需的QYWX_AM，取消企业微信应用消息推送消息通知🚫
Jun 08 14:05:39 
Jun 08 14:05:39 您未提供iGot的推送IGOT_PUSH_KEY，取消iGot推送消息通知🚫
Jun 08 14:05:39 
Jun 08 14:05:39 
Jun 08 14:05:39 🔔京喜财富岛, 结束! 🕛 13.002 秒
Jun 08 14:05:39 
Jun 08 16:06:37 
Jun 08 16:06:37 🔔京喜财富岛, 开始!
Jun 08 16:06:37 
Jun 08 16:06:37 ====================共1个京东账号Cookie=========
Jun 08 16:06:37 
Jun 08 16:06:37 ==================脚本执行- 北京时间(UTC+8)：6/8/2021, 4:06:37 PM=====================
Jun 08 16:06:37 
Jun 08 16:06:37 开始获取京喜财富岛配置文件
Jun 08 16:06:37 
Jun 08 16:06:37 您提供了0个账号的京喜财富岛助力码
Jun 08 16:06:37 
Jun 08 16:06:41 
Jun 08 16:06:41 开始【京东账号1】liu1071607950
Jun 08 16:06:41 
Jun 08 16:06:41 
Jun 08 16:06:41 ==============📣系统通知📣==============
Jun 08 16:06:41 京喜财富岛
Jun 08 16:06:41 【提示】cookie已失效
Jun 08 16:06:41 京东账号1 liu1071607950
Jun 08 16:06:41 请重新登录获取
Jun 08 16:06:41 https://bean.m.jd.com/bean/signIndex.action
Jun 08 16:06:41 
Jun 08 16:06:41 
Jun 08 16:06:41 您未提供server酱的SCKEY，取消微信推送消息通知🚫
Jun 08 16:06:41 
Jun 08 16:06:41 您未提供push+推送所需的PUSH_PLUS_TOKEN，取消push+推送消息通知🚫
Jun 08 16:06:41 
Jun 08 16:06:41 您未提供Bark的APP推送BARK_PUSH，取消Bark推送消息通知🚫
Jun 08 16:06:41 
Jun 08 16:06:41 您未提供telegram机器人推送所需的TG_BOT_TOKEN和TG_USER_ID，取消telegram推送消息通知🚫
Jun 08 16:06:41 
Jun 08 16:06:41 您未提供钉钉机器人推送所需的DD_BOT_TOKEN或者DD_BOT_SECRET，取消钉钉推送消息通知🚫
Jun 08 16:06:41 
Jun 08 16:06:41 您未提供企业微信机器人推送所需的QYWX_KEY，取消企业微信推送消息通知🚫
Jun 08 16:06:41 
Jun 08 16:06:41 您未提供企业微信应用消息推送所需的QYWX_AM，取消企业微信应用消息推送消息通知🚫
Jun 08 16:06:41 
Jun 08 16:06:41 您未提供iGot的推送IGOT_PUSH_KEY，取消iGot推送消息通知🚫
Jun 08 16:06:41 
Jun 08 16:06:42 
Jun 08 16:06:42 🔔京喜财富岛, 结束! 🕛 4.78 秒
Jun 08 16:06:42 
Jun 08 18:05:54 
Jun 08 18:05:54 🔔京喜财富岛, 开始!
Jun 08 18:05:54 
Jun 08 18:05:55 ====================共1个京东账号Cookie=========
Jun 08 18:05:55 
Jun 08 18:05:55 ==================脚本执行- 北京时间(UTC+8)：6/8/2021, 6:05:54 PM=====================
Jun 08 18:05:55 
Jun 08 18:05:55 开始获取京喜财富岛配置文件
Jun 08 18:05:55 
Jun 08 18:05:55 您提供了0个账号的京喜财富岛助力码
Jun 08 18:05:55 
Jun 08 18:06:03 
Jun 08 18:06:03 开始【京东账号1】liu1071607950
Jun 08 18:06:03 
Jun 08 18:06:03 
Jun 08 18:06:03 ==============📣系统通知📣==============
Jun 08 18:06:03 京喜财富岛
Jun 08 18:06:03 【提示】cookie已失效
Jun 08 18:06:03 京东账号1 liu1071607950
Jun 08 18:06:03 请重新登录获取
Jun 08 18:06:03 https://bean.m.jd.com/bean/signIndex.action
Jun 08 18:06:03 
Jun 08 18:06:03 
Jun 08 18:06:03 您未提供server酱的SCKEY，取消微信推送消息通知🚫
Jun 08 18:06:03 
Jun 08 18:06:03 您未提供push+推送所需的PUSH_PLUS_TOKEN，取消push+推送消息通知🚫
Jun 08 18:06:03 
Jun 08 18:06:03 您未提供Bark的APP推送BARK_PUSH，取消Bark推送消息通知🚫
Jun 08 18:06:03 
Jun 08 18:06:03 您未提供telegram机器人推送所需的TG_BOT_TOKEN和TG_USER_ID，取消telegram推送消息通知🚫
Jun 08 18:06:03 
Jun 08 18:06:03 您未提供钉钉机器人推送所需的DD_BOT_TOKEN或者DD_BOT_SECRET，取消钉钉推送消息通知🚫
Jun 08 18:06:03 
Jun 08 18:06:03 您未提供企业微信机器人推送所需的QYWX_KEY，取消企业微信推送消息通知🚫
Jun 08 18:06:03 
Jun 08 18:06:03 您未提供企业微信应用消息推送所需的QYWX_AM，取消企业微信应用消息推送消息通知🚫
Jun 08 18:06:03 
Jun 08 18:06:03 您未提供iGot的推送IGOT_PUSH_KEY，取消iGot推送消息通知🚫
Jun 08 18:06:03 
Jun 08 18:06:03 
Jun 08 18:06:03 🔔京喜财富岛, 结束! 🕛 9.117 秒
Jun 08 18:06:03 
Jun 08 20:06:05 
Jun 08 20:06:05 🔔京喜财富岛, 开始!
Jun 08 20:06:05 
Jun 08 20:06:05 ====================共1个京东账号Cookie=========
Jun 08 20:06:05 
Jun 08 20:06:05 ==================脚本执行- 北京时间(UTC+8)：6/8/2021, 8:06:05 PM=====================
Jun 08 20:06:05 
Jun 08 20:06:05 开始获取京喜财富岛配置文件
Jun 08 20:06:05 
Jun 08 20:06:05 您提供了0个账号的京喜财富岛助力码
Jun 08 20:06:05 
Jun 08 20:06:17 
Jun 08 20:06:17 ❗️京喜财富岛, 错误!
Jun 08 20:06:17 
Jun 08 20:06:17 
Jun 08 20:06:17 开始【京东账号1】liu1071607950
Jun 08 20:06:17 
Jun 08 20:06:17 由于您第1个京东账号未提供shareCode,将采纳本脚本自带的助力码
Jun 08 20:06:17 
Jun 08 20:06:17 开始
Jun 08 20:06:20 "getaddrinfo ENOTFOUND share.turinglabs.net"
Jun 08 20:06:20 京喜财富岛 API请求失败，请检查网路重试
Jun 08 20:06:20 第1个京东账号将要助力的好友[]
Jun 08 20:06:23 "getaddrinfo ENOTFOUND m.jingxi.com"
Jun 08 20:06:23 京喜财富岛 QueryUserInfo API请求失败，请检查网路重试
Jun 08 20:06:27 "getaddrinfo ENOTFOUND m.jingxi.com"
Jun 08 20:06:27 京喜财富岛 QuerySignListV2 API请求失败，请检查网路重试
Jun 08 20:06:28 
Jun 08 20:06:28 ❗️京喜财富岛, 错误!
Jun 08 20:06:28 TypeError: Cannot convert undefined or null to object
Jun 08 20:06:28     at Function.keys (<anonymous>)
Jun 08 20:06:28     at getMoney (/scripts/jd_cfd.js:35:65683)
Jun 08 20:06:28     at cfd (/scripts/jd_cfd.js:35:45119)
Jun 08 20:06:28     at async /scripts/jd_cfd.js:35:41492
Jun 08 20:06:28 
Jun 08 20:06:28 🔔京喜财富岛, 结束! 🕛 23.228 秒
Jun 08 20:06:28 
Jun 08 22:05:16 
Jun 08 22:05:16 🔔京喜财富岛, 开始!
Jun 08 22:05:16 
Jun 08 22:05:16 ====================共1个京东账号Cookie=========
Jun 08 22:05:16 
Jun 08 22:05:16 ==================脚本执行- 北京时间(UTC+8)：6/8/2021, 10:05:16 PM=====================
Jun 08 22:05:16 
Jun 08 22:05:16 开始获取京喜财富岛配置文件
Jun 08 22:05:16 
Jun 08 22:05:17 您提供了0个账号的京喜财富岛助力码
Jun 08 22:05:17 
Jun 08 22:05:29 
Jun 08 22:05:29 开始【京东账号1】liu1071607950
Jun 08 22:05:29 
Jun 08 22:05:29 
Jun 08 22:05:29 ==============📣系统通知📣==============
Jun 08 22:05:29 京喜财富岛
Jun 08 22:05:29 【提示】cookie已失效
Jun 08 22:05:29 京东账号1 liu1071607950
Jun 08 22:05:29 请重新登录获取
Jun 08 22:05:29 https://bean.m.jd.com/bean/signIndex.action
Jun 08 22:05:29 
Jun 08 22:05:29 
Jun 08 22:05:29 您未提供server酱的SCKEY，取消微信推送消息通知🚫
Jun 08 22:05:29 
Jun 08 22:05:29 您未提供push+推送所需的PUSH_PLUS_TOKEN，取消push+推送消息通知🚫
Jun 08 22:05:29 
Jun 08 22:05:29 您未提供Bark的APP推送BARK_PUSH，取消Bark推送消息通知🚫
Jun 08 22:05:29 
Jun 08 22:05:29 您未提供telegram机器人推送所需的TG_BOT_TOKEN和TG_USER_ID，取消telegram推送消息通知🚫
Jun 08 22:05:29 
Jun 08 22:05:29 您未提供钉钉机器人推送所需的DD_BOT_TOKEN或者DD_BOT_SECRET，取消钉钉推送消息通知🚫
Jun 08 22:05:29 
Jun 08 22:05:29 您未提供企业微信机器人推送所需的QYWX_KEY，取消企业微信推送消息通知🚫
Jun 08 22:05:29 
Jun 08 22:05:29 您未提供企业微信应用消息推送所需的QYWX_AM，取消企业微信应用消息推送消息通知🚫
Jun 08 22:05:29 
Jun 08 22:05:29 您未提供iGot的推送IGOT_PUSH_KEY，取消iGot推送消息通知🚫
Jun 08 22:05:29 
Jun 08 22:05:29 
Jun 08 22:05:29 🔔京喜财富岛, 结束! 🕛 12.841 秒
Jun 08 22:05:29 
Jun 09 12:06:34 
Jun 09 12:06:34 🔔京喜财富岛, 开始!
Jun 09 12:06:34 
Jun 09 12:06:34 ====================共1个京东账号Cookie=========
Jun 09 12:06:34 
Jun 09 12:06:34 ==================脚本执行- 北京时间(UTC+8)：6/9/2021, 12:06:34 PM=====================
Jun 09 12:06:34 
Jun 09 12:06:34 开始获取京喜财富岛配置文件
Jun 09 12:06:34 
Jun 09 12:06:34 您提供了0个账号的京喜财富岛助力码
Jun 09 12:06:34 
Jun 09 12:06:36 
Jun 09 12:06:36 开始【京东账号1】liu1071607950
Jun 09 12:06:36 
Jun 09 12:06:36 
Jun 09 12:06:36 ==============📣系统通知📣==============
Jun 09 12:06:36 京喜财富岛
Jun 09 12:06:36 【提示】cookie已失效
Jun 09 12:06:36 京东账号1 liu1071607950
Jun 09 12:06:36 请重新登录获取
Jun 09 12:06:36 https://bean.m.jd.com/bean/signIndex.action
Jun 09 12:06:36 
Jun 09 12:06:36 
Jun 09 12:06:36 您未提供server酱的SCKEY，取消微信推送消息通知🚫
Jun 09 12:06:36 
Jun 09 12:06:36 您未提供push+推送所需的PUSH_PLUS_TOKEN，取消push+推送消息通知🚫
Jun 09 12:06:36 
Jun 09 12:06:36 您未提供Bark的APP推送BARK_PUSH，取消Bark推送消息通知🚫
Jun 09 12:06:36 
Jun 09 12:06:36 您未提供telegram机器人推送所需的TG_BOT_TOKEN和TG_USER_ID，取消telegram推送消息通知🚫
Jun 09 12:06:36 
Jun 09 12:06:36 您未提供钉钉机器人推送所需的DD_BOT_TOKEN或者DD_BOT_SECRET，取消钉钉推送消息通知🚫
Jun 09 12:06:36 
Jun 09 12:06:36 您未提供企业微信机器人推送所需的QYWX_KEY，取消企业微信推送消息通知🚫
Jun 09 12:06:36 
Jun 09 12:06:36 您未提供企业微信应用消息推送所需的QYWX_AM，取消企业微信应用消息推送消息通知🚫
Jun 09 12:06:36 
Jun 09 12:06:36 您未提供iGot的推送IGOT_PUSH_KEY，取消iGot推送消息通知🚫
Jun 09 12:06:36 
Jun 09 12:06:37 
Jun 09 12:06:37 🔔京喜财富岛, 结束! 🕛 2.979 秒
Jun 09 12:06:37 
Jun 09 14:05:52 
Jun 09 14:05:52 🔔京喜财富岛, 开始!
Jun 09 14:05:52 
Jun 09 14:05:52 ====================共1个京东账号Cookie=========
Jun 09 14:05:52 
Jun 09 14:05:52 ==================脚本执行- 北京时间(UTC+8)：6/9/2021, 2:05:52 PM=====================
Jun 09 14:05:52 
Jun 09 14:05:52 开始获取京喜财富岛配置文件
Jun 09 14:05:52 
Jun 09 14:05:52 您提供了0个账号的京喜财富岛助力码
Jun 09 14:05:52 
Jun 09 14:06:04 
Jun 09 14:06:04 开始【京东账号1】liu1071607950
Jun 09 14:06:04 
Jun 09 14:06:04 
Jun 09 14:06:04 ==============📣系统通知📣==============
Jun 09 14:06:04 京喜财富岛
Jun 09 14:06:04 【提示】cookie已失效
Jun 09 14:06:04 京东账号1 liu1071607950
Jun 09 14:06:04 请重新登录获取
Jun 09 14:06:04 https://bean.m.jd.com/bean/signIndex.action
Jun 09 14:06:04 
Jun 09 14:06:04 
Jun 09 14:06:04 您未提供server酱的SCKEY，取消微信推送消息通知🚫
Jun 09 14:06:04 
Jun 09 14:06:04 您未提供push+推送所需的PUSH_PLUS_TOKEN，取消push+推送消息通知🚫
Jun 09 14:06:04 
Jun 09 14:06:04 您未提供Bark的APP推送BARK_PUSH，取消Bark推送消息通知🚫
Jun 09 14:06:04 
Jun 09 14:06:04 您未提供telegram机器人推送所需的TG_BOT_TOKEN和TG_USER_ID，取消telegram推送消息通知🚫
Jun 09 14:06:04 
Jun 09 14:06:04 您未提供钉钉机器人推送所需的DD_BOT_TOKEN或者DD_BOT_SECRET，取消钉钉推送消息通知🚫
Jun 09 14:06:04 
Jun 09 14:06:04 您未提供企业微信机器人推送所需的QYWX_KEY，取消企业微信推送消息通知🚫
Jun 09 14:06:04 
Jun 09 14:06:04 您未提供企业微信应用消息推送所需的QYWX_AM，取消企业微信应用消息推送消息通知🚫
Jun 09 14:06:04 
Jun 09 14:06:04 您未提供iGot的推送IGOT_PUSH_KEY，取消iGot推送消息通知🚫
Jun 09 14:06:04 
Jun 09 14:06:05 
Jun 09 14:06:05 🔔京喜财富岛, 结束! 🕛 12.935 秒
Jun 09 14:06:05 
Jun 09 16:05:45 
Jun 09 16:05:45 🔔京喜财富岛, 开始!
Jun 09 16:05:45 
Jun 09 16:05:45 ====================共1个京东账号Cookie=========
Jun 09 16:05:45 
Jun 09 16:05:45 ==================脚本执行- 北京时间(UTC+8)：6/9/2021, 4:05:45 PM=====================
Jun 09 16:05:45 
Jun 09 16:05:45 开始获取京喜财富岛配置文件
Jun 09 16:05:45 
Jun 09 16:05:45 您提供了0个账号的京喜财富岛助力码
Jun 09 16:05:45 
Jun 09 16:05:57 
Jun 09 16:05:57 开始【京东账号1】liu1071607950
Jun 09 16:05:57 
Jun 09 16:05:57 
Jun 09 16:05:57 ==============📣系统通知📣==============
Jun 09 16:05:57 京喜财富岛
Jun 09 16:05:57 【提示】cookie已失效
Jun 09 16:05:57 京东账号1 liu1071607950
Jun 09 16:05:57 请重新登录获取
Jun 09 16:05:57 https://bean.m.jd.com/bean/signIndex.action
Jun 09 16:05:57 
Jun 09 16:05:57 
Jun 09 16:05:57 您未提供server酱的SCKEY，取消微信推送消息通知🚫
Jun 09 16:05:57 
Jun 09 16:05:57 您未提供push+推送所需的PUSH_PLUS_TOKEN，取消push+推送消息通知🚫
Jun 09 16:05:57 
Jun 09 16:05:57 您未提供Bark的APP推送BARK_PUSH，取消Bark推送消息通知🚫
Jun 09 16:05:57 
Jun 09 16:05:57 您未提供telegram机器人推送所需的TG_BOT_TOKEN和TG_USER_ID，取消telegram推送消息通知🚫
Jun 09 16:05:57 
Jun 09 16:05:57 您未提供钉钉机器人推送所需的DD_BOT_TOKEN或者DD_BOT_SECRET，取消钉钉推送消息通知🚫
Jun 09 16:05:57 
Jun 09 16:05:57 您未提供企业微信机器人推送所需的QYWX_KEY，取消企业微信推送消息通知🚫
Jun 09 16:05:57 
Jun 09 16:05:57 您未提供企业微信应用消息推送所需的QYWX_AM，取消企业微信应用消息推送消息通知🚫
Jun 09 16:05:57 
Jun 09 16:05:57 您未提供iGot的推送IGOT_PUSH_KEY，取消iGot推送消息通知🚫
Jun 09 16:05:57 
Jun 09 16:05:58 
Jun 09 16:05:58 🔔京喜财富岛, 结束! 🕛 12.359 秒
Jun 09 16:05:58 
Jun 09 18:06:46 
Jun 09 18:06:46 🔔京喜财富岛, 开始!
Jun 09 18:06:46 
Jun 09 18:06:46 ====================共1个京东账号Cookie=========
Jun 09 18:06:46 
Jun 09 18:06:46 ==================脚本执行- 北京时间(UTC+8)：6/9/2021, 6:06:46 PM=====================
Jun 09 18:06:46 
Jun 09 18:06:46 开始获取京喜财富岛配置文件
Jun 09 18:06:46 
Jun 09 18:06:46 您提供了0个账号的京喜财富岛助力码
Jun 09 18:06:46 
Jun 09 18:06:49 
Jun 09 18:06:49 开始【京东账号1】liu1071607950
Jun 09 18:06:49 
Jun 09 18:06:49 
Jun 09 18:06:49 ==============📣系统通知📣==============
Jun 09 18:06:49 京喜财富岛
Jun 09 18:06:49 【提示】cookie已失效
Jun 09 18:06:49 京东账号1 liu1071607950
Jun 09 18:06:49 请重新登录获取
Jun 09 18:06:49 https://bean.m.jd.com/bean/signIndex.action
Jun 09 18:06:49 
Jun 09 18:06:49 
Jun 09 18:06:49 您未提供server酱的SCKEY，取消微信推送消息通知🚫
Jun 09 18:06:49 
Jun 09 18:06:49 您未提供push+推送所需的PUSH_PLUS_TOKEN，取消push+推送消息通知🚫
Jun 09 18:06:49 
Jun 09 18:06:49 您未提供Bark的APP推送BARK_PUSH，取消Bark推送消息通知🚫
Jun 09 18:06:49 
Jun 09 18:06:49 您未提供telegram机器人推送所需的TG_BOT_TOKEN和TG_USER_ID，取消telegram推送消息通知🚫
Jun 09 18:06:49 
Jun 09 18:06:49 您未提供钉钉机器人推送所需的DD_BOT_TOKEN或者DD_BOT_SECRET，取消钉钉推送消息通知🚫
Jun 09 18:06:49 
Jun 09 18:06:49 您未提供企业微信机器人推送所需的QYWX_KEY，取消企业微信推送消息通知🚫
Jun 09 18:06:49 
Jun 09 18:06:49 您未提供企业微信应用消息推送所需的QYWX_AM，取消企业微信应用消息推送消息通知🚫
Jun 09 18:06:49 
Jun 09 18:06:49 您未提供iGot的推送IGOT_PUSH_KEY，取消iGot推送消息通知🚫
Jun 09 18:06:49 
Jun 09 18:06:50 
Jun 09 18:06:50 🔔京喜财富岛, 结束! 🕛 4.351 秒
Jun 09 18:06:50 
Jun 09 20:06:51 
Jun 09 20:06:51 🔔京喜财富岛, 开始!
Jun 09 20:06:51 
Jun 09 20:06:51 ====================共1个京东账号Cookie=========
Jun 09 20:06:51 
Jun 09 20:06:51 ==================脚本执行- 北京时间(UTC+8)：6/9/2021, 8:06:51 PM=====================
Jun 09 20:06:51 
Jun 09 20:06:51 开始获取京喜财富岛配置文件
Jun 09 20:06:51 
Jun 09 20:06:51 您提供了0个账号的京喜财富岛助力码
Jun 09 20:06:51 
Jun 09 20:07:01 
Jun 09 20:07:01 ❗️京喜财富岛, 错误!
Jun 09 20:07:01 
Jun 09 20:07:01 
Jun 09 20:07:01 开始【京东账号1】liu1071607950
Jun 09 20:07:01 
Jun 09 20:07:01 由于您第1个京东账号未提供shareCode,将采纳本脚本自带的助力码
Jun 09 20:07:01 
Jun 09 20:07:01 开始
Jun 09 20:07:04 "getaddrinfo ENOTFOUND share.turinglabs.net"
Jun 09 20:07:04 京喜财富岛 API请求失败，请检查网路重试
Jun 09 20:07:04 第1个京东账号将要助力的好友[]
Jun 09 20:07:07 "getaddrinfo ENOTFOUND m.jingxi.com"
Jun 09 20:07:07 京喜财富岛 QueryUserInfo API请求失败，请检查网路重试
Jun 09 20:07:11 "getaddrinfo ENOTFOUND m.jingxi.com"
Jun 09 20:07:11 京喜财富岛 QuerySignListV2 API请求失败，请检查网路重试
Jun 09 20:07:11 
Jun 09 20:07:11 ❗️京喜财富岛, 错误!
Jun 09 20:07:11 TypeError: Cannot convert undefined or null to object
Jun 09 20:07:11     at Function.keys (<anonymous>)
Jun 09 20:07:11     at getMoney (/scripts/jd_cfd.js:35:65683)
Jun 09 20:07:11     at cfd (/scripts/jd_cfd.js:35:45119)
Jun 09 20:07:11     at async /scripts/jd_cfd.js:35:41492
Jun 09 20:07:12 
Jun 09 20:07:12 🔔京喜财富岛, 结束! 🕛 21.449 秒
Jun 09 20:07:12 
Jun 09 22:06:21 
Jun 09 22:06:21 🔔京喜财富岛, 开始!
Jun 09 22:06:21 
Jun 09 22:06:21 ====================共1个京东账号Cookie=========
Jun 09 22:06:21 
Jun 09 22:06:21 ==================脚本执行- 北京时间(UTC+8)：6/9/2021, 10:06:21 PM=====================
Jun 09 22:06:21 
Jun 09 22:06:21 开始获取京喜财富岛配置文件
Jun 09 22:06:21 
Jun 09 22:06:21 您提供了0个账号的京喜财富岛助力码
Jun 09 22:06:21 
Jun 09 22:06:33 
Jun 09 22:06:33 开始【京东账号1】liu1071607950
Jun 09 22:06:33 
Jun 09 22:06:33 
Jun 09 22:06:33 ==============📣系统通知📣==============
Jun 09 22:06:33 京喜财富岛
Jun 09 22:06:33 【提示】cookie已失效
Jun 09 22:06:33 京东账号1 liu1071607950
Jun 09 22:06:33 请重新登录获取
Jun 09 22:06:33 https://bean.m.jd.com/bean/signIndex.action
Jun 09 22:06:33 
Jun 09 22:06:33 
Jun 09 22:06:33 您未提供server酱的SCKEY，取消微信推送消息通知🚫
Jun 09 22:06:33 
Jun 09 22:06:33 您未提供push+推送所需的PUSH_PLUS_TOKEN，取消push+推送消息通知🚫
Jun 09 22:06:33 
Jun 09 22:06:33 您未提供Bark的APP推送BARK_PUSH，取消Bark推送消息通知🚫
Jun 09 22:06:33 
Jun 09 22:06:33 您未提供telegram机器人推送所需的TG_BOT_TOKEN和TG_USER_ID，取消telegram推送消息通知🚫
Jun 09 22:06:33 
Jun 09 22:06:33 您未提供钉钉机器人推送所需的DD_BOT_TOKEN或者DD_BOT_SECRET，取消钉钉推送消息通知🚫
Jun 09 22:06:33 
Jun 09 22:06:33 您未提供企业微信机器人推送所需的QYWX_KEY，取消企业微信推送消息通知🚫
Jun 09 22:06:33 
Jun 09 22:06:33 您未提供企业微信应用消息推送所需的QYWX_AM，取消企业微信应用消息推送消息通知🚫
Jun 09 22:06:33 
Jun 09 22:06:33 您未提供iGot的推送IGOT_PUSH_KEY，取消iGot推送消息通知🚫
Jun 09 22:06:33 
Jun 09 22:06:34 
Jun 09 22:06:34 🔔京喜财富岛, 结束! 🕛 12.965 秒
Jun 09 22:06:34 
Jun 10 10:06:39 
Jun 10 10:06:39 🔔京喜财富岛, 开始!
Jun 10 10:06:39 
Jun 10 10:06:39 ====================共1个京东账号Cookie=========
Jun 10 10:06:39 
Jun 10 10:06:39 ==================脚本执行- 北京时间(UTC+8)：6/10/2021, 10:06:39 AM=====================
Jun 10 10:06:39 
Jun 10 10:06:39 开始获取京喜财富岛配置文件
Jun 10 10:06:39 
Jun 10 10:06:39 您提供了0个账号的京喜财富岛助力码
Jun 10 10:06:39 
Jun 10 10:06:50 
Jun 10 10:06:51 开始【京东账号1】liu1071607950
Jun 10 10:06:51 
Jun 10 10:06:51 
Jun 10 10:06:51 ==============📣系统通知📣==============
Jun 10 10:06:51 京喜财富岛
Jun 10 10:06:51 【提示】cookie已失效
Jun 10 10:06:51 京东账号1 liu1071607950
Jun 10 10:06:51 请重新登录获取
Jun 10 10:06:51 https://bean.m.jd.com/bean/signIndex.action
Jun 10 10:06:51 
Jun 10 10:06:51 
Jun 10 10:06:51 您未提供server酱的SCKEY，取消微信推送消息通知🚫
Jun 10 10:06:51 
Jun 10 10:06:51 您未提供push+推送所需的PUSH_PLUS_TOKEN，取消push+推送消息通知🚫
Jun 10 10:06:51 
Jun 10 10:06:51 您未提供Bark的APP推送BARK_PUSH，取消Bark推送消息通知🚫
Jun 10 10:06:51 
Jun 10 10:06:51 您未提供telegram机器人推送所需的TG_BOT_TOKEN和TG_USER_ID，取消telegram推送消息通知🚫
Jun 10 10:06:51 
Jun 10 10:06:51 您未提供钉钉机器人推送所需的DD_BOT_TOKEN或者DD_BOT_SECRET，取消钉钉推送消息通知🚫
Jun 10 10:06:51 
Jun 10 10:06:51 您未提供企业微信机器人推送所需的QYWX_KEY，取消企业微信推送消息通知🚫
Jun 10 10:06:51 
Jun 10 10:06:51 您未提供企业微信应用消息推送所需的QYWX_AM，取消企业微信应用消息推送消息通知🚫
Jun 10 10:06:51 
Jun 10 10:06:51 您未提供iGot的推送IGOT_PUSH_KEY，取消iGot推送消息通知🚫
Jun 10 10:06:51 
Jun 10 10:06:51 
Jun 10 10:06:51 🔔京喜财富岛, 结束! 🕛 12.262 秒
Jun 10 10:06:51 
Jun 10 12:05:39 
Jun 10 12:05:39 🔔京喜财富岛, 开始!
Jun 10 12:05:39 
Jun 10 12:05:39 ====================共1个京东账号Cookie=========
Jun 10 12:05:39 
Jun 10 12:05:39 ==================脚本执行- 北京时间(UTC+8)：6/10/2021, 12:05:39 PM=====================
Jun 10 12:05:39 
Jun 10 12:05:40 开始获取京喜财富岛配置文件
Jun 10 12:05:40 
Jun 10 12:05:40 您提供了0个账号的京喜财富岛助力码
Jun 10 12:05:40 
Jun 10 12:05:52 
Jun 10 12:05:52 开始【京东账号1】liu1071607950
Jun 10 12:05:52 
Jun 10 12:05:52 
Jun 10 12:05:52 ==============📣系统通知📣==============
Jun 10 12:05:52 京喜财富岛
Jun 10 12:05:52 【提示】cookie已失效
Jun 10 12:05:52 京东账号1 liu1071607950
Jun 10 12:05:52 请重新登录获取
Jun 10 12:05:52 https://bean.m.jd.com/bean/signIndex.action
Jun 10 12:05:52 
Jun 10 12:05:52 
Jun 10 12:05:52 您未提供server酱的SCKEY，取消微信推送消息通知🚫
Jun 10 12:05:52 
Jun 10 12:05:52 您未提供push+推送所需的PUSH_PLUS_TOKEN，取消push+推送消息通知🚫
Jun 10 12:05:52 
Jun 10 12:05:52 您未提供Bark的APP推送BARK_PUSH，取消Bark推送消息通知🚫
Jun 10 12:05:52 
Jun 10 12:05:52 您未提供telegram机器人推送所需的TG_BOT_TOKEN和TG_USER_ID，取消telegram推送消息通知🚫
Jun 10 12:05:52 
Jun 10 12:05:52 您未提供钉钉机器人推送所需的DD_BOT_TOKEN或者DD_BOT_SECRET，取消钉钉推送消息通知🚫
Jun 10 12:05:52 
Jun 10 12:05:52 您未提供企业微信机器人推送所需的QYWX_KEY，取消企业微信推送消息通知🚫
Jun 10 12:05:52 
Jun 10 12:05:52 您未提供企业微信应用消息推送所需的QYWX_AM，取消企业微信应用消息推送消息通知🚫
Jun 10 12:05:52 
Jun 10 12:05:52 您未提供iGot的推送IGOT_PUSH_KEY，取消iGot推送消息通知🚫
Jun 10 12:05:52 
Jun 10 12:05:53 
Jun 10 12:05:53 🔔京喜财富岛, 结束! 🕛 13.366 秒
Jun 10 12:05:53 
Jun 10 14:06:22 
Jun 10 14:06:22 🔔京喜财富岛, 开始!
Jun 10 14:06:22 
Jun 10 14:06:22 ====================共1个京东账号Cookie=========
Jun 10 14:06:22 
Jun 10 14:06:22 ==================脚本执行- 北京时间(UTC+8)：6/10/2021, 2:06:22 PM=====================
Jun 10 14:06:22 
Jun 10 14:06:22 开始获取京喜财富岛配置文件
Jun 10 14:06:22 
Jun 10 14:06:22 您提供了0个账号的京喜财富岛助力码
Jun 10 14:06:22 
Jun 10 14:06:26 
Jun 10 14:06:26 开始【京东账号1】liu1071607950
Jun 10 14:06:26 
Jun 10 14:06:26 
Jun 10 14:06:26 ==============📣系统通知📣==============
Jun 10 14:06:26 京喜财富岛
Jun 10 14:06:26 【提示】cookie已失效
Jun 10 14:06:26 京东账号1 liu1071607950
Jun 10 14:06:26 请重新登录获取
Jun 10 14:06:26 https://bean.m.jd.com/bean/signIndex.action
Jun 10 14:06:26 
Jun 10 14:06:26 
Jun 10 14:06:26 您未提供server酱的SCKEY，取消微信推送消息通知🚫
Jun 10 14:06:26 
Jun 10 14:06:26 您未提供push+推送所需的PUSH_PLUS_TOKEN，取消push+推送消息通知🚫
Jun 10 14:06:26 
Jun 10 14:06:26 您未提供Bark的APP推送BARK_PUSH，取消Bark推送消息通知🚫
Jun 10 14:06:26 
Jun 10 14:06:26 您未提供telegram机器人推送所需的TG_BOT_TOKEN和TG_USER_ID，取消telegram推送消息通知🚫
Jun 10 14:06:26 
Jun 10 14:06:26 您未提供钉钉机器人推送所需的DD_BOT_TOKEN或者DD_BOT_SECRET，取消钉钉推送消息通知🚫
Jun 10 14:06:26 
Jun 10 14:06:26 您未提供企业微信机器人推送所需的QYWX_KEY，取消企业微信推送消息通知🚫
Jun 10 14:06:26 
Jun 10 14:06:26 您未提供企业微信应用消息推送所需的QYWX_AM，取消企业微信应用消息推送消息通知🚫
Jun 10 14:06:26 
Jun 10 14:06:26 您未提供iGot的推送IGOT_PUSH_KEY，取消iGot推送消息通知🚫
Jun 10 14:06:26 
Jun 10 14:06:26 
Jun 10 14:06:26 🔔京喜财富岛, 结束! 🕛 4.045 秒
Jun 10 14:06:26 
Jun 10 16:05:59 
Jun 10 16:05:59 🔔京喜财富岛, 开始!
Jun 10 16:05:59 
Jun 10 16:05:59 ====================共1个京东账号Cookie=========
Jun 10 16:05:59 
Jun 10 16:05:59 ==================脚本执行- 北京时间(UTC+8)：6/10/2021, 4:05:59 PM=====================
Jun 10 16:05:59 
Jun 10 16:05:59 开始获取京喜财富岛配置文件
Jun 10 16:05:59 
Jun 10 16:05:59 您提供了0个账号的京喜财富岛助力码
Jun 10 16:05:59 
Jun 10 16:06:03 
Jun 10 16:06:03 开始【京东账号1】liu1071607950
Jun 10 16:06:03 
Jun 10 16:06:03 
Jun 10 16:06:03 ==============📣系统通知📣==============
Jun 10 16:06:03 京喜财富岛
Jun 10 16:06:03 【提示】cookie已失效
Jun 10 16:06:03 京东账号1 liu1071607950
Jun 10 16:06:03 请重新登录获取
Jun 10 16:06:03 https://bean.m.jd.com/bean/signIndex.action
Jun 10 16:06:03 
Jun 10 16:06:03 
Jun 10 16:06:03 您未提供server酱的SCKEY，取消微信推送消息通知🚫
Jun 10 16:06:03 
Jun 10 16:06:03 您未提供push+推送所需的PUSH_PLUS_TOKEN，取消push+推送消息通知🚫
Jun 10 16:06:03 
Jun 10 16:06:03 您未提供Bark的APP推送BARK_PUSH，取消Bark推送消息通知🚫
Jun 10 16:06:03 
Jun 10 16:06:03 您未提供telegram机器人推送所需的TG_BOT_TOKEN和TG_USER_ID，取消telegram推送消息通知🚫
Jun 10 16:06:03 
Jun 10 16:06:03 您未提供钉钉机器人推送所需的DD_BOT_TOKEN或者DD_BOT_SECRET，取消钉钉推送消息通知🚫
Jun 10 16:06:03 
Jun 10 16:06:03 您未提供企业微信机器人推送所需的QYWX_KEY，取消企业微信推送消息通知🚫
Jun 10 16:06:03 
Jun 10 16:06:03 您未提供企业微信应用消息推送所需的QYWX_AM，取消企业微信应用消息推送消息通知🚫
Jun 10 16:06:03 
Jun 10 16:06:03 您未提供iGot的推送IGOT_PUSH_KEY，取消iGot推送消息通知🚫
Jun 10 16:06:03 
Jun 10 16:06:03 
Jun 10 16:06:03 🔔京喜财富岛, 结束! 🕛 4.176 秒
Jun 10 16:06:03 
Jun 10 18:06:40 
Jun 10 18:06:40 🔔京喜财富岛, 开始!
Jun 10 18:06:40 
Jun 10 18:06:40 ====================共1个京东账号Cookie=========
Jun 10 18:06:40 
Jun 10 18:06:40 ==================脚本执行- 北京时间(UTC+8)：6/10/2021, 6:06:40 PM=====================
Jun 10 18:06:40 
Jun 10 18:06:40 开始获取京喜财富岛配置文件
Jun 10 18:06:40 
Jun 10 18:06:40 您提供了0个账号的京喜财富岛助力码
Jun 10 18:06:40 
Jun 10 18:06:45 
Jun 10 18:06:45 开始【京东账号1】liu1071607950
Jun 10 18:06:45 
Jun 10 18:06:45 
Jun 10 18:06:45 ==============📣系统通知📣==============
Jun 10 18:06:45 京喜财富岛
Jun 10 18:06:45 【提示】cookie已失效
Jun 10 18:06:45 京东账号1 liu1071607950
Jun 10 18:06:45 请重新登录获取
Jun 10 18:06:45 https://bean.m.jd.com/bean/signIndex.action
Jun 10 18:06:45 
Jun 10 18:06:45 
Jun 10 18:06:45 您未提供server酱的SCKEY，取消微信推送消息通知🚫
Jun 10 18:06:45 
Jun 10 18:06:45 您未提供push+推送所需的PUSH_PLUS_TOKEN，取消push+推送消息通知🚫
Jun 10 18:06:45 
Jun 10 18:06:45 您未提供Bark的APP推送BARK_PUSH，取消Bark推送消息通知🚫
Jun 10 18:06:45 
Jun 10 18:06:45 您未提供telegram机器人推送所需的TG_BOT_TOKEN和TG_USER_ID，取消telegram推送消息通知🚫
Jun 10 18:06:45 
Jun 10 18:06:45 您未提供钉钉机器人推送所需的DD_BOT_TOKEN或者DD_BOT_SECRET，取消钉钉推送消息通知🚫
Jun 10 18:06:45 
Jun 10 18:06:45 您未提供企业微信机器人推送所需的QYWX_KEY，取消企业微信推送消息通知🚫
Jun 10 18:06:45 
Jun 10 18:06:45 您未提供企业微信应用消息推送所需的QYWX_AM，取消企业微信应用消息推送消息通知🚫
Jun 10 18:06:45 
Jun 10 18:06:45 您未提供iGot的推送IGOT_PUSH_KEY，取消iGot推送消息通知🚫
Jun 10 18:06:45 
Jun 10 18:06:45 
Jun 10 18:06:45 🔔京喜财富岛, 结束! 🕛 4.991 秒
Jun 10 18:06:45 
Jun 10 20:05:47 
Jun 10 20:05:47 🔔京喜财富岛, 开始!
Jun 10 20:05:47 
Jun 10 20:05:47 ====================共1个京东账号Cookie=========
Jun 10 20:05:47 
Jun 10 20:05:47 ==================脚本执行- 北京时间(UTC+8)：6/10/2021, 8:05:47 PM=====================
Jun 10 20:05:47 
Jun 10 20:05:47 开始获取京喜财富岛配置文件
Jun 10 20:05:47 
Jun 10 20:05:47 您提供了0个账号的京喜财富岛助力码
Jun 10 20:05:47 
Jun 10 20:05:58 
Jun 10 20:05:58 ❗️京喜财富岛, 错误!
Jun 10 20:05:58 
Jun 10 20:05:58 
Jun 10 20:05:58 开始【京东账号1】liu1071607950
Jun 10 20:05:58 
Jun 10 20:05:58 由于您第1个京东账号未提供shareCode,将采纳本脚本自带的助力码
Jun 10 20:05:58 
Jun 10 20:05:58 开始
Jun 10 20:06:02 "getaddrinfo ENOTFOUND share.turinglabs.net"
Jun 10 20:06:02 京喜财富岛 API请求失败，请检查网路重试
Jun 10 20:06:02 第1个京东账号将要助力的好友[]
Jun 10 20:06:05 "getaddrinfo ENOTFOUND m.jingxi.com"
Jun 10 20:06:05 京喜财富岛 QueryUserInfo API请求失败，请检查网路重试
Jun 10 20:06:08 "getaddrinfo ENOTFOUND m.jingxi.com"
Jun 10 20:06:08 京喜财富岛 QuerySignListV2 API请求失败，请检查网路重试
Jun 10 20:06:09 
Jun 10 20:06:09 ❗️京喜财富岛, 错误!
Jun 10 20:06:09 TypeError: Cannot convert undefined or null to object
Jun 10 20:06:09     at Function.keys (<anonymous>)
Jun 10 20:06:09     at getMoney (/scripts/jd_cfd.js:35:65683)
Jun 10 20:06:09     at cfd (/scripts/jd_cfd.js:35:45119)
Jun 10 20:06:09     at async /scripts/jd_cfd.js:35:41492
Jun 10 20:06:09 
Jun 10 20:06:09 🔔京喜财富岛, 结束! 🕛 22.545 秒
Jun 10 20:06:09 
Jun 10 22:06:12 
Jun 10 22:06:12 🔔京喜财富岛, 开始!
Jun 10 22:06:12 
Jun 10 22:06:12 ====================共1个京东账号Cookie=========
Jun 10 22:06:12 
Jun 10 22:06:12 ==================脚本执行- 北京时间(UTC+8)：6/10/2021, 10:06:12 PM=====================
Jun 10 22:06:12 
Jun 10 22:06:12 开始获取京喜财富岛配置文件
Jun 10 22:06:12 
Jun 10 22:06:12 您提供了0个账号的京喜财富岛助力码
Jun 10 22:06:12 
Jun 10 22:06:28 
Jun 10 22:06:28 开始【京东账号1】liu1071607950
Jun 10 22:06:28 
Jun 10 22:06:28 
Jun 10 22:06:28 ==============📣系统通知📣==============
Jun 10 22:06:28 京喜财富岛
Jun 10 22:06:28 【提示】cookie已失效
Jun 10 22:06:28 京东账号1 liu1071607950
Jun 10 22:06:28 请重新登录获取
Jun 10 22:06:28 https://bean.m.jd.com/bean/signIndex.action
Jun 10 22:06:28 
Jun 10 22:06:28 
Jun 10 22:06:28 您未提供server酱的SCKEY，取消微信推送消息通知🚫
Jun 10 22:06:28 
Jun 10 22:06:28 您未提供push+推送所需的PUSH_PLUS_TOKEN，取消push+推送消息通知🚫
Jun 10 22:06:28 
Jun 10 22:06:28 您未提供Bark的APP推送BARK_PUSH，取消Bark推送消息通知🚫
Jun 10 22:06:28 
Jun 10 22:06:28 您未提供telegram机器人推送所需的TG_BOT_TOKEN和TG_USER_ID，取消telegram推送消息通知🚫
Jun 10 22:06:28 
Jun 10 22:06:28 您未提供钉钉机器人推送所需的DD_BOT_TOKEN或者DD_BOT_SECRET，取消钉钉推送消息通知🚫
Jun 10 22:06:28 
Jun 10 22:06:28 您未提供企业微信机器人推送所需的QYWX_KEY，取消企业微信推送消息通知🚫
Jun 10 22:06:28 
Jun 10 22:06:28 您未提供企业微信应用消息推送所需的QYWX_AM，取消企业微信应用消息推送消息通知🚫
Jun 10 22:06:28 
Jun 10 22:06:28 您未提供iGot的推送IGOT_PUSH_KEY，取消iGot推送消息通知🚫
Jun 10 22:06:28 
Jun 10 22:06:28 
Jun 10 22:06:28 🔔京喜财富岛, 结束! 🕛 16.015 秒
Jun 10 22:06:28 
Jun 24 14:06:47 
Jun 24 14:06:47 🔔京喜财富岛, 开始!
Jun 24 14:06:47 
Jun 24 14:06:47 ====================共1个京东账号Cookie=========
Jun 24 14:06:47 
Jun 24 14:06:47 ==================脚本执行- 北京时间(UTC+8)：6/24/2021, 2:06:47 PM=====================
Jun 24 14:06:47 
Jun 24 14:06:47 开始获取京喜财富岛配置文件
Jun 24 14:06:47 
Jun 24 14:06:47 您提供了0个账号的京喜财富岛助力码
Jun 24 14:06:47 
Jun 24 14:06:54 
Jun 24 14:06:54 开始【京东账号1】liu1071607950
Jun 24 14:06:54 
Jun 24 14:06:54 
Jun 24 14:06:54 ==============📣系统通知📣==============
Jun 24 14:06:54 京喜财富岛
Jun 24 14:06:54 【提示】cookie已失效
Jun 24 14:06:54 京东账号1 liu1071607950
Jun 24 14:06:54 请重新登录获取
Jun 24 14:06:54 https://bean.m.jd.com/bean/signIndex.action
Jun 24 14:06:54 
Jun 24 14:06:54 
Jun 24 14:06:54 您未提供server酱的SCKEY，取消微信推送消息通知🚫
Jun 24 14:06:54 
Jun 24 14:06:54 您未提供push+推送所需的PUSH_PLUS_TOKEN，取消push+推送消息通知🚫
Jun 24 14:06:54 
Jun 24 14:06:54 您未提供Bark的APP推送BARK_PUSH，取消Bark推送消息通知🚫
Jun 24 14:06:54 
Jun 24 14:06:54 您未提供telegram机器人推送所需的TG_BOT_TOKEN和TG_USER_ID，取消telegram推送消息通知🚫
Jun 24 14:06:54 
Jun 24 14:06:54 您未提供钉钉机器人推送所需的DD_BOT_TOKEN或者DD_BOT_SECRET，取消钉钉推送消息通知🚫
Jun 24 14:06:54 
Jun 24 14:06:54 您未提供企业微信机器人推送所需的QYWX_KEY，取消企业微信推送消息通知🚫
Jun 24 14:06:54 
Jun 24 14:06:54 您未提供企业微信应用消息推送所需的QYWX_AM，取消企业微信应用消息推送消息通知🚫
Jun 24 14:06:54 
Jun 24 14:06:54 您未提供iGot的推送IGOT_PUSH_KEY，取消iGot推送消息通知🚫
Jun 24 14:06:54 
Jun 24 14:06:54 
Jun 24 14:06:54 🔔京喜财富岛, 结束! 🕛 7.006 秒
Jun 24 14:06:54 
