Jun 08 12:10:05 
Jun 08 12:10:05 🔔监控crazyJoy分红, 开始!
Jun 08 12:10:05 
Jun 08 12:10:05 ====================共1个京东账号Cookie=========
Jun 08 12:10:05 
Jun 08 12:10:05 ==================脚本执行- 北京时间(UTC+8)：6/8/2021, 12:10:05 PM=====================
Jun 08 12:10:05 
Jun 08 12:10:07 
Jun 08 12:10:07 开始【京东账号1】liu1071607950
Jun 08 12:10:07 
Jun 08 12:10:07 
Jun 08 12:10:07 ==============📣系统通知📣==============
Jun 08 12:10:07 监控crazyJoy分红
Jun 08 12:10:07 【提示】cookie已失效
Jun 08 12:10:07 京东账号1 liu1071607950
Jun 08 12:10:07 请重新登录获取
Jun 08 12:10:07 https://bean.m.jd.com/bean/signIndex.action
Jun 08 12:10:07 
Jun 08 12:10:07 
Jun 08 12:10:07 您未提供server酱的SCKEY，取消微信推送消息通知🚫
Jun 08 12:10:07 
Jun 08 12:10:07 您未提供push+推送所需的PUSH_PLUS_TOKEN，取消push+推送消息通知🚫
Jun 08 12:10:07 
Jun 08 12:10:07 您未提供Bark的APP推送BARK_PUSH，取消Bark推送消息通知🚫
Jun 08 12:10:07 
Jun 08 12:10:07 您未提供telegram机器人推送所需的TG_BOT_TOKEN和TG_USER_ID，取消telegram推送消息通知🚫
Jun 08 12:10:07 
Jun 08 12:10:07 您未提供钉钉机器人推送所需的DD_BOT_TOKEN或者DD_BOT_SECRET，取消钉钉推送消息通知🚫
Jun 08 12:10:07 
Jun 08 12:10:07 您未提供企业微信机器人推送所需的QYWX_KEY，取消企业微信推送消息通知🚫
Jun 08 12:10:07 
Jun 08 12:10:07 您未提供企业微信应用消息推送所需的QYWX_AM，取消企业微信应用消息推送消息通知🚫
Jun 08 12:10:07 
Jun 08 12:10:07 您未提供iGot的推送IGOT_PUSH_KEY，取消iGot推送消息通知🚫
Jun 08 12:10:07 
Jun 08 12:10:07 
Jun 08 12:10:07 🔔监控crazyJoy分红, 结束! 🕛 2.102 秒
Jun 08 12:10:07 
Jun 09 12:11:39 
Jun 09 12:11:39 🔔监控crazyJoy分红, 开始!
Jun 09 12:11:39 
Jun 09 12:11:39 ====================共1个京东账号Cookie=========
Jun 09 12:11:39 
Jun 09 12:11:39 ==================脚本执行- 北京时间(UTC+8)：6/9/2021, 12:11:39 PM=====================
Jun 09 12:11:39 
Jun 09 12:11:41 
Jun 09 12:11:41 开始【京东账号1】liu1071607950
Jun 09 12:11:41 
Jun 09 12:11:41 
Jun 09 12:11:41 ==============📣系统通知📣==============
Jun 09 12:11:41 监控crazyJoy分红
Jun 09 12:11:41 【提示】cookie已失效
Jun 09 12:11:41 京东账号1 liu1071607950
Jun 09 12:11:41 请重新登录获取
Jun 09 12:11:41 https://bean.m.jd.com/bean/signIndex.action
Jun 09 12:11:41 
Jun 09 12:11:41 
Jun 09 12:11:41 您未提供server酱的SCKEY，取消微信推送消息通知🚫
Jun 09 12:11:41 
Jun 09 12:11:41 您未提供push+推送所需的PUSH_PLUS_TOKEN，取消push+推送消息通知🚫
Jun 09 12:11:41 
Jun 09 12:11:41 您未提供Bark的APP推送BARK_PUSH，取消Bark推送消息通知🚫
Jun 09 12:11:41 
Jun 09 12:11:41 您未提供telegram机器人推送所需的TG_BOT_TOKEN和TG_USER_ID，取消telegram推送消息通知🚫
Jun 09 12:11:41 
Jun 09 12:11:41 您未提供钉钉机器人推送所需的DD_BOT_TOKEN或者DD_BOT_SECRET，取消钉钉推送消息通知🚫
Jun 09 12:11:41 
Jun 09 12:11:41 您未提供企业微信机器人推送所需的QYWX_KEY，取消企业微信推送消息通知🚫
Jun 09 12:11:41 
Jun 09 12:11:41 您未提供企业微信应用消息推送所需的QYWX_AM，取消企业微信应用消息推送消息通知🚫
Jun 09 12:11:41 
Jun 09 12:11:41 您未提供iGot的推送IGOT_PUSH_KEY，取消iGot推送消息通知🚫
Jun 09 12:11:41 
Jun 09 12:11:41 
Jun 09 12:11:41 🔔监控crazyJoy分红, 结束! 🕛 2.21 秒
Jun 09 12:11:41 
Jun 10 12:10:46 
Jun 10 12:10:46 🔔监控crazyJoy分红, 开始!
Jun 10 12:10:47 
Jun 10 12:10:47 ====================共1个京东账号Cookie=========
Jun 10 12:10:47 
Jun 10 12:10:47 ==================脚本执行- 北京时间(UTC+8)：6/10/2021, 12:10:47 PM=====================
Jun 10 12:10:47 
Jun 10 12:10:48 
Jun 10 12:10:48 开始【京东账号1】liu1071607950
Jun 10 12:10:48 
Jun 10 12:10:48 
Jun 10 12:10:48 ==============📣系统通知📣==============
Jun 10 12:10:48 监控crazyJoy分红
Jun 10 12:10:48 【提示】cookie已失效
Jun 10 12:10:48 京东账号1 liu1071607950
Jun 10 12:10:48 请重新登录获取
Jun 10 12:10:48 https://bean.m.jd.com/bean/signIndex.action
Jun 10 12:10:48 
Jun 10 12:10:48 
Jun 10 12:10:48 您未提供server酱的SCKEY，取消微信推送消息通知🚫
Jun 10 12:10:48 
Jun 10 12:10:48 您未提供push+推送所需的PUSH_PLUS_TOKEN，取消push+推送消息通知🚫
Jun 10 12:10:48 
Jun 10 12:10:48 您未提供Bark的APP推送BARK_PUSH，取消Bark推送消息通知🚫
Jun 10 12:10:48 
Jun 10 12:10:48 您未提供telegram机器人推送所需的TG_BOT_TOKEN和TG_USER_ID，取消telegram推送消息通知🚫
Jun 10 12:10:48 
Jun 10 12:10:48 您未提供钉钉机器人推送所需的DD_BOT_TOKEN或者DD_BOT_SECRET，取消钉钉推送消息通知🚫
Jun 10 12:10:48 
Jun 10 12:10:48 您未提供企业微信机器人推送所需的QYWX_KEY，取消企业微信推送消息通知🚫
Jun 10 12:10:48 
Jun 10 12:10:48 您未提供企业微信应用消息推送所需的QYWX_AM，取消企业微信应用消息推送消息通知🚫
Jun 10 12:10:48 
Jun 10 12:10:48 您未提供iGot的推送IGOT_PUSH_KEY，取消iGot推送消息通知🚫
Jun 10 12:10:48 
Jun 10 12:10:48 
Jun 10 12:10:48 🔔监控crazyJoy分红, 结束! 🕛 1.931 秒
Jun 10 12:10:48 
