Jun 07 00:10:06 
Jun 07 00:10:06 🔔签到领现金, 开始!
Jun 07 00:10:06 
Jun 07 00:10:06 ====================共1个京东账号Cookie=========
Jun 07 00:10:06 
Jun 07 00:10:06 ==================脚本执行- 北京时间(UTC+8)：6/7/2021, 12:10:06 AM=====================
Jun 07 00:10:06 
Jun 07 00:10:09 
Jun 07 00:10:09 ******开始【京东账号1】liu1071607950*********
Jun 07 00:10:09 
Jun 07 00:10:09 
Jun 07 00:10:09 🔔签到领现金, 结束! 🕛 3.359 秒
Jun 07 00:10:09 
Jun 08 12:11:46 
Jun 08 12:11:46 🔔签到领现金, 开始!
Jun 08 12:11:46 
Jun 08 12:11:46 ====================共1个京东账号Cookie=========
Jun 08 12:11:46 
Jun 08 12:11:46 ==================脚本执行- 北京时间(UTC+8)：6/8/2021, 12:11:46 PM=====================
Jun 08 12:11:46 
Jun 08 12:11:48 
Jun 08 12:11:48 ******开始【京东账号1】liu1071607950*********
Jun 08 12:11:48 
Jun 08 12:11:48 
Jun 08 12:11:48 ==============📣系统通知📣==============
Jun 08 12:11:48 签到领现金
Jun 08 12:11:48 【提示】cookie已失效
Jun 08 12:11:48 京东账号1 liu1071607950
Jun 08 12:11:48 请重新登录获取
Jun 08 12:11:48 https://bean.m.jd.com/bean/signIndex.action
Jun 08 12:11:48 
Jun 08 12:11:48 
Jun 08 12:11:48 您未提供server酱的SCKEY，取消微信推送消息通知🚫
Jun 08 12:11:48 
Jun 08 12:11:48 您未提供push+推送所需的PUSH_PLUS_TOKEN，取消push+推送消息通知🚫
Jun 08 12:11:48 
Jun 08 12:11:48 您未提供Bark的APP推送BARK_PUSH，取消Bark推送消息通知🚫
Jun 08 12:11:48 
Jun 08 12:11:48 您未提供telegram机器人推送所需的TG_BOT_TOKEN和TG_USER_ID，取消telegram推送消息通知🚫
Jun 08 12:11:48 
Jun 08 12:11:48 您未提供钉钉机器人推送所需的DD_BOT_TOKEN或者DD_BOT_SECRET，取消钉钉推送消息通知🚫
Jun 08 12:11:48 
Jun 08 12:11:48 您未提供企业微信机器人推送所需的QYWX_KEY，取消企业微信推送消息通知🚫
Jun 08 12:11:48 
Jun 08 12:11:48 您未提供企业微信应用消息推送所需的QYWX_AM，取消企业微信应用消息推送消息通知🚫
Jun 08 12:11:48 
Jun 08 12:11:48 您未提供iGot的推送IGOT_PUSH_KEY，取消iGot推送消息通知🚫
Jun 08 12:11:48 
Jun 08 12:11:48 
Jun 08 12:11:48 🔔签到领现金, 结束! 🕛 1.781 秒
Jun 08 12:11:48 
Jun 08 16:11:43 
Jun 08 16:11:43 🔔签到领现金, 开始!
Jun 08 16:11:43 
Jun 08 16:11:43 ====================共1个京东账号Cookie=========
Jun 08 16:11:43 
Jun 08 16:11:43 ==================脚本执行- 北京时间(UTC+8)：6/8/2021, 4:11:43 PM=====================
Jun 08 16:11:43 
Jun 08 16:11:44 
Jun 08 16:11:44 ******开始【京东账号1】liu1071607950*********
Jun 08 16:11:44 
Jun 08 16:11:44 
Jun 08 16:11:44 ==============📣系统通知📣==============
Jun 08 16:11:44 签到领现金
Jun 08 16:11:44 【提示】cookie已失效
Jun 08 16:11:44 京东账号1 liu1071607950
Jun 08 16:11:44 请重新登录获取
Jun 08 16:11:44 https://bean.m.jd.com/bean/signIndex.action
Jun 08 16:11:44 
Jun 08 16:11:44 
Jun 08 16:11:44 您未提供server酱的SCKEY，取消微信推送消息通知🚫
Jun 08 16:11:44 
Jun 08 16:11:44 您未提供push+推送所需的PUSH_PLUS_TOKEN，取消push+推送消息通知🚫
Jun 08 16:11:44 
Jun 08 16:11:44 您未提供Bark的APP推送BARK_PUSH，取消Bark推送消息通知🚫
Jun 08 16:11:44 
Jun 08 16:11:44 您未提供telegram机器人推送所需的TG_BOT_TOKEN和TG_USER_ID，取消telegram推送消息通知🚫
Jun 08 16:11:44 
Jun 08 16:11:44 您未提供钉钉机器人推送所需的DD_BOT_TOKEN或者DD_BOT_SECRET，取消钉钉推送消息通知🚫
Jun 08 16:11:44 
Jun 08 16:11:44 您未提供企业微信机器人推送所需的QYWX_KEY，取消企业微信推送消息通知🚫
Jun 08 16:11:44 
Jun 08 16:11:44 您未提供企业微信应用消息推送所需的QYWX_AM，取消企业微信应用消息推送消息通知🚫
Jun 08 16:11:44 
Jun 08 16:11:44 您未提供iGot的推送IGOT_PUSH_KEY，取消iGot推送消息通知🚫
Jun 08 16:11:44 
Jun 08 16:11:44 
Jun 08 16:11:44 🔔签到领现金, 结束! 🕛 1.313 秒
Jun 08 16:11:44 
Jun 08 20:10:12 
Jun 08 20:10:12 🔔签到领现金, 开始!
Jun 08 20:10:12 
Jun 08 20:10:12 ====================共1个京东账号Cookie=========
Jun 08 20:10:12 
Jun 08 20:10:12 ==================脚本执行- 北京时间(UTC+8)：6/8/2021, 8:10:12 PM=====================
Jun 08 20:10:12 
Jun 08 20:10:14 "getaddrinfo ENOTFOUND wq.jd.com"
Jun 08 20:10:14 签到领现金 API请求失败，请检查网路重试
Jun 08 20:10:14 
Jun 08 20:10:14 ******开始【京东账号1】liu1071607950*********
Jun 08 20:10:14 
Jun 08 20:10:17 "getaddrinfo ENOTFOUND api.m.jd.com"
Jun 08 20:10:17 签到领现金 API请求失败，请检查网路重试
Jun 08 20:10:20 "getaddrinfo ENOTFOUND api.m.jd.com"
Jun 08 20:10:20 签到领现金 API请求失败，请检查网路重试
Jun 08 20:10:23 "getaddrinfo ENOTFOUND api.m.jd.com"
Jun 08 20:10:23 签到领现金 API请求失败，请检查网路重试
Jun 08 20:10:26 "getaddrinfo ENOTFOUND api.m.jd.com"
Jun 08 20:10:26 签到领现金 API请求失败，请检查网路重试
Jun 08 20:10:26 
Jun 08 20:10:26 🔔签到领现金, 结束! 🕛 14.222 秒
Jun 08 20:10:26 
Jun 09 12:11:06 
Jun 09 12:11:06 🔔签到领现金, 开始!
Jun 09 12:11:06 
Jun 09 12:11:06 ====================共1个京东账号Cookie=========
Jun 09 12:11:06 
Jun 09 12:11:06 ==================脚本执行- 北京时间(UTC+8)：6/9/2021, 12:11:06 PM=====================
Jun 09 12:11:06 
Jun 09 12:11:08 
Jun 09 12:11:08 ******开始【京东账号1】liu1071607950*********
Jun 09 12:11:08 
Jun 09 12:11:08 
Jun 09 12:11:08 ==============📣系统通知📣==============
Jun 09 12:11:08 签到领现金
Jun 09 12:11:08 【提示】cookie已失效
Jun 09 12:11:08 京东账号1 liu1071607950
Jun 09 12:11:08 请重新登录获取
Jun 09 12:11:08 https://bean.m.jd.com/bean/signIndex.action
Jun 09 12:11:08 
Jun 09 12:11:08 
Jun 09 12:11:08 您未提供server酱的SCKEY，取消微信推送消息通知🚫
Jun 09 12:11:08 
Jun 09 12:11:08 您未提供push+推送所需的PUSH_PLUS_TOKEN，取消push+推送消息通知🚫
Jun 09 12:11:08 
Jun 09 12:11:08 您未提供Bark的APP推送BARK_PUSH，取消Bark推送消息通知🚫
Jun 09 12:11:08 
Jun 09 12:11:08 您未提供telegram机器人推送所需的TG_BOT_TOKEN和TG_USER_ID，取消telegram推送消息通知🚫
Jun 09 12:11:08 
Jun 09 12:11:08 您未提供钉钉机器人推送所需的DD_BOT_TOKEN或者DD_BOT_SECRET，取消钉钉推送消息通知🚫
Jun 09 12:11:08 
Jun 09 12:11:08 您未提供企业微信机器人推送所需的QYWX_KEY，取消企业微信推送消息通知🚫
Jun 09 12:11:08 
Jun 09 12:11:08 您未提供企业微信应用消息推送所需的QYWX_AM，取消企业微信应用消息推送消息通知🚫
Jun 09 12:11:08 
Jun 09 12:11:08 您未提供iGot的推送IGOT_PUSH_KEY，取消iGot推送消息通知🚫
Jun 09 12:11:08 
Jun 09 12:11:08 
Jun 09 12:11:08 🔔签到领现金, 结束! 🕛 1.982 秒
Jun 09 12:11:08 
Jun 09 16:11:37 
Jun 09 16:11:37 🔔签到领现金, 开始!
Jun 09 16:11:37 
Jun 09 16:11:37 ====================共1个京东账号Cookie=========
Jun 09 16:11:37 
Jun 09 16:11:37 ==================脚本执行- 北京时间(UTC+8)：6/9/2021, 4:11:37 PM=====================
Jun 09 16:11:37 
Jun 09 16:11:40 
Jun 09 16:11:40 ******开始【京东账号1】liu1071607950*********
Jun 09 16:11:40 
Jun 09 16:11:40 
Jun 09 16:11:40 ==============📣系统通知📣==============
Jun 09 16:11:40 签到领现金
Jun 09 16:11:40 【提示】cookie已失效
Jun 09 16:11:40 京东账号1 liu1071607950
Jun 09 16:11:40 请重新登录获取
Jun 09 16:11:40 https://bean.m.jd.com/bean/signIndex.action
Jun 09 16:11:40 
Jun 09 16:11:40 
Jun 09 16:11:40 您未提供server酱的SCKEY，取消微信推送消息通知🚫
Jun 09 16:11:40 
Jun 09 16:11:40 您未提供push+推送所需的PUSH_PLUS_TOKEN，取消push+推送消息通知🚫
Jun 09 16:11:40 
Jun 09 16:11:40 您未提供Bark的APP推送BARK_PUSH，取消Bark推送消息通知🚫
Jun 09 16:11:40 
Jun 09 16:11:40 您未提供telegram机器人推送所需的TG_BOT_TOKEN和TG_USER_ID，取消telegram推送消息通知🚫
Jun 09 16:11:40 
Jun 09 16:11:40 您未提供钉钉机器人推送所需的DD_BOT_TOKEN或者DD_BOT_SECRET，取消钉钉推送消息通知🚫
Jun 09 16:11:40 
Jun 09 16:11:40 您未提供企业微信机器人推送所需的QYWX_KEY，取消企业微信推送消息通知🚫
Jun 09 16:11:40 
Jun 09 16:11:40 您未提供企业微信应用消息推送所需的QYWX_AM，取消企业微信应用消息推送消息通知🚫
Jun 09 16:11:40 
Jun 09 16:11:40 您未提供iGot的推送IGOT_PUSH_KEY，取消iGot推送消息通知🚫
Jun 09 16:11:40 
Jun 09 16:11:40 
Jun 09 16:11:40 🔔签到领现金, 结束! 🕛 2.806 秒
Jun 09 16:11:40 
Jun 09 20:11:09 
Jun 09 20:11:09 🔔签到领现金, 开始!
Jun 09 20:11:09 
Jun 09 20:11:09 ====================共1个京东账号Cookie=========
Jun 09 20:11:09 
Jun 09 20:11:09 ==================脚本执行- 北京时间(UTC+8)：6/9/2021, 8:11:09 PM=====================
Jun 09 20:11:09 
Jun 09 20:11:09 "getaddrinfo ENOTFOUND wq.jd.com"
Jun 09 20:11:09 签到领现金 API请求失败，请检查网路重试
Jun 09 20:11:09 
Jun 09 20:11:09 ******开始【京东账号1】liu1071607950*********
Jun 09 20:11:09 
Jun 09 20:11:13 "getaddrinfo ENOTFOUND api.m.jd.com"
Jun 09 20:11:13 签到领现金 API请求失败，请检查网路重试
Jun 09 20:11:16 "getaddrinfo ENOTFOUND api.m.jd.com"
Jun 09 20:11:16 签到领现金 API请求失败，请检查网路重试
Jun 09 20:11:19 "getaddrinfo ENOTFOUND api.m.jd.com"
Jun 09 20:11:19 签到领现金 API请求失败，请检查网路重试
Jun 09 20:11:22 "getaddrinfo ENOTFOUND api.m.jd.com"
Jun 09 20:11:22 签到领现金 API请求失败，请检查网路重试
Jun 09 20:11:22 
Jun 09 20:11:22 🔔签到领现金, 结束! 🕛 13.337 秒
Jun 09 20:11:22 
Jun 10 12:11:35 
Jun 10 12:11:35 🔔签到领现金, 开始!
Jun 10 12:11:35 
Jun 10 12:11:35 ====================共1个京东账号Cookie=========
Jun 10 12:11:35 
Jun 10 12:11:35 ==================脚本执行- 北京时间(UTC+8)：6/10/2021, 12:11:35 PM=====================
Jun 10 12:11:35 
Jun 10 12:11:36 
Jun 10 12:11:36 ******开始【京东账号1】liu1071607950*********
Jun 10 12:11:36 
Jun 10 12:11:37 
Jun 10 12:11:37 🔔签到领现金, 结束! 🕛 2.725 秒
Jun 10 12:11:37 
Jun 10 16:10:22 
Jun 10 16:10:22 🔔签到领现金, 开始!
Jun 10 16:10:22 
Jun 10 16:10:22 ====================共1个京东账号Cookie=========
Jun 10 16:10:22 
Jun 10 16:10:22 ==================脚本执行- 北京时间(UTC+8)：6/10/2021, 4:10:22 PM=====================
Jun 10 16:10:22 
Jun 10 16:10:23 
Jun 10 16:10:23 ******开始【京东账号1】liu1071607950*********
Jun 10 16:10:23 
Jun 10 16:10:23 
Jun 10 16:10:23 ==============📣系统通知📣==============
Jun 10 16:10:23 签到领现金
Jun 10 16:10:23 【提示】cookie已失效
Jun 10 16:10:23 京东账号1 liu1071607950
Jun 10 16:10:23 请重新登录获取
Jun 10 16:10:23 https://bean.m.jd.com/bean/signIndex.action
Jun 10 16:10:23 
Jun 10 16:10:23 
Jun 10 16:10:23 您未提供server酱的SCKEY，取消微信推送消息通知🚫
Jun 10 16:10:23 
Jun 10 16:10:23 您未提供push+推送所需的PUSH_PLUS_TOKEN，取消push+推送消息通知🚫
Jun 10 16:10:23 
Jun 10 16:10:23 您未提供Bark的APP推送BARK_PUSH，取消Bark推送消息通知🚫
Jun 10 16:10:23 
Jun 10 16:10:23 您未提供telegram机器人推送所需的TG_BOT_TOKEN和TG_USER_ID，取消telegram推送消息通知🚫
Jun 10 16:10:23 
Jun 10 16:10:23 您未提供钉钉机器人推送所需的DD_BOT_TOKEN或者DD_BOT_SECRET，取消钉钉推送消息通知🚫
Jun 10 16:10:23 
Jun 10 16:10:23 您未提供企业微信机器人推送所需的QYWX_KEY，取消企业微信推送消息通知🚫
Jun 10 16:10:23 
Jun 10 16:10:23 您未提供企业微信应用消息推送所需的QYWX_AM，取消企业微信应用消息推送消息通知🚫
Jun 10 16:10:23 
Jun 10 16:10:23 您未提供iGot的推送IGOT_PUSH_KEY，取消iGot推送消息通知🚫
Jun 10 16:10:23 
Jun 10 16:10:23 
Jun 10 16:10:23 🔔签到领现金, 结束! 🕛 1.397 秒
Jun 10 16:10:23 
Jun 10 20:11:44 
Jun 10 20:11:44 🔔签到领现金, 开始!
Jun 10 20:11:44 
Jun 10 20:11:44 ====================共1个京东账号Cookie=========
Jun 10 20:11:44 
Jun 10 20:11:44 ==================脚本执行- 北京时间(UTC+8)：6/10/2021, 8:11:44 PM=====================
Jun 10 20:11:44 
Jun 10 20:11:45 "getaddrinfo ENOTFOUND wq.jd.com"
Jun 10 20:11:45 签到领现金 API请求失败，请检查网路重试
Jun 10 20:11:45 
Jun 10 20:11:45 ******开始【京东账号1】liu1071607950*********
Jun 10 20:11:45 
Jun 10 20:11:48 "getaddrinfo ENOTFOUND api.m.jd.com"
Jun 10 20:11:48 签到领现金 API请求失败，请检查网路重试
Jun 10 20:11:52 "getaddrinfo ENOTFOUND api.m.jd.com"
Jun 10 20:11:52 签到领现金 API请求失败，请检查网路重试
Jun 10 20:11:55 "getaddrinfo ENOTFOUND api.m.jd.com"
Jun 10 20:11:55 签到领现金 API请求失败，请检查网路重试
Jun 10 20:11:58 "getaddrinfo ENOTFOUND api.m.jd.com"
Jun 10 20:11:58 签到领现金 API请求失败，请检查网路重试
Jun 10 20:11:58 
Jun 10 20:11:58 🔔签到领现金, 结束! 🕛 13.823 秒
Jun 10 20:11:58 
Jun 11 08:11:16 
Jun 11 08:11:16 🔔签到领现金, 开始!
Jun 11 08:11:16 
Jun 11 08:11:16 ====================共1个京东账号Cookie=========
Jun 11 08:11:16 
Jun 11 08:11:16 ==================脚本执行- 北京时间(UTC+8)：6/11/2021, 8:11:16 AM=====================
Jun 11 08:11:16 
Jun 11 08:11:18 
Jun 11 08:11:18 ******开始【京东账号1】liu1071607950*********
Jun 11 08:11:18 
Jun 11 08:11:18 
Jun 11 08:11:18 ==============📣系统通知📣==============
Jun 11 08:11:18 签到领现金
Jun 11 08:11:18 【提示】cookie已失效
Jun 11 08:11:18 京东账号1 liu1071607950
Jun 11 08:11:18 请重新登录获取
Jun 11 08:11:18 https://bean.m.jd.com/bean/signIndex.action
Jun 11 08:11:18 
Jun 11 08:11:18 
Jun 11 08:11:18 您未提供server酱的SCKEY，取消微信推送消息通知🚫
Jun 11 08:11:18 
Jun 11 08:11:18 您未提供push+推送所需的PUSH_PLUS_TOKEN，取消push+推送消息通知🚫
Jun 11 08:11:18 
Jun 11 08:11:18 您未提供Bark的APP推送BARK_PUSH，取消Bark推送消息通知🚫
Jun 11 08:11:18 
Jun 11 08:11:18 您未提供telegram机器人推送所需的TG_BOT_TOKEN和TG_USER_ID，取消telegram推送消息通知🚫
Jun 11 08:11:18 
Jun 11 08:11:18 您未提供钉钉机器人推送所需的DD_BOT_TOKEN或者DD_BOT_SECRET，取消钉钉推送消息通知🚫
Jun 11 08:11:18 
Jun 11 08:11:18 您未提供企业微信机器人推送所需的QYWX_KEY，取消企业微信推送消息通知🚫
Jun 11 08:11:18 
Jun 11 08:11:18 您未提供企业微信应用消息推送所需的QYWX_AM，取消企业微信应用消息推送消息通知🚫
Jun 11 08:11:18 
Jun 11 08:11:18 您未提供iGot的推送IGOT_PUSH_KEY，取消iGot推送消息通知🚫
Jun 11 08:11:18 
Jun 11 08:11:18 
Jun 11 08:11:18 🔔签到领现金, 结束! 🕛 2.305 秒
Jun 11 08:11:18 
