Jun 07 00:06:52 
Jun 07 00:06:52 🔔摇京豆, 开始!
Jun 07 00:06:52 
Jun 07 00:06:52 ====================共1个京东账号Cookie=========
Jun 07 00:06:52 
Jun 07 00:06:52 ==================脚本执行- 北京时间(UTC+8)：6/7/2021, 12:06:52 AM=====================
Jun 07 00:06:52 
Jun 07 00:06:56 
Jun 07 00:06:56 ********开始【京东账号1】liu1071607950*****
Jun 07 00:06:56 
Jun 07 00:06:56 
Jun 07 00:06:56 ==============📣系统通知📣==============
Jun 07 00:06:56 摇京豆
Jun 07 00:06:56 【提示】cookie已失效
Jun 07 00:06:56 京东账号1 liu1071607950
Jun 07 00:06:56 请重新登录获取
Jun 07 00:06:56 https://bean.m.jd.com/bean/signIndex.action
Jun 07 00:06:56 
Jun 07 00:06:56 
Jun 07 00:06:56 您未提供server酱的SCKEY，取消微信推送消息通知🚫
Jun 07 00:06:56 
Jun 07 00:06:56 您未提供push+推送所需的PUSH_PLUS_TOKEN，取消push+推送消息通知🚫
Jun 07 00:06:56 
Jun 07 00:06:56 您未提供Bark的APP推送BARK_PUSH，取消Bark推送消息通知🚫
Jun 07 00:06:56 
Jun 07 00:06:56 您未提供telegram机器人推送所需的TG_BOT_TOKEN和TG_USER_ID，取消telegram推送消息通知🚫
Jun 07 00:06:56 
Jun 07 00:06:56 您未提供钉钉机器人推送所需的DD_BOT_TOKEN或者DD_BOT_SECRET，取消钉钉推送消息通知🚫
Jun 07 00:06:56 
Jun 07 00:06:56 您未提供企业微信机器人推送所需的QYWX_KEY，取消企业微信推送消息通知🚫
Jun 07 00:06:56 
Jun 07 00:06:56 您未提供企业微信应用消息推送所需的QYWX_AM，取消企业微信应用消息推送消息通知🚫
Jun 07 00:06:56 
Jun 07 00:06:56 您未提供iGot的推送IGOT_PUSH_KEY，取消iGot推送消息通知🚫
Jun 07 00:06:56 
Jun 07 00:06:56 
Jun 07 00:06:56 🔔摇京豆, 结束! 🕛 4.512 秒
Jun 07 00:06:56 
Jun 08 23:06:55 
Jun 08 23:06:55 🔔摇京豆, 开始!
Jun 08 23:06:55 
Jun 08 23:06:55 ====================共1个京东账号Cookie=========
Jun 08 23:06:55 
Jun 08 23:06:55 ==================脚本执行- 北京时间(UTC+8)：6/8/2021, 11:06:55 PM=====================
Jun 08 23:06:55 
Jun 08 23:06:57 
Jun 08 23:06:57 ********开始【京东账号1】liu1071607950*****
Jun 08 23:06:57 
Jun 08 23:06:57 
Jun 08 23:06:57 ==============📣系统通知📣==============
Jun 08 23:06:57 摇京豆
Jun 08 23:06:57 【提示】cookie已失效
Jun 08 23:06:57 京东账号1 liu1071607950
Jun 08 23:06:57 请重新登录获取
Jun 08 23:06:57 https://bean.m.jd.com/bean/signIndex.action
Jun 08 23:06:57 
Jun 08 23:06:57 
Jun 08 23:06:57 您未提供server酱的SCKEY，取消微信推送消息通知🚫
Jun 08 23:06:57 
Jun 08 23:06:57 您未提供push+推送所需的PUSH_PLUS_TOKEN，取消push+推送消息通知🚫
Jun 08 23:06:57 
Jun 08 23:06:57 您未提供Bark的APP推送BARK_PUSH，取消Bark推送消息通知🚫
Jun 08 23:06:57 
Jun 08 23:06:57 您未提供telegram机器人推送所需的TG_BOT_TOKEN和TG_USER_ID，取消telegram推送消息通知🚫
Jun 08 23:06:57 
Jun 08 23:06:57 您未提供钉钉机器人推送所需的DD_BOT_TOKEN或者DD_BOT_SECRET，取消钉钉推送消息通知🚫
Jun 08 23:06:57 
Jun 08 23:06:57 您未提供企业微信机器人推送所需的QYWX_KEY，取消企业微信推送消息通知🚫
Jun 08 23:06:57 
Jun 08 23:06:57 您未提供企业微信应用消息推送所需的QYWX_AM，取消企业微信应用消息推送消息通知🚫
Jun 08 23:06:57 
Jun 08 23:06:57 您未提供iGot的推送IGOT_PUSH_KEY，取消iGot推送消息通知🚫
Jun 08 23:06:57 
Jun 08 23:06:57 
Jun 08 23:06:57 🔔摇京豆, 结束! 🕛 2.444 秒
Jun 08 23:06:57 
Jun 09 23:06:05 
Jun 09 23:06:05 🔔摇京豆, 开始!
Jun 09 23:06:05 
Jun 09 23:06:05 ====================共1个京东账号Cookie=========
Jun 09 23:06:05 
Jun 09 23:06:05 ==================脚本执行- 北京时间(UTC+8)：6/9/2021, 11:06:05 PM=====================
Jun 09 23:06:05 
Jun 09 23:06:08 
Jun 09 23:06:08 ********开始【京东账号1】liu1071607950*****
Jun 09 23:06:08 
Jun 09 23:06:08 
Jun 09 23:06:08 ==============📣系统通知📣==============
Jun 09 23:06:08 摇京豆
Jun 09 23:06:08 【提示】cookie已失效
Jun 09 23:06:08 京东账号1 liu1071607950
Jun 09 23:06:08 请重新登录获取
Jun 09 23:06:08 https://bean.m.jd.com/bean/signIndex.action
Jun 09 23:06:08 
Jun 09 23:06:08 
Jun 09 23:06:08 您未提供server酱的SCKEY，取消微信推送消息通知🚫
Jun 09 23:06:08 
Jun 09 23:06:08 您未提供push+推送所需的PUSH_PLUS_TOKEN，取消push+推送消息通知🚫
Jun 09 23:06:08 
Jun 09 23:06:08 您未提供Bark的APP推送BARK_PUSH，取消Bark推送消息通知🚫
Jun 09 23:06:08 
Jun 09 23:06:08 您未提供telegram机器人推送所需的TG_BOT_TOKEN和TG_USER_ID，取消telegram推送消息通知🚫
Jun 09 23:06:08 
Jun 09 23:06:08 您未提供钉钉机器人推送所需的DD_BOT_TOKEN或者DD_BOT_SECRET，取消钉钉推送消息通知🚫
Jun 09 23:06:08 
Jun 09 23:06:08 您未提供企业微信机器人推送所需的QYWX_KEY，取消企业微信推送消息通知🚫
Jun 09 23:06:08 
Jun 09 23:06:08 您未提供企业微信应用消息推送所需的QYWX_AM，取消企业微信应用消息推送消息通知🚫
Jun 09 23:06:08 
Jun 09 23:06:08 您未提供iGot的推送IGOT_PUSH_KEY，取消iGot推送消息通知🚫
Jun 09 23:06:08 
Jun 09 23:06:08 
Jun 09 23:06:08 🔔摇京豆, 结束! 🕛 2.873 秒
Jun 09 23:06:08 
Jun 10 23:06:18 
Jun 10 23:06:18 🔔摇京豆, 开始!
Jun 10 23:06:18 
Jun 10 23:06:18 ====================共1个京东账号Cookie=========
Jun 10 23:06:18 
Jun 10 23:06:18 ==================脚本执行- 北京时间(UTC+8)：6/10/2021, 11:06:18 PM=====================
Jun 10 23:06:18 
Jun 10 23:06:21 
Jun 10 23:06:21 ********开始【京东账号1】liu1071607950*****
Jun 10 23:06:21 
Jun 10 23:06:22 
Jun 10 23:06:22 ==============📣系统通知📣==============
Jun 10 23:06:22 摇京豆
Jun 10 23:06:22 【提示】cookie已失效
Jun 10 23:06:22 京东账号1 liu1071607950
Jun 10 23:06:22 请重新登录获取
Jun 10 23:06:22 https://bean.m.jd.com/bean/signIndex.action
Jun 10 23:06:22 
Jun 10 23:06:22 
Jun 10 23:06:22 您未提供server酱的SCKEY，取消微信推送消息通知🚫
Jun 10 23:06:22 
Jun 10 23:06:22 您未提供push+推送所需的PUSH_PLUS_TOKEN，取消push+推送消息通知🚫
Jun 10 23:06:22 
Jun 10 23:06:22 您未提供Bark的APP推送BARK_PUSH，取消Bark推送消息通知🚫
Jun 10 23:06:22 
Jun 10 23:06:22 您未提供telegram机器人推送所需的TG_BOT_TOKEN和TG_USER_ID，取消telegram推送消息通知🚫
Jun 10 23:06:22 
Jun 10 23:06:22 您未提供钉钉机器人推送所需的DD_BOT_TOKEN或者DD_BOT_SECRET，取消钉钉推送消息通知🚫
Jun 10 23:06:22 
Jun 10 23:06:22 您未提供企业微信机器人推送所需的QYWX_KEY，取消企业微信推送消息通知🚫
Jun 10 23:06:22 
Jun 10 23:06:22 您未提供企业微信应用消息推送所需的QYWX_AM，取消企业微信应用消息推送消息通知🚫
Jun 10 23:06:22 
Jun 10 23:06:22 您未提供iGot的推送IGOT_PUSH_KEY，取消iGot推送消息通知🚫
Jun 10 23:06:22 
Jun 10 23:06:22 
Jun 10 23:06:22 🔔摇京豆, 结束! 🕛 3.329 秒
Jun 10 23:06:22 
