Jun 08 23:30:52 
Jun 08 23:30:52 🔔crazyJoy任务, 开始!
Jun 08 23:30:52 
Jun 08 23:30:52 ====================共1个京东账号Cookie=========
Jun 08 23:30:52 
Jun 08 23:30:52 ==================脚本执行- 北京时间(UTC+8)：6/8/2021, 11:30:52 PM=====================
Jun 08 23:30:52 
Jun 08 23:30:52 开始获取crazyJoy任务配置文件
Jun 08 23:30:52 
Jun 08 23:30:52 共1个京东账号
Jun 08 23:30:52 
Jun 08 23:30:52 您提供了1个账号的crazyJoy任务助力码
Jun 08 23:30:52 
Jun 08 23:30:53 
Jun 08 23:30:53 开始【京东账号1】liu1071607950
Jun 08 23:30:53 
Jun 08 23:30:53 
Jun 08 23:30:53 ==============📣系统通知📣==============
Jun 08 23:30:53 crazyJoy任务
Jun 08 23:30:53 【提示】cookie已失效
Jun 08 23:30:53 京东账号1 liu1071607950
Jun 08 23:30:53 请重新登录获取
Jun 08 23:30:53 https://bean.m.jd.com/bean/signIndex.action
Jun 08 23:30:53 
Jun 08 23:30:53 
Jun 08 23:30:53 您未提供server酱的SCKEY，取消微信推送消息通知🚫
Jun 08 23:30:53 
Jun 08 23:30:53 您未提供push+推送所需的PUSH_PLUS_TOKEN，取消push+推送消息通知🚫
Jun 08 23:30:53 
Jun 08 23:30:53 您未提供Bark的APP推送BARK_PUSH，取消Bark推送消息通知🚫
Jun 08 23:30:53 
Jun 08 23:30:53 您未提供telegram机器人推送所需的TG_BOT_TOKEN和TG_USER_ID，取消telegram推送消息通知🚫
Jun 08 23:30:53 
Jun 08 23:30:53 您未提供钉钉机器人推送所需的DD_BOT_TOKEN或者DD_BOT_SECRET，取消钉钉推送消息通知🚫
Jun 08 23:30:53 
Jun 08 23:30:53 您未提供企业微信机器人推送所需的QYWX_KEY，取消企业微信推送消息通知🚫
Jun 08 23:30:53 
Jun 08 23:30:53 您未提供企业微信应用消息推送所需的QYWX_AM，取消企业微信应用消息推送消息通知🚫
Jun 08 23:30:53 
Jun 08 23:30:53 您未提供iGot的推送IGOT_PUSH_KEY，取消iGot推送消息通知🚫
Jun 08 23:30:53 
Jun 08 23:30:53 
Jun 08 23:30:53 🔔crazyJoy任务, 结束! 🕛 1.69 秒
Jun 08 23:30:53 
Jun 08 23:30:54 
Jun 08 23:30:54 🔔crazyJoy任务, 结束! 🕛 2.59 秒
Jun 08 23:30:54 
Jun 09 23:31:05 
Jun 09 23:31:05 🔔crazyJoy任务, 开始!
Jun 09 23:31:05 
Jun 09 23:31:05 ====================共1个京东账号Cookie=========
Jun 09 23:31:05 
Jun 09 23:31:05 ==================脚本执行- 北京时间(UTC+8)：6/9/2021, 11:31:05 PM=====================
Jun 09 23:31:05 
Jun 09 23:31:05 开始获取crazyJoy任务配置文件
Jun 09 23:31:05 
Jun 09 23:31:05 共1个京东账号
Jun 09 23:31:05 
Jun 09 23:31:05 您提供了0个账号的crazyJoy任务助力码
Jun 09 23:31:05 
Jun 09 23:31:09 
Jun 09 23:31:09 开始【京东账号1】liu1071607950
Jun 09 23:31:09 
Jun 09 23:31:09 
Jun 09 23:31:09 ==============📣系统通知📣==============
Jun 09 23:31:09 crazyJoy任务
Jun 09 23:31:09 【提示】cookie已失效
Jun 09 23:31:09 京东账号1 liu1071607950
Jun 09 23:31:09 请重新登录获取
Jun 09 23:31:09 https://bean.m.jd.com/bean/signIndex.action
Jun 09 23:31:09 
Jun 09 23:31:09 
Jun 09 23:31:09 您未提供server酱的SCKEY，取消微信推送消息通知🚫
Jun 09 23:31:09 
Jun 09 23:31:10 您未提供push+推送所需的PUSH_PLUS_TOKEN，取消push+推送消息通知🚫
Jun 09 23:31:10 
Jun 09 23:31:10 您未提供Bark的APP推送BARK_PUSH，取消Bark推送消息通知🚫
Jun 09 23:31:10 
Jun 09 23:31:10 您未提供telegram机器人推送所需的TG_BOT_TOKEN和TG_USER_ID，取消telegram推送消息通知🚫
Jun 09 23:31:10 
Jun 09 23:31:10 您未提供钉钉机器人推送所需的DD_BOT_TOKEN或者DD_BOT_SECRET，取消钉钉推送消息通知🚫
Jun 09 23:31:10 
Jun 09 23:31:10 您未提供企业微信机器人推送所需的QYWX_KEY，取消企业微信推送消息通知🚫
Jun 09 23:31:10 
Jun 09 23:31:10 您未提供企业微信应用消息推送所需的QYWX_AM，取消企业微信应用消息推送消息通知🚫
Jun 09 23:31:10 
Jun 09 23:31:10 您未提供iGot的推送IGOT_PUSH_KEY，取消iGot推送消息通知🚫
Jun 09 23:31:10 
Jun 09 23:31:12 
Jun 09 23:31:12 🔔crazyJoy任务, 结束! 🕛 7.093 秒
Jun 09 23:31:12 
Jun 09 23:31:13 
Jun 09 23:31:13 🔔crazyJoy任务, 结束! 🕛 8.501 秒
Jun 09 23:31:13 
Jun 10 23:31:05 
Jun 10 23:31:05 🔔crazyJoy任务, 开始!
Jun 10 23:31:05 
Jun 10 23:31:05 ====================共1个京东账号Cookie=========
Jun 10 23:31:05 
Jun 10 23:31:05 ==================脚本执行- 北京时间(UTC+8)：6/10/2021, 11:31:05 PM=====================
Jun 10 23:31:05 
Jun 10 23:31:05 开始获取crazyJoy任务配置文件
Jun 10 23:31:05 
Jun 10 23:31:05 共1个京东账号
Jun 10 23:31:05 
Jun 10 23:31:05 您提供了0个账号的crazyJoy任务助力码
Jun 10 23:31:05 
Jun 10 23:31:06 
Jun 10 23:31:06 开始【京东账号1】liu1071607950
Jun 10 23:31:06 
Jun 10 23:31:06 
Jun 10 23:31:06 ==============📣系统通知📣==============
Jun 10 23:31:06 crazyJoy任务
Jun 10 23:31:06 【提示】cookie已失效
Jun 10 23:31:06 京东账号1 liu1071607950
Jun 10 23:31:06 请重新登录获取
Jun 10 23:31:06 https://bean.m.jd.com/bean/signIndex.action
Jun 10 23:31:06 
Jun 10 23:31:06 
Jun 10 23:31:06 您未提供server酱的SCKEY，取消微信推送消息通知🚫
Jun 10 23:31:06 
Jun 10 23:31:06 您未提供push+推送所需的PUSH_PLUS_TOKEN，取消push+推送消息通知🚫
Jun 10 23:31:06 
Jun 10 23:31:06 您未提供Bark的APP推送BARK_PUSH，取消Bark推送消息通知🚫
Jun 10 23:31:06 
Jun 10 23:31:06 您未提供telegram机器人推送所需的TG_BOT_TOKEN和TG_USER_ID，取消telegram推送消息通知🚫
Jun 10 23:31:06 
Jun 10 23:31:06 您未提供钉钉机器人推送所需的DD_BOT_TOKEN或者DD_BOT_SECRET，取消钉钉推送消息通知🚫
Jun 10 23:31:06 
Jun 10 23:31:06 您未提供企业微信机器人推送所需的QYWX_KEY，取消企业微信推送消息通知🚫
Jun 10 23:31:06 
Jun 10 23:31:06 您未提供企业微信应用消息推送所需的QYWX_AM，取消企业微信应用消息推送消息通知🚫
Jun 10 23:31:06 
Jun 10 23:31:06 您未提供iGot的推送IGOT_PUSH_KEY，取消iGot推送消息通知🚫
Jun 10 23:31:06 
Jun 10 23:31:07 
Jun 10 23:31:07 🔔crazyJoy任务, 结束! 🕛 2.885 秒
Jun 10 23:31:07 
Jun 10 23:31:09 
Jun 10 23:31:09 🔔crazyJoy任务, 结束! 🕛 4.577 秒
Jun 10 23:31:09 
