Jun 08 22:14:41 
Jun 08 22:14:41 🔔每日抽奖, 开始!
Jun 08 22:14:41 
Jun 08 22:14:41 ====================共1个京东账号Cookie=========
Jun 08 22:14:41 
Jun 08 22:14:41 ==================脚本执行- 北京时间(UTC+8)：6/8/2021, 10:14:41 PM=====================
Jun 08 22:14:41 
Jun 08 22:14:42 
Jun 08 22:14:42 *****开始【京东账号1】liu1071607950*****
Jun 08 22:14:42 
Jun 08 22:14:42 
Jun 08 22:14:42 ==============📣系统通知📣==============
Jun 08 22:14:42 每日抽奖
Jun 08 22:14:42 【提示】cookie已失效
Jun 08 22:14:42 京东账号1 liu1071607950
Jun 08 22:14:42 请重新登录获取
Jun 08 22:14:42 https://bean.m.jd.com/bean/signIndex.action
Jun 08 22:14:42 
Jun 08 22:14:42 
Jun 08 22:14:43 您未提供server酱的SCKEY，取消微信推送消息通知🚫
Jun 08 22:14:43 
Jun 08 22:14:43 您未提供push+推送所需的PUSH_PLUS_TOKEN，取消push+推送消息通知🚫
Jun 08 22:14:43 
Jun 08 22:14:43 您未提供Bark的APP推送BARK_PUSH，取消Bark推送消息通知🚫
Jun 08 22:14:43 
Jun 08 22:14:43 您未提供telegram机器人推送所需的TG_BOT_TOKEN和TG_USER_ID，取消telegram推送消息通知🚫
Jun 08 22:14:43 
Jun 08 22:14:43 您未提供钉钉机器人推送所需的DD_BOT_TOKEN或者DD_BOT_SECRET，取消钉钉推送消息通知🚫
Jun 08 22:14:43 
Jun 08 22:14:43 您未提供企业微信机器人推送所需的QYWX_KEY，取消企业微信推送消息通知🚫
Jun 08 22:14:43 
Jun 08 22:14:43 您未提供企业微信应用消息推送所需的QYWX_AM，取消企业微信应用消息推送消息通知🚫
Jun 08 22:14:43 
Jun 08 22:14:43 您未提供iGot的推送IGOT_PUSH_KEY，取消iGot推送消息通知🚫
Jun 08 22:14:43 
Jun 08 22:14:43 
Jun 08 22:14:43 🔔每日抽奖, 结束! 🕛 1.838 秒
Jun 08 22:14:43 
Jun 08 23:15:00 
Jun 08 23:15:00 🔔每日抽奖, 开始!
Jun 08 23:15:00 
Jun 08 23:15:00 ====================共1个京东账号Cookie=========
Jun 08 23:15:00 
Jun 08 23:15:00 ==================脚本执行- 北京时间(UTC+8)：6/8/2021, 11:15:00 PM=====================
Jun 08 23:15:00 
Jun 08 23:15:01 
Jun 08 23:15:01 *****开始【京东账号1】liu1071607950*****
Jun 08 23:15:01 
Jun 08 23:15:01 
Jun 08 23:15:01 ==============📣系统通知📣==============
Jun 08 23:15:01 每日抽奖
Jun 08 23:15:01 【提示】cookie已失效
Jun 08 23:15:02 京东账号1 liu1071607950
Jun 08 23:15:02 请重新登录获取
Jun 08 23:15:02 https://bean.m.jd.com/bean/signIndex.action
Jun 08 23:15:02 
Jun 08 23:15:02 
Jun 08 23:15:02 您未提供server酱的SCKEY，取消微信推送消息通知🚫
Jun 08 23:15:02 
Jun 08 23:15:02 您未提供push+推送所需的PUSH_PLUS_TOKEN，取消push+推送消息通知🚫
Jun 08 23:15:02 
Jun 08 23:15:02 您未提供Bark的APP推送BARK_PUSH，取消Bark推送消息通知🚫
Jun 08 23:15:02 
Jun 08 23:15:02 您未提供telegram机器人推送所需的TG_BOT_TOKEN和TG_USER_ID，取消telegram推送消息通知🚫
Jun 08 23:15:02 
Jun 08 23:15:02 您未提供钉钉机器人推送所需的DD_BOT_TOKEN或者DD_BOT_SECRET，取消钉钉推送消息通知🚫
Jun 08 23:15:02 
Jun 08 23:15:02 您未提供企业微信机器人推送所需的QYWX_KEY，取消企业微信推送消息通知🚫
Jun 08 23:15:02 
Jun 08 23:15:02 您未提供企业微信应用消息推送所需的QYWX_AM，取消企业微信应用消息推送消息通知🚫
Jun 08 23:15:02 
Jun 08 23:15:02 您未提供iGot的推送IGOT_PUSH_KEY，取消iGot推送消息通知🚫
Jun 08 23:15:02 
Jun 08 23:15:02 
Jun 08 23:15:02 🔔每日抽奖, 结束! 🕛 1.529 秒
Jun 08 23:15:02 
Jun 09 22:14:05 
Jun 09 22:14:05 🔔每日抽奖, 开始!
Jun 09 22:14:05 
Jun 09 22:14:05 ====================共1个京东账号Cookie=========
Jun 09 22:14:05 
Jun 09 22:14:05 ==================脚本执行- 北京时间(UTC+8)：6/9/2021, 10:14:05 PM=====================
Jun 09 22:14:05 
Jun 09 22:14:06 
Jun 09 22:14:06 *****开始【京东账号1】liu1071607950*****
Jun 09 22:14:06 
Jun 09 22:14:06 
Jun 09 22:14:06 ==============📣系统通知📣==============
Jun 09 22:14:06 每日抽奖
Jun 09 22:14:06 【提示】cookie已失效
Jun 09 22:14:06 京东账号1 liu1071607950
Jun 09 22:14:06 请重新登录获取
Jun 09 22:14:06 https://bean.m.jd.com/bean/signIndex.action
Jun 09 22:14:06 
Jun 09 22:14:06 
Jun 09 22:14:06 您未提供server酱的SCKEY，取消微信推送消息通知🚫
Jun 09 22:14:06 
Jun 09 22:14:06 您未提供push+推送所需的PUSH_PLUS_TOKEN，取消push+推送消息通知🚫
Jun 09 22:14:06 
Jun 09 22:14:06 您未提供Bark的APP推送BARK_PUSH，取消Bark推送消息通知🚫
Jun 09 22:14:06 
Jun 09 22:14:06 您未提供telegram机器人推送所需的TG_BOT_TOKEN和TG_USER_ID，取消telegram推送消息通知🚫
Jun 09 22:14:06 
Jun 09 22:14:06 您未提供钉钉机器人推送所需的DD_BOT_TOKEN或者DD_BOT_SECRET，取消钉钉推送消息通知🚫
Jun 09 22:14:06 
Jun 09 22:14:06 您未提供企业微信机器人推送所需的QYWX_KEY，取消企业微信推送消息通知🚫
Jun 09 22:14:06 
Jun 09 22:14:06 您未提供企业微信应用消息推送所需的QYWX_AM，取消企业微信应用消息推送消息通知🚫
Jun 09 22:14:06 
Jun 09 22:14:06 您未提供iGot的推送IGOT_PUSH_KEY，取消iGot推送消息通知🚫
Jun 09 22:14:06 
Jun 09 22:14:06 
Jun 09 22:14:06 🔔每日抽奖, 结束! 🕛 1.371 秒
Jun 09 22:14:06 
Jun 09 23:14:36 
Jun 09 23:14:36 🔔每日抽奖, 开始!
Jun 09 23:14:36 
Jun 09 23:14:36 ====================共1个京东账号Cookie=========
Jun 09 23:14:36 
Jun 09 23:14:36 ==================脚本执行- 北京时间(UTC+8)：6/9/2021, 11:14:36 PM=====================
Jun 09 23:14:36 
Jun 09 23:14:38 
Jun 09 23:14:38 *****开始【京东账号1】liu1071607950*****
Jun 09 23:14:38 
Jun 09 23:14:38 
Jun 09 23:14:38 ==============📣系统通知📣==============
Jun 09 23:14:38 每日抽奖
Jun 09 23:14:38 【提示】cookie已失效
Jun 09 23:14:38 京东账号1 liu1071607950
Jun 09 23:14:38 请重新登录获取
Jun 09 23:14:38 https://bean.m.jd.com/bean/signIndex.action
Jun 09 23:14:38 
Jun 09 23:14:38 
Jun 09 23:14:38 您未提供server酱的SCKEY，取消微信推送消息通知🚫
Jun 09 23:14:38 
Jun 09 23:14:38 您未提供push+推送所需的PUSH_PLUS_TOKEN，取消push+推送消息通知🚫
Jun 09 23:14:38 
Jun 09 23:14:38 您未提供Bark的APP推送BARK_PUSH，取消Bark推送消息通知🚫
Jun 09 23:14:38 
Jun 09 23:14:38 您未提供telegram机器人推送所需的TG_BOT_TOKEN和TG_USER_ID，取消telegram推送消息通知🚫
Jun 09 23:14:38 
Jun 09 23:14:38 您未提供钉钉机器人推送所需的DD_BOT_TOKEN或者DD_BOT_SECRET，取消钉钉推送消息通知🚫
Jun 09 23:14:38 
Jun 09 23:14:38 您未提供企业微信机器人推送所需的QYWX_KEY，取消企业微信推送消息通知🚫
Jun 09 23:14:38 
Jun 09 23:14:38 您未提供企业微信应用消息推送所需的QYWX_AM，取消企业微信应用消息推送消息通知🚫
Jun 09 23:14:38 
Jun 09 23:14:38 您未提供iGot的推送IGOT_PUSH_KEY，取消iGot推送消息通知🚫
Jun 09 23:14:38 
Jun 09 23:14:38 
Jun 09 23:14:38 🔔每日抽奖, 结束! 🕛 1.932 秒
Jun 09 23:14:38 
Jun 10 22:13:11 
Jun 10 22:13:11 🔔每日抽奖, 开始!
Jun 10 22:13:11 
Jun 10 22:13:11 ====================共1个京东账号Cookie=========
Jun 10 22:13:11 
Jun 10 22:13:11 ==================脚本执行- 北京时间(UTC+8)：6/10/2021, 10:13:11 PM=====================
Jun 10 22:13:11 
Jun 10 22:13:12 
Jun 10 22:13:12 *****开始【京东账号1】liu1071607950*****
Jun 10 22:13:12 
Jun 10 22:13:12 
Jun 10 22:13:12 ==============📣系统通知📣==============
Jun 10 22:13:12 每日抽奖
Jun 10 22:13:12 【提示】cookie已失效
Jun 10 22:13:12 京东账号1 liu1071607950
Jun 10 22:13:12 请重新登录获取
Jun 10 22:13:12 https://bean.m.jd.com/bean/signIndex.action
Jun 10 22:13:12 
Jun 10 22:13:12 
Jun 10 22:13:12 您未提供server酱的SCKEY，取消微信推送消息通知🚫
Jun 10 22:13:12 
Jun 10 22:13:12 您未提供push+推送所需的PUSH_PLUS_TOKEN，取消push+推送消息通知🚫
Jun 10 22:13:12 
Jun 10 22:13:12 您未提供Bark的APP推送BARK_PUSH，取消Bark推送消息通知🚫
Jun 10 22:13:12 
Jun 10 22:13:12 您未提供telegram机器人推送所需的TG_BOT_TOKEN和TG_USER_ID，取消telegram推送消息通知🚫
Jun 10 22:13:12 
Jun 10 22:13:12 您未提供钉钉机器人推送所需的DD_BOT_TOKEN或者DD_BOT_SECRET，取消钉钉推送消息通知🚫
Jun 10 22:13:12 
Jun 10 22:13:12 您未提供企业微信机器人推送所需的QYWX_KEY，取消企业微信推送消息通知🚫
Jun 10 22:13:12 
Jun 10 22:13:12 您未提供企业微信应用消息推送所需的QYWX_AM，取消企业微信应用消息推送消息通知🚫
Jun 10 22:13:12 
Jun 10 22:13:12 您未提供iGot的推送IGOT_PUSH_KEY，取消iGot推送消息通知🚫
Jun 10 22:13:12 
Jun 10 22:13:12 
Jun 10 22:13:12 🔔每日抽奖, 结束! 🕛 1.431 秒
Jun 10 22:13:12 
Jun 10 23:13:45 
Jun 10 23:13:45 🔔每日抽奖, 开始!
Jun 10 23:13:45 
Jun 10 23:13:45 ====================共1个京东账号Cookie=========
Jun 10 23:13:45 
Jun 10 23:13:45 ==================脚本执行- 北京时间(UTC+8)：6/10/2021, 11:13:45 PM=====================
Jun 10 23:13:45 
Jun 10 23:13:46 
Jun 10 23:13:46 *****开始【京东账号1】liu1071607950*****
Jun 10 23:13:46 
Jun 10 23:13:46 
Jun 10 23:13:46 ==============📣系统通知📣==============
Jun 10 23:13:46 每日抽奖
Jun 10 23:13:46 【提示】cookie已失效
Jun 10 23:13:46 京东账号1 liu1071607950
Jun 10 23:13:46 请重新登录获取
Jun 10 23:13:46 https://bean.m.jd.com/bean/signIndex.action
Jun 10 23:13:46 
Jun 10 23:13:46 
Jun 10 23:13:46 您未提供server酱的SCKEY，取消微信推送消息通知🚫
Jun 10 23:13:46 
Jun 10 23:13:46 您未提供push+推送所需的PUSH_PLUS_TOKEN，取消push+推送消息通知🚫
Jun 10 23:13:46 
Jun 10 23:13:46 您未提供Bark的APP推送BARK_PUSH，取消Bark推送消息通知🚫
Jun 10 23:13:46 
Jun 10 23:13:46 您未提供telegram机器人推送所需的TG_BOT_TOKEN和TG_USER_ID，取消telegram推送消息通知🚫
Jun 10 23:13:46 
Jun 10 23:13:46 您未提供钉钉机器人推送所需的DD_BOT_TOKEN或者DD_BOT_SECRET，取消钉钉推送消息通知🚫
Jun 10 23:13:46 
Jun 10 23:13:46 您未提供企业微信机器人推送所需的QYWX_KEY，取消企业微信推送消息通知🚫
Jun 10 23:13:46 
Jun 10 23:13:46 您未提供企业微信应用消息推送所需的QYWX_AM，取消企业微信应用消息推送消息通知🚫
Jun 10 23:13:46 
Jun 10 23:13:46 您未提供iGot的推送IGOT_PUSH_KEY，取消iGot推送消息通知🚫
Jun 10 23:13:46 
Jun 10 23:13:46 
Jun 10 23:13:46 🔔每日抽奖, 结束! 🕛 1.765 秒
Jun 10 23:13:46 
