Jun 08 10:28:57 
Jun 08 10:28:57 🔔天天提鹅, 开始!
Jun 08 10:28:57 
Jun 08 10:28:57 ====================共1个京东账号Cookie=========
Jun 08 10:28:58 
Jun 08 10:28:58 ==================脚本执行- 北京时间(UTC+8)：6/8/2021, 10:28:57 AM=====================
Jun 08 10:28:58 
Jun 08 10:28:59 
Jun 08 10:28:59 ***********开始【京东账号1】liu1071607950********
Jun 08 10:28:59 
Jun 08 10:29:00 
Jun 08 10:29:00 🔔天天提鹅, 结束! 🕛 3.03 秒
Jun 08 10:29:00 
Jun 08 11:29:59 
Jun 08 11:29:59 🔔天天提鹅, 开始!
Jun 08 11:29:59 
Jun 08 11:29:59 ====================共1个京东账号Cookie=========
Jun 08 11:29:59 
Jun 08 11:29:59 ==================脚本执行- 北京时间(UTC+8)：6/8/2021, 11:29:59 AM=====================
Jun 08 11:29:59 
Jun 08 11:30:00 
Jun 08 11:30:00 ***********开始【京东账号1】liu1071607950********
Jun 08 11:30:00 
Jun 08 11:30:00 
Jun 08 11:30:00 ==============📣系统通知📣==============
Jun 08 11:30:00 天天提鹅
Jun 08 11:30:00 【提示】cookie已失效
Jun 08 11:30:00 京东账号1 liu1071607950
Jun 08 11:30:00 请重新登录获取
Jun 08 11:30:00 https://bean.m.jd.com/bean/signIndex.action
Jun 08 11:30:00 
Jun 08 11:30:00 
Jun 08 11:30:00 您未提供server酱的SCKEY，取消微信推送消息通知🚫
Jun 08 11:30:00 
Jun 08 11:30:00 您未提供push+推送所需的PUSH_PLUS_TOKEN，取消push+推送消息通知🚫
Jun 08 11:30:00 
Jun 08 11:30:00 您未提供Bark的APP推送BARK_PUSH，取消Bark推送消息通知🚫
Jun 08 11:30:00 
Jun 08 11:30:00 您未提供telegram机器人推送所需的TG_BOT_TOKEN和TG_USER_ID，取消telegram推送消息通知🚫
Jun 08 11:30:00 
Jun 08 11:30:00 您未提供钉钉机器人推送所需的DD_BOT_TOKEN或者DD_BOT_SECRET，取消钉钉推送消息通知🚫
Jun 08 11:30:00 
Jun 08 11:30:00 您未提供企业微信机器人推送所需的QYWX_KEY，取消企业微信推送消息通知🚫
Jun 08 11:30:00 
Jun 08 11:30:00 您未提供企业微信应用消息推送所需的QYWX_AM，取消企业微信应用消息推送消息通知🚫
Jun 08 11:30:00 
Jun 08 11:30:00 您未提供iGot的推送IGOT_PUSH_KEY，取消iGot推送消息通知🚫
Jun 08 11:30:00 
Jun 08 11:30:00 
Jun 08 11:30:00 🔔天天提鹅, 结束! 🕛 1.233 秒
Jun 08 11:30:00 
Jun 08 12:30:02 
Jun 08 12:30:02 🔔天天提鹅, 开始!
Jun 08 12:30:02 
Jun 08 12:30:02 ====================共1个京东账号Cookie=========
Jun 08 12:30:02 
Jun 08 12:30:02 ==================脚本执行- 北京时间(UTC+8)：6/8/2021, 12:30:02 PM=====================
Jun 08 12:30:02 
Jun 08 12:30:04 
Jun 08 12:30:04 ***********开始【京东账号1】liu1071607950********
Jun 08 12:30:04 
Jun 08 12:30:04 
Jun 08 12:30:04 ==============📣系统通知📣==============
Jun 08 12:30:04 天天提鹅
Jun 08 12:30:04 【提示】cookie已失效
Jun 08 12:30:04 京东账号1 liu1071607950
Jun 08 12:30:04 请重新登录获取
Jun 08 12:30:04 https://bean.m.jd.com/bean/signIndex.action
Jun 08 12:30:04 
Jun 08 12:30:04 
Jun 08 12:30:04 您未提供server酱的SCKEY，取消微信推送消息通知🚫
Jun 08 12:30:04 
Jun 08 12:30:04 您未提供push+推送所需的PUSH_PLUS_TOKEN，取消push+推送消息通知🚫
Jun 08 12:30:04 
Jun 08 12:30:04 您未提供Bark的APP推送BARK_PUSH，取消Bark推送消息通知🚫
Jun 08 12:30:04 
Jun 08 12:30:04 您未提供telegram机器人推送所需的TG_BOT_TOKEN和TG_USER_ID，取消telegram推送消息通知🚫
Jun 08 12:30:04 
Jun 08 12:30:04 您未提供钉钉机器人推送所需的DD_BOT_TOKEN或者DD_BOT_SECRET，取消钉钉推送消息通知🚫
Jun 08 12:30:04 
Jun 08 12:30:04 您未提供企业微信机器人推送所需的QYWX_KEY，取消企业微信推送消息通知🚫
Jun 08 12:30:04 
Jun 08 12:30:04 您未提供企业微信应用消息推送所需的QYWX_AM，取消企业微信应用消息推送消息通知🚫
Jun 08 12:30:04 
Jun 08 12:30:04 您未提供iGot的推送IGOT_PUSH_KEY，取消iGot推送消息通知🚫
Jun 08 12:30:04 
Jun 08 12:30:04 
Jun 08 12:30:04 🔔天天提鹅, 结束! 🕛 2.307 秒
Jun 08 12:30:04 
Jun 08 13:29:56 
Jun 08 13:29:56 🔔天天提鹅, 开始!
Jun 08 13:29:56 
Jun 08 13:29:56 ====================共1个京东账号Cookie=========
Jun 08 13:29:56 
Jun 08 13:29:56 ==================脚本执行- 北京时间(UTC+8)：6/8/2021, 1:29:56 PM=====================
Jun 08 13:29:56 
Jun 08 13:29:57 
Jun 08 13:29:57 ***********开始【京东账号1】liu1071607950********
Jun 08 13:29:57 
Jun 08 13:29:58 
Jun 08 13:29:58 🔔天天提鹅, 结束! 🕛 2.903 秒
Jun 08 13:29:58 
Jun 08 14:28:53 
Jun 08 14:28:53 🔔天天提鹅, 开始!
Jun 08 14:28:53 
Jun 08 14:28:53 ====================共1个京东账号Cookie=========
Jun 08 14:28:53 
Jun 08 14:28:53 ==================脚本执行- 北京时间(UTC+8)：6/8/2021, 2:28:53 PM=====================
Jun 08 14:28:53 
Jun 08 14:28:54 
Jun 08 14:28:54 ***********开始【京东账号1】liu1071607950********
Jun 08 14:28:54 
Jun 08 14:28:54 
Jun 08 14:28:54 ==============📣系统通知📣==============
Jun 08 14:28:54 天天提鹅
Jun 08 14:28:54 【提示】cookie已失效
Jun 08 14:28:54 京东账号1 liu1071607950
Jun 08 14:28:54 请重新登录获取
Jun 08 14:28:54 https://bean.m.jd.com/bean/signIndex.action
Jun 08 14:28:54 
Jun 08 14:28:54 
Jun 08 14:28:54 您未提供server酱的SCKEY，取消微信推送消息通知🚫
Jun 08 14:28:54 
Jun 08 14:28:54 您未提供push+推送所需的PUSH_PLUS_TOKEN，取消push+推送消息通知🚫
Jun 08 14:28:54 
Jun 08 14:28:54 您未提供Bark的APP推送BARK_PUSH，取消Bark推送消息通知🚫
Jun 08 14:28:54 
Jun 08 14:28:54 您未提供telegram机器人推送所需的TG_BOT_TOKEN和TG_USER_ID，取消telegram推送消息通知🚫
Jun 08 14:28:54 
Jun 08 14:28:54 您未提供钉钉机器人推送所需的DD_BOT_TOKEN或者DD_BOT_SECRET，取消钉钉推送消息通知🚫
Jun 08 14:28:54 
Jun 08 14:28:54 您未提供企业微信机器人推送所需的QYWX_KEY，取消企业微信推送消息通知🚫
Jun 08 14:28:54 
Jun 08 14:28:54 您未提供企业微信应用消息推送所需的QYWX_AM，取消企业微信应用消息推送消息通知🚫
Jun 08 14:28:54 
Jun 08 14:28:54 您未提供iGot的推送IGOT_PUSH_KEY，取消iGot推送消息通知🚫
Jun 08 14:28:54 
Jun 08 14:28:54 
Jun 08 14:28:54 🔔天天提鹅, 结束! 🕛 1.657 秒
Jun 08 14:28:54 
Jun 08 15:29:07 
Jun 08 15:29:07 🔔天天提鹅, 开始!
Jun 08 15:29:07 
Jun 08 15:29:07 ====================共1个京东账号Cookie=========
Jun 08 15:29:07 
Jun 08 15:29:07 ==================脚本执行- 北京时间(UTC+8)：6/8/2021, 3:29:07 PM=====================
Jun 08 15:29:07 
Jun 08 15:29:08 "getaddrinfo ENOTFOUND wq.jd.com"
Jun 08 15:29:08 天天提鹅 API请求失败，请检查网路重试
Jun 08 15:29:08 
Jun 08 15:29:08 ***********开始【京东账号1】liu1071607950********
Jun 08 15:29:08 
Jun 08 15:29:08 "getaddrinfo ENOTFOUND ms.jr.jd.com"
Jun 08 15:29:08 天天提鹅 API请求失败，请检查网路重试
Jun 08 15:29:08 "getaddrinfo ENOTFOUND ms.jr.jd.com"
Jun 08 15:29:08 天天提鹅 API请求失败，请检查网路重试
Jun 08 15:29:08 "getaddrinfo ENOTFOUND ms.jr.jd.com"
Jun 08 15:29:08 天天提鹅 API请求失败，请检查网路重试
Jun 08 15:29:08 
Jun 08 15:29:08 🔔天天提鹅, 结束! 🕛 1.304 秒
Jun 08 15:29:08 
Jun 08 16:28:25 
Jun 08 16:28:25 🔔天天提鹅, 开始!
Jun 08 16:28:25 
Jun 08 16:28:25 ====================共1个京东账号Cookie=========
Jun 08 16:28:25 
Jun 08 16:28:25 ==================脚本执行- 北京时间(UTC+8)：6/8/2021, 4:28:25 PM=====================
Jun 08 16:28:25 
Jun 08 16:28:26 
Jun 08 16:28:26 ***********开始【京东账号1】liu1071607950********
Jun 08 16:28:26 
Jun 08 16:28:26 
Jun 08 16:28:26 ==============📣系统通知📣==============
Jun 08 16:28:26 天天提鹅
Jun 08 16:28:26 【提示】cookie已失效
Jun 08 16:28:26 京东账号1 liu1071607950
Jun 08 16:28:26 请重新登录获取
Jun 08 16:28:26 https://bean.m.jd.com/bean/signIndex.action
Jun 08 16:28:26 
Jun 08 16:28:26 
Jun 08 16:28:26 您未提供server酱的SCKEY，取消微信推送消息通知🚫
Jun 08 16:28:26 
Jun 08 16:28:26 您未提供push+推送所需的PUSH_PLUS_TOKEN，取消push+推送消息通知🚫
Jun 08 16:28:26 
Jun 08 16:28:26 您未提供Bark的APP推送BARK_PUSH，取消Bark推送消息通知🚫
Jun 08 16:28:26 
Jun 08 16:28:26 您未提供telegram机器人推送所需的TG_BOT_TOKEN和TG_USER_ID，取消telegram推送消息通知🚫
Jun 08 16:28:26 
Jun 08 16:28:26 您未提供钉钉机器人推送所需的DD_BOT_TOKEN或者DD_BOT_SECRET，取消钉钉推送消息通知🚫
Jun 08 16:28:26 
Jun 08 16:28:26 您未提供企业微信机器人推送所需的QYWX_KEY，取消企业微信推送消息通知🚫
Jun 08 16:28:26 
Jun 08 16:28:26 您未提供企业微信应用消息推送所需的QYWX_AM，取消企业微信应用消息推送消息通知🚫
Jun 08 16:28:26 
Jun 08 16:28:26 您未提供iGot的推送IGOT_PUSH_KEY，取消iGot推送消息通知🚫
Jun 08 16:28:26 
Jun 08 16:28:26 
Jun 08 16:28:26 🔔天天提鹅, 结束! 🕛 1.233 秒
Jun 08 16:28:26 
Jun 08 17:29:47 
Jun 08 17:29:47 🔔天天提鹅, 开始!
Jun 08 17:29:47 
Jun 08 17:29:47 ====================共1个京东账号Cookie=========
Jun 08 17:29:47 
Jun 08 17:29:47 ==================脚本执行- 北京时间(UTC+8)：6/8/2021, 5:29:47 PM=====================
Jun 08 17:29:47 
Jun 08 17:29:48 
Jun 08 17:29:48 ***********开始【京东账号1】liu1071607950********
Jun 08 17:29:48 
Jun 08 17:29:48 
Jun 08 17:29:48 ==============📣系统通知📣==============
Jun 08 17:29:48 天天提鹅
Jun 08 17:29:48 【提示】cookie已失效
Jun 08 17:29:48 京东账号1 liu1071607950
Jun 08 17:29:48 请重新登录获取
Jun 08 17:29:48 https://bean.m.jd.com/bean/signIndex.action
Jun 08 17:29:48 
Jun 08 17:29:48 
Jun 08 17:29:48 您未提供server酱的SCKEY，取消微信推送消息通知🚫
Jun 08 17:29:48 
Jun 08 17:29:48 您未提供push+推送所需的PUSH_PLUS_TOKEN，取消push+推送消息通知🚫
Jun 08 17:29:48 
Jun 08 17:29:48 您未提供Bark的APP推送BARK_PUSH，取消Bark推送消息通知🚫
Jun 08 17:29:48 
Jun 08 17:29:48 您未提供telegram机器人推送所需的TG_BOT_TOKEN和TG_USER_ID，取消telegram推送消息通知🚫
Jun 08 17:29:48 
Jun 08 17:29:48 您未提供钉钉机器人推送所需的DD_BOT_TOKEN或者DD_BOT_SECRET，取消钉钉推送消息通知🚫
Jun 08 17:29:48 
Jun 08 17:29:48 您未提供企业微信机器人推送所需的QYWX_KEY，取消企业微信推送消息通知🚫
Jun 08 17:29:48 
Jun 08 17:29:48 您未提供企业微信应用消息推送所需的QYWX_AM，取消企业微信应用消息推送消息通知🚫
Jun 08 17:29:48 
Jun 08 17:29:48 您未提供iGot的推送IGOT_PUSH_KEY，取消iGot推送消息通知🚫
Jun 08 17:29:48 
Jun 08 17:29:48 
Jun 08 17:29:48 🔔天天提鹅, 结束! 🕛 1.432 秒
Jun 08 17:29:48 
Jun 08 18:28:42 
Jun 08 18:28:42 🔔天天提鹅, 开始!
Jun 08 18:28:42 
Jun 08 18:28:42 ====================共1个京东账号Cookie=========
Jun 08 18:28:42 
Jun 08 18:28:43 ==================脚本执行- 北京时间(UTC+8)：6/8/2021, 6:28:42 PM=====================
Jun 08 18:28:43 
Jun 08 18:28:44 
Jun 08 18:28:44 ***********开始【京东账号1】liu1071607950********
Jun 08 18:28:44 
Jun 08 18:28:44 
Jun 08 18:28:44 ==============📣系统通知📣==============
Jun 08 18:28:44 天天提鹅
Jun 08 18:28:44 【提示】cookie已失效
Jun 08 18:28:44 京东账号1 liu1071607950
Jun 08 18:28:44 请重新登录获取
Jun 08 18:28:44 https://bean.m.jd.com/bean/signIndex.action
Jun 08 18:28:44 
Jun 08 18:28:44 
Jun 08 18:28:44 您未提供server酱的SCKEY，取消微信推送消息通知🚫
Jun 08 18:28:44 
Jun 08 18:28:44 您未提供push+推送所需的PUSH_PLUS_TOKEN，取消push+推送消息通知🚫
Jun 08 18:28:44 
Jun 08 18:28:44 您未提供Bark的APP推送BARK_PUSH，取消Bark推送消息通知🚫
Jun 08 18:28:44 
Jun 08 18:28:44 您未提供telegram机器人推送所需的TG_BOT_TOKEN和TG_USER_ID，取消telegram推送消息通知🚫
Jun 08 18:28:44 
Jun 08 18:28:44 您未提供钉钉机器人推送所需的DD_BOT_TOKEN或者DD_BOT_SECRET，取消钉钉推送消息通知🚫
Jun 08 18:28:44 
Jun 08 18:28:44 您未提供企业微信机器人推送所需的QYWX_KEY，取消企业微信推送消息通知🚫
Jun 08 18:28:44 
Jun 08 18:28:44 您未提供企业微信应用消息推送所需的QYWX_AM，取消企业微信应用消息推送消息通知🚫
Jun 08 18:28:44 
Jun 08 18:28:44 您未提供iGot的推送IGOT_PUSH_KEY，取消iGot推送消息通知🚫
Jun 08 18:28:44 
Jun 08 18:28:44 
Jun 08 18:28:44 🔔天天提鹅, 结束! 🕛 1.336 秒
Jun 08 18:28:44 
Jun 08 19:28:24 
Jun 08 19:28:24 🔔天天提鹅, 开始!
Jun 08 19:28:24 
Jun 08 19:28:24 ====================共1个京东账号Cookie=========
Jun 08 19:28:24 
Jun 08 19:28:24 ==================脚本执行- 北京时间(UTC+8)：6/8/2021, 7:28:24 PM=====================
Jun 08 19:28:24 
Jun 08 19:28:25 "getaddrinfo ENOTFOUND wq.jd.com"
Jun 08 19:28:25 天天提鹅 API请求失败，请检查网路重试
Jun 08 19:28:25 
Jun 08 19:28:25 ***********开始【京东账号1】liu1071607950********
Jun 08 19:28:25 
Jun 08 19:28:25 "getaddrinfo ENOTFOUND ms.jr.jd.com"
Jun 08 19:28:25 天天提鹅 API请求失败，请检查网路重试
Jun 08 19:28:25 "getaddrinfo ENOTFOUND ms.jr.jd.com"
Jun 08 19:28:25 天天提鹅 API请求失败，请检查网路重试
Jun 08 19:28:25 "getaddrinfo ENOTFOUND ms.jr.jd.com"
Jun 08 19:28:25 天天提鹅 API请求失败，请检查网路重试
Jun 08 19:28:25 
Jun 08 19:28:25 🔔天天提鹅, 结束! 🕛 1.691 秒
Jun 08 19:28:25 
Jun 08 20:28:14 
Jun 08 20:28:14 🔔天天提鹅, 开始!
Jun 08 20:28:14 
Jun 08 20:28:14 ====================共1个京东账号Cookie=========
Jun 08 20:28:14 
Jun 08 20:28:14 ==================脚本执行- 北京时间(UTC+8)：6/8/2021, 8:28:14 PM=====================
Jun 08 20:28:14 
Jun 08 20:28:15 "getaddrinfo ENOTFOUND wq.jd.com"
Jun 08 20:28:15 天天提鹅 API请求失败，请检查网路重试
Jun 08 20:28:15 
Jun 08 20:28:15 ***********开始【京东账号1】liu1071607950********
Jun 08 20:28:15 
Jun 08 20:28:15 "getaddrinfo ENOTFOUND ms.jr.jd.com"
Jun 08 20:28:15 天天提鹅 API请求失败，请检查网路重试
Jun 08 20:28:15 "getaddrinfo ENOTFOUND ms.jr.jd.com"
Jun 08 20:28:15 天天提鹅 API请求失败，请检查网路重试
Jun 08 20:28:15 "getaddrinfo ENOTFOUND ms.jr.jd.com"
Jun 08 20:28:15 天天提鹅 API请求失败，请检查网路重试
Jun 08 20:28:15 
Jun 08 20:28:15 🔔天天提鹅, 结束! 🕛 1.299 秒
Jun 08 20:28:15 
Jun 08 21:28:09 
Jun 08 21:28:09 🔔天天提鹅, 开始!
Jun 08 21:28:09 
Jun 08 21:28:09 ====================共1个京东账号Cookie=========
Jun 08 21:28:09 
Jun 08 21:28:09 ==================脚本执行- 北京时间(UTC+8)：6/8/2021, 9:28:09 PM=====================
Jun 08 21:28:09 
Jun 08 21:28:14 
Jun 08 21:28:14 ***********开始【京东账号1】liu1071607950********
Jun 08 21:28:14 
Jun 08 21:28:14 
Jun 08 21:28:14 ==============📣系统通知📣==============
Jun 08 21:28:14 天天提鹅
Jun 08 21:28:14 【提示】cookie已失效
Jun 08 21:28:14 京东账号1 liu1071607950
Jun 08 21:28:14 请重新登录获取
Jun 08 21:28:14 https://bean.m.jd.com/bean/signIndex.action
Jun 08 21:28:14 
Jun 08 21:28:14 
Jun 08 21:28:14 您未提供server酱的SCKEY，取消微信推送消息通知🚫
Jun 08 21:28:14 
Jun 08 21:28:14 您未提供push+推送所需的PUSH_PLUS_TOKEN，取消push+推送消息通知🚫
Jun 08 21:28:14 
Jun 08 21:28:14 您未提供Bark的APP推送BARK_PUSH，取消Bark推送消息通知🚫
Jun 08 21:28:14 
Jun 08 21:28:14 您未提供telegram机器人推送所需的TG_BOT_TOKEN和TG_USER_ID，取消telegram推送消息通知🚫
Jun 08 21:28:14 
Jun 08 21:28:14 您未提供钉钉机器人推送所需的DD_BOT_TOKEN或者DD_BOT_SECRET，取消钉钉推送消息通知🚫
Jun 08 21:28:14 
Jun 08 21:28:14 您未提供企业微信机器人推送所需的QYWX_KEY，取消企业微信推送消息通知🚫
Jun 08 21:28:14 
Jun 08 21:28:14 您未提供企业微信应用消息推送所需的QYWX_AM，取消企业微信应用消息推送消息通知🚫
Jun 08 21:28:14 
Jun 08 21:28:14 您未提供iGot的推送IGOT_PUSH_KEY，取消iGot推送消息通知🚫
Jun 08 21:28:14 
Jun 08 21:28:14 
Jun 08 21:28:14 🔔天天提鹅, 结束! 🕛 5 秒
Jun 08 21:28:14 
Jun 08 22:28:01 
Jun 08 22:28:01 🔔天天提鹅, 开始!
Jun 08 22:28:01 
Jun 08 22:28:01 ====================共1个京东账号Cookie=========
Jun 08 22:28:01 
Jun 08 22:28:01 ==================脚本执行- 北京时间(UTC+8)：6/8/2021, 10:28:01 PM=====================
Jun 08 22:28:01 
Jun 08 22:28:02 
Jun 08 22:28:02 ***********开始【京东账号1】liu1071607950********
Jun 08 22:28:02 
Jun 08 22:28:02 
Jun 08 22:28:02 ==============📣系统通知📣==============
Jun 08 22:28:02 天天提鹅
Jun 08 22:28:02 【提示】cookie已失效
Jun 08 22:28:02 京东账号1 liu1071607950
Jun 08 22:28:02 请重新登录获取
Jun 08 22:28:02 https://bean.m.jd.com/bean/signIndex.action
Jun 08 22:28:02 
Jun 08 22:28:02 
Jun 08 22:28:02 您未提供server酱的SCKEY，取消微信推送消息通知🚫
Jun 08 22:28:02 
Jun 08 22:28:02 您未提供push+推送所需的PUSH_PLUS_TOKEN，取消push+推送消息通知🚫
Jun 08 22:28:02 
Jun 08 22:28:02 您未提供Bark的APP推送BARK_PUSH，取消Bark推送消息通知🚫
Jun 08 22:28:02 
Jun 08 22:28:02 您未提供telegram机器人推送所需的TG_BOT_TOKEN和TG_USER_ID，取消telegram推送消息通知🚫
Jun 08 22:28:02 
Jun 08 22:28:02 您未提供钉钉机器人推送所需的DD_BOT_TOKEN或者DD_BOT_SECRET，取消钉钉推送消息通知🚫
Jun 08 22:28:02 
Jun 08 22:28:02 您未提供企业微信机器人推送所需的QYWX_KEY，取消企业微信推送消息通知🚫
Jun 08 22:28:02 
Jun 08 22:28:02 您未提供企业微信应用消息推送所需的QYWX_AM，取消企业微信应用消息推送消息通知🚫
Jun 08 22:28:02 
Jun 08 22:28:02 您未提供iGot的推送IGOT_PUSH_KEY，取消iGot推送消息通知🚫
Jun 08 22:28:02 
Jun 08 22:28:02 
Jun 08 22:28:02 🔔天天提鹅, 结束! 🕛 0.973 秒
Jun 08 22:28:02 
Jun 08 23:29:12 
Jun 08 23:29:12 🔔天天提鹅, 开始!
Jun 08 23:29:12 
Jun 08 23:29:12 ====================共1个京东账号Cookie=========
Jun 08 23:29:12 
Jun 08 23:29:12 ==================脚本执行- 北京时间(UTC+8)：6/8/2021, 11:29:12 PM=====================
Jun 08 23:29:12 
Jun 08 23:29:13 
Jun 08 23:29:13 ***********开始【京东账号1】liu1071607950********
Jun 08 23:29:13 
Jun 08 23:29:13 
Jun 08 23:29:13 ==============📣系统通知📣==============
Jun 08 23:29:13 天天提鹅
Jun 08 23:29:13 【提示】cookie已失效
Jun 08 23:29:13 京东账号1 liu1071607950
Jun 08 23:29:13 请重新登录获取
Jun 08 23:29:13 https://bean.m.jd.com/bean/signIndex.action
Jun 08 23:29:13 
Jun 08 23:29:13 
Jun 08 23:29:13 您未提供server酱的SCKEY，取消微信推送消息通知🚫
Jun 08 23:29:13 
Jun 08 23:29:13 您未提供push+推送所需的PUSH_PLUS_TOKEN，取消push+推送消息通知🚫
Jun 08 23:29:13 
Jun 08 23:29:13 您未提供Bark的APP推送BARK_PUSH，取消Bark推送消息通知🚫
Jun 08 23:29:13 
Jun 08 23:29:13 您未提供telegram机器人推送所需的TG_BOT_TOKEN和TG_USER_ID，取消telegram推送消息通知🚫
Jun 08 23:29:13 
Jun 08 23:29:13 您未提供钉钉机器人推送所需的DD_BOT_TOKEN或者DD_BOT_SECRET，取消钉钉推送消息通知🚫
Jun 08 23:29:13 
Jun 08 23:29:13 您未提供企业微信机器人推送所需的QYWX_KEY，取消企业微信推送消息通知🚫
Jun 08 23:29:13 
Jun 08 23:29:13 您未提供企业微信应用消息推送所需的QYWX_AM，取消企业微信应用消息推送消息通知🚫
Jun 08 23:29:13 
Jun 08 23:29:13 您未提供iGot的推送IGOT_PUSH_KEY，取消iGot推送消息通知🚫
Jun 08 23:29:13 
Jun 08 23:29:13 
Jun 08 23:29:13 🔔天天提鹅, 结束! 🕛 1.385 秒
Jun 08 23:29:13 
Jun 09 11:28:37 
Jun 09 11:28:37 🔔天天提鹅, 开始!
Jun 09 11:28:37 
Jun 09 11:28:37 ====================共1个京东账号Cookie=========
Jun 09 11:28:37 
Jun 09 11:28:37 ==================脚本执行- 北京时间(UTC+8)：6/9/2021, 11:28:37 AM=====================
Jun 09 11:28:37 
Jun 09 11:28:40 
Jun 09 11:28:40 ***********开始【京东账号1】liu1071607950********
Jun 09 11:28:40 
Jun 09 11:28:40 
Jun 09 11:28:40 ==============📣系统通知📣==============
Jun 09 11:28:40 天天提鹅
Jun 09 11:28:40 【提示】cookie已失效
Jun 09 11:28:40 京东账号1 liu1071607950
Jun 09 11:28:40 请重新登录获取
Jun 09 11:28:40 https://bean.m.jd.com/bean/signIndex.action
Jun 09 11:28:40 
Jun 09 11:28:40 
Jun 09 11:28:40 您未提供server酱的SCKEY，取消微信推送消息通知🚫
Jun 09 11:28:40 
Jun 09 11:28:40 您未提供push+推送所需的PUSH_PLUS_TOKEN，取消push+推送消息通知🚫
Jun 09 11:28:40 
Jun 09 11:28:40 您未提供Bark的APP推送BARK_PUSH，取消Bark推送消息通知🚫
Jun 09 11:28:40 
Jun 09 11:28:40 您未提供telegram机器人推送所需的TG_BOT_TOKEN和TG_USER_ID，取消telegram推送消息通知🚫
Jun 09 11:28:40 
Jun 09 11:28:40 您未提供钉钉机器人推送所需的DD_BOT_TOKEN或者DD_BOT_SECRET，取消钉钉推送消息通知🚫
Jun 09 11:28:40 
Jun 09 11:28:40 您未提供企业微信机器人推送所需的QYWX_KEY，取消企业微信推送消息通知🚫
Jun 09 11:28:40 
Jun 09 11:28:40 您未提供企业微信应用消息推送所需的QYWX_AM，取消企业微信应用消息推送消息通知🚫
Jun 09 11:28:40 
Jun 09 11:28:40 您未提供iGot的推送IGOT_PUSH_KEY，取消iGot推送消息通知🚫
Jun 09 11:28:40 
Jun 09 11:28:40 
Jun 09 11:28:40 🔔天天提鹅, 结束! 🕛 2.39 秒
Jun 09 11:28:40 
Jun 09 12:29:09 
Jun 09 12:29:09 🔔天天提鹅, 开始!
Jun 09 12:29:09 
Jun 09 12:29:09 ====================共1个京东账号Cookie=========
Jun 09 12:29:09 
Jun 09 12:29:09 ==================脚本执行- 北京时间(UTC+8)：6/9/2021, 12:29:09 PM=====================
Jun 09 12:29:09 
Jun 09 12:29:10 "getaddrinfo ENOTFOUND wq.jd.com"
Jun 09 12:29:10 天天提鹅 API请求失败，请检查网路重试
Jun 09 12:29:10 
Jun 09 12:29:10 ***********开始【京东账号1】liu1071607950********
Jun 09 12:29:10 
Jun 09 12:29:10 "getaddrinfo ENOTFOUND ms.jr.jd.com"
Jun 09 12:29:10 天天提鹅 API请求失败，请检查网路重试
Jun 09 12:29:10 "getaddrinfo ENOTFOUND ms.jr.jd.com"
Jun 09 12:29:11 天天提鹅 API请求失败，请检查网路重试
Jun 09 12:29:11 "getaddrinfo ENOTFOUND ms.jr.jd.com"
Jun 09 12:29:11 天天提鹅 API请求失败，请检查网路重试
Jun 09 12:29:11 
Jun 09 12:29:11 🔔天天提鹅, 结束! 🕛 1.699 秒
Jun 09 12:29:11 
Jun 09 13:28:39 
Jun 09 13:28:39 🔔天天提鹅, 开始!
Jun 09 13:28:39 
Jun 09 13:28:39 ====================共1个京东账号Cookie=========
Jun 09 13:28:39 
Jun 09 13:28:39 ==================脚本执行- 北京时间(UTC+8)：6/9/2021, 1:28:39 PM=====================
Jun 09 13:28:39 
Jun 09 13:28:41 
Jun 09 13:28:41 ***********开始【京东账号1】liu1071607950********
Jun 09 13:28:41 
Jun 09 13:28:41 
Jun 09 13:28:41 ==============📣系统通知📣==============
Jun 09 13:28:41 天天提鹅
Jun 09 13:28:41 【提示】cookie已失效
Jun 09 13:28:41 京东账号1 liu1071607950
Jun 09 13:28:41 请重新登录获取
Jun 09 13:28:41 https://bean.m.jd.com/bean/signIndex.action
Jun 09 13:28:41 
Jun 09 13:28:41 
Jun 09 13:28:41 您未提供server酱的SCKEY，取消微信推送消息通知🚫
Jun 09 13:28:41 
Jun 09 13:28:41 您未提供push+推送所需的PUSH_PLUS_TOKEN，取消push+推送消息通知🚫
Jun 09 13:28:41 
Jun 09 13:28:41 您未提供Bark的APP推送BARK_PUSH，取消Bark推送消息通知🚫
Jun 09 13:28:41 
Jun 09 13:28:41 您未提供telegram机器人推送所需的TG_BOT_TOKEN和TG_USER_ID，取消telegram推送消息通知🚫
Jun 09 13:28:41 
Jun 09 13:28:41 您未提供钉钉机器人推送所需的DD_BOT_TOKEN或者DD_BOT_SECRET，取消钉钉推送消息通知🚫
Jun 09 13:28:41 
Jun 09 13:28:41 您未提供企业微信机器人推送所需的QYWX_KEY，取消企业微信推送消息通知🚫
Jun 09 13:28:41 
Jun 09 13:28:41 您未提供企业微信应用消息推送所需的QYWX_AM，取消企业微信应用消息推送消息通知🚫
Jun 09 13:28:41 
Jun 09 13:28:41 您未提供iGot的推送IGOT_PUSH_KEY，取消iGot推送消息通知🚫
Jun 09 13:28:41 
Jun 09 13:28:41 
Jun 09 13:28:41 🔔天天提鹅, 结束! 🕛 1.902 秒
Jun 09 13:28:41 
Jun 09 14:28:10 
Jun 09 14:28:10 🔔天天提鹅, 开始!
Jun 09 14:28:10 
Jun 09 14:28:10 ====================共1个京东账号Cookie=========
Jun 09 14:28:10 
Jun 09 14:28:10 ==================脚本执行- 北京时间(UTC+8)：6/9/2021, 2:28:10 PM=====================
Jun 09 14:28:10 
Jun 09 14:28:11 
Jun 09 14:28:11 ***********开始【京东账号1】liu1071607950********
Jun 09 14:28:11 
Jun 09 14:28:11 
Jun 09 14:28:11 ==============📣系统通知📣==============
Jun 09 14:28:11 天天提鹅
Jun 09 14:28:11 【提示】cookie已失效
Jun 09 14:28:11 京东账号1 liu1071607950
Jun 09 14:28:11 请重新登录获取
Jun 09 14:28:11 https://bean.m.jd.com/bean/signIndex.action
Jun 09 14:28:11 
Jun 09 14:28:11 
Jun 09 14:28:11 您未提供server酱的SCKEY，取消微信推送消息通知🚫
Jun 09 14:28:11 
Jun 09 14:28:11 您未提供push+推送所需的PUSH_PLUS_TOKEN，取消push+推送消息通知🚫
Jun 09 14:28:11 
Jun 09 14:28:11 您未提供Bark的APP推送BARK_PUSH，取消Bark推送消息通知🚫
Jun 09 14:28:11 
Jun 09 14:28:11 您未提供telegram机器人推送所需的TG_BOT_TOKEN和TG_USER_ID，取消telegram推送消息通知🚫
Jun 09 14:28:11 
Jun 09 14:28:11 您未提供钉钉机器人推送所需的DD_BOT_TOKEN或者DD_BOT_SECRET，取消钉钉推送消息通知🚫
Jun 09 14:28:11 
Jun 09 14:28:11 您未提供企业微信机器人推送所需的QYWX_KEY，取消企业微信推送消息通知🚫
Jun 09 14:28:11 
Jun 09 14:28:11 您未提供企业微信应用消息推送所需的QYWX_AM，取消企业微信应用消息推送消息通知🚫
Jun 09 14:28:11 
Jun 09 14:28:11 您未提供iGot的推送IGOT_PUSH_KEY，取消iGot推送消息通知🚫
Jun 09 14:28:11 
Jun 09 14:28:11 
Jun 09 14:28:11 🔔天天提鹅, 结束! 🕛 1.497 秒
Jun 09 14:28:11 
Jun 09 15:28:50 
Jun 09 15:28:50 🔔天天提鹅, 开始!
Jun 09 15:28:50 
Jun 09 15:28:50 ====================共1个京东账号Cookie=========
Jun 09 15:28:50 
Jun 09 15:28:50 ==================脚本执行- 北京时间(UTC+8)：6/9/2021, 3:28:50 PM=====================
Jun 09 15:28:50 
Jun 09 15:28:51 
Jun 09 15:28:51 ***********开始【京东账号1】liu1071607950********
Jun 09 15:28:51 
Jun 09 15:28:51 
Jun 09 15:28:51 ==============📣系统通知📣==============
Jun 09 15:28:51 天天提鹅
Jun 09 15:28:51 【提示】cookie已失效
Jun 09 15:28:51 京东账号1 liu1071607950
Jun 09 15:28:51 请重新登录获取
Jun 09 15:28:51 https://bean.m.jd.com/bean/signIndex.action
Jun 09 15:28:51 
Jun 09 15:28:51 
Jun 09 15:28:51 您未提供server酱的SCKEY，取消微信推送消息通知🚫
Jun 09 15:28:51 
Jun 09 15:28:51 您未提供push+推送所需的PUSH_PLUS_TOKEN，取消push+推送消息通知🚫
Jun 09 15:28:51 
Jun 09 15:28:51 您未提供Bark的APP推送BARK_PUSH，取消Bark推送消息通知🚫
Jun 09 15:28:51 
Jun 09 15:28:51 您未提供telegram机器人推送所需的TG_BOT_TOKEN和TG_USER_ID，取消telegram推送消息通知🚫
Jun 09 15:28:51 
Jun 09 15:28:51 您未提供钉钉机器人推送所需的DD_BOT_TOKEN或者DD_BOT_SECRET，取消钉钉推送消息通知🚫
Jun 09 15:28:51 
Jun 09 15:28:51 您未提供企业微信机器人推送所需的QYWX_KEY，取消企业微信推送消息通知🚫
Jun 09 15:28:51 
Jun 09 15:28:51 您未提供企业微信应用消息推送所需的QYWX_AM，取消企业微信应用消息推送消息通知🚫
Jun 09 15:28:51 
Jun 09 15:28:51 您未提供iGot的推送IGOT_PUSH_KEY，取消iGot推送消息通知🚫
Jun 09 15:28:51 
Jun 09 15:28:51 
Jun 09 15:28:51 🔔天天提鹅, 结束! 🕛 1.056 秒
Jun 09 15:28:51 
Jun 09 16:29:10 
Jun 09 16:29:10 🔔天天提鹅, 开始!
Jun 09 16:29:10 
Jun 09 16:29:10 ====================共1个京东账号Cookie=========
Jun 09 16:29:10 
Jun 09 16:29:10 ==================脚本执行- 北京时间(UTC+8)：6/9/2021, 4:29:10 PM=====================
Jun 09 16:29:10 
Jun 09 16:29:11 
Jun 09 16:29:11 ***********开始【京东账号1】liu1071607950********
Jun 09 16:29:11 
Jun 09 16:29:11 
Jun 09 16:29:11 ==============📣系统通知📣==============
Jun 09 16:29:11 天天提鹅
Jun 09 16:29:11 【提示】cookie已失效
Jun 09 16:29:11 京东账号1 liu1071607950
Jun 09 16:29:11 请重新登录获取
Jun 09 16:29:11 https://bean.m.jd.com/bean/signIndex.action
Jun 09 16:29:11 
Jun 09 16:29:11 
Jun 09 16:29:11 您未提供server酱的SCKEY，取消微信推送消息通知🚫
Jun 09 16:29:11 
Jun 09 16:29:11 您未提供push+推送所需的PUSH_PLUS_TOKEN，取消push+推送消息通知🚫
Jun 09 16:29:11 
Jun 09 16:29:11 您未提供Bark的APP推送BARK_PUSH，取消Bark推送消息通知🚫
Jun 09 16:29:11 
Jun 09 16:29:11 您未提供telegram机器人推送所需的TG_BOT_TOKEN和TG_USER_ID，取消telegram推送消息通知🚫
Jun 09 16:29:11 
Jun 09 16:29:11 您未提供钉钉机器人推送所需的DD_BOT_TOKEN或者DD_BOT_SECRET，取消钉钉推送消息通知🚫
Jun 09 16:29:11 
Jun 09 16:29:11 您未提供企业微信机器人推送所需的QYWX_KEY，取消企业微信推送消息通知🚫
Jun 09 16:29:11 
Jun 09 16:29:11 您未提供企业微信应用消息推送所需的QYWX_AM，取消企业微信应用消息推送消息通知🚫
Jun 09 16:29:11 
Jun 09 16:29:11 您未提供iGot的推送IGOT_PUSH_KEY，取消iGot推送消息通知🚫
Jun 09 16:29:11 
Jun 09 16:29:11 
Jun 09 16:29:11 🔔天天提鹅, 结束! 🕛 1.488 秒
Jun 09 16:29:11 
Jun 09 17:28:31 
Jun 09 17:28:31 🔔天天提鹅, 开始!
Jun 09 17:28:31 
Jun 09 17:28:31 ====================共1个京东账号Cookie=========
Jun 09 17:28:31 
Jun 09 17:28:31 ==================脚本执行- 北京时间(UTC+8)：6/9/2021, 5:28:31 PM=====================
Jun 09 17:28:31 
Jun 09 17:28:33 
Jun 09 17:28:33 ***********开始【京东账号1】liu1071607950********
Jun 09 17:28:33 
Jun 09 17:28:33 
Jun 09 17:28:33 ==============📣系统通知📣==============
Jun 09 17:28:33 天天提鹅
Jun 09 17:28:33 【提示】cookie已失效
Jun 09 17:28:33 京东账号1 liu1071607950
Jun 09 17:28:33 请重新登录获取
Jun 09 17:28:33 https://bean.m.jd.com/bean/signIndex.action
Jun 09 17:28:33 
Jun 09 17:28:33 
Jun 09 17:28:33 您未提供server酱的SCKEY，取消微信推送消息通知🚫
Jun 09 17:28:33 
Jun 09 17:28:33 您未提供push+推送所需的PUSH_PLUS_TOKEN，取消push+推送消息通知🚫
Jun 09 17:28:33 
Jun 09 17:28:33 您未提供Bark的APP推送BARK_PUSH，取消Bark推送消息通知🚫
Jun 09 17:28:33 
Jun 09 17:28:33 您未提供telegram机器人推送所需的TG_BOT_TOKEN和TG_USER_ID，取消telegram推送消息通知🚫
Jun 09 17:28:33 
Jun 09 17:28:33 您未提供钉钉机器人推送所需的DD_BOT_TOKEN或者DD_BOT_SECRET，取消钉钉推送消息通知🚫
Jun 09 17:28:33 
Jun 09 17:28:33 您未提供企业微信机器人推送所需的QYWX_KEY，取消企业微信推送消息通知🚫
Jun 09 17:28:33 
Jun 09 17:28:33 您未提供企业微信应用消息推送所需的QYWX_AM，取消企业微信应用消息推送消息通知🚫
Jun 09 17:28:33 
Jun 09 17:28:33 您未提供iGot的推送IGOT_PUSH_KEY，取消iGot推送消息通知🚫
Jun 09 17:28:33 
Jun 09 17:28:33 
Jun 09 17:28:33 🔔天天提鹅, 结束! 🕛 1.79 秒
Jun 09 17:28:33 
Jun 09 18:29:27 
Jun 09 18:29:27 🔔天天提鹅, 开始!
Jun 09 18:29:27 
Jun 09 18:29:27 ====================共1个京东账号Cookie=========
Jun 09 18:29:27 
Jun 09 18:29:27 ==================脚本执行- 北京时间(UTC+8)：6/9/2021, 6:29:27 PM=====================
Jun 09 18:29:27 
Jun 09 18:29:28 
Jun 09 18:29:28 ***********开始【京东账号1】liu1071607950********
Jun 09 18:29:28 
Jun 09 18:29:28 
Jun 09 18:29:28 ==============📣系统通知📣==============
Jun 09 18:29:28 天天提鹅
Jun 09 18:29:28 【提示】cookie已失效
Jun 09 18:29:28 京东账号1 liu1071607950
Jun 09 18:29:28 请重新登录获取
Jun 09 18:29:28 https://bean.m.jd.com/bean/signIndex.action
Jun 09 18:29:28 
Jun 09 18:29:28 
Jun 09 18:29:28 您未提供server酱的SCKEY，取消微信推送消息通知🚫
Jun 09 18:29:28 
Jun 09 18:29:28 您未提供push+推送所需的PUSH_PLUS_TOKEN，取消push+推送消息通知🚫
Jun 09 18:29:28 
Jun 09 18:29:28 您未提供Bark的APP推送BARK_PUSH，取消Bark推送消息通知🚫
Jun 09 18:29:28 
Jun 09 18:29:28 您未提供telegram机器人推送所需的TG_BOT_TOKEN和TG_USER_ID，取消telegram推送消息通知🚫
Jun 09 18:29:28 
Jun 09 18:29:28 您未提供钉钉机器人推送所需的DD_BOT_TOKEN或者DD_BOT_SECRET，取消钉钉推送消息通知🚫
Jun 09 18:29:28 
Jun 09 18:29:28 您未提供企业微信机器人推送所需的QYWX_KEY，取消企业微信推送消息通知🚫
Jun 09 18:29:28 
Jun 09 18:29:28 您未提供企业微信应用消息推送所需的QYWX_AM，取消企业微信应用消息推送消息通知🚫
Jun 09 18:29:28 
Jun 09 18:29:28 您未提供iGot的推送IGOT_PUSH_KEY，取消iGot推送消息通知🚫
Jun 09 18:29:28 
Jun 09 18:29:28 
Jun 09 18:29:28 🔔天天提鹅, 结束! 🕛 1.444 秒
Jun 09 18:29:28 
Jun 09 19:28:46 
Jun 09 19:28:46 🔔天天提鹅, 开始!
Jun 09 19:28:46 
Jun 09 19:28:46 ====================共1个京东账号Cookie=========
Jun 09 19:28:46 
Jun 09 19:28:46 ==================脚本执行- 北京时间(UTC+8)：6/9/2021, 7:28:46 PM=====================
Jun 09 19:28:46 
Jun 09 19:28:46 "getaddrinfo ENOTFOUND wq.jd.com"
Jun 09 19:28:46 天天提鹅 API请求失败，请检查网路重试
Jun 09 19:28:46 
Jun 09 19:28:46 ***********开始【京东账号1】liu1071607950********
Jun 09 19:28:46 
Jun 09 19:28:46 "getaddrinfo ENOTFOUND ms.jr.jd.com"
Jun 09 19:28:46 天天提鹅 API请求失败，请检查网路重试
Jun 09 19:28:46 "getaddrinfo ENOTFOUND ms.jr.jd.com"
Jun 09 19:28:46 天天提鹅 API请求失败，请检查网路重试
Jun 09 19:28:47 "getaddrinfo ENOTFOUND ms.jr.jd.com"
Jun 09 19:28:47 天天提鹅 API请求失败，请检查网路重试
Jun 09 19:28:47 
Jun 09 19:28:47 🔔天天提鹅, 结束! 🕛 0.99 秒
Jun 09 19:28:47 
Jun 09 20:29:27 
Jun 09 20:29:27 🔔天天提鹅, 开始!
Jun 09 20:29:27 
Jun 09 20:29:27 ====================共1个京东账号Cookie=========
Jun 09 20:29:27 
Jun 09 20:29:27 ==================脚本执行- 北京时间(UTC+8)：6/9/2021, 8:29:27 PM=====================
Jun 09 20:29:27 
Jun 09 20:29:27 "getaddrinfo ENOTFOUND wq.jd.com"
Jun 09 20:29:27 天天提鹅 API请求失败，请检查网路重试
Jun 09 20:29:27 
Jun 09 20:29:27 ***********开始【京东账号1】liu1071607950********
Jun 09 20:29:27 
Jun 09 20:29:28 "getaddrinfo ENOTFOUND ms.jr.jd.com"
Jun 09 20:29:28 天天提鹅 API请求失败，请检查网路重试
Jun 09 20:29:28 "getaddrinfo ENOTFOUND ms.jr.jd.com"
Jun 09 20:29:28 天天提鹅 API请求失败，请检查网路重试
Jun 09 20:29:28 "getaddrinfo ENOTFOUND ms.jr.jd.com"
Jun 09 20:29:28 天天提鹅 API请求失败，请检查网路重试
Jun 09 20:29:28 
Jun 09 20:29:28 🔔天天提鹅, 结束! 🕛 1.007 秒
Jun 09 20:29:28 
Jun 09 21:29:15 
Jun 09 21:29:15 🔔天天提鹅, 开始!
Jun 09 21:29:15 
Jun 09 21:29:15 ====================共1个京东账号Cookie=========
Jun 09 21:29:15 
Jun 09 21:29:15 ==================脚本执行- 北京时间(UTC+8)：6/9/2021, 9:29:15 PM=====================
Jun 09 21:29:15 
Jun 09 21:29:16 
Jun 09 21:29:16 ***********开始【京东账号1】liu1071607950********
Jun 09 21:29:16 
Jun 09 21:29:16 
Jun 09 21:29:16 ==============📣系统通知📣==============
Jun 09 21:29:16 天天提鹅
Jun 09 21:29:16 【提示】cookie已失效
Jun 09 21:29:16 京东账号1 liu1071607950
Jun 09 21:29:16 请重新登录获取
Jun 09 21:29:16 https://bean.m.jd.com/bean/signIndex.action
Jun 09 21:29:16 
Jun 09 21:29:16 
Jun 09 21:29:16 您未提供server酱的SCKEY，取消微信推送消息通知🚫
Jun 09 21:29:16 
Jun 09 21:29:16 您未提供push+推送所需的PUSH_PLUS_TOKEN，取消push+推送消息通知🚫
Jun 09 21:29:16 
Jun 09 21:29:16 您未提供Bark的APP推送BARK_PUSH，取消Bark推送消息通知🚫
Jun 09 21:29:16 
Jun 09 21:29:16 您未提供telegram机器人推送所需的TG_BOT_TOKEN和TG_USER_ID，取消telegram推送消息通知🚫
Jun 09 21:29:16 
Jun 09 21:29:16 您未提供钉钉机器人推送所需的DD_BOT_TOKEN或者DD_BOT_SECRET，取消钉钉推送消息通知🚫
Jun 09 21:29:16 
Jun 09 21:29:16 您未提供企业微信机器人推送所需的QYWX_KEY，取消企业微信推送消息通知🚫
Jun 09 21:29:16 
Jun 09 21:29:16 您未提供企业微信应用消息推送所需的QYWX_AM，取消企业微信应用消息推送消息通知🚫
Jun 09 21:29:16 
Jun 09 21:29:16 您未提供iGot的推送IGOT_PUSH_KEY，取消iGot推送消息通知🚫
Jun 09 21:29:16 
Jun 09 21:29:16 
Jun 09 21:29:16 🔔天天提鹅, 结束! 🕛 1.387 秒
Jun 09 21:29:16 
Jun 09 22:29:53 
Jun 09 22:29:53 🔔天天提鹅, 开始!
Jun 09 22:29:53 
Jun 09 22:29:53 ====================共1个京东账号Cookie=========
Jun 09 22:29:53 
Jun 09 22:29:53 ==================脚本执行- 北京时间(UTC+8)：6/9/2021, 10:29:53 PM=====================
Jun 09 22:29:53 
Jun 09 22:29:53 "getaddrinfo ENOTFOUND wq.jd.com"
Jun 09 22:29:53 天天提鹅 API请求失败，请检查网路重试
Jun 09 22:29:53 
Jun 09 22:29:53 ***********开始【京东账号1】liu1071607950********
Jun 09 22:29:53 
Jun 09 22:29:53 "getaddrinfo ENOTFOUND ms.jr.jd.com"
Jun 09 22:29:53 天天提鹅 API请求失败，请检查网路重试
Jun 09 22:29:54 "getaddrinfo ENOTFOUND ms.jr.jd.com"
Jun 09 22:29:54 天天提鹅 API请求失败，请检查网路重试
Jun 09 22:29:54 "getaddrinfo ENOTFOUND ms.jr.jd.com"
Jun 09 22:29:54 天天提鹅 API请求失败，请检查网路重试
Jun 09 22:29:54 
Jun 09 22:29:54 🔔天天提鹅, 结束! 🕛 0.999 秒
Jun 09 22:29:54 
Jun 09 23:29:46 
Jun 09 23:29:46 🔔天天提鹅, 开始!
Jun 09 23:29:46 
Jun 09 23:29:46 ====================共1个京东账号Cookie=========
Jun 09 23:29:46 
Jun 09 23:29:46 ==================脚本执行- 北京时间(UTC+8)：6/9/2021, 11:29:46 PM=====================
Jun 09 23:29:46 
Jun 09 23:29:47 
Jun 09 23:29:47 ***********开始【京东账号1】liu1071607950********
Jun 09 23:29:47 
Jun 09 23:29:47 
Jun 09 23:29:47 ==============📣系统通知📣==============
Jun 09 23:29:47 天天提鹅
Jun 09 23:29:47 【提示】cookie已失效
Jun 09 23:29:47 京东账号1 liu1071607950
Jun 09 23:29:47 请重新登录获取
Jun 09 23:29:47 https://bean.m.jd.com/bean/signIndex.action
Jun 09 23:29:47 
Jun 09 23:29:47 
Jun 09 23:29:47 您未提供server酱的SCKEY，取消微信推送消息通知🚫
Jun 09 23:29:47 
Jun 09 23:29:47 您未提供push+推送所需的PUSH_PLUS_TOKEN，取消push+推送消息通知🚫
Jun 09 23:29:47 
Jun 09 23:29:47 您未提供Bark的APP推送BARK_PUSH，取消Bark推送消息通知🚫
Jun 09 23:29:47 
Jun 09 23:29:47 您未提供telegram机器人推送所需的TG_BOT_TOKEN和TG_USER_ID，取消telegram推送消息通知🚫
Jun 09 23:29:47 
Jun 09 23:29:47 您未提供钉钉机器人推送所需的DD_BOT_TOKEN或者DD_BOT_SECRET，取消钉钉推送消息通知🚫
Jun 09 23:29:47 
Jun 09 23:29:47 您未提供企业微信机器人推送所需的QYWX_KEY，取消企业微信推送消息通知🚫
Jun 09 23:29:47 
Jun 09 23:29:47 您未提供企业微信应用消息推送所需的QYWX_AM，取消企业微信应用消息推送消息通知🚫
Jun 09 23:29:47 
Jun 09 23:29:47 您未提供iGot的推送IGOT_PUSH_KEY，取消iGot推送消息通知🚫
Jun 09 23:29:47 
Jun 09 23:29:47 
Jun 09 23:29:47 🔔天天提鹅, 结束! 🕛 1.803 秒
Jun 09 23:29:47 
Jun 10 10:29:02 
Jun 10 10:29:02 🔔天天提鹅, 开始!
Jun 10 10:29:02 
Jun 10 10:29:02 ====================共1个京东账号Cookie=========
Jun 10 10:29:02 
Jun 10 10:29:02 ==================脚本执行- 北京时间(UTC+8)：6/10/2021, 10:29:02 AM=====================
Jun 10 10:29:02 
Jun 10 10:29:04 
Jun 10 10:29:04 ***********开始【京东账号1】liu1071607950********
Jun 10 10:29:04 
Jun 10 10:29:04 
Jun 10 10:29:04 ==============📣系统通知📣==============
Jun 10 10:29:04 天天提鹅
Jun 10 10:29:04 【提示】cookie已失效
Jun 10 10:29:04 京东账号1 liu1071607950
Jun 10 10:29:04 请重新登录获取
Jun 10 10:29:04 https://bean.m.jd.com/bean/signIndex.action
Jun 10 10:29:04 
Jun 10 10:29:04 
Jun 10 10:29:04 您未提供server酱的SCKEY，取消微信推送消息通知🚫
Jun 10 10:29:04 
Jun 10 10:29:04 您未提供push+推送所需的PUSH_PLUS_TOKEN，取消push+推送消息通知🚫
Jun 10 10:29:04 
Jun 10 10:29:04 您未提供Bark的APP推送BARK_PUSH，取消Bark推送消息通知🚫
Jun 10 10:29:04 
Jun 10 10:29:04 您未提供telegram机器人推送所需的TG_BOT_TOKEN和TG_USER_ID，取消telegram推送消息通知🚫
Jun 10 10:29:04 
Jun 10 10:29:04 您未提供钉钉机器人推送所需的DD_BOT_TOKEN或者DD_BOT_SECRET，取消钉钉推送消息通知🚫
Jun 10 10:29:04 
Jun 10 10:29:04 您未提供企业微信机器人推送所需的QYWX_KEY，取消企业微信推送消息通知🚫
Jun 10 10:29:04 
Jun 10 10:29:04 您未提供企业微信应用消息推送所需的QYWX_AM，取消企业微信应用消息推送消息通知🚫
Jun 10 10:29:04 
Jun 10 10:29:04 您未提供iGot的推送IGOT_PUSH_KEY，取消iGot推送消息通知🚫
Jun 10 10:29:04 
Jun 10 10:29:04 
Jun 10 10:29:04 🔔天天提鹅, 结束! 🕛 2.002 秒
Jun 10 10:29:04 
Jun 10 11:29:23 
Jun 10 11:29:23 🔔天天提鹅, 开始!
Jun 10 11:29:23 
Jun 10 11:29:23 ====================共1个京东账号Cookie=========
Jun 10 11:29:23 
Jun 10 11:29:23 ==================脚本执行- 北京时间(UTC+8)：6/10/2021, 11:29:23 AM=====================
Jun 10 11:29:23 
Jun 10 11:29:25 
Jun 10 11:29:25 ***********开始【京东账号1】liu1071607950********
Jun 10 11:29:25 
Jun 10 11:29:25 
Jun 10 11:29:25 ==============📣系统通知📣==============
Jun 10 11:29:25 天天提鹅
Jun 10 11:29:25 【提示】cookie已失效
Jun 10 11:29:25 京东账号1 liu1071607950
Jun 10 11:29:25 请重新登录获取
Jun 10 11:29:25 https://bean.m.jd.com/bean/signIndex.action
Jun 10 11:29:25 
Jun 10 11:29:25 
Jun 10 11:29:25 您未提供server酱的SCKEY，取消微信推送消息通知🚫
Jun 10 11:29:25 
Jun 10 11:29:25 您未提供push+推送所需的PUSH_PLUS_TOKEN，取消push+推送消息通知🚫
Jun 10 11:29:25 
Jun 10 11:29:25 您未提供Bark的APP推送BARK_PUSH，取消Bark推送消息通知🚫
Jun 10 11:29:25 
Jun 10 11:29:25 您未提供telegram机器人推送所需的TG_BOT_TOKEN和TG_USER_ID，取消telegram推送消息通知🚫
Jun 10 11:29:25 
Jun 10 11:29:25 您未提供钉钉机器人推送所需的DD_BOT_TOKEN或者DD_BOT_SECRET，取消钉钉推送消息通知🚫
Jun 10 11:29:25 
Jun 10 11:29:25 您未提供企业微信机器人推送所需的QYWX_KEY，取消企业微信推送消息通知🚫
Jun 10 11:29:25 
Jun 10 11:29:25 您未提供企业微信应用消息推送所需的QYWX_AM，取消企业微信应用消息推送消息通知🚫
Jun 10 11:29:25 
Jun 10 11:29:25 您未提供iGot的推送IGOT_PUSH_KEY，取消iGot推送消息通知🚫
Jun 10 11:29:25 
Jun 10 11:29:25 
Jun 10 11:29:25 🔔天天提鹅, 结束! 🕛 2.261 秒
Jun 10 11:29:25 
Jun 10 12:28:45 
Jun 10 12:28:45 🔔天天提鹅, 开始!
Jun 10 12:28:45 
Jun 10 12:28:45 ====================共1个京东账号Cookie=========
Jun 10 12:28:45 
Jun 10 12:28:45 ==================脚本执行- 北京时间(UTC+8)：6/10/2021, 12:28:45 PM=====================
Jun 10 12:28:45 
Jun 10 12:28:47 "getaddrinfo ENOTFOUND wq.jd.com"
Jun 10 12:28:47 天天提鹅 API请求失败，请检查网路重试
Jun 10 12:28:47 
Jun 10 12:28:47 ***********开始【京东账号1】liu1071607950********
Jun 10 12:28:47 
Jun 10 12:28:47 "getaddrinfo ENOTFOUND ms.jr.jd.com"
Jun 10 12:28:47 天天提鹅 API请求失败，请检查网路重试
Jun 10 12:28:47 "getaddrinfo ENOTFOUND ms.jr.jd.com"
Jun 10 12:28:47 天天提鹅 API请求失败，请检查网路重试
Jun 10 12:28:47 "getaddrinfo ENOTFOUND ms.jr.jd.com"
Jun 10 12:28:47 天天提鹅 API请求失败，请检查网路重试
Jun 10 12:28:47 
Jun 10 12:28:47 🔔天天提鹅, 结束! 🕛 1.814 秒
Jun 10 12:28:47 
Jun 10 13:29:42 
Jun 10 13:29:42 🔔天天提鹅, 开始!
Jun 10 13:29:42 
Jun 10 13:29:42 ====================共1个京东账号Cookie=========
Jun 10 13:29:42 
Jun 10 13:29:42 ==================脚本执行- 北京时间(UTC+8)：6/10/2021, 1:29:42 PM=====================
Jun 10 13:29:42 
Jun 10 13:29:44 
Jun 10 13:29:44 ***********开始【京东账号1】liu1071607950********
Jun 10 13:29:44 
Jun 10 13:29:44 
Jun 10 13:29:44 ==============📣系统通知📣==============
Jun 10 13:29:44 天天提鹅
Jun 10 13:29:44 【提示】cookie已失效
Jun 10 13:29:44 京东账号1 liu1071607950
Jun 10 13:29:44 请重新登录获取
Jun 10 13:29:44 https://bean.m.jd.com/bean/signIndex.action
Jun 10 13:29:44 
Jun 10 13:29:44 
Jun 10 13:29:44 您未提供server酱的SCKEY，取消微信推送消息通知🚫
Jun 10 13:29:44 
Jun 10 13:29:44 您未提供push+推送所需的PUSH_PLUS_TOKEN，取消push+推送消息通知🚫
Jun 10 13:29:44 
Jun 10 13:29:44 您未提供Bark的APP推送BARK_PUSH，取消Bark推送消息通知🚫
Jun 10 13:29:44 
Jun 10 13:29:44 您未提供telegram机器人推送所需的TG_BOT_TOKEN和TG_USER_ID，取消telegram推送消息通知🚫
Jun 10 13:29:44 
Jun 10 13:29:44 您未提供钉钉机器人推送所需的DD_BOT_TOKEN或者DD_BOT_SECRET，取消钉钉推送消息通知🚫
Jun 10 13:29:44 
Jun 10 13:29:44 您未提供企业微信机器人推送所需的QYWX_KEY，取消企业微信推送消息通知🚫
Jun 10 13:29:44 
Jun 10 13:29:44 您未提供企业微信应用消息推送所需的QYWX_AM，取消企业微信应用消息推送消息通知🚫
Jun 10 13:29:44 
Jun 10 13:29:44 您未提供iGot的推送IGOT_PUSH_KEY，取消iGot推送消息通知🚫
Jun 10 13:29:44 
Jun 10 13:29:44 
Jun 10 13:29:44 🔔天天提鹅, 结束! 🕛 1.733 秒
Jun 10 13:29:44 
Jun 10 14:29:36 
Jun 10 14:29:36 🔔天天提鹅, 开始!
Jun 10 14:29:36 
Jun 10 14:29:36 ====================共1个京东账号Cookie=========
Jun 10 14:29:37 
Jun 10 14:29:37 ==================脚本执行- 北京时间(UTC+8)：6/10/2021, 2:29:36 PM=====================
Jun 10 14:29:37 
Jun 10 14:29:38 
Jun 10 14:29:38 ***********开始【京东账号1】liu1071607950********
Jun 10 14:29:38 
Jun 10 14:29:38 
Jun 10 14:29:38 ==============📣系统通知📣==============
Jun 10 14:29:38 天天提鹅
Jun 10 14:29:38 【提示】cookie已失效
Jun 10 14:29:38 京东账号1 liu1071607950
Jun 10 14:29:38 请重新登录获取
Jun 10 14:29:38 https://bean.m.jd.com/bean/signIndex.action
Jun 10 14:29:38 
Jun 10 14:29:38 
Jun 10 14:29:38 您未提供server酱的SCKEY，取消微信推送消息通知🚫
Jun 10 14:29:38 
Jun 10 14:29:38 您未提供push+推送所需的PUSH_PLUS_TOKEN，取消push+推送消息通知🚫
Jun 10 14:29:38 
Jun 10 14:29:38 您未提供Bark的APP推送BARK_PUSH，取消Bark推送消息通知🚫
Jun 10 14:29:38 
Jun 10 14:29:38 您未提供telegram机器人推送所需的TG_BOT_TOKEN和TG_USER_ID，取消telegram推送消息通知🚫
Jun 10 14:29:38 
Jun 10 14:29:38 您未提供钉钉机器人推送所需的DD_BOT_TOKEN或者DD_BOT_SECRET，取消钉钉推送消息通知🚫
Jun 10 14:29:38 
Jun 10 14:29:38 您未提供企业微信机器人推送所需的QYWX_KEY，取消企业微信推送消息通知🚫
Jun 10 14:29:38 
Jun 10 14:29:38 您未提供企业微信应用消息推送所需的QYWX_AM，取消企业微信应用消息推送消息通知🚫
Jun 10 14:29:38 
Jun 10 14:29:38 您未提供iGot的推送IGOT_PUSH_KEY，取消iGot推送消息通知🚫
Jun 10 14:29:38 
Jun 10 14:29:38 
Jun 10 14:29:38 🔔天天提鹅, 结束! 🕛 2.046 秒
Jun 10 14:29:38 
Jun 10 15:29:37 
Jun 10 15:29:37 🔔天天提鹅, 开始!
Jun 10 15:29:37 
Jun 10 15:29:37 ====================共1个京东账号Cookie=========
Jun 10 15:29:37 
Jun 10 15:29:37 ==================脚本执行- 北京时间(UTC+8)：6/10/2021, 3:29:37 PM=====================
Jun 10 15:29:37 
Jun 10 15:29:39 
Jun 10 15:29:39 ***********开始【京东账号1】liu1071607950********
Jun 10 15:29:39 
Jun 10 15:29:39 
Jun 10 15:29:39 ==============📣系统通知📣==============
Jun 10 15:29:39 天天提鹅
Jun 10 15:29:39 【提示】cookie已失效
Jun 10 15:29:39 京东账号1 liu1071607950
Jun 10 15:29:39 请重新登录获取
Jun 10 15:29:39 https://bean.m.jd.com/bean/signIndex.action
Jun 10 15:29:39 
Jun 10 15:29:39 
Jun 10 15:29:39 您未提供server酱的SCKEY，取消微信推送消息通知🚫
Jun 10 15:29:39 
Jun 10 15:29:39 您未提供push+推送所需的PUSH_PLUS_TOKEN，取消push+推送消息通知🚫
Jun 10 15:29:39 
Jun 10 15:29:39 您未提供Bark的APP推送BARK_PUSH，取消Bark推送消息通知🚫
Jun 10 15:29:39 
Jun 10 15:29:39 您未提供telegram机器人推送所需的TG_BOT_TOKEN和TG_USER_ID，取消telegram推送消息通知🚫
Jun 10 15:29:39 
Jun 10 15:29:39 您未提供钉钉机器人推送所需的DD_BOT_TOKEN或者DD_BOT_SECRET，取消钉钉推送消息通知🚫
Jun 10 15:29:39 
Jun 10 15:29:39 您未提供企业微信机器人推送所需的QYWX_KEY，取消企业微信推送消息通知🚫
Jun 10 15:29:39 
Jun 10 15:29:39 您未提供企业微信应用消息推送所需的QYWX_AM，取消企业微信应用消息推送消息通知🚫
Jun 10 15:29:39 
Jun 10 15:29:39 您未提供iGot的推送IGOT_PUSH_KEY，取消iGot推送消息通知🚫
Jun 10 15:29:39 
Jun 10 15:29:39 
Jun 10 15:29:39 🔔天天提鹅, 结束! 🕛 1.4 秒
Jun 10 15:29:39 
Jun 10 16:29:43 
Jun 10 16:29:43 🔔天天提鹅, 开始!
Jun 10 16:29:43 
Jun 10 16:29:43 ====================共1个京东账号Cookie=========
Jun 10 16:29:43 
Jun 10 16:29:43 ==================脚本执行- 北京时间(UTC+8)：6/10/2021, 4:29:43 PM=====================
Jun 10 16:29:43 
Jun 10 16:29:44 
Jun 10 16:29:44 ***********开始【京东账号1】liu1071607950********
Jun 10 16:29:44 
Jun 10 16:29:44 
Jun 10 16:29:44 ==============📣系统通知📣==============
Jun 10 16:29:44 天天提鹅
Jun 10 16:29:44 【提示】cookie已失效
Jun 10 16:29:44 京东账号1 liu1071607950
Jun 10 16:29:44 请重新登录获取
Jun 10 16:29:44 https://bean.m.jd.com/bean/signIndex.action
Jun 10 16:29:44 
Jun 10 16:29:44 
Jun 10 16:29:44 您未提供server酱的SCKEY，取消微信推送消息通知🚫
Jun 10 16:29:44 
Jun 10 16:29:44 您未提供push+推送所需的PUSH_PLUS_TOKEN，取消push+推送消息通知🚫
Jun 10 16:29:44 
Jun 10 16:29:44 您未提供Bark的APP推送BARK_PUSH，取消Bark推送消息通知🚫
Jun 10 16:29:44 
Jun 10 16:29:44 您未提供telegram机器人推送所需的TG_BOT_TOKEN和TG_USER_ID，取消telegram推送消息通知🚫
Jun 10 16:29:44 
Jun 10 16:29:44 您未提供钉钉机器人推送所需的DD_BOT_TOKEN或者DD_BOT_SECRET，取消钉钉推送消息通知🚫
Jun 10 16:29:44 
Jun 10 16:29:44 您未提供企业微信机器人推送所需的QYWX_KEY，取消企业微信推送消息通知🚫
Jun 10 16:29:44 
Jun 10 16:29:44 您未提供企业微信应用消息推送所需的QYWX_AM，取消企业微信应用消息推送消息通知🚫
Jun 10 16:29:44 
Jun 10 16:29:44 您未提供iGot的推送IGOT_PUSH_KEY，取消iGot推送消息通知🚫
Jun 10 16:29:44 
Jun 10 16:29:44 
Jun 10 16:29:44 🔔天天提鹅, 结束! 🕛 1.389 秒
Jun 10 16:29:44 
Jun 10 17:29:49 
Jun 10 17:29:49 🔔天天提鹅, 开始!
Jun 10 17:29:49 
Jun 10 17:29:49 ====================共1个京东账号Cookie=========
Jun 10 17:29:49 
Jun 10 17:29:49 ==================脚本执行- 北京时间(UTC+8)：6/10/2021, 5:29:49 PM=====================
Jun 10 17:29:49 
Jun 10 17:29:51 
Jun 10 17:29:51 ***********开始【京东账号1】liu1071607950********
Jun 10 17:29:51 
Jun 10 17:29:51 
Jun 10 17:29:51 ==============📣系统通知📣==============
Jun 10 17:29:51 天天提鹅
Jun 10 17:29:51 【提示】cookie已失效
Jun 10 17:29:51 京东账号1 liu1071607950
Jun 10 17:29:51 请重新登录获取
Jun 10 17:29:51 https://bean.m.jd.com/bean/signIndex.action
Jun 10 17:29:51 
Jun 10 17:29:51 
Jun 10 17:29:51 您未提供server酱的SCKEY，取消微信推送消息通知🚫
Jun 10 17:29:51 
Jun 10 17:29:51 您未提供push+推送所需的PUSH_PLUS_TOKEN，取消push+推送消息通知🚫
Jun 10 17:29:51 
Jun 10 17:29:51 您未提供Bark的APP推送BARK_PUSH，取消Bark推送消息通知🚫
Jun 10 17:29:51 
Jun 10 17:29:51 您未提供telegram机器人推送所需的TG_BOT_TOKEN和TG_USER_ID，取消telegram推送消息通知🚫
Jun 10 17:29:51 
Jun 10 17:29:51 您未提供钉钉机器人推送所需的DD_BOT_TOKEN或者DD_BOT_SECRET，取消钉钉推送消息通知🚫
Jun 10 17:29:51 
Jun 10 17:29:51 您未提供企业微信机器人推送所需的QYWX_KEY，取消企业微信推送消息通知🚫
Jun 10 17:29:51 
Jun 10 17:29:51 您未提供企业微信应用消息推送所需的QYWX_AM，取消企业微信应用消息推送消息通知🚫
Jun 10 17:29:51 
Jun 10 17:29:51 您未提供iGot的推送IGOT_PUSH_KEY，取消iGot推送消息通知🚫
Jun 10 17:29:51 
Jun 10 17:29:51 
Jun 10 17:29:51 🔔天天提鹅, 结束! 🕛 1.987 秒
Jun 10 17:29:51 
Jun 10 18:28:43 
Jun 10 18:28:43 🔔天天提鹅, 开始!
Jun 10 18:28:43 
Jun 10 18:28:43 ====================共1个京东账号Cookie=========
Jun 10 18:28:43 
Jun 10 18:28:43 ==================脚本执行- 北京时间(UTC+8)：6/10/2021, 6:28:43 PM=====================
Jun 10 18:28:43 
Jun 10 18:28:46 
Jun 10 18:28:46 ***********开始【京东账号1】liu1071607950********
Jun 10 18:28:46 
Jun 10 18:28:46 
Jun 10 18:28:46 ==============📣系统通知📣==============
Jun 10 18:28:46 天天提鹅
Jun 10 18:28:46 【提示】cookie已失效
Jun 10 18:28:46 京东账号1 liu1071607950
Jun 10 18:28:46 请重新登录获取
Jun 10 18:28:46 https://bean.m.jd.com/bean/signIndex.action
Jun 10 18:28:46 
Jun 10 18:28:46 
Jun 10 18:28:46 您未提供server酱的SCKEY，取消微信推送消息通知🚫
Jun 10 18:28:46 
Jun 10 18:28:46 您未提供push+推送所需的PUSH_PLUS_TOKEN，取消push+推送消息通知🚫
Jun 10 18:28:46 
Jun 10 18:28:46 您未提供Bark的APP推送BARK_PUSH，取消Bark推送消息通知🚫
Jun 10 18:28:46 
Jun 10 18:28:46 您未提供telegram机器人推送所需的TG_BOT_TOKEN和TG_USER_ID，取消telegram推送消息通知🚫
Jun 10 18:28:46 
Jun 10 18:28:46 您未提供钉钉机器人推送所需的DD_BOT_TOKEN或者DD_BOT_SECRET，取消钉钉推送消息通知🚫
Jun 10 18:28:46 
Jun 10 18:28:46 您未提供企业微信机器人推送所需的QYWX_KEY，取消企业微信推送消息通知🚫
Jun 10 18:28:46 
Jun 10 18:28:46 您未提供企业微信应用消息推送所需的QYWX_AM，取消企业微信应用消息推送消息通知🚫
Jun 10 18:28:46 
Jun 10 18:28:46 您未提供iGot的推送IGOT_PUSH_KEY，取消iGot推送消息通知🚫
Jun 10 18:28:46 
Jun 10 18:28:46 
Jun 10 18:28:46 🔔天天提鹅, 结束! 🕛 2.312 秒
Jun 10 18:28:46 
Jun 10 19:29:35 
Jun 10 19:29:35 🔔天天提鹅, 开始!
Jun 10 19:29:35 
Jun 10 19:29:35 ====================共1个京东账号Cookie=========
Jun 10 19:29:35 
Jun 10 19:29:35 ==================脚本执行- 北京时间(UTC+8)：6/10/2021, 7:29:35 PM=====================
Jun 10 19:29:35 
Jun 10 19:29:37 "getaddrinfo ENOTFOUND wq.jd.com"
Jun 10 19:29:37 天天提鹅 API请求失败，请检查网路重试
Jun 10 19:29:37 
Jun 10 19:29:37 ***********开始【京东账号1】liu1071607950********
Jun 10 19:29:37 
Jun 10 19:29:37 "getaddrinfo ENOTFOUND ms.jr.jd.com"
Jun 10 19:29:37 天天提鹅 API请求失败，请检查网路重试
Jun 10 19:29:37 "getaddrinfo ENOTFOUND ms.jr.jd.com"
Jun 10 19:29:37 天天提鹅 API请求失败，请检查网路重试
Jun 10 19:29:37 "getaddrinfo ENOTFOUND ms.jr.jd.com"
Jun 10 19:29:37 天天提鹅 API请求失败，请检查网路重试
Jun 10 19:29:37 
Jun 10 19:29:37 🔔天天提鹅, 结束! 🕛 1.995 秒
Jun 10 19:29:37 
Jun 10 20:29:46 
Jun 10 20:29:46 🔔天天提鹅, 开始!
Jun 10 20:29:46 
Jun 10 20:29:46 ====================共1个京东账号Cookie=========
Jun 10 20:29:46 
Jun 10 20:29:46 ==================脚本执行- 北京时间(UTC+8)：6/10/2021, 8:29:46 PM=====================
Jun 10 20:29:46 
Jun 10 20:29:47 
Jun 10 20:29:47 ***********开始【京东账号1】liu1071607950********
Jun 10 20:29:47 
Jun 10 20:29:47 
Jun 10 20:29:47 ==============📣系统通知📣==============
Jun 10 20:29:47 天天提鹅
Jun 10 20:29:47 【提示】cookie已失效
Jun 10 20:29:47 京东账号1 liu1071607950
Jun 10 20:29:47 请重新登录获取
Jun 10 20:29:47 https://bean.m.jd.com/bean/signIndex.action
Jun 10 20:29:47 
Jun 10 20:29:47 
Jun 10 20:29:47 您未提供server酱的SCKEY，取消微信推送消息通知🚫
Jun 10 20:29:47 
Jun 10 20:29:47 您未提供push+推送所需的PUSH_PLUS_TOKEN，取消push+推送消息通知🚫
Jun 10 20:29:47 
Jun 10 20:29:47 您未提供Bark的APP推送BARK_PUSH，取消Bark推送消息通知🚫
Jun 10 20:29:47 
Jun 10 20:29:47 您未提供telegram机器人推送所需的TG_BOT_TOKEN和TG_USER_ID，取消telegram推送消息通知🚫
Jun 10 20:29:47 
Jun 10 20:29:47 您未提供钉钉机器人推送所需的DD_BOT_TOKEN或者DD_BOT_SECRET，取消钉钉推送消息通知🚫
Jun 10 20:29:47 
Jun 10 20:29:48 您未提供企业微信机器人推送所需的QYWX_KEY，取消企业微信推送消息通知🚫
Jun 10 20:29:48 
Jun 10 20:29:48 您未提供企业微信应用消息推送所需的QYWX_AM，取消企业微信应用消息推送消息通知🚫
Jun 10 20:29:48 
Jun 10 20:29:48 您未提供iGot的推送IGOT_PUSH_KEY，取消iGot推送消息通知🚫
Jun 10 20:29:48 
Jun 10 20:29:48 
Jun 10 20:29:48 🔔天天提鹅, 结束! 🕛 1.701 秒
Jun 10 20:29:48 
Jun 10 21:28:52 
Jun 10 21:28:52 🔔天天提鹅, 开始!
Jun 10 21:28:52 
Jun 10 21:28:52 ====================共1个京东账号Cookie=========
Jun 10 21:28:52 
Jun 10 21:28:52 ==================脚本执行- 北京时间(UTC+8)：6/10/2021, 9:28:52 PM=====================
Jun 10 21:28:52 
Jun 10 21:28:54 
Jun 10 21:28:54 ***********开始【京东账号1】liu1071607950********
Jun 10 21:28:54 
Jun 10 21:28:54 
Jun 10 21:28:54 ==============📣系统通知📣==============
Jun 10 21:28:54 天天提鹅
Jun 10 21:28:54 【提示】cookie已失效
Jun 10 21:28:54 京东账号1 liu1071607950
Jun 10 21:28:54 请重新登录获取
Jun 10 21:28:54 https://bean.m.jd.com/bean/signIndex.action
Jun 10 21:28:54 
Jun 10 21:28:54 
Jun 10 21:28:54 您未提供server酱的SCKEY，取消微信推送消息通知🚫
Jun 10 21:28:54 
Jun 10 21:28:54 您未提供push+推送所需的PUSH_PLUS_TOKEN，取消push+推送消息通知🚫
Jun 10 21:28:54 
Jun 10 21:28:54 您未提供Bark的APP推送BARK_PUSH，取消Bark推送消息通知🚫
Jun 10 21:28:54 
Jun 10 21:28:54 您未提供telegram机器人推送所需的TG_BOT_TOKEN和TG_USER_ID，取消telegram推送消息通知🚫
Jun 10 21:28:54 
Jun 10 21:28:54 您未提供钉钉机器人推送所需的DD_BOT_TOKEN或者DD_BOT_SECRET，取消钉钉推送消息通知🚫
Jun 10 21:28:54 
Jun 10 21:28:54 您未提供企业微信机器人推送所需的QYWX_KEY，取消企业微信推送消息通知🚫
Jun 10 21:28:54 
Jun 10 21:28:54 您未提供企业微信应用消息推送所需的QYWX_AM，取消企业微信应用消息推送消息通知🚫
Jun 10 21:28:54 
Jun 10 21:28:54 您未提供iGot的推送IGOT_PUSH_KEY，取消iGot推送消息通知🚫
Jun 10 21:28:54 
Jun 10 21:28:54 
Jun 10 21:28:54 🔔天天提鹅, 结束! 🕛 1.69 秒
Jun 10 21:28:54 
Jun 10 22:29:45 
Jun 10 22:29:45 🔔天天提鹅, 开始!
Jun 10 22:29:45 
Jun 10 22:29:45 ====================共1个京东账号Cookie=========
Jun 10 22:29:45 
Jun 10 22:29:45 ==================脚本执行- 北京时间(UTC+8)：6/10/2021, 10:29:45 PM=====================
Jun 10 22:29:45 
Jun 10 22:29:46 
Jun 10 22:29:46 ***********开始【京东账号1】liu1071607950********
Jun 10 22:29:46 
Jun 10 22:29:46 
Jun 10 22:29:46 ==============📣系统通知📣==============
Jun 10 22:29:46 天天提鹅
Jun 10 22:29:46 【提示】cookie已失效
Jun 10 22:29:46 京东账号1 liu1071607950
Jun 10 22:29:46 请重新登录获取
Jun 10 22:29:46 https://bean.m.jd.com/bean/signIndex.action
Jun 10 22:29:46 
Jun 10 22:29:46 
Jun 10 22:29:46 您未提供server酱的SCKEY，取消微信推送消息通知🚫
Jun 10 22:29:46 
Jun 10 22:29:46 您未提供push+推送所需的PUSH_PLUS_TOKEN，取消push+推送消息通知🚫
Jun 10 22:29:46 
Jun 10 22:29:46 您未提供Bark的APP推送BARK_PUSH，取消Bark推送消息通知🚫
Jun 10 22:29:46 
Jun 10 22:29:46 您未提供telegram机器人推送所需的TG_BOT_TOKEN和TG_USER_ID，取消telegram推送消息通知🚫
Jun 10 22:29:46 
Jun 10 22:29:46 您未提供钉钉机器人推送所需的DD_BOT_TOKEN或者DD_BOT_SECRET，取消钉钉推送消息通知🚫
Jun 10 22:29:46 
Jun 10 22:29:46 您未提供企业微信机器人推送所需的QYWX_KEY，取消企业微信推送消息通知🚫
Jun 10 22:29:46 
Jun 10 22:29:46 您未提供企业微信应用消息推送所需的QYWX_AM，取消企业微信应用消息推送消息通知🚫
Jun 10 22:29:46 
Jun 10 22:29:46 您未提供iGot的推送IGOT_PUSH_KEY，取消iGot推送消息通知🚫
Jun 10 22:29:46 
Jun 10 22:29:46 
Jun 10 22:29:46 🔔天天提鹅, 结束! 🕛 1.325 秒
Jun 10 22:29:46 
Jun 10 23:28:31 
Jun 10 23:28:31 🔔天天提鹅, 开始!
Jun 10 23:28:31 
Jun 10 23:28:31 ====================共1个京东账号Cookie=========
Jun 10 23:28:31 
Jun 10 23:28:31 ==================脚本执行- 北京时间(UTC+8)：6/10/2021, 11:28:31 PM=====================
Jun 10 23:28:31 
Jun 10 23:28:32 
Jun 10 23:28:32 ***********开始【京东账号1】liu1071607950********
Jun 10 23:28:32 
Jun 10 23:28:32 
Jun 10 23:28:32 ==============📣系统通知📣==============
Jun 10 23:28:32 天天提鹅
Jun 10 23:28:32 【提示】cookie已失效
Jun 10 23:28:32 京东账号1 liu1071607950
Jun 10 23:28:32 请重新登录获取
Jun 10 23:28:32 https://bean.m.jd.com/bean/signIndex.action
Jun 10 23:28:32 
Jun 10 23:28:32 
Jun 10 23:28:32 您未提供server酱的SCKEY，取消微信推送消息通知🚫
Jun 10 23:28:32 
Jun 10 23:28:32 您未提供push+推送所需的PUSH_PLUS_TOKEN，取消push+推送消息通知🚫
Jun 10 23:28:32 
Jun 10 23:28:32 您未提供Bark的APP推送BARK_PUSH，取消Bark推送消息通知🚫
Jun 10 23:28:32 
Jun 10 23:28:32 您未提供telegram机器人推送所需的TG_BOT_TOKEN和TG_USER_ID，取消telegram推送消息通知🚫
Jun 10 23:28:32 
Jun 10 23:28:32 您未提供钉钉机器人推送所需的DD_BOT_TOKEN或者DD_BOT_SECRET，取消钉钉推送消息通知🚫
Jun 10 23:28:32 
Jun 10 23:28:32 您未提供企业微信机器人推送所需的QYWX_KEY，取消企业微信推送消息通知🚫
Jun 10 23:28:32 
Jun 10 23:28:32 您未提供企业微信应用消息推送所需的QYWX_AM，取消企业微信应用消息推送消息通知🚫
Jun 10 23:28:32 
Jun 10 23:28:32 您未提供iGot的推送IGOT_PUSH_KEY，取消iGot推送消息通知🚫
Jun 10 23:28:32 
Jun 10 23:28:32 
Jun 10 23:28:32 🔔天天提鹅, 结束! 🕛 1.237 秒
Jun 10 23:28:32 
Jun 11 08:29:22 
Jun 11 08:29:22 🔔天天提鹅, 开始!
Jun 11 08:29:22 
Jun 11 08:29:22 ====================共1个京东账号Cookie=========
Jun 11 08:29:22 
Jun 11 08:29:22 ==================脚本执行- 北京时间(UTC+8)：6/11/2021, 8:29:22 AM=====================
Jun 11 08:29:22 
Jun 11 08:29:24 
Jun 11 08:29:24 ***********开始【京东账号1】liu1071607950********
Jun 11 08:29:24 
Jun 11 08:29:24 
Jun 11 08:29:24 ==============📣系统通知📣==============
Jun 11 08:29:24 天天提鹅
Jun 11 08:29:24 【提示】cookie已失效
Jun 11 08:29:24 京东账号1 liu1071607950
Jun 11 08:29:24 请重新登录获取
Jun 11 08:29:24 https://bean.m.jd.com/bean/signIndex.action
Jun 11 08:29:24 
Jun 11 08:29:24 
Jun 11 08:29:24 您未提供server酱的SCKEY，取消微信推送消息通知🚫
Jun 11 08:29:24 
Jun 11 08:29:24 您未提供push+推送所需的PUSH_PLUS_TOKEN，取消push+推送消息通知🚫
Jun 11 08:29:24 
Jun 11 08:29:24 您未提供Bark的APP推送BARK_PUSH，取消Bark推送消息通知🚫
Jun 11 08:29:24 
Jun 11 08:29:24 您未提供telegram机器人推送所需的TG_BOT_TOKEN和TG_USER_ID，取消telegram推送消息通知🚫
Jun 11 08:29:24 
Jun 11 08:29:24 您未提供钉钉机器人推送所需的DD_BOT_TOKEN或者DD_BOT_SECRET，取消钉钉推送消息通知🚫
Jun 11 08:29:24 
Jun 11 08:29:24 您未提供企业微信机器人推送所需的QYWX_KEY，取消企业微信推送消息通知🚫
Jun 11 08:29:24 
Jun 11 08:29:24 您未提供企业微信应用消息推送所需的QYWX_AM，取消企业微信应用消息推送消息通知🚫
Jun 11 08:29:24 
Jun 11 08:29:24 您未提供iGot的推送IGOT_PUSH_KEY，取消iGot推送消息通知🚫
Jun 11 08:29:24 
Jun 11 08:29:24 
Jun 11 08:29:24 🔔天天提鹅, 结束! 🕛 2.692 秒
Jun 11 08:29:24 
Jun 24 14:28:04 
Jun 24 14:28:04 🔔天天提鹅, 开始!
Jun 24 14:28:04 
Jun 24 14:28:04 ====================共1个京东账号Cookie=========
Jun 24 14:28:04 
Jun 24 14:28:04 ==================脚本执行- 北京时间(UTC+8)：6/24/2021, 2:28:04 PM=====================
Jun 24 14:28:04 
Jun 24 14:28:06 
Jun 24 14:28:06 ***********开始【京东账号1】liu1071607950********
Jun 24 14:28:06 
Jun 24 14:28:06 
Jun 24 14:28:06 ==============📣系统通知📣==============
Jun 24 14:28:06 天天提鹅
Jun 24 14:28:06 【提示】cookie已失效
Jun 24 14:28:06 京东账号1 liu1071607950
Jun 24 14:28:06 请重新登录获取
Jun 24 14:28:06 https://bean.m.jd.com/bean/signIndex.action
Jun 24 14:28:06 
Jun 24 14:28:06 
Jun 24 14:28:06 您未提供server酱的SCKEY，取消微信推送消息通知🚫
Jun 24 14:28:06 
Jun 24 14:28:06 您未提供push+推送所需的PUSH_PLUS_TOKEN，取消push+推送消息通知🚫
Jun 24 14:28:06 
Jun 24 14:28:06 您未提供Bark的APP推送BARK_PUSH，取消Bark推送消息通知🚫
Jun 24 14:28:06 
Jun 24 14:28:06 您未提供telegram机器人推送所需的TG_BOT_TOKEN和TG_USER_ID，取消telegram推送消息通知🚫
Jun 24 14:28:06 
Jun 24 14:28:06 您未提供钉钉机器人推送所需的DD_BOT_TOKEN或者DD_BOT_SECRET，取消钉钉推送消息通知🚫
Jun 24 14:28:06 
Jun 24 14:28:06 您未提供企业微信机器人推送所需的QYWX_KEY，取消企业微信推送消息通知🚫
Jun 24 14:28:06 
Jun 24 14:28:06 您未提供企业微信应用消息推送所需的QYWX_AM，取消企业微信应用消息推送消息通知🚫
Jun 24 14:28:06 
Jun 24 14:28:06 您未提供iGot的推送IGOT_PUSH_KEY，取消iGot推送消息通知🚫
Jun 24 14:28:06 
Jun 24 14:28:06 
Jun 24 14:28:06 🔔天天提鹅, 结束! 🕛 1.322 秒
Jun 24 14:28:06 
