Jun 08 12:15:43 
Jun 08 12:15:43 🔔东东农场, 开始!
Jun 08 12:15:43 开始获取配置文件
Jun 08 12:15:43 
Jun 08 12:15:43 
Jun 08 12:15:43 ====================共1个京东账号Cookie=========
Jun 08 12:15:43 
Jun 08 12:15:43 ==================脚本执行- 北京时间(UTC+8)：6/8/2021, 12:15:43 PM=====================
Jun 08 12:15:43 
Jun 08 12:15:44 由于您环境变量(FRUITSHARECODES)里面未提供助力码，故此处运行将会给脚本内置的码进行助力，请知晓！
Jun 08 12:15:44 共1个京东账号
Jun 08 12:15:44 
Jun 08 12:15:44 您提供了2个账号的农场助力码
Jun 08 12:15:44 
Jun 08 12:15:46 
Jun 08 12:15:46 开始【京东账号1】liu1071607950
Jun 08 12:15:46 
Jun 08 12:15:46 
Jun 08 12:15:46 ==============📣系统通知📣==============
Jun 08 12:15:46 东东农场
Jun 08 12:15:46 【提示】cookie已失效
Jun 08 12:15:46 京东账号1 liu1071607950
Jun 08 12:15:46 请重新登录获取
Jun 08 12:15:46 https://bean.m.jd.com/bean/signIndex.action
Jun 08 12:15:46 
Jun 08 12:15:46 
Jun 08 12:15:46 您未提供server酱的SCKEY，取消微信推送消息通知🚫
Jun 08 12:15:46 
Jun 08 12:15:46 您未提供push+推送所需的PUSH_PLUS_TOKEN，取消push+推送消息通知🚫
Jun 08 12:15:46 
Jun 08 12:15:46 您未提供Bark的APP推送BARK_PUSH，取消Bark推送消息通知🚫
Jun 08 12:15:46 
Jun 08 12:15:46 您未提供telegram机器人推送所需的TG_BOT_TOKEN和TG_USER_ID，取消telegram推送消息通知🚫
Jun 08 12:15:46 
Jun 08 12:15:46 您未提供钉钉机器人推送所需的DD_BOT_TOKEN或者DD_BOT_SECRET，取消钉钉推送消息通知🚫
Jun 08 12:15:46 
Jun 08 12:15:46 您未提供企业微信机器人推送所需的QYWX_KEY，取消企业微信推送消息通知🚫
Jun 08 12:15:46 
Jun 08 12:15:46 您未提供企业微信应用消息推送所需的QYWX_AM，取消企业微信应用消息推送消息通知🚫
Jun 08 12:15:46 
Jun 08 12:15:46 您未提供iGot的推送IGOT_PUSH_KEY，取消iGot推送消息通知🚫
Jun 08 12:15:46 
Jun 08 12:15:46 
Jun 08 12:15:46 🔔东东农场, 结束! 🕛 2.707 秒
Jun 08 12:15:46 
Jun 08 18:15:31 
Jun 08 18:15:31 🔔东东农场, 开始!
Jun 08 18:15:31 开始获取配置文件
Jun 08 18:15:31 
Jun 08 18:15:31 
Jun 08 18:15:31 ====================共1个京东账号Cookie=========
Jun 08 18:15:31 
Jun 08 18:15:31 ==================脚本执行- 北京时间(UTC+8)：6/8/2021, 6:15:31 PM=====================
Jun 08 18:15:31 
Jun 08 18:15:31 由于您环境变量(FRUITSHARECODES)里面未提供助力码，故此处运行将会给脚本内置的码进行助力，请知晓！
Jun 08 18:15:31 共1个京东账号
Jun 08 18:15:31 
Jun 08 18:15:31 您提供了2个账号的农场助力码
Jun 08 18:15:31 
Jun 08 18:15:32 
Jun 08 18:15:32 开始【京东账号1】liu1071607950
Jun 08 18:15:32 
Jun 08 18:15:32 
Jun 08 18:15:32 ==============📣系统通知📣==============
Jun 08 18:15:32 东东农场
Jun 08 18:15:32 【提示】cookie已失效
Jun 08 18:15:32 京东账号1 liu1071607950
Jun 08 18:15:32 请重新登录获取
Jun 08 18:15:32 https://bean.m.jd.com/bean/signIndex.action
Jun 08 18:15:32 
Jun 08 18:15:32 
Jun 08 18:15:32 您未提供server酱的SCKEY，取消微信推送消息通知🚫
Jun 08 18:15:32 
Jun 08 18:15:32 您未提供push+推送所需的PUSH_PLUS_TOKEN，取消push+推送消息通知🚫
Jun 08 18:15:32 
Jun 08 18:15:32 您未提供Bark的APP推送BARK_PUSH，取消Bark推送消息通知🚫
Jun 08 18:15:32 
Jun 08 18:15:32 您未提供telegram机器人推送所需的TG_BOT_TOKEN和TG_USER_ID，取消telegram推送消息通知🚫
Jun 08 18:15:32 
Jun 08 18:15:32 您未提供钉钉机器人推送所需的DD_BOT_TOKEN或者DD_BOT_SECRET，取消钉钉推送消息通知🚫
Jun 08 18:15:32 
Jun 08 18:15:32 您未提供企业微信机器人推送所需的QYWX_KEY，取消企业微信推送消息通知🚫
Jun 08 18:15:32 
Jun 08 18:15:32 您未提供企业微信应用消息推送所需的QYWX_AM，取消企业微信应用消息推送消息通知🚫
Jun 08 18:15:32 
Jun 08 18:15:32 您未提供iGot的推送IGOT_PUSH_KEY，取消iGot推送消息通知🚫
Jun 08 18:15:32 
Jun 08 18:15:32 
Jun 08 18:15:32 🔔东东农场, 结束! 🕛 1.5 秒
Jun 08 18:15:32 
Jun 09 12:16:17 
Jun 09 12:16:17 🔔东东农场, 开始!
Jun 09 12:16:17 开始获取配置文件
Jun 09 12:16:17 
Jun 09 12:16:17 
Jun 09 12:16:17 ====================共1个京东账号Cookie=========
Jun 09 12:16:17 
Jun 09 12:16:17 ==================脚本执行- 北京时间(UTC+8)：6/9/2021, 12:16:17 PM=====================
Jun 09 12:16:17 
Jun 09 12:16:17 由于您环境变量(FRUITSHARECODES)里面未提供助力码，故此处运行将会给脚本内置的码进行助力，请知晓！
Jun 09 12:16:17 共1个京东账号
Jun 09 12:16:17 
Jun 09 12:16:17 您提供了2个账号的农场助力码
Jun 09 12:16:17 
Jun 09 12:16:18 "getaddrinfo ENOTFOUND wq.jd.com"
Jun 09 12:16:18 东东农场 API请求失败，请检查网路重试
Jun 09 12:16:18 
Jun 09 12:16:18 开始【京东账号1】liu1071607950
Jun 09 12:16:18 
Jun 09 12:16:22 "getaddrinfo ENOTFOUND share.turinglabs.net"
Jun 09 12:16:22 东东农场 API请求失败，请检查网路重试
Jun 09 12:16:22 
Jun 09 12:16:22 ❗️东东农场, 错误!
Jun 09 12:16:22 ReferenceError: p is not defined
Jun 09 12:16:22     at /scripts/jd_fruit.js:1264:10
Jun 09 12:16:22     at /scripts/jd_fruit.js:1433:4955
Jun 09 12:16:22     at processTicksAndRejections (internal/process/task_queues.js:93:5)
Jun 09 12:16:22 第1个京东账号将要助力的好友["0a74407df5df4fa99672a037eec61f7e","dbb21614667246fabcfd9685b6f448f3","6fbd26cc27ac44d6a7fed34092453f77","61ff5c624949454aa88561f2cd721bf6","56db8e7bc5874668ba7d5195230d067a"]
Jun 09 12:16:22 
Jun 09 12:16:22 东东农场: API查询请求失败 ‼️‼️
Jun 09 12:16:22 "getaddrinfo ENOTFOUND api.m.jd.com"
Jun 09 12:16:22 
Jun 09 12:16:22 ❗️东东农场, 错误!
Jun 09 12:16:22 
Jun 09 12:16:22 任务执行异常，请检查执行日志 ‼️‼️
Jun 09 12:16:22 
Jun 09 12:16:22 ❗️东东农场, 错误!
Jun 09 12:16:22 TypeError: Cannot read property 'farmUserPro' of undefined
Jun 09 12:16:22     at jdFruit (/scripts/jd_fruit.js:88:20)
Jun 09 12:16:22     at processTicksAndRejections (internal/process/task_queues.js:93:5)
Jun 09 12:16:22     at async /scripts/jd_fruit.js:71:7
Jun 09 12:16:22 
Jun 09 12:16:22 
Jun 09 12:16:22 您未提供server酱的SCKEY，取消微信推送消息通知🚫
Jun 09 12:16:22 
Jun 09 12:16:22 您未提供push+推送所需的PUSH_PLUS_TOKEN，取消push+推送消息通知🚫
Jun 09 12:16:22 
Jun 09 12:16:22 您未提供Bark的APP推送BARK_PUSH，取消Bark推送消息通知🚫
Jun 09 12:16:22 
Jun 09 12:16:22 您未提供telegram机器人推送所需的TG_BOT_TOKEN和TG_USER_ID，取消telegram推送消息通知🚫
Jun 09 12:16:22 
Jun 09 12:16:22 您未提供钉钉机器人推送所需的DD_BOT_TOKEN或者DD_BOT_SECRET，取消钉钉推送消息通知🚫
Jun 09 12:16:22 
Jun 09 12:16:22 您未提供企业微信机器人推送所需的QYWX_KEY，取消企业微信推送消息通知🚫
Jun 09 12:16:22 
Jun 09 12:16:22 您未提供企业微信应用消息推送所需的QYWX_AM，取消企业微信应用消息推送消息通知🚫
Jun 09 12:16:22 
Jun 09 12:16:22 您未提供iGot的推送IGOT_PUSH_KEY，取消iGot推送消息通知🚫
Jun 09 12:16:22 
Jun 09 12:16:22 
Jun 09 12:16:22 ==============📣系统通知📣==============
Jun 09 12:16:22 东东农场
Jun 09 12:16:22 京东账号1 liu1071607950
Jun 09 12:16:22 任务执行异常，请检查执行日志 ‼️‼️
Jun 09 12:16:22 
Jun 09 12:16:22 ==============📣系统通知📣==============
Jun 09 12:16:22 东东农场
Jun 09 12:16:22 【京东账号1】
Jun 09 12:16:22 
Jun 09 12:16:22 
Jun 09 12:16:22 您未提供server酱的SCKEY，取消微信推送消息通知🚫
Jun 09 12:16:22 
Jun 09 12:16:22 您未提供push+推送所需的PUSH_PLUS_TOKEN，取消push+推送消息通知🚫
Jun 09 12:16:22 
Jun 09 12:16:22 您未提供Bark的APP推送BARK_PUSH，取消Bark推送消息通知🚫
Jun 09 12:16:22 
Jun 09 12:16:22 您未提供telegram机器人推送所需的TG_BOT_TOKEN和TG_USER_ID，取消telegram推送消息通知🚫
Jun 09 12:16:22 
Jun 09 12:16:22 您未提供钉钉机器人推送所需的DD_BOT_TOKEN或者DD_BOT_SECRET，取消钉钉推送消息通知🚫
Jun 09 12:16:22 
Jun 09 12:16:22 您未提供企业微信机器人推送所需的QYWX_KEY，取消企业微信推送消息通知🚫
Jun 09 12:16:22 
Jun 09 12:16:22 您未提供企业微信应用消息推送所需的QYWX_AM，取消企业微信应用消息推送消息通知🚫
Jun 09 12:16:22 
Jun 09 12:16:22 您未提供iGot的推送IGOT_PUSH_KEY，取消iGot推送消息通知🚫
Jun 09 12:16:22 
Jun 09 12:16:22 
Jun 09 12:16:22 🔔东东农场, 结束! 🕛 5.01 秒
Jun 09 12:16:22 
Jun 09 18:15:20 
Jun 09 18:15:20 🔔东东农场, 开始!
Jun 09 18:15:20 开始获取配置文件
Jun 09 18:15:20 
Jun 09 18:15:20 
Jun 09 18:15:20 ====================共1个京东账号Cookie=========
Jun 09 18:15:20 
Jun 09 18:15:20 ==================脚本执行- 北京时间(UTC+8)：6/9/2021, 6:15:20 PM=====================
Jun 09 18:15:20 
Jun 09 18:15:20 由于您环境变量(FRUITSHARECODES)里面未提供助力码，故此处运行将会给脚本内置的码进行助力，请知晓！
Jun 09 18:15:20 共1个京东账号
Jun 09 18:15:20 
Jun 09 18:15:20 您提供了2个账号的农场助力码
Jun 09 18:15:20 
Jun 09 18:15:21 
Jun 09 18:15:21 开始【京东账号1】liu1071607950
Jun 09 18:15:21 
Jun 09 18:15:21 
Jun 09 18:15:21 ==============📣系统通知📣==============
Jun 09 18:15:21 东东农场
Jun 09 18:15:21 【提示】cookie已失效
Jun 09 18:15:21 京东账号1 liu1071607950
Jun 09 18:15:21 请重新登录获取
Jun 09 18:15:21 https://bean.m.jd.com/bean/signIndex.action
Jun 09 18:15:21 
Jun 09 18:15:21 
Jun 09 18:15:21 您未提供server酱的SCKEY，取消微信推送消息通知🚫
Jun 09 18:15:21 
Jun 09 18:15:21 您未提供push+推送所需的PUSH_PLUS_TOKEN，取消push+推送消息通知🚫
Jun 09 18:15:21 
Jun 09 18:15:21 您未提供Bark的APP推送BARK_PUSH，取消Bark推送消息通知🚫
Jun 09 18:15:21 
Jun 09 18:15:21 您未提供telegram机器人推送所需的TG_BOT_TOKEN和TG_USER_ID，取消telegram推送消息通知🚫
Jun 09 18:15:21 
Jun 09 18:15:21 您未提供钉钉机器人推送所需的DD_BOT_TOKEN或者DD_BOT_SECRET，取消钉钉推送消息通知🚫
Jun 09 18:15:21 
Jun 09 18:15:21 您未提供企业微信机器人推送所需的QYWX_KEY，取消企业微信推送消息通知🚫
Jun 09 18:15:21 
Jun 09 18:15:21 您未提供企业微信应用消息推送所需的QYWX_AM，取消企业微信应用消息推送消息通知🚫
Jun 09 18:15:21 
Jun 09 18:15:21 您未提供iGot的推送IGOT_PUSH_KEY，取消iGot推送消息通知🚫
Jun 09 18:15:21 
Jun 09 18:15:21 
Jun 09 18:15:21 🔔东东农场, 结束! 🕛 1.295 秒
Jun 09 18:15:21 
Jun 10 12:15:51 
Jun 10 12:15:51 🔔东东农场, 开始!
Jun 10 12:15:51 开始获取配置文件
Jun 10 12:15:51 
Jun 10 12:15:51 
Jun 10 12:15:51 ====================共1个京东账号Cookie=========
Jun 10 12:15:51 
Jun 10 12:15:51 ==================脚本执行- 北京时间(UTC+8)：6/10/2021, 12:15:51 PM=====================
Jun 10 12:15:51 
Jun 10 12:15:51 由于您环境变量(FRUITSHARECODES)里面未提供助力码，故此处运行将会给脚本内置的码进行助力，请知晓！
Jun 10 12:15:51 共1个京东账号
Jun 10 12:15:51 
Jun 10 12:15:51 您提供了2个账号的农场助力码
Jun 10 12:15:51 
Jun 10 12:15:53 
Jun 10 12:15:53 开始【京东账号1】liu1071607950
Jun 10 12:15:53 
Jun 10 12:15:53 
Jun 10 12:15:53 ==============📣系统通知📣==============
Jun 10 12:15:53 东东农场
Jun 10 12:15:53 【提示】cookie已失效
Jun 10 12:15:53 京东账号1 liu1071607950
Jun 10 12:15:53 请重新登录获取
Jun 10 12:15:53 https://bean.m.jd.com/bean/signIndex.action
Jun 10 12:15:53 
Jun 10 12:15:53 
Jun 10 12:15:53 您未提供server酱的SCKEY，取消微信推送消息通知🚫
Jun 10 12:15:53 
Jun 10 12:15:53 您未提供push+推送所需的PUSH_PLUS_TOKEN，取消push+推送消息通知🚫
Jun 10 12:15:53 
Jun 10 12:15:53 您未提供Bark的APP推送BARK_PUSH，取消Bark推送消息通知🚫
Jun 10 12:15:53 
Jun 10 12:15:53 您未提供telegram机器人推送所需的TG_BOT_TOKEN和TG_USER_ID，取消telegram推送消息通知🚫
Jun 10 12:15:53 
Jun 10 12:15:53 您未提供钉钉机器人推送所需的DD_BOT_TOKEN或者DD_BOT_SECRET，取消钉钉推送消息通知🚫
Jun 10 12:15:53 
Jun 10 12:15:53 您未提供企业微信机器人推送所需的QYWX_KEY，取消企业微信推送消息通知🚫
Jun 10 12:15:53 
Jun 10 12:15:53 您未提供企业微信应用消息推送所需的QYWX_AM，取消企业微信应用消息推送消息通知🚫
Jun 10 12:15:53 
Jun 10 12:15:53 您未提供iGot的推送IGOT_PUSH_KEY，取消iGot推送消息通知🚫
Jun 10 12:15:53 
Jun 10 12:15:53 
Jun 10 12:15:53 🔔东东农场, 结束! 🕛 2.185 秒
Jun 10 12:15:53 
Jun 10 18:15:06 
Jun 10 18:15:06 🔔东东农场, 开始!
Jun 10 18:15:06 开始获取配置文件
Jun 10 18:15:06 
Jun 10 18:15:06 
Jun 10 18:15:06 ====================共1个京东账号Cookie=========
Jun 10 18:15:06 
Jun 10 18:15:06 ==================脚本执行- 北京时间(UTC+8)：6/10/2021, 6:15:06 PM=====================
Jun 10 18:15:06 
Jun 10 18:15:06 由于您环境变量(FRUITSHARECODES)里面未提供助力码，故此处运行将会给脚本内置的码进行助力，请知晓！
Jun 10 18:15:06 共1个京东账号
Jun 10 18:15:06 
Jun 10 18:15:06 您提供了2个账号的农场助力码
Jun 10 18:15:06 
Jun 10 18:15:08 
Jun 10 18:15:08 开始【京东账号1】liu1071607950
Jun 10 18:15:08 
Jun 10 18:15:08 
Jun 10 18:15:08 ==============📣系统通知📣==============
Jun 10 18:15:08 东东农场
Jun 10 18:15:08 【提示】cookie已失效
Jun 10 18:15:08 京东账号1 liu1071607950
Jun 10 18:15:08 请重新登录获取
Jun 10 18:15:09 https://bean.m.jd.com/bean/signIndex.action
Jun 10 18:15:09 
Jun 10 18:15:09 
Jun 10 18:15:09 您未提供server酱的SCKEY，取消微信推送消息通知🚫
Jun 10 18:15:09 
Jun 10 18:15:09 您未提供push+推送所需的PUSH_PLUS_TOKEN，取消push+推送消息通知🚫
Jun 10 18:15:09 
Jun 10 18:15:09 您未提供Bark的APP推送BARK_PUSH，取消Bark推送消息通知🚫
Jun 10 18:15:09 
Jun 10 18:15:09 您未提供telegram机器人推送所需的TG_BOT_TOKEN和TG_USER_ID，取消telegram推送消息通知🚫
Jun 10 18:15:09 
Jun 10 18:15:09 您未提供钉钉机器人推送所需的DD_BOT_TOKEN或者DD_BOT_SECRET，取消钉钉推送消息通知🚫
Jun 10 18:15:09 
Jun 10 18:15:09 您未提供企业微信机器人推送所需的QYWX_KEY，取消企业微信推送消息通知🚫
Jun 10 18:15:09 
Jun 10 18:15:09 您未提供企业微信应用消息推送所需的QYWX_AM，取消企业微信应用消息推送消息通知🚫
Jun 10 18:15:09 
Jun 10 18:15:09 您未提供iGot的推送IGOT_PUSH_KEY，取消iGot推送消息通知🚫
Jun 10 18:15:09 
Jun 10 18:15:09 
Jun 10 18:15:09 🔔东东农场, 结束! 🕛 2.285 秒
Jun 10 18:15:09 
