Jun 07 00:05:46 
Jun 07 00:05:46 🔔东东健康社区收集能量收集, 开始!
Jun 07 00:05:46 
Jun 07 00:05:46 ====================共1个京东账号Cookie=========
Jun 07 00:05:46 
Jun 07 00:05:46 ==================脚本执行- 北京时间(UTC+8)：6/7/2021, 12:05:46 AM=====================
Jun 07 00:05:46 
Jun 07 00:05:46 
Jun 07 00:05:46 ******开始【京东账号1】liu1071607950*********
Jun 07 00:05:46 
Jun 07 00:05:47 任务完成失败：{"code":-30001,"msg":"登陆失败"}
Jun 07 00:05:47 
Jun 07 00:05:47 🔔东东健康社区收集能量收集, 结束! 🕛 1.703 秒
Jun 07 00:05:47 
Jun 08 09:45:29 
Jun 08 09:45:29 🔔东东健康社区收集能量收集, 开始!
Jun 08 09:45:29 
Jun 08 09:45:29 ====================共1个京东账号Cookie=========
Jun 08 09:45:29 
Jun 08 09:45:29 ==================脚本执行- 北京时间(UTC+8)：6/8/2021, 9:45:29 AM=====================
Jun 08 09:45:29 
Jun 08 09:45:29 
Jun 08 09:45:29 ******开始【京东账号1】liu1071607950*********
Jun 08 09:45:29 
Jun 08 09:45:30 任务完成失败：{"code":-30001,"msg":"登陆失败"}
Jun 08 09:45:30 
Jun 08 09:45:30 🔔东东健康社区收集能量收集, 结束! 🕛 1.268 秒
Jun 08 09:45:30 
Jun 08 10:05:03 
Jun 08 10:05:03 🔔东东健康社区收集能量收集, 开始!
Jun 08 10:05:03 
Jun 08 10:05:03 ====================共1个京东账号Cookie=========
Jun 08 10:05:03 
Jun 08 10:05:03 ==================脚本执行- 北京时间(UTC+8)：6/8/2021, 10:05:03 AM=====================
Jun 08 10:05:03 
Jun 08 10:05:03 
Jun 08 10:05:03 ******开始【京东账号1】liu1071607950*********
Jun 08 10:05:03 
Jun 08 10:05:09 SyntaxError: Unexpected token u in JSON at position 0
Jun 08 10:05:09     at JSON.parse (<anonymous>)
Jun 08 10:05:09     at safeGet (/scripts/jd_health_collect.js:126:19)
Jun 08 10:05:09     at /scripts/jd_health_collect.js:77:9
Jun 08 10:05:09     at /scripts/jd_health_collect.js:137:4955
Jun 08 10:05:09     at processTicksAndRejections (internal/process/task_queues.js:93:5)
Jun 08 10:05:09 京东服务器访问数据为空，请检查自身设备网络情况
Jun 08 10:05:09 
Jun 08 10:05:09 🔔东东健康社区收集能量收集, 结束! 🕛 5.381 秒
Jun 08 10:05:09 
Jun 08 10:26:15 
Jun 08 10:26:15 🔔东东健康社区收集能量收集, 开始!
Jun 08 10:26:15 
Jun 08 10:26:15 ====================共1个京东账号Cookie=========
Jun 08 10:26:15 
Jun 08 10:26:15 ==================脚本执行- 北京时间(UTC+8)：6/8/2021, 10:26:15 AM=====================
Jun 08 10:26:15 
Jun 08 10:26:15 
Jun 08 10:26:15 ******开始【京东账号1】liu1071607950*********
Jun 08 10:26:15 
Jun 08 10:26:18 任务完成失败：{"code":-30001,"msg":"登陆失败"}
Jun 08 10:26:18 
Jun 08 10:26:18 🔔东东健康社区收集能量收集, 结束! 🕛 2.591 秒
Jun 08 10:26:18 
Jun 08 10:46:45 
Jun 08 10:46:45 🔔东东健康社区收集能量收集, 开始!
Jun 08 10:46:45 
Jun 08 10:46:45 ====================共1个京东账号Cookie=========
Jun 08 10:46:45 
Jun 08 10:46:45 ==================脚本执行- 北京时间(UTC+8)：6/8/2021, 10:46:45 AM=====================
Jun 08 10:46:45 
Jun 08 10:46:45 
Jun 08 10:46:45 ******开始【京东账号1】liu1071607950*********
Jun 08 10:46:45 
Jun 08 10:46:47 任务完成失败：{"code":-30001,"msg":"登陆失败"}
Jun 08 10:46:47 
Jun 08 10:46:47 🔔东东健康社区收集能量收集, 结束! 🕛 2.003 秒
Jun 08 10:46:47 
Jun 08 11:05:25 
Jun 08 11:05:25 🔔东东健康社区收集能量收集, 开始!
Jun 08 11:05:25 
Jun 08 11:05:25 ====================共1个京东账号Cookie=========
Jun 08 11:05:25 
Jun 08 11:05:25 ==================脚本执行- 北京时间(UTC+8)：6/8/2021, 11:05:25 AM=====================
Jun 08 11:05:25 
Jun 08 11:05:25 
Jun 08 11:05:25 ******开始【京东账号1】liu1071607950*********
Jun 08 11:05:25 
Jun 08 11:05:27 任务完成失败：{"code":-30001,"msg":"登陆失败"}
Jun 08 11:05:27 
Jun 08 11:05:27 🔔东东健康社区收集能量收集, 结束! 🕛 1.795 秒
Jun 08 11:05:27 
Jun 08 11:25:02 
Jun 08 11:25:02 🔔东东健康社区收集能量收集, 开始!
Jun 08 11:25:02 
Jun 08 11:25:02 ====================共1个京东账号Cookie=========
Jun 08 11:25:02 
Jun 08 11:25:02 ==================脚本执行- 北京时间(UTC+8)：6/8/2021, 11:25:02 AM=====================
Jun 08 11:25:02 
Jun 08 11:25:02 
Jun 08 11:25:02 ******开始【京东账号1】liu1071607950*********
Jun 08 11:25:02 
Jun 08 11:25:04 任务完成失败：{"code":-30001,"msg":"登陆失败"}
Jun 08 11:25:04 
Jun 08 11:25:04 🔔东东健康社区收集能量收集, 结束! 🕛 2.191 秒
Jun 08 11:25:04 
Jun 08 11:45:07 
Jun 08 11:45:07 🔔东东健康社区收集能量收集, 开始!
Jun 08 11:45:07 
Jun 08 11:45:07 ====================共1个京东账号Cookie=========
Jun 08 11:45:07 
Jun 08 11:45:07 ==================脚本执行- 北京时间(UTC+8)：6/8/2021, 11:45:07 AM=====================
Jun 08 11:45:07 
Jun 08 11:45:07 
Jun 08 11:45:07 ******开始【京东账号1】liu1071607950*********
Jun 08 11:45:07 
Jun 08 11:45:09 任务完成失败：{"code":-30001,"msg":"登陆失败"}
Jun 08 11:45:09 
Jun 08 11:45:09 🔔东东健康社区收集能量收集, 结束! 🕛 2.098 秒
Jun 08 11:45:09 
Jun 08 12:05:50 
Jun 08 12:05:50 🔔东东健康社区收集能量收集, 开始!
Jun 08 12:05:50 
Jun 08 12:05:50 ====================共1个京东账号Cookie=========
Jun 08 12:05:50 
Jun 08 12:05:50 ==================脚本执行- 北京时间(UTC+8)：6/8/2021, 12:05:50 PM=====================
Jun 08 12:05:50 
Jun 08 12:05:50 
Jun 08 12:05:50 ******开始【京东账号1】liu1071607950*********
Jun 08 12:05:50 
Jun 08 12:05:51 任务完成失败：{"code":-30001,"msg":"登陆失败"}
Jun 08 12:05:51 
Jun 08 12:05:51 🔔东东健康社区收集能量收集, 结束! 🕛 1.324 秒
Jun 08 12:05:51 
Jun 08 12:26:55 
Jun 08 12:26:55 🔔东东健康社区收集能量收集, 开始!
Jun 08 12:26:55 
Jun 08 12:26:55 ====================共1个京东账号Cookie=========
Jun 08 12:26:55 
Jun 08 12:26:55 ==================脚本执行- 北京时间(UTC+8)：6/8/2021, 12:26:55 PM=====================
Jun 08 12:26:55 
Jun 08 12:26:55 
Jun 08 12:26:55 ******开始【京东账号1】liu1071607950*********
Jun 08 12:26:55 
Jun 08 12:26:58 任务完成失败：{"code":-30001,"msg":"登陆失败"}
Jun 08 12:26:58 
Jun 08 12:26:58 🔔东东健康社区收集能量收集, 结束! 🕛 2.889 秒
Jun 08 12:26:58 
Jun 08 12:45:41 
Jun 08 12:45:41 🔔东东健康社区收集能量收集, 开始!
Jun 08 12:45:41 
Jun 08 12:45:41 ====================共1个京东账号Cookie=========
Jun 08 12:45:41 
Jun 08 12:45:41 ==================脚本执行- 北京时间(UTC+8)：6/8/2021, 12:45:41 PM=====================
Jun 08 12:45:41 
Jun 08 12:45:41 
Jun 08 12:45:41 ******开始【京东账号1】liu1071607950*********
Jun 08 12:45:41 
Jun 08 12:45:42 任务完成失败：{"code":-30001,"msg":"登陆失败"}
Jun 08 12:45:42 
Jun 08 12:45:42 🔔东东健康社区收集能量收集, 结束! 🕛 1.503 秒
Jun 08 12:45:42 
Jun 08 13:05:43 
Jun 08 13:05:43 🔔东东健康社区收集能量收集, 开始!
Jun 08 13:05:43 
Jun 08 13:05:43 ====================共1个京东账号Cookie=========
Jun 08 13:05:43 
Jun 08 13:05:43 ==================脚本执行- 北京时间(UTC+8)：6/8/2021, 1:05:43 PM=====================
Jun 08 13:05:43 
Jun 08 13:05:43 
Jun 08 13:05:43 ******开始【京东账号1】liu1071607950*********
Jun 08 13:05:43 
Jun 08 13:05:45 任务完成失败：{"code":-30001,"msg":"登陆失败"}
Jun 08 13:05:45 
Jun 08 13:05:45 🔔东东健康社区收集能量收集, 结束! 🕛 1.608 秒
Jun 08 13:05:45 
Jun 08 13:26:25 
Jun 08 13:26:25 🔔东东健康社区收集能量收集, 开始!
Jun 08 13:26:25 
Jun 08 13:26:25 ====================共1个京东账号Cookie=========
Jun 08 13:26:25 
Jun 08 13:26:25 ==================脚本执行- 北京时间(UTC+8)：6/8/2021, 1:26:25 PM=====================
Jun 08 13:26:25 
Jun 08 13:26:25 
Jun 08 13:26:25 ******开始【京东账号1】liu1071607950*********
Jun 08 13:26:25 
Jun 08 13:26:27 任务完成失败：{"code":-30001,"msg":"登陆失败"}
Jun 08 13:26:27 
Jun 08 13:26:27 🔔东东健康社区收集能量收集, 结束! 🕛 1.294 秒
Jun 08 13:26:27 
Jun 08 13:46:33 
Jun 08 13:46:33 🔔东东健康社区收集能量收集, 开始!
Jun 08 13:46:33 
Jun 08 13:46:33 ====================共1个京东账号Cookie=========
Jun 08 13:46:33 
Jun 08 13:46:33 ==================脚本执行- 北京时间(UTC+8)：6/8/2021, 1:46:33 PM=====================
Jun 08 13:46:33 
Jun 08 13:46:33 
Jun 08 13:46:33 ******开始【京东账号1】liu1071607950*********
Jun 08 13:46:33 
Jun 08 13:46:37 任务完成失败：{"code":-30001,"msg":"登陆失败"}
Jun 08 13:46:37 
Jun 08 13:46:37 🔔东东健康社区收集能量收集, 结束! 🕛 4.722 秒
Jun 08 13:46:37 
Jun 08 14:06:47 
Jun 08 14:06:47 🔔东东健康社区收集能量收集, 开始!
Jun 08 14:06:47 
Jun 08 14:06:47 ====================共1个京东账号Cookie=========
Jun 08 14:06:47 
Jun 08 14:06:47 ==================脚本执行- 北京时间(UTC+8)：6/8/2021, 2:06:47 PM=====================
Jun 08 14:06:47 
Jun 08 14:06:47 
Jun 08 14:06:47 ******开始【京东账号1】liu1071607950*********
Jun 08 14:06:47 
Jun 08 14:06:48 任务完成失败：{"code":-30001,"msg":"登陆失败"}
Jun 08 14:06:48 
Jun 08 14:06:48 🔔东东健康社区收集能量收集, 结束! 🕛 1.889 秒
Jun 08 14:06:48 
Jun 08 14:26:54 
Jun 08 14:26:54 🔔东东健康社区收集能量收集, 开始!
Jun 08 14:26:54 
Jun 08 14:26:54 ====================共1个京东账号Cookie=========
Jun 08 14:26:54 
Jun 08 14:26:54 ==================脚本执行- 北京时间(UTC+8)：6/8/2021, 2:26:54 PM=====================
Jun 08 14:26:54 
Jun 08 14:26:54 
Jun 08 14:26:54 ******开始【京东账号1】liu1071607950*********
Jun 08 14:26:54 
Jun 08 14:26:56 任务完成失败：{"code":-30001,"msg":"登陆失败"}
Jun 08 14:26:56 
Jun 08 14:26:56 🔔东东健康社区收集能量收集, 结束! 🕛 2.294 秒
Jun 08 14:26:56 
Jun 08 14:45:56 
Jun 08 14:45:56 🔔东东健康社区收集能量收集, 开始!
Jun 08 14:45:56 
Jun 08 14:45:56 ====================共1个京东账号Cookie=========
Jun 08 14:45:56 
Jun 08 14:45:56 ==================脚本执行- 北京时间(UTC+8)：6/8/2021, 2:45:56 PM=====================
Jun 08 14:45:56 
Jun 08 14:45:56 
Jun 08 14:45:56 ******开始【京东账号1】liu1071607950*********
Jun 08 14:45:56 
Jun 08 14:45:57 任务完成失败：{"code":-30001,"msg":"登陆失败"}
Jun 08 14:45:57 
Jun 08 14:45:57 🔔东东健康社区收集能量收集, 结束! 🕛 1.599 秒
Jun 08 14:45:57 
Jun 08 15:05:53 
Jun 08 15:05:53 🔔东东健康社区收集能量收集, 开始!
Jun 08 15:05:53 
Jun 08 15:05:53 ====================共1个京东账号Cookie=========
Jun 08 15:05:53 
Jun 08 15:05:53 ==================脚本执行- 北京时间(UTC+8)：6/8/2021, 3:05:53 PM=====================
Jun 08 15:05:53 
Jun 08 15:05:53 
Jun 08 15:05:53 ******开始【京东账号1】liu1071607950*********
Jun 08 15:05:53 
Jun 08 15:05:58 SyntaxError: Unexpected token u in JSON at position 0
Jun 08 15:05:58     at JSON.parse (<anonymous>)
Jun 08 15:05:58     at safeGet (/scripts/jd_health_collect.js:126:19)
Jun 08 15:05:58     at /scripts/jd_health_collect.js:77:9
Jun 08 15:05:58     at /scripts/jd_health_collect.js:137:4955
Jun 08 15:05:58     at processTicksAndRejections (internal/process/task_queues.js:93:5)
Jun 08 15:05:58 京东服务器访问数据为空，请检查自身设备网络情况
Jun 08 15:05:58 
Jun 08 15:05:58 🔔东东健康社区收集能量收集, 结束! 🕛 5.03 秒
Jun 08 15:05:58 
Jun 08 15:26:30 
Jun 08 15:26:30 🔔东东健康社区收集能量收集, 开始!
Jun 08 15:26:30 
Jun 08 15:26:30 ====================共1个京东账号Cookie=========
Jun 08 15:26:30 
Jun 08 15:26:30 ==================脚本执行- 北京时间(UTC+8)：6/8/2021, 3:26:30 PM=====================
Jun 08 15:26:30 
Jun 08 15:26:30 
Jun 08 15:26:30 ******开始【京东账号1】liu1071607950*********
Jun 08 15:26:30 
Jun 08 15:26:35 SyntaxError: Unexpected token u in JSON at position 0
Jun 08 15:26:35     at JSON.parse (<anonymous>)
Jun 08 15:26:35     at safeGet (/scripts/jd_health_collect.js:126:19)
Jun 08 15:26:35     at /scripts/jd_health_collect.js:77:9
Jun 08 15:26:35     at /scripts/jd_health_collect.js:137:4955
Jun 08 15:26:35     at processTicksAndRejections (internal/process/task_queues.js:93:5)
Jun 08 15:26:35 京东服务器访问数据为空，请检查自身设备网络情况
Jun 08 15:26:35 
Jun 08 15:26:35 🔔东东健康社区收集能量收集, 结束! 🕛 4.775 秒
Jun 08 15:26:35 
Jun 08 15:45:21 
Jun 08 15:45:21 🔔东东健康社区收集能量收集, 开始!
Jun 08 15:45:21 
Jun 08 15:45:21 ====================共1个京东账号Cookie=========
Jun 08 15:45:21 
Jun 08 15:45:21 ==================脚本执行- 北京时间(UTC+8)：6/8/2021, 3:45:21 PM=====================
Jun 08 15:45:21 
Jun 08 15:45:21 
Jun 08 15:45:21 ******开始【京东账号1】liu1071607950*********
Jun 08 15:45:21 
Jun 08 15:45:25 SyntaxError: Unexpected token u in JSON at position 0
Jun 08 15:45:25     at JSON.parse (<anonymous>)
Jun 08 15:45:25     at safeGet (/scripts/jd_health_collect.js:126:19)
Jun 08 15:45:25     at /scripts/jd_health_collect.js:77:9
Jun 08 15:45:25     at /scripts/jd_health_collect.js:137:4955
Jun 08 15:45:25     at processTicksAndRejections (internal/process/task_queues.js:93:5)
Jun 08 15:45:25 京东服务器访问数据为空，请检查自身设备网络情况
Jun 08 15:45:25 
Jun 08 15:45:25 🔔东东健康社区收集能量收集, 结束! 🕛 4.201 秒
Jun 08 15:45:25 
Jun 08 16:05:28 
Jun 08 16:05:28 🔔东东健康社区收集能量收集, 开始!
Jun 08 16:05:28 
Jun 08 16:05:28 ====================共1个京东账号Cookie=========
Jun 08 16:05:28 
Jun 08 16:05:28 ==================脚本执行- 北京时间(UTC+8)：6/8/2021, 4:05:28 PM=====================
Jun 08 16:05:28 
Jun 08 16:05:28 
Jun 08 16:05:28 ******开始【京东账号1】liu1071607950*********
Jun 08 16:05:28 
Jun 08 16:05:29 任务完成失败：{"code":-30001,"msg":"登陆失败"}
Jun 08 16:05:29 
Jun 08 16:05:29 🔔东东健康社区收集能量收集, 结束! 🕛 1.33 秒
Jun 08 16:05:29 
Jun 08 16:26:59 
Jun 08 16:26:59 🔔东东健康社区收集能量收集, 开始!
Jun 08 16:26:59 
Jun 08 16:26:59 ====================共1个京东账号Cookie=========
Jun 08 16:26:59 
Jun 08 16:26:59 ==================脚本执行- 北京时间(UTC+8)：6/8/2021, 4:26:59 PM=====================
Jun 08 16:26:59 
Jun 08 16:26:59 
Jun 08 16:26:59 ******开始【京东账号1】liu1071607950*********
Jun 08 16:26:59 
Jun 08 16:27:00 任务完成失败：{"code":-30001,"msg":"登陆失败"}
Jun 08 16:27:00 
Jun 08 16:27:00 🔔东东健康社区收集能量收集, 结束! 🕛 1.598 秒
Jun 08 16:27:00 
Jun 08 16:45:43 
Jun 08 16:45:43 🔔东东健康社区收集能量收集, 开始!
Jun 08 16:45:43 
Jun 08 16:45:43 ====================共1个京东账号Cookie=========
Jun 08 16:45:43 
Jun 08 16:45:43 ==================脚本执行- 北京时间(UTC+8)：6/8/2021, 4:45:43 PM=====================
Jun 08 16:45:43 
Jun 08 16:45:43 
Jun 08 16:45:43 ******开始【京东账号1】liu1071607950*********
Jun 08 16:45:43 
Jun 08 16:45:45 任务完成失败：{"code":-30001,"msg":"登陆失败"}
Jun 08 16:45:45 
Jun 08 16:45:45 🔔东东健康社区收集能量收集, 结束! 🕛 2.084 秒
Jun 08 16:45:45 
Jun 08 17:05:58 
Jun 08 17:05:58 🔔东东健康社区收集能量收集, 开始!
Jun 08 17:05:58 
Jun 08 17:05:58 ====================共1个京东账号Cookie=========
Jun 08 17:05:58 
Jun 08 17:05:58 ==================脚本执行- 北京时间(UTC+8)：6/8/2021, 5:05:58 PM=====================
Jun 08 17:05:58 
Jun 08 17:05:58 
Jun 08 17:05:58 ******开始【京东账号1】liu1071607950*********
Jun 08 17:05:58 
Jun 08 17:06:00 任务完成失败：{"code":-30001,"msg":"登陆失败"}
Jun 08 17:06:00 
Jun 08 17:06:00 🔔东东健康社区收集能量收集, 结束! 🕛 1.995 秒
Jun 08 17:06:00 
Jun 08 17:25:41 
Jun 08 17:25:41 🔔东东健康社区收集能量收集, 开始!
Jun 08 17:25:41 
Jun 08 17:25:41 ====================共1个京东账号Cookie=========
Jun 08 17:25:41 
Jun 08 17:25:41 ==================脚本执行- 北京时间(UTC+8)：6/8/2021, 5:25:41 PM=====================
Jun 08 17:25:41 
Jun 08 17:25:41 
Jun 08 17:25:41 ******开始【京东账号1】liu1071607950*********
Jun 08 17:25:41 
Jun 08 17:25:42 任务完成失败：{"code":-30001,"msg":"登陆失败"}
Jun 08 17:25:42 
Jun 08 17:25:42 🔔东东健康社区收集能量收集, 结束! 🕛 1.552 秒
Jun 08 17:25:42 
Jun 08 17:45:57 
Jun 08 17:45:57 🔔东东健康社区收集能量收集, 开始!
Jun 08 17:45:57 
Jun 08 17:45:57 ====================共1个京东账号Cookie=========
Jun 08 17:45:57 
Jun 08 17:45:57 ==================脚本执行- 北京时间(UTC+8)：6/8/2021, 5:45:57 PM=====================
Jun 08 17:45:57 
Jun 08 17:45:57 
Jun 08 17:45:57 ******开始【京东账号1】liu1071607950*********
Jun 08 17:45:57 
Jun 08 17:45:58 任务完成失败：{"code":-30001,"msg":"登陆失败"}
Jun 08 17:45:58 
Jun 08 17:45:58 🔔东东健康社区收集能量收集, 结束! 🕛 1.469 秒
Jun 08 17:45:58 
Jun 08 18:05:10 
Jun 08 18:05:10 🔔东东健康社区收集能量收集, 开始!
Jun 08 18:05:10 
Jun 08 18:05:10 ====================共1个京东账号Cookie=========
Jun 08 18:05:10 
Jun 08 18:05:10 ==================脚本执行- 北京时间(UTC+8)：6/8/2021, 6:05:10 PM=====================
Jun 08 18:05:10 
Jun 08 18:05:10 
Jun 08 18:05:10 ******开始【京东账号1】liu1071607950*********
Jun 08 18:05:10 
Jun 08 18:05:11 任务完成失败：{"code":-30001,"msg":"登陆失败"}
Jun 08 18:05:11 
Jun 08 18:05:11 🔔东东健康社区收集能量收集, 结束! 🕛 1.65 秒
Jun 08 18:05:11 
Jun 08 18:26:42 
Jun 08 18:26:42 🔔东东健康社区收集能量收集, 开始!
Jun 08 18:26:42 
Jun 08 18:26:42 ====================共1个京东账号Cookie=========
Jun 08 18:26:42 
Jun 08 18:26:42 ==================脚本执行- 北京时间(UTC+8)：6/8/2021, 6:26:42 PM=====================
Jun 08 18:26:42 
Jun 08 18:26:42 
Jun 08 18:26:42 ******开始【京东账号1】liu1071607950*********
Jun 08 18:26:42 
Jun 08 18:26:43 任务完成失败：{"code":-30001,"msg":"登陆失败"}
Jun 08 18:26:43 
Jun 08 18:26:43 🔔东东健康社区收集能量收集, 结束! 🕛 1.755 秒
Jun 08 18:26:43 
Jun 08 18:45:05 
Jun 08 18:45:05 🔔东东健康社区收集能量收集, 开始!
Jun 08 18:45:05 
Jun 08 18:45:05 ====================共1个京东账号Cookie=========
Jun 08 18:45:05 
Jun 08 18:45:05 ==================脚本执行- 北京时间(UTC+8)：6/8/2021, 6:45:05 PM=====================
Jun 08 18:45:05 
Jun 08 18:45:05 
Jun 08 18:45:05 ******开始【京东账号1】liu1071607950*********
Jun 08 18:45:05 
Jun 08 18:45:07 任务完成失败：{"code":-30001,"msg":"登陆失败"}
Jun 08 18:45:07 
Jun 08 18:45:07 🔔东东健康社区收集能量收集, 结束! 🕛 1.597 秒
Jun 08 18:45:07 
Jun 08 19:05:02 
Jun 08 19:05:02 🔔东东健康社区收集能量收集, 开始!
Jun 08 19:05:02 
Jun 08 19:05:02 ====================共1个京东账号Cookie=========
Jun 08 19:05:02 
Jun 08 19:05:02 ==================脚本执行- 北京时间(UTC+8)：6/8/2021, 7:05:02 PM=====================
Jun 08 19:05:02 
Jun 08 19:05:02 
Jun 08 19:05:02 ******开始【京东账号1】liu1071607950*********
Jun 08 19:05:02 
Jun 08 19:05:04 任务完成失败：{"code":-30001,"msg":"登陆失败"}
Jun 08 19:05:04 
Jun 08 19:05:04 🔔东东健康社区收集能量收集, 结束! 🕛 1.838 秒
Jun 08 19:05:04 
Jun 08 19:25:52 
Jun 08 19:25:52 🔔东东健康社区收集能量收集, 开始!
Jun 08 19:25:52 
Jun 08 19:25:53 ====================共1个京东账号Cookie=========
Jun 08 19:25:53 
Jun 08 19:25:53 ==================脚本执行- 北京时间(UTC+8)：6/8/2021, 7:25:52 PM=====================
Jun 08 19:25:53 
Jun 08 19:25:53 
Jun 08 19:25:53 ******开始【京东账号1】liu1071607950*********
Jun 08 19:25:53 
Jun 08 19:25:57 SyntaxError: Unexpected token u in JSON at position 0
Jun 08 19:25:57     at JSON.parse (<anonymous>)
Jun 08 19:25:57     at safeGet (/scripts/jd_health_collect.js:126:19)
Jun 08 19:25:57     at /scripts/jd_health_collect.js:77:9
Jun 08 19:25:57     at /scripts/jd_health_collect.js:137:4955
Jun 08 19:25:57     at processTicksAndRejections (internal/process/task_queues.js:93:5)
Jun 08 19:25:57 京东服务器访问数据为空，请检查自身设备网络情况
Jun 08 19:25:57 
Jun 08 19:25:57 🔔东东健康社区收集能量收集, 结束! 🕛 4.609 秒
Jun 08 19:25:57 
Jun 08 19:45:54 
Jun 08 19:45:54 🔔东东健康社区收集能量收集, 开始!
Jun 08 19:45:54 
Jun 08 19:45:54 ====================共1个京东账号Cookie=========
Jun 08 19:45:54 
Jun 08 19:45:54 ==================脚本执行- 北京时间(UTC+8)：6/8/2021, 7:45:54 PM=====================
Jun 08 19:45:54 
Jun 08 19:45:54 
Jun 08 19:45:54 ******开始【京东账号1】liu1071607950*********
Jun 08 19:45:54 
Jun 08 19:45:59 SyntaxError: Unexpected token u in JSON at position 0
Jun 08 19:45:59     at JSON.parse (<anonymous>)
Jun 08 19:45:59     at safeGet (/scripts/jd_health_collect.js:126:19)
Jun 08 19:45:59     at /scripts/jd_health_collect.js:77:9
Jun 08 19:45:59     at /scripts/jd_health_collect.js:137:4955
Jun 08 19:45:59     at processTicksAndRejections (internal/process/task_queues.js:93:5)
Jun 08 19:45:59 京东服务器访问数据为空，请检查自身设备网络情况
Jun 08 19:45:59 
Jun 08 19:45:59 🔔东东健康社区收集能量收集, 结束! 🕛 4.965 秒
Jun 08 19:45:59 
Jun 08 20:06:40 
Jun 08 20:06:40 🔔东东健康社区收集能量收集, 开始!
Jun 08 20:06:40 
Jun 08 20:06:40 ====================共1个京东账号Cookie=========
Jun 08 20:06:40 
Jun 08 20:06:40 ==================脚本执行- 北京时间(UTC+8)：6/8/2021, 8:06:40 PM=====================
Jun 08 20:06:40 
Jun 08 20:06:40 
Jun 08 20:06:40 ******开始【京东账号1】liu1071607950*********
Jun 08 20:06:40 
Jun 08 20:06:44 SyntaxError: Unexpected token u in JSON at position 0
Jun 08 20:06:44     at JSON.parse (<anonymous>)
Jun 08 20:06:44     at safeGet (/scripts/jd_health_collect.js:126:19)
Jun 08 20:06:44     at /scripts/jd_health_collect.js:77:9
Jun 08 20:06:44     at /scripts/jd_health_collect.js:137:4955
Jun 08 20:06:44     at processTicksAndRejections (internal/process/task_queues.js:93:5)
Jun 08 20:06:44 京东服务器访问数据为空，请检查自身设备网络情况
Jun 08 20:06:44 
Jun 08 20:06:44 🔔东东健康社区收集能量收集, 结束! 🕛 4.463 秒
Jun 08 20:06:44 
Jun 08 20:26:33 
Jun 08 20:26:33 🔔东东健康社区收集能量收集, 开始!
Jun 08 20:26:33 
Jun 08 20:26:33 ====================共1个京东账号Cookie=========
Jun 08 20:26:33 
Jun 08 20:26:33 ==================脚本执行- 北京时间(UTC+8)：6/8/2021, 8:26:33 PM=====================
Jun 08 20:26:33 
Jun 08 20:26:33 
Jun 08 20:26:33 ******开始【京东账号1】liu1071607950*********
Jun 08 20:26:33 
Jun 08 20:26:37 SyntaxError: Unexpected token u in JSON at position 0
Jun 08 20:26:37     at JSON.parse (<anonymous>)
Jun 08 20:26:37     at safeGet (/scripts/jd_health_collect.js:126:19)
Jun 08 20:26:37     at /scripts/jd_health_collect.js:77:9
Jun 08 20:26:37     at /scripts/jd_health_collect.js:137:4955
Jun 08 20:26:37     at processTicksAndRejections (internal/process/task_queues.js:93:5)
Jun 08 20:26:37 京东服务器访问数据为空，请检查自身设备网络情况
Jun 08 20:26:37 
Jun 08 20:26:37 🔔东东健康社区收集能量收集, 结束! 🕛 4.553 秒
Jun 08 20:26:37 
Jun 08 20:46:46 
Jun 08 20:46:46 🔔东东健康社区收集能量收集, 开始!
Jun 08 20:46:46 
Jun 08 20:46:46 ====================共1个京东账号Cookie=========
Jun 08 20:46:46 
Jun 08 20:46:46 ==================脚本执行- 北京时间(UTC+8)：6/8/2021, 8:46:46 PM=====================
Jun 08 20:46:46 
Jun 08 20:46:46 
Jun 08 20:46:46 ******开始【京东账号1】liu1071607950*********
Jun 08 20:46:46 
Jun 08 20:46:47 任务完成失败：{"code":-30001,"msg":"登陆失败"}
Jun 08 20:46:47 
Jun 08 20:46:47 🔔东东健康社区收集能量收集, 结束! 🕛 1.689 秒
Jun 08 20:46:47 
Jun 08 21:05:39 
Jun 08 21:05:39 🔔东东健康社区收集能量收集, 开始!
Jun 08 21:05:39 
Jun 08 21:05:39 ====================共1个京东账号Cookie=========
Jun 08 21:05:39 
Jun 08 21:05:39 ==================脚本执行- 北京时间(UTC+8)：6/8/2021, 9:05:39 PM=====================
Jun 08 21:05:40 
Jun 08 21:05:40 
Jun 08 21:05:40 ******开始【京东账号1】liu1071607950*********
Jun 08 21:05:40 
Jun 08 21:05:41 任务完成失败：{"code":-30001,"msg":"登陆失败"}
Jun 08 21:05:41 
Jun 08 21:05:41 🔔东东健康社区收集能量收集, 结束! 🕛 1.651 秒
Jun 08 21:05:41 
Jun 08 21:26:34 
Jun 08 21:26:34 🔔东东健康社区收集能量收集, 开始!
Jun 08 21:26:34 
Jun 08 21:26:34 ====================共1个京东账号Cookie=========
Jun 08 21:26:34 
Jun 08 21:26:34 ==================脚本执行- 北京时间(UTC+8)：6/8/2021, 9:26:34 PM=====================
Jun 08 21:26:34 
Jun 08 21:26:34 
Jun 08 21:26:34 ******开始【京东账号1】liu1071607950*********
Jun 08 21:26:34 
Jun 08 21:26:36 任务完成失败：{"code":-30001,"msg":"登陆失败"}
Jun 08 21:26:36 
Jun 08 21:26:36 🔔东东健康社区收集能量收集, 结束! 🕛 2.097 秒
Jun 08 21:26:36 
Jun 08 21:45:25 
Jun 08 21:45:25 🔔东东健康社区收集能量收集, 开始!
Jun 08 21:45:25 
Jun 08 21:45:25 ====================共1个京东账号Cookie=========
Jun 08 21:45:25 
Jun 08 21:45:25 ==================脚本执行- 北京时间(UTC+8)：6/8/2021, 9:45:25 PM=====================
Jun 08 21:45:25 
Jun 08 21:45:25 
Jun 08 21:45:25 ******开始【京东账号1】liu1071607950*********
Jun 08 21:45:25 
Jun 08 21:45:26 任务完成失败：{"code":-30001,"msg":"登陆失败"}
Jun 08 21:45:26 
Jun 08 21:45:26 🔔东东健康社区收集能量收集, 结束! 🕛 1.217 秒
Jun 08 21:45:26 
Jun 08 22:05:26 
Jun 08 22:05:26 🔔东东健康社区收集能量收集, 开始!
Jun 08 22:05:26 
Jun 08 22:05:26 ====================共1个京东账号Cookie=========
Jun 08 22:05:26 
Jun 08 22:05:26 ==================脚本执行- 北京时间(UTC+8)：6/8/2021, 10:05:26 PM=====================
Jun 08 22:05:26 
Jun 08 22:05:26 
Jun 08 22:05:26 ******开始【京东账号1】liu1071607950*********
Jun 08 22:05:26 
Jun 08 22:05:27 任务完成失败：{"code":-30001,"msg":"登陆失败"}
Jun 08 22:05:27 
Jun 08 22:05:27 🔔东东健康社区收集能量收集, 结束! 🕛 1.247 秒
Jun 08 22:05:27 
Jun 08 22:25:59 
Jun 08 22:25:59 🔔东东健康社区收集能量收集, 开始!
Jun 08 22:25:59 
Jun 08 22:25:59 ====================共1个京东账号Cookie=========
Jun 08 22:25:59 
Jun 08 22:25:59 ==================脚本执行- 北京时间(UTC+8)：6/8/2021, 10:25:59 PM=====================
Jun 08 22:25:59 
Jun 08 22:25:59 
Jun 08 22:25:59 ******开始【京东账号1】liu1071607950*********
Jun 08 22:25:59 
Jun 08 22:26:01 任务完成失败：{"code":-30001,"msg":"登陆失败"}
Jun 08 22:26:01 
Jun 08 22:26:01 🔔东东健康社区收集能量收集, 结束! 🕛 1.488 秒
Jun 08 22:26:01 
Jun 08 22:46:23 
Jun 08 22:46:23 🔔东东健康社区收集能量收集, 开始!
Jun 08 22:46:24 
Jun 08 22:46:24 ====================共1个京东账号Cookie=========
Jun 08 22:46:24 
Jun 08 22:46:24 ==================脚本执行- 北京时间(UTC+8)：6/8/2021, 10:46:24 PM=====================
Jun 08 22:46:24 
Jun 08 22:46:24 
Jun 08 22:46:24 ******开始【京东账号1】liu1071607950*********
Jun 08 22:46:24 
Jun 08 22:46:25 任务完成失败：{"code":-30001,"msg":"登陆失败"}
Jun 08 22:46:25 
Jun 08 22:46:25 🔔东东健康社区收集能量收集, 结束! 🕛 1.341 秒
Jun 08 22:46:25 
Jun 08 23:05:32 
Jun 08 23:05:32 🔔东东健康社区收集能量收集, 开始!
Jun 08 23:05:32 
Jun 08 23:05:32 ====================共1个京东账号Cookie=========
Jun 08 23:05:32 
Jun 08 23:05:32 ==================脚本执行- 北京时间(UTC+8)：6/8/2021, 11:05:32 PM=====================
Jun 08 23:05:32 
Jun 08 23:05:32 
Jun 08 23:05:32 ******开始【京东账号1】liu1071607950*********
Jun 08 23:05:32 
Jun 08 23:05:33 任务完成失败：{"code":-30001,"msg":"登陆失败"}
Jun 08 23:05:33 
Jun 08 23:05:33 🔔东东健康社区收集能量收集, 结束! 🕛 1.884 秒
Jun 08 23:05:33 
Jun 08 23:25:53 
Jun 08 23:25:53 🔔东东健康社区收集能量收集, 开始!
Jun 08 23:25:53 
Jun 08 23:25:53 ====================共1个京东账号Cookie=========
Jun 08 23:25:53 
Jun 08 23:25:53 ==================脚本执行- 北京时间(UTC+8)：6/8/2021, 11:25:53 PM=====================
Jun 08 23:25:53 
Jun 08 23:25:53 
Jun 08 23:25:53 ******开始【京东账号1】liu1071607950*********
Jun 08 23:25:53 
Jun 08 23:25:54 任务完成失败：{"code":-30001,"msg":"登陆失败"}
Jun 08 23:25:54 
Jun 08 23:25:54 🔔东东健康社区收集能量收集, 结束! 🕛 1.134 秒
Jun 08 23:25:54 
Jun 08 23:46:53 
Jun 08 23:46:53 🔔东东健康社区收集能量收集, 开始!
Jun 08 23:46:53 
Jun 08 23:46:53 ====================共1个京东账号Cookie=========
Jun 08 23:46:53 
Jun 08 23:46:53 ==================脚本执行- 北京时间(UTC+8)：6/8/2021, 11:46:53 PM=====================
Jun 08 23:46:53 
Jun 08 23:46:53 
Jun 08 23:46:53 ******开始【京东账号1】liu1071607950*********
Jun 08 23:46:53 
Jun 08 23:46:55 任务完成失败：{"code":-30001,"msg":"登陆失败"}
Jun 08 23:46:55 
Jun 08 23:46:55 🔔东东健康社区收集能量收集, 结束! 🕛 2.389 秒
Jun 08 23:46:55 
Jun 09 11:05:50 
Jun 09 11:05:50 🔔东东健康社区收集能量收集, 开始!
Jun 09 11:05:50 
Jun 09 11:05:50 ====================共1个京东账号Cookie=========
Jun 09 11:05:50 
Jun 09 11:05:50 ==================脚本执行- 北京时间(UTC+8)：6/9/2021, 11:05:50 AM=====================
Jun 09 11:05:50 
Jun 09 11:05:50 
Jun 09 11:05:50 ******开始【京东账号1】liu1071607950*********
Jun 09 11:05:50 
Jun 09 11:05:52 任务完成失败：{"code":-30001,"msg":"登陆失败"}
Jun 09 11:05:52 
Jun 09 11:05:52 🔔东东健康社区收集能量收集, 结束! 🕛 1.673 秒
Jun 09 11:05:52 
Jun 09 11:25:53 
Jun 09 11:25:53 🔔东东健康社区收集能量收集, 开始!
Jun 09 11:25:53 
Jun 09 11:25:53 ====================共1个京东账号Cookie=========
Jun 09 11:25:53 
Jun 09 11:25:53 ==================脚本执行- 北京时间(UTC+8)：6/9/2021, 11:25:53 AM=====================
Jun 09 11:25:53 
Jun 09 11:25:53 
Jun 09 11:25:53 ******开始【京东账号1】liu1071607950*********
Jun 09 11:25:53 
Jun 09 11:25:55 任务完成失败：{"code":-30001,"msg":"登陆失败"}
Jun 09 11:25:55 
Jun 09 11:25:56 🔔东东健康社区收集能量收集, 结束! 🕛 2.253 秒
Jun 09 11:25:56 
Jun 09 11:45:26 
Jun 09 11:45:26 🔔东东健康社区收集能量收集, 开始!
Jun 09 11:45:26 
Jun 09 11:45:26 ====================共1个京东账号Cookie=========
Jun 09 11:45:26 
Jun 09 11:45:26 ==================脚本执行- 北京时间(UTC+8)：6/9/2021, 11:45:26 AM=====================
Jun 09 11:45:26 
Jun 09 11:45:26 
Jun 09 11:45:26 ******开始【京东账号1】liu1071607950*********
Jun 09 11:45:26 
Jun 09 11:45:27 任务完成失败：{"code":-30001,"msg":"登陆失败"}
Jun 09 11:45:27 
Jun 09 11:45:27 🔔东东健康社区收集能量收集, 结束! 🕛 1.534 秒
Jun 09 11:45:27 
Jun 09 12:06:25 
Jun 09 12:06:25 🔔东东健康社区收集能量收集, 开始!
Jun 09 12:06:25 
Jun 09 12:06:25 ====================共1个京东账号Cookie=========
Jun 09 12:06:25 
Jun 09 12:06:25 ==================脚本执行- 北京时间(UTC+8)：6/9/2021, 12:06:25 PM=====================
Jun 09 12:06:25 
Jun 09 12:06:25 
Jun 09 12:06:25 ******开始【京东账号1】liu1071607950*********
Jun 09 12:06:25 
Jun 09 12:06:26 任务完成失败：{"code":-30001,"msg":"登陆失败"}
Jun 09 12:06:26 
Jun 09 12:06:26 🔔东东健康社区收集能量收集, 结束! 🕛 1.496 秒
Jun 09 12:06:26 
Jun 09 12:25:48 
Jun 09 12:25:48 🔔东东健康社区收集能量收集, 开始!
Jun 09 12:25:48 
Jun 09 12:25:48 ====================共1个京东账号Cookie=========
Jun 09 12:25:48 
Jun 09 12:25:48 ==================脚本执行- 北京时间(UTC+8)：6/9/2021, 12:25:48 PM=====================
Jun 09 12:25:48 
Jun 09 12:25:48 
Jun 09 12:25:48 ******开始【京东账号1】liu1071607950*********
Jun 09 12:25:48 
Jun 09 12:25:53 SyntaxError: Unexpected token u in JSON at position 0
Jun 09 12:25:53     at JSON.parse (<anonymous>)
Jun 09 12:25:53     at safeGet (/scripts/jd_health_collect.js:126:19)
Jun 09 12:25:53     at /scripts/jd_health_collect.js:77:9
Jun 09 12:25:53     at /scripts/jd_health_collect.js:137:4955
Jun 09 12:25:53     at processTicksAndRejections (internal/process/task_queues.js:93:5)
Jun 09 12:25:53 京东服务器访问数据为空，请检查自身设备网络情况
Jun 09 12:25:53 
Jun 09 12:25:53 🔔东东健康社区收集能量收集, 结束! 🕛 4.916 秒
Jun 09 12:25:53 
Jun 09 12:45:55 
Jun 09 12:45:55 🔔东东健康社区收集能量收集, 开始!
Jun 09 12:45:55 
Jun 09 12:45:55 ====================共1个京东账号Cookie=========
Jun 09 12:45:55 
Jun 09 12:45:55 ==================脚本执行- 北京时间(UTC+8)：6/9/2021, 12:45:55 PM=====================
Jun 09 12:45:55 
Jun 09 12:45:55 
Jun 09 12:45:55 ******开始【京东账号1】liu1071607950*********
Jun 09 12:45:55 
Jun 09 12:46:00 SyntaxError: Unexpected token u in JSON at position 0
Jun 09 12:46:00     at JSON.parse (<anonymous>)
Jun 09 12:46:00     at safeGet (/scripts/jd_health_collect.js:126:19)
Jun 09 12:46:00     at /scripts/jd_health_collect.js:77:9
Jun 09 12:46:00     at /scripts/jd_health_collect.js:137:4955
Jun 09 12:46:00     at processTicksAndRejections (internal/process/task_queues.js:93:5)
Jun 09 12:46:00 京东服务器访问数据为空，请检查自身设备网络情况
Jun 09 12:46:00 
Jun 09 12:46:00 🔔东东健康社区收集能量收集, 结束! 🕛 4.606 秒
Jun 09 12:46:00 
Jun 09 13:05:55 
Jun 09 13:05:55 🔔东东健康社区收集能量收集, 开始!
Jun 09 13:05:55 
Jun 09 13:05:55 ====================共1个京东账号Cookie=========
Jun 09 13:05:55 
Jun 09 13:05:55 ==================脚本执行- 北京时间(UTC+8)：6/9/2021, 1:05:55 PM=====================
Jun 09 13:05:55 
Jun 09 13:05:55 
Jun 09 13:05:55 ******开始【京东账号1】liu1071607950*********
Jun 09 13:05:55 
Jun 09 13:05:59 SyntaxError: Unexpected token u in JSON at position 0
Jun 09 13:05:59     at JSON.parse (<anonymous>)
Jun 09 13:05:59     at safeGet (/scripts/jd_health_collect.js:126:19)
Jun 09 13:05:59     at /scripts/jd_health_collect.js:77:9
Jun 09 13:05:59     at /scripts/jd_health_collect.js:137:4955
Jun 09 13:05:59     at processTicksAndRejections (internal/process/task_queues.js:93:5)
Jun 09 13:05:59 京东服务器访问数据为空，请检查自身设备网络情况
Jun 09 13:05:59 
Jun 09 13:05:59 🔔东东健康社区收集能量收集, 结束! 🕛 4.843 秒
Jun 09 13:05:59 
Jun 09 13:26:15 
Jun 09 13:26:15 🔔东东健康社区收集能量收集, 开始!
Jun 09 13:26:15 
Jun 09 13:26:15 ====================共1个京东账号Cookie=========
Jun 09 13:26:15 
Jun 09 13:26:15 ==================脚本执行- 北京时间(UTC+8)：6/9/2021, 1:26:15 PM=====================
Jun 09 13:26:15 
Jun 09 13:26:15 
Jun 09 13:26:15 ******开始【京东账号1】liu1071607950*********
Jun 09 13:26:15 
Jun 09 13:26:16 任务完成失败：{"code":-30001,"msg":"登陆失败"}
Jun 09 13:26:16 
Jun 09 13:26:16 🔔东东健康社区收集能量收集, 结束! 🕛 1.386 秒
Jun 09 13:26:16 
Jun 09 13:45:12 
Jun 09 13:45:12 🔔东东健康社区收集能量收集, 开始!
Jun 09 13:45:12 
Jun 09 13:45:12 ====================共1个京东账号Cookie=========
Jun 09 13:45:12 
Jun 09 13:45:12 ==================脚本执行- 北京时间(UTC+8)：6/9/2021, 1:45:12 PM=====================
Jun 09 13:45:12 
Jun 09 13:45:12 
Jun 09 13:45:12 ******开始【京东账号1】liu1071607950*********
Jun 09 13:45:12 
Jun 09 13:45:14 任务完成失败：{"code":-30001,"msg":"登陆失败"}
Jun 09 13:45:14 
Jun 09 13:45:14 🔔东东健康社区收集能量收集, 结束! 🕛 1.986 秒
Jun 09 13:45:14 
Jun 09 14:06:34 
Jun 09 14:06:34 🔔东东健康社区收集能量收集, 开始!
Jun 09 14:06:34 
Jun 09 14:06:34 ====================共1个京东账号Cookie=========
Jun 09 14:06:34 
Jun 09 14:06:34 ==================脚本执行- 北京时间(UTC+8)：6/9/2021, 2:06:34 PM=====================
Jun 09 14:06:34 
Jun 09 14:06:34 
Jun 09 14:06:34 ******开始【京东账号1】liu1071607950*********
Jun 09 14:06:34 
Jun 09 14:06:35 任务完成失败：{"code":-30001,"msg":"登陆失败"}
Jun 09 14:06:35 
Jun 09 14:06:35 🔔东东健康社区收集能量收集, 结束! 🕛 1.447 秒
Jun 09 14:06:35 
Jun 09 14:25:15 
Jun 09 14:25:15 🔔东东健康社区收集能量收集, 开始!
Jun 09 14:25:15 
Jun 09 14:25:15 ====================共1个京东账号Cookie=========
Jun 09 14:25:15 
Jun 09 14:25:15 ==================脚本执行- 北京时间(UTC+8)：6/9/2021, 2:25:15 PM=====================
Jun 09 14:25:15 
Jun 09 14:25:15 
Jun 09 14:25:15 ******开始【京东账号1】liu1071607950*********
Jun 09 14:25:15 
Jun 09 14:25:17 任务完成失败：{"code":-30001,"msg":"登陆失败"}
Jun 09 14:25:17 
Jun 09 14:25:17 🔔东东健康社区收集能量收集, 结束! 🕛 1.801 秒
Jun 09 14:25:17 
Jun 09 14:46:27 
Jun 09 14:46:27 🔔东东健康社区收集能量收集, 开始!
Jun 09 14:46:27 
Jun 09 14:46:27 ====================共1个京东账号Cookie=========
Jun 09 14:46:27 
Jun 09 14:46:27 ==================脚本执行- 北京时间(UTC+8)：6/9/2021, 2:46:27 PM=====================
Jun 09 14:46:27 
Jun 09 14:46:27 
Jun 09 14:46:27 ******开始【京东账号1】liu1071607950*********
Jun 09 14:46:27 
Jun 09 14:46:29 任务完成失败：{"code":-30001,"msg":"登陆失败"}
Jun 09 14:46:29 
Jun 09 14:46:29 🔔东东健康社区收集能量收集, 结束! 🕛 1.659 秒
Jun 09 14:46:29 
Jun 09 15:06:56 
Jun 09 15:06:56 🔔东东健康社区收集能量收集, 开始!
Jun 09 15:06:56 
Jun 09 15:06:56 ====================共1个京东账号Cookie=========
Jun 09 15:06:56 
Jun 09 15:06:56 ==================脚本执行- 北京时间(UTC+8)：6/9/2021, 3:06:56 PM=====================
Jun 09 15:06:56 
Jun 09 15:06:56 
Jun 09 15:06:56 ******开始【京东账号1】liu1071607950*********
Jun 09 15:06:56 
Jun 09 15:06:58 任务完成失败：{"code":-30001,"msg":"登陆失败"}
Jun 09 15:06:58 
Jun 09 15:06:58 🔔东东健康社区收集能量收集, 结束! 🕛 1.297 秒
Jun 09 15:06:58 
Jun 09 15:26:58 
Jun 09 15:26:58 🔔东东健康社区收集能量收集, 开始!
Jun 09 15:26:58 
Jun 09 15:26:58 ====================共1个京东账号Cookie=========
Jun 09 15:26:58 
Jun 09 15:26:58 ==================脚本执行- 北京时间(UTC+8)：6/9/2021, 3:26:58 PM=====================
Jun 09 15:26:58 
Jun 09 15:26:58 
Jun 09 15:26:58 ******开始【京东账号1】liu1071607950*********
Jun 09 15:26:58 
Jun 09 15:27:00 任务完成失败：{"code":-30001,"msg":"登陆失败"}
Jun 09 15:27:00 
Jun 09 15:27:00 🔔东东健康社区收集能量收集, 结束! 🕛 1.806 秒
Jun 09 15:27:00 
Jun 09 15:46:05 
Jun 09 15:46:05 🔔东东健康社区收集能量收集, 开始!
Jun 09 15:46:05 
Jun 09 15:46:05 ====================共1个京东账号Cookie=========
Jun 09 15:46:05 
Jun 09 15:46:05 ==================脚本执行- 北京时间(UTC+8)：6/9/2021, 3:46:05 PM=====================
Jun 09 15:46:05 
Jun 09 15:46:05 
Jun 09 15:46:05 ******开始【京东账号1】liu1071607950*********
Jun 09 15:46:05 
Jun 09 15:46:07 任务完成失败：{"code":-30001,"msg":"登陆失败"}
Jun 09 15:46:07 
Jun 09 15:46:07 🔔东东健康社区收集能量收集, 结束! 🕛 2.403 秒
Jun 09 15:46:07 
Jun 09 16:05:34 
Jun 09 16:05:34 🔔东东健康社区收集能量收集, 开始!
Jun 09 16:05:34 
Jun 09 16:05:34 ====================共1个京东账号Cookie=========
Jun 09 16:05:34 
Jun 09 16:05:34 ==================脚本执行- 北京时间(UTC+8)：6/9/2021, 4:05:34 PM=====================
Jun 09 16:05:34 
Jun 09 16:05:34 
Jun 09 16:05:34 ******开始【京东账号1】liu1071607950*********
Jun 09 16:05:34 
Jun 09 16:05:36 任务完成失败：{"code":-30001,"msg":"登陆失败"}
Jun 09 16:05:36 
Jun 09 16:05:36 🔔东东健康社区收集能量收集, 结束! 🕛 2.385 秒
Jun 09 16:05:36 
Jun 09 16:25:35 
Jun 09 16:25:35 🔔东东健康社区收集能量收集, 开始!
Jun 09 16:25:35 
Jun 09 16:25:35 ====================共1个京东账号Cookie=========
Jun 09 16:25:35 
Jun 09 16:25:35 ==================脚本执行- 北京时间(UTC+8)：6/9/2021, 4:25:35 PM=====================
Jun 09 16:25:35 
Jun 09 16:25:35 
Jun 09 16:25:35 ******开始【京东账号1】liu1071607950*********
Jun 09 16:25:35 
Jun 09 16:25:36 任务完成失败：{"code":-30001,"msg":"登陆失败"}
Jun 09 16:25:36 
Jun 09 16:25:36 🔔东东健康社区收集能量收集, 结束! 🕛 1.036 秒
Jun 09 16:25:36 
Jun 09 16:46:43 
Jun 09 16:46:43 🔔东东健康社区收集能量收集, 开始!
Jun 09 16:46:43 
Jun 09 16:46:43 ====================共1个京东账号Cookie=========
Jun 09 16:46:43 
Jun 09 16:46:43 ==================脚本执行- 北京时间(UTC+8)：6/9/2021, 4:46:43 PM=====================
Jun 09 16:46:43 
Jun 09 16:46:43 
Jun 09 16:46:43 ******开始【京东账号1】liu1071607950*********
Jun 09 16:46:43 
Jun 09 16:46:44 任务完成失败：{"code":-30001,"msg":"登陆失败"}
Jun 09 16:46:44 
Jun 09 16:46:45 🔔东东健康社区收集能量收集, 结束! 🕛 1.625 秒
Jun 09 16:46:45 
Jun 09 17:05:32 
Jun 09 17:05:32 🔔东东健康社区收集能量收集, 开始!
Jun 09 17:05:32 
Jun 09 17:05:32 ====================共1个京东账号Cookie=========
Jun 09 17:05:32 
Jun 09 17:05:32 ==================脚本执行- 北京时间(UTC+8)：6/9/2021, 5:05:32 PM=====================
Jun 09 17:05:32 
Jun 09 17:05:32 
Jun 09 17:05:32 ******开始【京东账号1】liu1071607950*********
Jun 09 17:05:32 
Jun 09 17:05:34 任务完成失败：{"code":-30001,"msg":"登陆失败"}
Jun 09 17:05:34 
Jun 09 17:05:34 🔔东东健康社区收集能量收集, 结束! 🕛 2.003 秒
Jun 09 17:05:34 
Jun 09 17:26:52 
Jun 09 17:26:52 🔔东东健康社区收集能量收集, 开始!
Jun 09 17:26:52 
Jun 09 17:26:52 ====================共1个京东账号Cookie=========
Jun 09 17:26:52 
Jun 09 17:26:52 ==================脚本执行- 北京时间(UTC+8)：6/9/2021, 5:26:52 PM=====================
Jun 09 17:26:52 
Jun 09 17:26:52 
Jun 09 17:26:52 ******开始【京东账号1】liu1071607950*********
Jun 09 17:26:52 
Jun 09 17:26:54 任务完成失败：{"code":-30001,"msg":"登陆失败"}
Jun 09 17:26:54 
Jun 09 17:26:54 🔔东东健康社区收集能量收集, 结束! 🕛 1.789 秒
Jun 09 17:26:54 
Jun 09 17:46:48 
Jun 09 17:46:48 🔔东东健康社区收集能量收集, 开始!
Jun 09 17:46:48 
Jun 09 17:46:48 ====================共1个京东账号Cookie=========
Jun 09 17:46:48 
Jun 09 17:46:48 ==================脚本执行- 北京时间(UTC+8)：6/9/2021, 5:46:48 PM=====================
Jun 09 17:46:48 
Jun 09 17:46:48 
Jun 09 17:46:48 ******开始【京东账号1】liu1071607950*********
Jun 09 17:46:48 
Jun 09 17:46:49 任务完成失败：{"code":-30001,"msg":"登陆失败"}
Jun 09 17:46:49 
Jun 09 17:46:49 🔔东东健康社区收集能量收集, 结束! 🕛 1.2 秒
Jun 09 17:46:49 
Jun 09 18:05:02 
Jun 09 18:05:02 🔔东东健康社区收集能量收集, 开始!
Jun 09 18:05:02 
Jun 09 18:05:02 ====================共1个京东账号Cookie=========
Jun 09 18:05:02 
Jun 09 18:05:02 ==================脚本执行- 北京时间(UTC+8)：6/9/2021, 6:05:02 PM=====================
Jun 09 18:05:02 
Jun 09 18:05:02 
Jun 09 18:05:02 ******开始【京东账号1】liu1071607950*********
Jun 09 18:05:02 
Jun 09 18:05:03 任务完成失败：{"code":-30001,"msg":"登陆失败"}
Jun 09 18:05:03 
Jun 09 18:05:03 🔔东东健康社区收集能量收集, 结束! 🕛 1.322 秒
Jun 09 18:05:03 
Jun 09 18:25:25 
Jun 09 18:25:25 🔔东东健康社区收集能量收集, 开始!
Jun 09 18:25:25 
Jun 09 18:25:25 ====================共1个京东账号Cookie=========
Jun 09 18:25:25 
Jun 09 18:25:25 ==================脚本执行- 北京时间(UTC+8)：6/9/2021, 6:25:25 PM=====================
Jun 09 18:25:25 
Jun 09 18:25:25 
Jun 09 18:25:25 ******开始【京东账号1】liu1071607950*********
Jun 09 18:25:25 
Jun 09 18:25:26 任务完成失败：{"code":-30001,"msg":"登陆失败"}
Jun 09 18:25:26 
Jun 09 18:25:26 🔔东东健康社区收集能量收集, 结束! 🕛 1.31 秒
Jun 09 18:25:26 
Jun 09 18:46:48 
Jun 09 18:46:48 🔔东东健康社区收集能量收集, 开始!
Jun 09 18:46:48 
Jun 09 18:46:48 ====================共1个京东账号Cookie=========
Jun 09 18:46:48 
Jun 09 18:46:48 ==================脚本执行- 北京时间(UTC+8)：6/9/2021, 6:46:48 PM=====================
Jun 09 18:46:48 
Jun 09 18:46:48 
Jun 09 18:46:48 ******开始【京东账号1】liu1071607950*********
Jun 09 18:46:48 
Jun 09 18:46:50 任务完成失败：{"code":-30001,"msg":"登陆失败"}
Jun 09 18:46:50 
Jun 09 18:46:50 🔔东东健康社区收集能量收集, 结束! 🕛 1.791 秒
Jun 09 18:46:50 
Jun 09 19:06:18 
Jun 09 19:06:18 🔔东东健康社区收集能量收集, 开始!
Jun 09 19:06:18 
Jun 09 19:06:18 ====================共1个京东账号Cookie=========
Jun 09 19:06:18 
Jun 09 19:06:18 ==================脚本执行- 北京时间(UTC+8)：6/9/2021, 7:06:18 PM=====================
Jun 09 19:06:18 
Jun 09 19:06:18 
Jun 09 19:06:18 ******开始【京东账号1】liu1071607950*********
Jun 09 19:06:18 
Jun 09 19:06:19 任务完成失败：{"code":-30001,"msg":"登陆失败"}
Jun 09 19:06:19 
Jun 09 19:06:19 🔔东东健康社区收集能量收集, 结束! 🕛 1.487 秒
Jun 09 19:06:19 
Jun 09 19:25:42 
Jun 09 19:25:42 🔔东东健康社区收集能量收集, 开始!
Jun 09 19:25:42 
Jun 09 19:25:42 ====================共1个京东账号Cookie=========
Jun 09 19:25:42 
Jun 09 19:25:42 ==================脚本执行- 北京时间(UTC+8)：6/9/2021, 7:25:42 PM=====================
Jun 09 19:25:42 
Jun 09 19:25:42 
Jun 09 19:25:42 ******开始【京东账号1】liu1071607950*********
Jun 09 19:25:42 
Jun 09 19:25:46 SyntaxError: Unexpected token u in JSON at position 0
Jun 09 19:25:46     at JSON.parse (<anonymous>)
Jun 09 19:25:46     at safeGet (/scripts/jd_health_collect.js:126:19)
Jun 09 19:25:46     at /scripts/jd_health_collect.js:77:9
Jun 09 19:25:46     at /scripts/jd_health_collect.js:137:4955
Jun 09 19:25:46     at processTicksAndRejections (internal/process/task_queues.js:93:5)
Jun 09 19:25:46 京东服务器访问数据为空，请检查自身设备网络情况
Jun 09 19:25:46 
Jun 09 19:25:46 🔔东东健康社区收集能量收集, 结束! 🕛 4.059 秒
Jun 09 19:25:46 
Jun 09 19:46:57 
Jun 09 19:46:57 🔔东东健康社区收集能量收集, 开始!
Jun 09 19:46:57 
Jun 09 19:46:57 ====================共1个京东账号Cookie=========
Jun 09 19:46:57 
Jun 09 19:46:57 ==================脚本执行- 北京时间(UTC+8)：6/9/2021, 7:46:57 PM=====================
Jun 09 19:46:57 
Jun 09 19:46:57 
Jun 09 19:46:57 ******开始【京东账号1】liu1071607950*********
Jun 09 19:46:57 
Jun 09 19:47:01 SyntaxError: Unexpected token u in JSON at position 0
Jun 09 19:47:01     at JSON.parse (<anonymous>)
Jun 09 19:47:01     at safeGet (/scripts/jd_health_collect.js:126:19)
Jun 09 19:47:01     at /scripts/jd_health_collect.js:77:9
Jun 09 19:47:01     at /scripts/jd_health_collect.js:137:4955
Jun 09 19:47:01     at processTicksAndRejections (internal/process/task_queues.js:93:5)
Jun 09 19:47:01 京东服务器访问数据为空，请检查自身设备网络情况
Jun 09 19:47:01 
Jun 09 19:47:01 🔔东东健康社区收集能量收集, 结束! 🕛 4.037 秒
Jun 09 19:47:01 
Jun 09 20:06:33 
Jun 09 20:06:33 🔔东东健康社区收集能量收集, 开始!
Jun 09 20:06:33 
Jun 09 20:06:33 ====================共1个京东账号Cookie=========
Jun 09 20:06:33 
Jun 09 20:06:33 ==================脚本执行- 北京时间(UTC+8)：6/9/2021, 8:06:33 PM=====================
Jun 09 20:06:33 
Jun 09 20:06:33 
Jun 09 20:06:33 ******开始【京东账号1】liu1071607950*********
Jun 09 20:06:33 
Jun 09 20:06:36 SyntaxError: Unexpected token u in JSON at position 0
Jun 09 20:06:36     at JSON.parse (<anonymous>)
Jun 09 20:06:36     at safeGet (/scripts/jd_health_collect.js:126:19)
Jun 09 20:06:36     at /scripts/jd_health_collect.js:77:9
Jun 09 20:06:36     at /scripts/jd_health_collect.js:137:4955
Jun 09 20:06:36     at processTicksAndRejections (internal/process/task_queues.js:93:5)
Jun 09 20:06:36 京东服务器访问数据为空，请检查自身设备网络情况
Jun 09 20:06:36 
Jun 09 20:06:36 🔔东东健康社区收集能量收集, 结束! 🕛 3.922 秒
Jun 09 20:06:36 
Jun 09 20:26:19 
Jun 09 20:26:19 🔔东东健康社区收集能量收集, 开始!
Jun 09 20:26:19 
Jun 09 20:26:19 ====================共1个京东账号Cookie=========
Jun 09 20:26:19 
Jun 09 20:26:19 ==================脚本执行- 北京时间(UTC+8)：6/9/2021, 8:26:19 PM=====================
Jun 09 20:26:19 
Jun 09 20:26:19 
Jun 09 20:26:19 ******开始【京东账号1】liu1071607950*********
Jun 09 20:26:19 
Jun 09 20:26:22 SyntaxError: Unexpected token u in JSON at position 0
Jun 09 20:26:22     at JSON.parse (<anonymous>)
Jun 09 20:26:22     at safeGet (/scripts/jd_health_collect.js:126:19)
Jun 09 20:26:22     at /scripts/jd_health_collect.js:77:9
Jun 09 20:26:22     at /scripts/jd_health_collect.js:137:4955
Jun 09 20:26:22     at processTicksAndRejections (internal/process/task_queues.js:93:5)
Jun 09 20:26:22 京东服务器访问数据为空，请检查自身设备网络情况
Jun 09 20:26:22 
Jun 09 20:26:22 🔔东东健康社区收集能量收集, 结束! 🕛 4.014 秒
Jun 09 20:26:22 
Jun 09 20:45:54 
Jun 09 20:45:54 🔔东东健康社区收集能量收集, 开始!
Jun 09 20:45:54 
Jun 09 20:45:54 ====================共1个京东账号Cookie=========
Jun 09 20:45:54 
Jun 09 20:45:54 ==================脚本执行- 北京时间(UTC+8)：6/9/2021, 8:45:54 PM=====================
Jun 09 20:45:54 
Jun 09 20:45:54 
Jun 09 20:45:54 ******开始【京东账号1】liu1071607950*********
Jun 09 20:45:54 
Jun 09 20:45:55 任务完成失败：{"code":-30001,"msg":"登陆失败"}
Jun 09 20:45:55 
Jun 09 20:45:55 🔔东东健康社区收集能量收集, 结束! 🕛 1.422 秒
Jun 09 20:45:55 
Jun 09 21:05:15 
Jun 09 21:05:15 🔔东东健康社区收集能量收集, 开始!
Jun 09 21:05:15 
Jun 09 21:05:15 ====================共1个京东账号Cookie=========
Jun 09 21:05:15 
Jun 09 21:05:15 ==================脚本执行- 北京时间(UTC+8)：6/9/2021, 9:05:15 PM=====================
Jun 09 21:05:15 
Jun 09 21:05:15 
Jun 09 21:05:15 ******开始【京东账号1】liu1071607950*********
Jun 09 21:05:15 
Jun 09 21:05:17 任务完成失败：{"code":-30001,"msg":"登陆失败"}
Jun 09 21:05:17 
Jun 09 21:05:17 🔔东东健康社区收集能量收集, 结束! 🕛 1.89 秒
Jun 09 21:05:17 
Jun 09 21:26:41 
Jun 09 21:26:41 🔔东东健康社区收集能量收集, 开始!
Jun 09 21:26:41 
Jun 09 21:26:41 ====================共1个京东账号Cookie=========
Jun 09 21:26:41 
Jun 09 21:26:41 ==================脚本执行- 北京时间(UTC+8)：6/9/2021, 9:26:41 PM=====================
Jun 09 21:26:41 
Jun 09 21:26:41 
Jun 09 21:26:41 ******开始【京东账号1】liu1071607950*********
Jun 09 21:26:41 
Jun 09 21:26:42 任务完成失败：{"code":-30001,"msg":"登陆失败"}
Jun 09 21:26:42 
Jun 09 21:26:42 🔔东东健康社区收集能量收集, 结束! 🕛 1.214 秒
Jun 09 21:26:42 
Jun 09 21:46:40 
Jun 09 21:46:40 🔔东东健康社区收集能量收集, 开始!
Jun 09 21:46:40 
Jun 09 21:46:40 ====================共1个京东账号Cookie=========
Jun 09 21:46:40 
Jun 09 21:46:40 ==================脚本执行- 北京时间(UTC+8)：6/9/2021, 9:46:40 PM=====================
Jun 09 21:46:40 
Jun 09 21:46:40 
Jun 09 21:46:40 ******开始【京东账号1】liu1071607950*********
Jun 09 21:46:40 
Jun 09 21:46:44 任务完成失败：{"code":-30001,"msg":"登陆失败"}
Jun 09 21:46:44 
Jun 09 21:46:44 🔔东东健康社区收集能量收集, 结束! 🕛 3.528 秒
Jun 09 21:46:44 
Jun 09 22:05:16 
Jun 09 22:05:16 🔔东东健康社区收集能量收集, 开始!
Jun 09 22:05:16 
Jun 09 22:05:16 ====================共1个京东账号Cookie=========
Jun 09 22:05:16 
Jun 09 22:05:16 ==================脚本执行- 北京时间(UTC+8)：6/9/2021, 10:05:16 PM=====================
Jun 09 22:05:16 
Jun 09 22:05:16 
Jun 09 22:05:16 ******开始【京东账号1】liu1071607950*********
Jun 09 22:05:16 
Jun 09 22:05:17 任务完成失败：{"code":-30001,"msg":"登陆失败"}
Jun 09 22:05:17 
Jun 09 22:05:17 🔔东东健康社区收集能量收集, 结束! 🕛 1.228 秒
Jun 09 22:05:17 
Jun 09 22:25:09 
Jun 09 22:25:09 🔔东东健康社区收集能量收集, 开始!
Jun 09 22:25:09 
Jun 09 22:25:09 ====================共1个京东账号Cookie=========
Jun 09 22:25:09 
Jun 09 22:25:09 ==================脚本执行- 北京时间(UTC+8)：6/9/2021, 10:25:09 PM=====================
Jun 09 22:25:09 
Jun 09 22:25:09 
Jun 09 22:25:09 ******开始【京东账号1】liu1071607950*********
Jun 09 22:25:09 
Jun 09 22:25:10 任务完成失败：{"code":-30001,"msg":"登陆失败"}
Jun 09 22:25:10 
Jun 09 22:25:10 🔔东东健康社区收集能量收集, 结束! 🕛 1.078 秒
Jun 09 22:25:10 
Jun 09 22:45:01 
Jun 09 22:45:01 🔔东东健康社区收集能量收集, 开始!
Jun 09 22:45:01 
Jun 09 22:45:01 ====================共1个京东账号Cookie=========
Jun 09 22:45:01 
Jun 09 22:45:01 ==================脚本执行- 北京时间(UTC+8)：6/9/2021, 10:45:01 PM=====================
Jun 09 22:45:01 
Jun 09 22:45:01 
Jun 09 22:45:01 ******开始【京东账号1】liu1071607950*********
Jun 09 22:45:01 
Jun 09 22:45:05 SyntaxError: Unexpected token u in JSON at position 0
Jun 09 22:45:05     at JSON.parse (<anonymous>)
Jun 09 22:45:05     at safeGet (/scripts/jd_health_collect.js:126:19)
Jun 09 22:45:05     at /scripts/jd_health_collect.js:77:9
Jun 09 22:45:05     at /scripts/jd_health_collect.js:137:4955
Jun 09 22:45:05     at processTicksAndRejections (internal/process/task_queues.js:93:5)
Jun 09 22:45:05 京东服务器访问数据为空，请检查自身设备网络情况
Jun 09 22:45:05 
Jun 09 22:45:05 🔔东东健康社区收集能量收集, 结束! 🕛 4.024 秒
Jun 09 22:45:05 
Jun 09 23:06:11 
Jun 09 23:06:11 🔔东东健康社区收集能量收集, 开始!
Jun 09 23:06:11 
Jun 09 23:06:11 ====================共1个京东账号Cookie=========
Jun 09 23:06:11 
Jun 09 23:06:11 ==================脚本执行- 北京时间(UTC+8)：6/9/2021, 11:06:11 PM=====================
Jun 09 23:06:11 
Jun 09 23:06:11 
Jun 09 23:06:11 ******开始【京东账号1】liu1071607950*********
Jun 09 23:06:11 
Jun 09 23:06:13 任务完成失败：{"code":-30001,"msg":"登陆失败"}
Jun 09 23:06:13 
Jun 09 23:06:13 🔔东东健康社区收集能量收集, 结束! 🕛 1.626 秒
Jun 09 23:06:13 
Jun 09 23:26:09 
Jun 09 23:26:09 🔔东东健康社区收集能量收集, 开始!
Jun 09 23:26:09 
Jun 09 23:26:09 ====================共1个京东账号Cookie=========
Jun 09 23:26:09 
Jun 09 23:26:09 ==================脚本执行- 北京时间(UTC+8)：6/9/2021, 11:26:09 PM=====================
Jun 09 23:26:09 
Jun 09 23:26:09 
Jun 09 23:26:09 ******开始【京东账号1】liu1071607950*********
Jun 09 23:26:09 
Jun 09 23:26:11 任务完成失败：{"code":-30001,"msg":"登陆失败"}
Jun 09 23:26:11 
Jun 09 23:26:11 🔔东东健康社区收集能量收集, 结束! 🕛 1.683 秒
Jun 09 23:26:11 
Jun 10 10:05:08 
Jun 10 10:05:08 🔔东东健康社区收集能量收集, 开始!
Jun 10 10:05:08 
Jun 10 10:05:08 ====================共1个京东账号Cookie=========
Jun 10 10:05:08 
Jun 10 10:05:08 ==================脚本执行- 北京时间(UTC+8)：6/10/2021, 10:05:08 AM=====================
Jun 10 10:05:08 
Jun 10 10:05:08 
Jun 10 10:05:08 ******开始【京东账号1】liu1071607950*********
Jun 10 10:05:08 
Jun 10 10:05:09 任务完成失败：{"code":-30001,"msg":"登陆失败"}
Jun 10 10:05:09 
Jun 10 10:05:09 🔔东东健康社区收集能量收集, 结束! 🕛 1.034 秒
Jun 10 10:05:09 
Jun 10 10:26:15 
Jun 10 10:26:15 🔔东东健康社区收集能量收集, 开始!
Jun 10 10:26:15 
Jun 10 10:26:15 ====================共1个京东账号Cookie=========
Jun 10 10:26:15 
Jun 10 10:26:15 ==================脚本执行- 北京时间(UTC+8)：6/10/2021, 10:26:15 AM=====================
Jun 10 10:26:15 
Jun 10 10:26:15 
Jun 10 10:26:15 ******开始【京东账号1】liu1071607950*********
Jun 10 10:26:15 
Jun 10 10:26:17 任务完成失败：{"code":-30001,"msg":"登陆失败"}
Jun 10 10:26:17 
Jun 10 10:26:17 🔔东东健康社区收集能量收集, 结束! 🕛 2.194 秒
Jun 10 10:26:17 
Jun 10 10:46:45 
Jun 10 10:46:45 🔔东东健康社区收集能量收集, 开始!
Jun 10 10:46:45 
Jun 10 10:46:45 ====================共1个京东账号Cookie=========
Jun 10 10:46:45 
Jun 10 10:46:45 ==================脚本执行- 北京时间(UTC+8)：6/10/2021, 10:46:45 AM=====================
Jun 10 10:46:45 
Jun 10 10:46:45 
Jun 10 10:46:45 ******开始【京东账号1】liu1071607950*********
Jun 10 10:46:45 
Jun 10 10:46:46 任务完成失败：{"code":-30001,"msg":"登陆失败"}
Jun 10 10:46:46 
Jun 10 10:46:46 🔔东东健康社区收集能量收集, 结束! 🕛 1.103 秒
Jun 10 10:46:46 
Jun 10 11:05:45 
Jun 10 11:05:45 🔔东东健康社区收集能量收集, 开始!
Jun 10 11:05:45 
Jun 10 11:05:45 ====================共1个京东账号Cookie=========
Jun 10 11:05:45 
Jun 10 11:05:45 ==================脚本执行- 北京时间(UTC+8)：6/10/2021, 11:05:45 AM=====================
Jun 10 11:05:45 
Jun 10 11:05:45 
Jun 10 11:05:45 ******开始【京东账号1】liu1071607950*********
Jun 10 11:05:45 
Jun 10 11:05:50 SyntaxError: Unexpected token u in JSON at position 0
Jun 10 11:05:50     at JSON.parse (<anonymous>)
Jun 10 11:05:50     at safeGet (/scripts/jd_health_collect.js:126:19)
Jun 10 11:05:50     at /scripts/jd_health_collect.js:77:9
Jun 10 11:05:50     at /scripts/jd_health_collect.js:137:4955
Jun 10 11:05:50     at processTicksAndRejections (internal/process/task_queues.js:93:5)
Jun 10 11:05:50 京东服务器访问数据为空，请检查自身设备网络情况
Jun 10 11:05:50 
Jun 10 11:05:50 🔔东东健康社区收集能量收集, 结束! 🕛 4.652 秒
Jun 10 11:05:50 
Jun 10 11:26:26 
Jun 10 11:26:26 🔔东东健康社区收集能量收集, 开始!
Jun 10 11:26:26 
Jun 10 11:26:26 ====================共1个京东账号Cookie=========
Jun 10 11:26:26 
Jun 10 11:26:26 ==================脚本执行- 北京时间(UTC+8)：6/10/2021, 11:26:26 AM=====================
Jun 10 11:26:26 
Jun 10 11:26:26 
Jun 10 11:26:26 ******开始【京东账号1】liu1071607950*********
Jun 10 11:26:26 
Jun 10 11:26:28 任务完成失败：{"code":-30001,"msg":"登陆失败"}
Jun 10 11:26:28 
Jun 10 11:26:28 🔔东东健康社区收集能量收集, 结束! 🕛 1.607 秒
Jun 10 11:26:28 
Jun 10 11:45:52 
Jun 10 11:45:52 🔔东东健康社区收集能量收集, 开始!
Jun 10 11:45:52 
Jun 10 11:45:52 ====================共1个京东账号Cookie=========
Jun 10 11:45:52 
Jun 10 11:45:52 ==================脚本执行- 北京时间(UTC+8)：6/10/2021, 11:45:52 AM=====================
Jun 10 11:45:52 
Jun 10 11:45:52 
Jun 10 11:45:52 ******开始【京东账号1】liu1071607950*********
Jun 10 11:45:52 
Jun 10 11:45:53 任务完成失败：{"code":-30001,"msg":"登陆失败"}
Jun 10 11:45:53 
Jun 10 11:45:53 🔔东东健康社区收集能量收集, 结束! 🕛 1.502 秒
Jun 10 11:45:53 
Jun 10 12:05:17 
Jun 10 12:05:17 🔔东东健康社区收集能量收集, 开始!
Jun 10 12:05:17 
Jun 10 12:05:17 ====================共1个京东账号Cookie=========
Jun 10 12:05:17 
Jun 10 12:05:17 ==================脚本执行- 北京时间(UTC+8)：6/10/2021, 12:05:17 PM=====================
Jun 10 12:05:17 
Jun 10 12:05:17 
Jun 10 12:05:17 ******开始【京东账号1】liu1071607950*********
Jun 10 12:05:17 
Jun 10 12:05:19 任务完成失败：{"code":-30001,"msg":"登陆失败"}
Jun 10 12:05:19 
Jun 10 12:05:19 🔔东东健康社区收集能量收集, 结束! 🕛 1.477 秒
Jun 10 12:05:19 
Jun 10 12:25:59 
Jun 10 12:25:59 🔔东东健康社区收集能量收集, 开始!
Jun 10 12:25:59 
Jun 10 12:25:59 ====================共1个京东账号Cookie=========
Jun 10 12:25:59 
Jun 10 12:25:59 ==================脚本执行- 北京时间(UTC+8)：6/10/2021, 12:25:59 PM=====================
Jun 10 12:25:59 
Jun 10 12:25:59 
Jun 10 12:25:59 ******开始【京东账号1】liu1071607950*********
Jun 10 12:25:59 
Jun 10 12:26:01 任务完成失败：{"code":-30001,"msg":"登陆失败"}
Jun 10 12:26:01 
Jun 10 12:26:01 🔔东东健康社区收集能量收集, 结束! 🕛 2.094 秒
Jun 10 12:26:01 
Jun 10 12:45:35 
Jun 10 12:45:35 🔔东东健康社区收集能量收集, 开始!
Jun 10 12:45:35 
Jun 10 12:45:35 ====================共1个京东账号Cookie=========
Jun 10 12:45:35 
Jun 10 12:45:35 ==================脚本执行- 北京时间(UTC+8)：6/10/2021, 12:45:35 PM=====================
Jun 10 12:45:35 
Jun 10 12:45:35 
Jun 10 12:45:35 ******开始【京东账号1】liu1071607950*********
Jun 10 12:45:35 
Jun 10 12:45:40 SyntaxError: Unexpected token u in JSON at position 0
Jun 10 12:45:40     at JSON.parse (<anonymous>)
Jun 10 12:45:40     at safeGet (/scripts/jd_health_collect.js:126:19)
Jun 10 12:45:40     at /scripts/jd_health_collect.js:77:9
Jun 10 12:45:40     at /scripts/jd_health_collect.js:137:4955
Jun 10 12:45:40     at processTicksAndRejections (internal/process/task_queues.js:93:5)
Jun 10 12:45:40 京东服务器访问数据为空，请检查自身设备网络情况
Jun 10 12:45:40 
Jun 10 12:45:40 🔔东东健康社区收集能量收集, 结束! 🕛 4.831 秒
Jun 10 12:45:40 
Jun 10 13:05:41 
Jun 10 13:05:41 🔔东东健康社区收集能量收集, 开始!
Jun 10 13:05:41 
Jun 10 13:05:41 ====================共1个京东账号Cookie=========
Jun 10 13:05:41 
Jun 10 13:05:41 ==================脚本执行- 北京时间(UTC+8)：6/10/2021, 1:05:41 PM=====================
Jun 10 13:05:41 
Jun 10 13:05:41 
Jun 10 13:05:41 ******开始【京东账号1】liu1071607950*********
Jun 10 13:05:41 
Jun 10 13:05:45 SyntaxError: Unexpected token u in JSON at position 0
Jun 10 13:05:45     at JSON.parse (<anonymous>)
Jun 10 13:05:45     at safeGet (/scripts/jd_health_collect.js:126:19)
Jun 10 13:05:45     at /scripts/jd_health_collect.js:77:9
Jun 10 13:05:45     at /scripts/jd_health_collect.js:137:4955
Jun 10 13:05:45     at processTicksAndRejections (internal/process/task_queues.js:93:5)
Jun 10 13:05:45 京东服务器访问数据为空，请检查自身设备网络情况
Jun 10 13:05:45 
Jun 10 13:05:45 🔔东东健康社区收集能量收集, 结束! 🕛 4.808 秒
Jun 10 13:05:45 
Jun 10 13:26:18 
Jun 10 13:26:18 🔔东东健康社区收集能量收集, 开始!
Jun 10 13:26:18 
Jun 10 13:26:18 ====================共1个京东账号Cookie=========
Jun 10 13:26:18 
Jun 10 13:26:18 ==================脚本执行- 北京时间(UTC+8)：6/10/2021, 1:26:18 PM=====================
Jun 10 13:26:18 
Jun 10 13:26:18 
Jun 10 13:26:18 ******开始【京东账号1】liu1071607950*********
Jun 10 13:26:18 
Jun 10 13:26:20 任务完成失败：{"code":-30001,"msg":"登陆失败"}
Jun 10 13:26:20 
Jun 10 13:26:20 🔔东东健康社区收集能量收集, 结束! 🕛 2.218 秒
Jun 10 13:26:20 
Jun 10 13:46:38 
Jun 10 13:46:38 🔔东东健康社区收集能量收集, 开始!
Jun 10 13:46:38 
Jun 10 13:46:38 ====================共1个京东账号Cookie=========
Jun 10 13:46:38 
Jun 10 13:46:38 ==================脚本执行- 北京时间(UTC+8)：6/10/2021, 1:46:38 PM=====================
Jun 10 13:46:38 
Jun 10 13:46:38 
Jun 10 13:46:38 ******开始【京东账号1】liu1071607950*********
Jun 10 13:46:38 
Jun 10 13:46:40 任务完成失败：{"code":-30001,"msg":"登陆失败"}
Jun 10 13:46:40 
Jun 10 13:46:40 🔔东东健康社区收集能量收集, 结束! 🕛 1.905 秒
Jun 10 13:46:40 
Jun 10 14:05:51 
Jun 10 14:05:51 🔔东东健康社区收集能量收集, 开始!
Jun 10 14:05:51 
Jun 10 14:05:51 ====================共1个京东账号Cookie=========
Jun 10 14:05:51 
Jun 10 14:05:51 ==================脚本执行- 北京时间(UTC+8)：6/10/2021, 2:05:51 PM=====================
Jun 10 14:05:51 
Jun 10 14:05:51 
Jun 10 14:05:51 ******开始【京东账号1】liu1071607950*********
Jun 10 14:05:51 
Jun 10 14:05:53 任务完成失败：{"code":-30001,"msg":"登陆失败"}
Jun 10 14:05:53 
Jun 10 14:05:53 🔔东东健康社区收集能量收集, 结束! 🕛 1.456 秒
Jun 10 14:05:53 
Jun 10 14:26:20 
Jun 10 14:26:20 🔔东东健康社区收集能量收集, 开始!
Jun 10 14:26:20 
Jun 10 14:26:20 ====================共1个京东账号Cookie=========
Jun 10 14:26:20 
Jun 10 14:26:20 ==================脚本执行- 北京时间(UTC+8)：6/10/2021, 2:26:20 PM=====================
Jun 10 14:26:20 
Jun 10 14:26:20 
Jun 10 14:26:20 ******开始【京东账号1】liu1071607950*********
Jun 10 14:26:20 
Jun 10 14:26:21 任务完成失败：{"code":-30001,"msg":"登陆失败"}
Jun 10 14:26:21 
Jun 10 14:26:21 🔔东东健康社区收集能量收集, 结束! 🕛 1.599 秒
Jun 10 14:26:21 
Jun 10 14:46:56 
Jun 10 14:46:56 🔔东东健康社区收集能量收集, 开始!
Jun 10 14:46:56 
Jun 10 14:46:56 ====================共1个京东账号Cookie=========
Jun 10 14:46:56 
Jun 10 14:46:56 ==================脚本执行- 北京时间(UTC+8)：6/10/2021, 2:46:56 PM=====================
Jun 10 14:46:56 
Jun 10 14:46:56 
Jun 10 14:46:56 ******开始【京东账号1】liu1071607950*********
Jun 10 14:46:56 
Jun 10 14:46:58 任务完成失败：{"code":-30001,"msg":"登陆失败"}
Jun 10 14:46:58 
Jun 10 14:46:58 🔔东东健康社区收集能量收集, 结束! 🕛 2.708 秒
Jun 10 14:46:58 
Jun 10 15:05:23 
Jun 10 15:05:23 🔔东东健康社区收集能量收集, 开始!
Jun 10 15:05:23 
Jun 10 15:05:23 ====================共1个京东账号Cookie=========
Jun 10 15:05:23 
Jun 10 15:05:23 ==================脚本执行- 北京时间(UTC+8)：6/10/2021, 3:05:23 PM=====================
Jun 10 15:05:23 
Jun 10 15:05:23 
Jun 10 15:05:23 ******开始【京东账号1】liu1071607950*********
Jun 10 15:05:23 
Jun 10 15:05:25 任务完成失败：{"code":-30001,"msg":"登陆失败"}
Jun 10 15:05:25 
Jun 10 15:05:25 🔔东东健康社区收集能量收集, 结束! 🕛 1.456 秒
Jun 10 15:05:25 
Jun 10 15:26:34 
Jun 10 15:26:34 🔔东东健康社区收集能量收集, 开始!
Jun 10 15:26:34 
Jun 10 15:26:34 ====================共1个京东账号Cookie=========
Jun 10 15:26:34 
Jun 10 15:26:34 ==================脚本执行- 北京时间(UTC+8)：6/10/2021, 3:26:34 PM=====================
Jun 10 15:26:34 
Jun 10 15:26:34 
Jun 10 15:26:34 ******开始【京东账号1】liu1071607950*********
Jun 10 15:26:34 
Jun 10 15:26:36 任务完成失败：{"code":-30001,"msg":"登陆失败"}
Jun 10 15:26:36 
Jun 10 15:26:36 🔔东东健康社区收集能量收集, 结束! 🕛 1.547 秒
Jun 10 15:26:36 
Jun 10 15:45:56 
Jun 10 15:45:56 🔔东东健康社区收集能量收集, 开始!
Jun 10 15:45:56 
Jun 10 15:45:56 ====================共1个京东账号Cookie=========
Jun 10 15:45:56 
Jun 10 15:45:56 ==================脚本执行- 北京时间(UTC+8)：6/10/2021, 3:45:56 PM=====================
Jun 10 15:45:56 
Jun 10 15:45:56 
Jun 10 15:45:56 ******开始【京东账号1】liu1071607950*********
Jun 10 15:45:56 
Jun 10 15:46:00 SyntaxError: Unexpected token u in JSON at position 0
Jun 10 15:46:00     at JSON.parse (<anonymous>)
Jun 10 15:46:00     at safeGet (/scripts/jd_health_collect.js:126:19)
Jun 10 15:46:00     at /scripts/jd_health_collect.js:77:9
Jun 10 15:46:00     at /scripts/jd_health_collect.js:137:4955
Jun 10 15:46:00     at processTicksAndRejections (internal/process/task_queues.js:93:5)
Jun 10 15:46:00 京东服务器访问数据为空，请检查自身设备网络情况
Jun 10 15:46:00 
Jun 10 15:46:00 🔔东东健康社区收集能量收集, 结束! 🕛 4.423 秒
Jun 10 15:46:00 
Jun 10 16:06:15 
Jun 10 16:06:15 🔔东东健康社区收集能量收集, 开始!
Jun 10 16:06:15 
Jun 10 16:06:15 ====================共1个京东账号Cookie=========
Jun 10 16:06:15 
Jun 10 16:06:15 ==================脚本执行- 北京时间(UTC+8)：6/10/2021, 4:06:15 PM=====================
Jun 10 16:06:15 
Jun 10 16:06:15 
Jun 10 16:06:15 ******开始【京东账号1】liu1071607950*********
Jun 10 16:06:15 
Jun 10 16:06:17 任务完成失败：{"code":-30001,"msg":"登陆失败"}
Jun 10 16:06:17 
Jun 10 16:06:17 🔔东东健康社区收集能量收集, 结束! 🕛 1.512 秒
Jun 10 16:06:17 
Jun 10 16:26:12 
Jun 10 16:26:12 🔔东东健康社区收集能量收集, 开始!
Jun 10 16:26:12 
Jun 10 16:26:12 ====================共1个京东账号Cookie=========
Jun 10 16:26:12 
Jun 10 16:26:12 ==================脚本执行- 北京时间(UTC+8)：6/10/2021, 4:26:12 PM=====================
Jun 10 16:26:12 
Jun 10 16:26:12 
Jun 10 16:26:12 ******开始【京东账号1】liu1071607950*********
Jun 10 16:26:12 
Jun 10 16:26:14 任务完成失败：{"code":-30001,"msg":"登陆失败"}
Jun 10 16:26:14 
Jun 10 16:26:14 🔔东东健康社区收集能量收集, 结束! 🕛 2.303 秒
Jun 10 16:26:14 
Jun 10 16:46:16 
Jun 10 16:46:16 🔔东东健康社区收集能量收集, 开始!
Jun 10 16:46:16 
Jun 10 16:46:16 ====================共1个京东账号Cookie=========
Jun 10 16:46:16 
Jun 10 16:46:16 ==================脚本执行- 北京时间(UTC+8)：6/10/2021, 4:46:16 PM=====================
Jun 10 16:46:16 
Jun 10 16:46:16 
Jun 10 16:46:16 ******开始【京东账号1】liu1071607950*********
Jun 10 16:46:16 
Jun 10 16:46:17 任务完成失败：{"code":-30001,"msg":"登陆失败"}
Jun 10 16:46:17 
Jun 10 16:46:17 🔔东东健康社区收集能量收集, 结束! 🕛 1.498 秒
Jun 10 16:46:17 
Jun 10 17:06:09 
Jun 10 17:06:09 🔔东东健康社区收集能量收集, 开始!
Jun 10 17:06:09 
Jun 10 17:06:09 ====================共1个京东账号Cookie=========
Jun 10 17:06:09 
Jun 10 17:06:09 ==================脚本执行- 北京时间(UTC+8)：6/10/2021, 5:06:09 PM=====================
Jun 10 17:06:09 
Jun 10 17:06:09 
Jun 10 17:06:09 ******开始【京东账号1】liu1071607950*********
Jun 10 17:06:09 
Jun 10 17:06:11 任务完成失败：{"code":-30001,"msg":"登陆失败"}
Jun 10 17:06:11 
Jun 10 17:06:11 🔔东东健康社区收集能量收集, 结束! 🕛 2.097 秒
Jun 10 17:06:11 
Jun 10 17:26:37 
Jun 10 17:26:37 🔔东东健康社区收集能量收集, 开始!
Jun 10 17:26:37 
Jun 10 17:26:37 ====================共1个京东账号Cookie=========
Jun 10 17:26:37 
Jun 10 17:26:37 ==================脚本执行- 北京时间(UTC+8)：6/10/2021, 5:26:37 PM=====================
Jun 10 17:26:37 
Jun 10 17:26:37 
Jun 10 17:26:37 ******开始【京东账号1】liu1071607950*********
Jun 10 17:26:37 
Jun 10 17:26:38 任务完成失败：{"code":-30001,"msg":"登陆失败"}
Jun 10 17:26:38 
Jun 10 17:26:38 🔔东东健康社区收集能量收集, 结束! 🕛 1.877 秒
Jun 10 17:26:38 
Jun 10 17:45:06 
Jun 10 17:45:06 🔔东东健康社区收集能量收集, 开始!
Jun 10 17:45:06 
Jun 10 17:45:06 ====================共1个京东账号Cookie=========
Jun 10 17:45:06 
Jun 10 17:45:07 ==================脚本执行- 北京时间(UTC+8)：6/10/2021, 5:45:06 PM=====================
Jun 10 17:45:07 
Jun 10 17:45:07 
Jun 10 17:45:07 ******开始【京东账号1】liu1071607950*********
Jun 10 17:45:07 
Jun 10 17:45:08 任务完成失败：{"code":-30001,"msg":"登陆失败"}
Jun 10 17:45:08 
Jun 10 17:45:08 🔔东东健康社区收集能量收集, 结束! 🕛 1.32 秒
Jun 10 17:45:08 
Jun 10 18:06:11 
Jun 10 18:06:11 🔔东东健康社区收集能量收集, 开始!
Jun 10 18:06:11 
Jun 10 18:06:11 ====================共1个京东账号Cookie=========
Jun 10 18:06:11 
Jun 10 18:06:11 ==================脚本执行- 北京时间(UTC+8)：6/10/2021, 6:06:11 PM=====================
Jun 10 18:06:11 
Jun 10 18:06:11 
Jun 10 18:06:11 ******开始【京东账号1】liu1071607950*********
Jun 10 18:06:11 
Jun 10 18:06:12 任务完成失败：{"code":-30001,"msg":"登陆失败"}
Jun 10 18:06:12 
Jun 10 18:06:12 🔔东东健康社区收集能量收集, 结束! 🕛 1.214 秒
Jun 10 18:06:12 
Jun 10 18:26:19 
Jun 10 18:26:19 🔔东东健康社区收集能量收集, 开始!
Jun 10 18:26:19 
Jun 10 18:26:19 ====================共1个京东账号Cookie=========
Jun 10 18:26:19 
Jun 10 18:26:19 ==================脚本执行- 北京时间(UTC+8)：6/10/2021, 6:26:19 PM=====================
Jun 10 18:26:19 
Jun 10 18:26:20 
Jun 10 18:26:20 ******开始【京东账号1】liu1071607950*********
Jun 10 18:26:20 
Jun 10 18:26:22 任务完成失败：{"code":-30001,"msg":"登陆失败"}
Jun 10 18:26:22 
Jun 10 18:26:22 🔔东东健康社区收集能量收集, 结束! 🕛 2.213 秒
Jun 10 18:26:22 
Jun 10 18:45:53 
Jun 10 18:45:53 🔔东东健康社区收集能量收集, 开始!
Jun 10 18:45:53 
Jun 10 18:45:53 ====================共1个京东账号Cookie=========
Jun 10 18:45:53 
Jun 10 18:45:53 ==================脚本执行- 北京时间(UTC+8)：6/10/2021, 6:45:53 PM=====================
Jun 10 18:45:53 
Jun 10 18:45:53 
Jun 10 18:45:54 ******开始【京东账号1】liu1071607950*********
Jun 10 18:45:54 
Jun 10 18:45:55 任务完成失败：{"code":-30001,"msg":"登陆失败"}
Jun 10 18:45:55 
Jun 10 18:45:55 🔔东东健康社区收集能量收集, 结束! 🕛 2.101 秒
Jun 10 18:45:55 
Jun 10 19:05:08 
Jun 10 19:05:08 🔔东东健康社区收集能量收集, 开始!
Jun 10 19:05:08 
Jun 10 19:05:08 ====================共1个京东账号Cookie=========
Jun 10 19:05:08 
Jun 10 19:05:08 ==================脚本执行- 北京时间(UTC+8)：6/10/2021, 7:05:08 PM=====================
Jun 10 19:05:08 
Jun 10 19:05:08 
Jun 10 19:05:08 ******开始【京东账号1】liu1071607950*********
Jun 10 19:05:08 
Jun 10 19:05:09 任务完成失败：{"code":-30001,"msg":"登陆失败"}
Jun 10 19:05:09 
Jun 10 19:05:09 🔔东东健康社区收集能量收集, 结束! 🕛 1.589 秒
Jun 10 19:05:09 
Jun 10 19:26:20 
Jun 10 19:26:20 🔔东东健康社区收集能量收集, 开始!
Jun 10 19:26:20 
Jun 10 19:26:20 ====================共1个京东账号Cookie=========
Jun 10 19:26:20 
Jun 10 19:26:20 ==================脚本执行- 北京时间(UTC+8)：6/10/2021, 7:26:20 PM=====================
Jun 10 19:26:20 
Jun 10 19:26:20 
Jun 10 19:26:20 ******开始【京东账号1】liu1071607950*********
Jun 10 19:26:20 
Jun 10 19:26:25 SyntaxError: Unexpected token u in JSON at position 0
Jun 10 19:26:25     at JSON.parse (<anonymous>)
Jun 10 19:26:25     at safeGet (/scripts/jd_health_collect.js:126:19)
Jun 10 19:26:25     at /scripts/jd_health_collect.js:77:9
Jun 10 19:26:25     at /scripts/jd_health_collect.js:137:4955
Jun 10 19:26:25     at processTicksAndRejections (internal/process/task_queues.js:93:5)
Jun 10 19:26:25 京东服务器访问数据为空，请检查自身设备网络情况
Jun 10 19:26:25 
Jun 10 19:26:25 🔔东东健康社区收集能量收集, 结束! 🕛 5.204 秒
Jun 10 19:26:25 
Jun 10 19:45:22 
Jun 10 19:45:22 🔔东东健康社区收集能量收集, 开始!
Jun 10 19:45:22 
Jun 10 19:45:22 ====================共1个京东账号Cookie=========
Jun 10 19:45:22 
Jun 10 19:45:22 ==================脚本执行- 北京时间(UTC+8)：6/10/2021, 7:45:22 PM=====================
Jun 10 19:45:22 
Jun 10 19:45:22 
Jun 10 19:45:22 ******开始【京东账号1】liu1071607950*********
Jun 10 19:45:22 
Jun 10 19:45:27 SyntaxError: Unexpected token u in JSON at position 0
Jun 10 19:45:27     at JSON.parse (<anonymous>)
Jun 10 19:45:27     at safeGet (/scripts/jd_health_collect.js:126:19)
Jun 10 19:45:27     at /scripts/jd_health_collect.js:77:9
Jun 10 19:45:27     at /scripts/jd_health_collect.js:137:4955
Jun 10 19:45:27     at processTicksAndRejections (internal/process/task_queues.js:93:5)
Jun 10 19:45:27 京东服务器访问数据为空，请检查自身设备网络情况
Jun 10 19:45:27 
Jun 10 19:45:27 🔔东东健康社区收集能量收集, 结束! 🕛 4.824 秒
Jun 10 19:45:27 
Jun 10 20:06:58 
Jun 10 20:06:58 🔔东东健康社区收集能量收集, 开始!
Jun 10 20:06:58 
Jun 10 20:06:58 ====================共1个京东账号Cookie=========
Jun 10 20:06:58 
Jun 10 20:06:58 ==================脚本执行- 北京时间(UTC+8)：6/10/2021, 8:06:58 PM=====================
Jun 10 20:06:58 
Jun 10 20:06:58 
Jun 10 20:06:58 ******开始【京东账号1】liu1071607950*********
Jun 10 20:06:58 
Jun 10 20:07:02 SyntaxError: Unexpected token u in JSON at position 0
Jun 10 20:07:02     at JSON.parse (<anonymous>)
Jun 10 20:07:02     at safeGet (/scripts/jd_health_collect.js:126:19)
Jun 10 20:07:02     at /scripts/jd_health_collect.js:77:9
Jun 10 20:07:02     at /scripts/jd_health_collect.js:137:4955
Jun 10 20:07:02     at processTicksAndRejections (internal/process/task_queues.js:93:5)
Jun 10 20:07:02 京东服务器访问数据为空，请检查自身设备网络情况
Jun 10 20:07:02 
Jun 10 20:07:02 🔔东东健康社区收集能量收集, 结束! 🕛 4.098 秒
Jun 10 20:07:02 
Jun 10 20:26:39 
Jun 10 20:26:39 🔔东东健康社区收集能量收集, 开始!
Jun 10 20:26:39 
Jun 10 20:26:39 ====================共1个京东账号Cookie=========
Jun 10 20:26:39 
Jun 10 20:26:39 ==================脚本执行- 北京时间(UTC+8)：6/10/2021, 8:26:39 PM=====================
Jun 10 20:26:39 
Jun 10 20:26:39 
Jun 10 20:26:39 ******开始【京东账号1】liu1071607950*********
Jun 10 20:26:39 
Jun 10 20:26:41 任务完成失败：{"code":-30001,"msg":"登陆失败"}
Jun 10 20:26:41 
Jun 10 20:26:41 🔔东东健康社区收集能量收集, 结束! 🕛 1.804 秒
Jun 10 20:26:41 
Jun 10 20:45:26 
Jun 10 20:45:26 🔔东东健康社区收集能量收集, 开始!
Jun 10 20:45:26 
Jun 10 20:45:26 ====================共1个京东账号Cookie=========
Jun 10 20:45:27 
Jun 10 20:45:27 ==================脚本执行- 北京时间(UTC+8)：6/10/2021, 8:45:26 PM=====================
Jun 10 20:45:27 
Jun 10 20:45:27 
Jun 10 20:45:27 ******开始【京东账号1】liu1071607950*********
Jun 10 20:45:27 
Jun 10 20:45:28 任务完成失败：{"code":-30001,"msg":"登陆失败"}
Jun 10 20:45:28 
Jun 10 20:45:28 🔔东东健康社区收集能量收集, 结束! 🕛 1.581 秒
Jun 10 20:45:28 
Jun 10 21:06:11 
Jun 10 21:06:11 🔔东东健康社区收集能量收集, 开始!
Jun 10 21:06:11 
Jun 10 21:06:11 ====================共1个京东账号Cookie=========
Jun 10 21:06:11 
Jun 10 21:06:11 ==================脚本执行- 北京时间(UTC+8)：6/10/2021, 9:06:11 PM=====================
Jun 10 21:06:11 
Jun 10 21:06:11 
Jun 10 21:06:11 ******开始【京东账号1】liu1071607950*********
Jun 10 21:06:11 
Jun 10 21:06:12 任务完成失败：{"code":-30001,"msg":"登陆失败"}
Jun 10 21:06:12 
Jun 10 21:06:12 🔔东东健康社区收集能量收集, 结束! 🕛 1.478 秒
Jun 10 21:06:12 
Jun 10 21:26:59 
Jun 10 21:26:59 🔔东东健康社区收集能量收集, 开始!
Jun 10 21:26:59 
Jun 10 21:26:59 ====================共1个京东账号Cookie=========
Jun 10 21:26:59 
Jun 10 21:26:59 ==================脚本执行- 北京时间(UTC+8)：6/10/2021, 9:26:59 PM=====================
Jun 10 21:26:59 
Jun 10 21:26:59 
Jun 10 21:26:59 ******开始【京东账号1】liu1071607950*********
Jun 10 21:26:59 
Jun 10 21:27:00 任务完成失败：{"code":-30001,"msg":"登陆失败"}
Jun 10 21:27:00 
Jun 10 21:27:00 🔔东东健康社区收集能量收集, 结束! 🕛 1.621 秒
Jun 10 21:27:00 
Jun 10 21:46:02 
Jun 10 21:46:02 🔔东东健康社区收集能量收集, 开始!
Jun 10 21:46:02 
Jun 10 21:46:02 ====================共1个京东账号Cookie=========
Jun 10 21:46:02 
Jun 10 21:46:02 ==================脚本执行- 北京时间(UTC+8)：6/10/2021, 9:46:02 PM=====================
Jun 10 21:46:02 
Jun 10 21:46:02 
Jun 10 21:46:02 ******开始【京东账号1】liu1071607950*********
Jun 10 21:46:02 
Jun 10 21:46:04 任务完成失败：{"code":-30001,"msg":"登陆失败"}
Jun 10 21:46:04 
Jun 10 21:46:04 🔔东东健康社区收集能量收集, 结束! 🕛 1.712 秒
Jun 10 21:46:04 
Jun 10 22:06:01 
Jun 10 22:06:01 🔔东东健康社区收集能量收集, 开始!
Jun 10 22:06:01 
Jun 10 22:06:01 ====================共1个京东账号Cookie=========
Jun 10 22:06:01 
Jun 10 22:06:01 ==================脚本执行- 北京时间(UTC+8)：6/10/2021, 10:06:01 PM=====================
Jun 10 22:06:01 
Jun 10 22:06:01 
Jun 10 22:06:01 ******开始【京东账号1】liu1071607950*********
Jun 10 22:06:01 
Jun 10 22:06:02 任务完成失败：{"code":-30001,"msg":"登陆失败"}
Jun 10 22:06:02 
Jun 10 22:06:02 🔔东东健康社区收集能量收集, 结束! 🕛 1.397 秒
Jun 10 22:06:02 
Jun 10 22:26:47 
Jun 10 22:26:47 🔔东东健康社区收集能量收集, 开始!
Jun 10 22:26:47 
Jun 10 22:26:47 ====================共1个京东账号Cookie=========
Jun 10 22:26:47 
Jun 10 22:26:47 ==================脚本执行- 北京时间(UTC+8)：6/10/2021, 10:26:47 PM=====================
Jun 10 22:26:47 
Jun 10 22:26:47 
Jun 10 22:26:47 ******开始【京东账号1】liu1071607950*********
Jun 10 22:26:47 
Jun 10 22:26:48 任务完成失败：{"code":-30001,"msg":"登陆失败"}
Jun 10 22:26:48 
Jun 10 22:26:48 🔔东东健康社区收集能量收集, 结束! 🕛 1.227 秒
Jun 10 22:26:48 
Jun 10 22:46:14 
Jun 10 22:46:14 🔔东东健康社区收集能量收集, 开始!
Jun 10 22:46:14 
Jun 10 22:46:14 ====================共1个京东账号Cookie=========
Jun 10 22:46:14 
Jun 10 22:46:14 ==================脚本执行- 北京时间(UTC+8)：6/10/2021, 10:46:14 PM=====================
Jun 10 22:46:14 
Jun 10 22:46:14 
Jun 10 22:46:14 ******开始【京东账号1】liu1071607950*********
Jun 10 22:46:14 
Jun 10 22:46:15 任务完成失败：{"code":-30001,"msg":"登陆失败"}
Jun 10 22:46:15 
Jun 10 22:46:15 🔔东东健康社区收集能量收集, 结束! 🕛 1.155 秒
Jun 10 22:46:15 
Jun 10 23:06:57 
Jun 10 23:06:57 🔔东东健康社区收集能量收集, 开始!
Jun 10 23:06:57 
Jun 10 23:06:57 ====================共1个京东账号Cookie=========
Jun 10 23:06:57 
Jun 10 23:06:57 ==================脚本执行- 北京时间(UTC+8)：6/10/2021, 11:06:57 PM=====================
Jun 10 23:06:57 
Jun 10 23:06:57 
Jun 10 23:06:57 ******开始【京东账号1】liu1071607950*********
Jun 10 23:06:57 
Jun 10 23:06:58 任务完成失败：{"code":-30001,"msg":"登陆失败"}
Jun 10 23:06:58 
Jun 10 23:06:58 🔔东东健康社区收集能量收集, 结束! 🕛 1.281 秒
Jun 10 23:06:58 
Jun 10 23:26:14 
Jun 10 23:26:14 🔔东东健康社区收集能量收集, 开始!
Jun 10 23:26:14 
Jun 10 23:26:14 ====================共1个京东账号Cookie=========
Jun 10 23:26:14 
Jun 10 23:26:14 ==================脚本执行- 北京时间(UTC+8)：6/10/2021, 11:26:14 PM=====================
Jun 10 23:26:14 
Jun 10 23:26:14 
Jun 10 23:26:14 ******开始【京东账号1】liu1071607950*********
Jun 10 23:26:14 
Jun 10 23:26:18 任务完成失败：{"code":-30001,"msg":"登陆失败"}
Jun 10 23:26:18 
Jun 10 23:26:18 🔔东东健康社区收集能量收集, 结束! 🕛 3.589 秒
Jun 10 23:26:18 
Jun 10 23:45:41 
Jun 10 23:45:41 🔔东东健康社区收集能量收集, 开始!
Jun 10 23:45:41 
Jun 10 23:45:41 ====================共1个京东账号Cookie=========
Jun 10 23:45:41 
Jun 10 23:45:41 ==================脚本执行- 北京时间(UTC+8)：6/10/2021, 11:45:41 PM=====================
Jun 10 23:45:41 
Jun 10 23:45:41 
Jun 10 23:45:41 ******开始【京东账号1】liu1071607950*********
Jun 10 23:45:41 
Jun 10 23:45:42 任务完成失败：{"code":-30001,"msg":"登陆失败"}
Jun 10 23:45:42 
Jun 10 23:45:42 🔔东东健康社区收集能量收集, 结束! 🕛 1.209 秒
Jun 10 23:45:42 
Jun 11 08:26:54 
Jun 11 08:26:54 🔔东东健康社区收集能量收集, 开始!
Jun 11 08:26:54 
Jun 11 08:26:54 ====================共1个京东账号Cookie=========
Jun 11 08:26:54 
Jun 11 08:26:54 ==================脚本执行- 北京时间(UTC+8)：6/11/2021, 8:26:54 AM=====================
Jun 11 08:26:54 
Jun 11 08:26:54 
Jun 11 08:26:54 ******开始【京东账号1】liu1071607950*********
Jun 11 08:26:54 
Jun 11 08:26:57 任务完成失败：{"code":-30001,"msg":"登陆失败"}
Jun 11 08:26:57 
Jun 11 08:26:57 🔔东东健康社区收集能量收集, 结束! 🕛 2.688 秒
Jun 11 08:26:57 
Jun 11 08:45:55 
Jun 11 08:45:55 🔔东东健康社区收集能量收集, 开始!
Jun 11 08:45:55 
Jun 11 08:45:55 ====================共1个京东账号Cookie=========
Jun 11 08:45:55 
Jun 11 08:45:55 ==================脚本执行- 北京时间(UTC+8)：6/11/2021, 8:45:55 AM=====================
Jun 11 08:45:55 
Jun 11 08:45:55 
Jun 11 08:45:55 ******开始【京东账号1】liu1071607950*********
Jun 11 08:45:55 
Jun 11 08:46:00 任务完成失败：{"code":-30001,"msg":"登陆失败"}
Jun 11 08:46:00 
Jun 11 08:46:00 🔔东东健康社区收集能量收集, 结束! 🕛 4.404 秒
Jun 11 08:46:00 
Jun 24 14:06:44 
Jun 24 14:06:44 🔔东东健康社区收集能量收集, 开始!
Jun 24 14:06:44 
Jun 24 14:06:44 ====================共1个京东账号Cookie=========
Jun 24 14:06:44 
Jun 24 14:06:44 ==================脚本执行- 北京时间(UTC+8)：6/24/2021, 2:06:44 PM=====================
Jun 24 14:06:44 
Jun 24 14:06:44 
Jun 24 14:06:44 ******开始【京东账号1】liu1071607950*********
Jun 24 14:06:44 
Jun 24 14:06:46 任务完成失败：{"code":-30001,"msg":"登陆失败"}
Jun 24 14:06:46 
Jun 24 14:06:46 🔔东东健康社区收集能量收集, 结束! 🕛 1.697 秒
Jun 24 14:06:46 
Jun 24 14:25:34 
Jun 24 14:25:34 🔔东东健康社区收集能量收集, 开始!
Jun 24 14:25:34 
Jun 24 14:25:34 ====================共1个京东账号Cookie=========
Jun 24 14:25:34 
Jun 24 14:25:34 ==================脚本执行- 北京时间(UTC+8)：6/24/2021, 2:25:34 PM=====================
Jun 24 14:25:34 
Jun 24 14:25:34 
Jun 24 14:25:34 ******开始【京东账号1】liu1071607950*********
Jun 24 14:25:34 
Jun 24 14:25:36 任务完成失败：{"code":-30001,"msg":"登陆失败"}
Jun 24 14:25:36 
Jun 24 14:25:36 🔔东东健康社区收集能量收集, 结束! 🕛 1.889 秒
Jun 24 14:25:36 
Jun 24 14:45:40 
Jun 24 14:45:40 🔔东东健康社区收集能量收集, 开始!
Jun 24 14:45:40 
Jun 24 14:45:40 ====================共1个京东账号Cookie=========
Jun 24 14:45:40 
Jun 24 14:45:40 ==================脚本执行- 北京时间(UTC+8)：6/24/2021, 2:45:40 PM=====================
Jun 24 14:45:40 
Jun 24 14:45:40 
Jun 24 14:45:40 ******开始【京东账号1】liu1071607950*********
Jun 24 14:45:40 
Jun 24 14:45:42 任务完成失败：{"code":-30001,"msg":"登陆失败"}
Jun 24 14:45:42 
Jun 24 14:45:42 🔔东东健康社区收集能量收集, 结束! 🕛 2.199 秒
Jun 24 14:45:42 
Jun 24 15:06:21 
Jun 24 15:06:21 🔔东东健康社区收集能量收集, 开始!
Jun 24 15:06:21 
Jun 24 15:06:21 ====================共1个京东账号Cookie=========
Jun 24 15:06:21 
Jun 24 15:06:21 ==================脚本执行- 北京时间(UTC+8)：6/24/2021, 3:06:21 PM=====================
Jun 24 15:06:21 
Jun 24 15:06:21 
Jun 24 15:06:21 ******开始【京东账号1】liu1071607950*********
Jun 24 15:06:21 
Jun 24 15:06:23 任务完成失败：{"code":-30001,"msg":"登陆失败"}
Jun 24 15:06:23 
Jun 24 15:06:23 🔔东东健康社区收集能量收集, 结束! 🕛 1.503 秒
Jun 24 15:06:23 
