Jun 07 00:07:57 
Jun 07 00:07:57 🔔京东赚赚, 开始!
Jun 07 00:07:57 
Jun 07 00:07:57 ====================共1个京东账号Cookie=========
Jun 07 00:07:57 
Jun 07 00:07:57 ==================脚本执行- 北京时间(UTC+8)：6/7/2021, 12:07:57 AM=====================
Jun 07 00:07:57 
Jun 07 00:07:57 开始获取京东赚赚配置文件
Jun 07 00:07:57 
Jun 07 00:07:57 共1个京东账号
Jun 07 00:07:57 
Jun 07 00:07:57 您提供了1个账号的京东赚赚助力码
Jun 07 00:07:57 
Jun 07 00:07:58 
Jun 07 00:07:58 ******开始【京东账号1】liu1071607950*********
Jun 07 00:07:58 
Jun 07 00:07:58 
Jun 07 00:07:58 ==============📣系统通知📣==============
Jun 07 00:07:58 京东赚赚
Jun 07 00:07:58 【提示】cookie已失效
Jun 07 00:07:58 京东账号1 liu1071607950
Jun 07 00:07:58 请重新登录获取
Jun 07 00:07:58 https://bean.m.jd.com/bean/signIndex.action
Jun 07 00:07:58 
Jun 07 00:07:58 
Jun 07 00:07:58 您未提供server酱的SCKEY，取消微信推送消息通知🚫
Jun 07 00:07:58 
Jun 07 00:07:58 您未提供push+推送所需的PUSH_PLUS_TOKEN，取消push+推送消息通知🚫
Jun 07 00:07:58 
Jun 07 00:07:58 您未提供Bark的APP推送BARK_PUSH，取消Bark推送消息通知🚫
Jun 07 00:07:58 
Jun 07 00:07:58 您未提供telegram机器人推送所需的TG_BOT_TOKEN和TG_USER_ID，取消telegram推送消息通知🚫
Jun 07 00:07:58 
Jun 07 00:07:58 您未提供钉钉机器人推送所需的DD_BOT_TOKEN或者DD_BOT_SECRET，取消钉钉推送消息通知🚫
Jun 07 00:07:58 
Jun 07 00:07:58 您未提供企业微信机器人推送所需的QYWX_KEY，取消企业微信推送消息通知🚫
Jun 07 00:07:58 
Jun 07 00:07:58 您未提供企业微信应用消息推送所需的QYWX_AM，取消企业微信应用消息推送消息通知🚫
Jun 07 00:07:58 
Jun 07 00:07:58 您未提供iGot的推送IGOT_PUSH_KEY，取消iGot推送消息通知🚫
Jun 07 00:07:58 
Jun 07 00:07:58 
Jun 07 00:07:58 🔔京东赚赚, 结束! 🕛 1.63 秒
Jun 07 00:07:58 
Jun 08 11:07:01 
Jun 08 11:07:01 🔔京东赚赚, 开始!
Jun 08 11:07:01 
Jun 08 11:07:01 ====================共1个京东账号Cookie=========
Jun 08 11:07:01 
Jun 08 11:07:01 ==================脚本执行- 北京时间(UTC+8)：6/8/2021, 11:07:01 AM=====================
Jun 08 11:07:01 
Jun 08 11:07:01 开始获取京东赚赚配置文件
Jun 08 11:07:01 
Jun 08 11:07:01 共1个京东账号
Jun 08 11:07:01 
Jun 08 11:07:01 您提供了0个账号的京东赚赚助力码
Jun 08 11:07:01 
Jun 08 11:07:03 
Jun 08 11:07:03 ******开始【京东账号1】liu1071607950*********
Jun 08 11:07:03 
Jun 08 11:07:03 
Jun 08 11:07:03 ==============📣系统通知📣==============
Jun 08 11:07:03 京东赚赚
Jun 08 11:07:03 【提示】cookie已失效
Jun 08 11:07:03 京东账号1 liu1071607950
Jun 08 11:07:03 请重新登录获取
Jun 08 11:07:03 https://bean.m.jd.com/bean/signIndex.action
Jun 08 11:07:03 
Jun 08 11:07:03 
Jun 08 11:07:03 您未提供server酱的SCKEY，取消微信推送消息通知🚫
Jun 08 11:07:03 
Jun 08 11:07:03 您未提供push+推送所需的PUSH_PLUS_TOKEN，取消push+推送消息通知🚫
Jun 08 11:07:03 
Jun 08 11:07:03 您未提供Bark的APP推送BARK_PUSH，取消Bark推送消息通知🚫
Jun 08 11:07:03 
Jun 08 11:07:03 您未提供telegram机器人推送所需的TG_BOT_TOKEN和TG_USER_ID，取消telegram推送消息通知🚫
Jun 08 11:07:03 
Jun 08 11:07:03 您未提供钉钉机器人推送所需的DD_BOT_TOKEN或者DD_BOT_SECRET，取消钉钉推送消息通知🚫
Jun 08 11:07:03 
Jun 08 11:07:03 您未提供企业微信机器人推送所需的QYWX_KEY，取消企业微信推送消息通知🚫
Jun 08 11:07:03 
Jun 08 11:07:03 您未提供企业微信应用消息推送所需的QYWX_AM，取消企业微信应用消息推送消息通知🚫
Jun 08 11:07:03 
Jun 08 11:07:03 您未提供iGot的推送IGOT_PUSH_KEY，取消iGot推送消息通知🚫
Jun 08 11:07:03 
Jun 08 11:07:03 
Jun 08 11:07:03 🔔京东赚赚, 结束! 🕛 2.125 秒
Jun 08 11:07:03 
Jun 09 11:07:47 
Jun 09 11:07:47 🔔京东赚赚, 开始!
Jun 09 11:07:47 
Jun 09 11:07:47 ====================共1个京东账号Cookie=========
Jun 09 11:07:47 
Jun 09 11:07:47 ==================脚本执行- 北京时间(UTC+8)：6/9/2021, 11:07:47 AM=====================
Jun 09 11:07:47 
Jun 09 11:07:47 开始获取京东赚赚配置文件
Jun 09 11:07:47 
Jun 09 11:07:47 共1个京东账号
Jun 09 11:07:47 
Jun 09 11:07:47 您提供了0个账号的京东赚赚助力码
Jun 09 11:07:47 
Jun 09 11:07:48 
Jun 09 11:07:48 ******开始【京东账号1】liu1071607950*********
Jun 09 11:07:48 
Jun 09 11:07:48 
Jun 09 11:07:48 ==============📣系统通知📣==============
Jun 09 11:07:48 京东赚赚
Jun 09 11:07:48 【提示】cookie已失效
Jun 09 11:07:48 京东账号1 liu1071607950
Jun 09 11:07:48 请重新登录获取
Jun 09 11:07:48 https://bean.m.jd.com/bean/signIndex.action
Jun 09 11:07:48 
Jun 09 11:07:48 
Jun 09 11:07:48 您未提供server酱的SCKEY，取消微信推送消息通知🚫
Jun 09 11:07:48 
Jun 09 11:07:48 您未提供push+推送所需的PUSH_PLUS_TOKEN，取消push+推送消息通知🚫
Jun 09 11:07:48 
Jun 09 11:07:48 您未提供Bark的APP推送BARK_PUSH，取消Bark推送消息通知🚫
Jun 09 11:07:48 
Jun 09 11:07:48 您未提供telegram机器人推送所需的TG_BOT_TOKEN和TG_USER_ID，取消telegram推送消息通知🚫
Jun 09 11:07:48 
Jun 09 11:07:48 您未提供钉钉机器人推送所需的DD_BOT_TOKEN或者DD_BOT_SECRET，取消钉钉推送消息通知🚫
Jun 09 11:07:48 
Jun 09 11:07:48 您未提供企业微信机器人推送所需的QYWX_KEY，取消企业微信推送消息通知🚫
Jun 09 11:07:48 
Jun 09 11:07:48 您未提供企业微信应用消息推送所需的QYWX_AM，取消企业微信应用消息推送消息通知🚫
Jun 09 11:07:48 
Jun 09 11:07:48 您未提供iGot的推送IGOT_PUSH_KEY，取消iGot推送消息通知🚫
Jun 09 11:07:48 
Jun 09 11:07:48 
Jun 09 11:07:48 🔔京东赚赚, 结束! 🕛 1.23 秒
Jun 09 11:07:48 
Jun 10 11:07:50 
Jun 10 11:07:50 🔔京东赚赚, 开始!
Jun 10 11:07:50 
Jun 10 11:07:50 ====================共1个京东账号Cookie=========
Jun 10 11:07:50 
Jun 10 11:07:50 ==================脚本执行- 北京时间(UTC+8)：6/10/2021, 11:07:50 AM=====================
Jun 10 11:07:50 
Jun 10 11:07:50 开始获取京东赚赚配置文件
Jun 10 11:07:50 
Jun 10 11:07:50 共1个京东账号
Jun 10 11:07:50 
Jun 10 11:07:50 您提供了0个账号的京东赚赚助力码
Jun 10 11:07:50 
Jun 10 11:07:51 
Jun 10 11:07:51 ******开始【京东账号1】liu1071607950*********
Jun 10 11:07:51 
Jun 10 11:07:51 
Jun 10 11:07:51 ==============📣系统通知📣==============
Jun 10 11:07:51 京东赚赚
Jun 10 11:07:51 【提示】cookie已失效
Jun 10 11:07:51 京东账号1 liu1071607950
Jun 10 11:07:51 请重新登录获取
Jun 10 11:07:51 https://bean.m.jd.com/bean/signIndex.action
Jun 10 11:07:51 
Jun 10 11:07:51 
Jun 10 11:07:51 您未提供server酱的SCKEY，取消微信推送消息通知🚫
Jun 10 11:07:51 
Jun 10 11:07:51 您未提供push+推送所需的PUSH_PLUS_TOKEN，取消push+推送消息通知🚫
Jun 10 11:07:51 
Jun 10 11:07:51 您未提供Bark的APP推送BARK_PUSH，取消Bark推送消息通知🚫
Jun 10 11:07:51 
Jun 10 11:07:51 您未提供telegram机器人推送所需的TG_BOT_TOKEN和TG_USER_ID，取消telegram推送消息通知🚫
Jun 10 11:07:51 
Jun 10 11:07:51 您未提供钉钉机器人推送所需的DD_BOT_TOKEN或者DD_BOT_SECRET，取消钉钉推送消息通知🚫
Jun 10 11:07:51 
Jun 10 11:07:51 您未提供企业微信机器人推送所需的QYWX_KEY，取消企业微信推送消息通知🚫
Jun 10 11:07:51 
Jun 10 11:07:51 您未提供企业微信应用消息推送所需的QYWX_AM，取消企业微信应用消息推送消息通知🚫
Jun 10 11:07:51 
Jun 10 11:07:51 您未提供iGot的推送IGOT_PUSH_KEY，取消iGot推送消息通知🚫
Jun 10 11:07:51 
Jun 10 11:07:51 
Jun 10 11:07:51 🔔京东赚赚, 结束! 🕛 1.308 秒
Jun 10 11:07:51 
