Jun 07 00:06:44 
Jun 07 00:06:44 🔔领金贴, 开始!
Jun 07 00:06:44 
Jun 07 00:06:44 ====================共1个京东账号Cookie=========
Jun 07 00:06:44 
Jun 07 00:06:44 ==================脚本执行- 北京时间(UTC+8)：6/7/2021, 12:06:44 AM=====================
Jun 07 00:06:44 
Jun 07 00:06:47 
Jun 07 00:06:47 ******开始【京东账号1】liu1071607950*********
Jun 07 00:06:47 
Jun 07 00:06:47 
Jun 07 00:06:47 ==============📣系统通知📣==============
Jun 07 00:06:47 领金贴
Jun 07 00:06:47 【提示】cookie已失效
Jun 07 00:06:47 京东账号1 liu1071607950
Jun 07 00:06:47 请重新登录获取
Jun 07 00:06:47 https://bean.m.jd.com/bean/signIndex.action
Jun 07 00:06:47 
Jun 07 00:06:47 
Jun 07 00:06:47 您未提供server酱的SCKEY，取消微信推送消息通知🚫
Jun 07 00:06:47 
Jun 07 00:06:47 您未提供push+推送所需的PUSH_PLUS_TOKEN，取消push+推送消息通知🚫
Jun 07 00:06:47 
Jun 07 00:06:47 您未提供Bark的APP推送BARK_PUSH，取消Bark推送消息通知🚫
Jun 07 00:06:47 
Jun 07 00:06:47 您未提供telegram机器人推送所需的TG_BOT_TOKEN和TG_USER_ID，取消telegram推送消息通知🚫
Jun 07 00:06:47 
Jun 07 00:06:47 您未提供钉钉机器人推送所需的DD_BOT_TOKEN或者DD_BOT_SECRET，取消钉钉推送消息通知🚫
Jun 07 00:06:47 
Jun 07 00:06:47 您未提供企业微信机器人推送所需的QYWX_KEY，取消企业微信推送消息通知🚫
Jun 07 00:06:47 
Jun 07 00:06:47 您未提供企业微信应用消息推送所需的QYWX_AM，取消企业微信应用消息推送消息通知🚫
Jun 07 00:06:47 
Jun 07 00:06:47 您未提供iGot的推送IGOT_PUSH_KEY，取消iGot推送消息通知🚫
Jun 07 00:06:47 
Jun 07 00:06:47 
Jun 07 00:06:47 🔔领金贴, 结束! 🕛 3.501 秒
Jun 07 00:06:47 
