Jun 08 12:30:56 
Jun 08 12:30:56 🔔京喜农场, 开始!
Jun 08 12:30:56 开始获取配置文件
Jun 08 12:30:56 
Jun 08 12:30:56 
Jun 08 12:30:56 ====================共1个京东账号Cookie=========
Jun 08 12:30:56 
Jun 08 12:30:56 ==================脚本执行- 北京时间(UTC+8)：6/8/2021, 12:30:56 PM=====================
Jun 08 12:30:56 
Jun 08 12:30:56 共1个京东账号
Jun 08 12:30:56 
Jun 08 12:30:56 您提供了1个账号的京喜农场助力码
Jun 08 12:30:59 
Jun 08 12:30:59 ************* 检查【京东账号1】liu1071607950 cookie 是否有效 *************
Jun 08 12:30:59 开始【京东账号1】liu1071607950
Jun 08 12:30:59 
Jun 08 12:30:59 
Jun 08 12:30:59 ==============📣系统通知📣==============
Jun 08 12:30:59 京喜农场
Jun 08 12:30:59 【提示】cookie已失效
Jun 08 12:30:59 京东账号1 liu1071607950
Jun 08 12:30:59 请重新登录获取
Jun 08 12:30:59 https://bean.m.jd.com/
Jun 08 12:30:59 
Jun 08 12:30:59 
Jun 08 12:30:59 您未提供server酱的SCKEY，取消微信推送消息通知🚫
Jun 08 12:30:59 
Jun 08 12:30:59 您未提供push+推送所需的PUSH_PLUS_TOKEN，取消push+推送消息通知🚫
Jun 08 12:30:59 
Jun 08 12:30:59 您未提供Bark的APP推送BARK_PUSH，取消Bark推送消息通知🚫
Jun 08 12:30:59 
Jun 08 12:30:59 您未提供telegram机器人推送所需的TG_BOT_TOKEN和TG_USER_ID，取消telegram推送消息通知🚫
Jun 08 12:30:59 
Jun 08 12:30:59 您未提供钉钉机器人推送所需的DD_BOT_TOKEN或者DD_BOT_SECRET，取消钉钉推送消息通知🚫
Jun 08 12:30:59 
Jun 08 12:30:59 您未提供企业微信机器人推送所需的QYWX_KEY，取消企业微信推送消息通知🚫
Jun 08 12:30:59 
Jun 08 12:30:59 您未提供企业微信应用消息推送所需的QYWX_AM，取消企业微信应用消息推送消息通知🚫
Jun 08 12:30:59 
Jun 08 12:30:59 您未提供iGot的推送IGOT_PUSH_KEY，取消iGot推送消息通知🚫
Jun 08 12:30:59 
Jun 08 12:30:59 
Jun 08 12:30:59 🔔京喜农场, 结束! 🕛 3.79 秒
Jun 08 12:30:59 
Jun 08 18:31:45 
Jun 08 18:31:45 🔔京喜农场, 开始!
Jun 08 18:31:45 开始获取配置文件
Jun 08 18:31:45 
Jun 08 18:31:45 
Jun 08 18:31:45 ====================共1个京东账号Cookie=========
Jun 08 18:31:45 
Jun 08 18:31:45 ==================脚本执行- 北京时间(UTC+8)：6/8/2021, 6:31:45 PM=====================
Jun 08 18:31:45 
Jun 08 18:31:45 由于您环境变量里面(JXNC_SHARECODES)未提供助力码，故此处运行将会给脚本内置的码进行助力，请知晓！
Jun 08 18:31:45 共1个京东账号
Jun 08 18:31:45 
Jun 08 18:31:45 您提供了2个账号的京喜农场助力码
Jun 08 18:31:47 
Jun 08 18:31:47 ************* 检查【京东账号1】liu1071607950 cookie 是否有效 *************
Jun 08 18:31:48 开始【京东账号1】liu1071607950
Jun 08 18:31:48 
Jun 08 18:31:48 由于您第1个京东账号未提供shareCode,将采纳本脚本自带的助力码
Jun 08 18:31:48 第1个京东账号将要助力的好友[""]
Jun 08 18:31:48 获取用户信息 & 任务列表
Jun 08 18:31:48 获取任务列表 未登录 总共0个任务！
Jun 08 18:31:48 账号未选择种子，请先去京喜农场选择种子。
Jun 08 18:31:48 如果选择 APP 专属种子，必须提供 token。
Jun 08 18:31:48 京喜农场 - notify 通知已关闭
Jun 08 18:31:48 账号1 - liu1071607950
Jun 08 18:31:48 【京东账号1】liu1071607950
Jun 08 18:31:48 账号未选择种子，请先去京喜农场选择种子。
Jun 08 18:31:48 如果选择 APP 专属种子，必须提供 token。
Jun 08 18:31:48 
Jun 08 18:31:48 
Jun 08 18:31:48 🔔京喜农场, 结束! 🕛 3.704 秒
Jun 08 18:31:48 
Jun 09 12:31:40 
Jun 09 12:31:40 🔔京喜农场, 开始!
Jun 09 12:31:40 开始获取配置文件
Jun 09 12:31:40 
Jun 09 12:31:40 
Jun 09 12:31:40 ====================共1个京东账号Cookie=========
Jun 09 12:31:40 
Jun 09 12:31:40 ==================脚本执行- 北京时间(UTC+8)：6/9/2021, 12:31:40 PM=====================
Jun 09 12:31:40 
Jun 09 12:31:40 由于您环境变量里面(JXNC_SHARECODES)未提供助力码，故此处运行将会给脚本内置的码进行助力，请知晓！
Jun 09 12:31:40 共1个京东账号
Jun 09 12:31:40 
Jun 09 12:31:40 您提供了2个账号的京喜农场助力码
Jun 09 12:31:43 
Jun 09 12:31:43 ************* 检查【京东账号1】liu1071607950 cookie 是否有效 *************
Jun 09 12:31:43 "getaddrinfo ENOTFOUND wq.jd.com"
Jun 09 12:31:43 京喜农场 API请求失败，请检查网路重试
Jun 09 12:31:43 开始【京东账号1】liu1071607950
Jun 09 12:31:43 
Jun 09 12:31:43 由于您第1个京东账号未提供shareCode,将采纳本脚本自带的助力码
Jun 09 12:31:43 第1个京东账号将要助力的好友[""]
Jun 09 12:31:43 获取用户信息 & 任务列表
Jun 09 12:31:46 
Jun 09 12:31:46 ❗️京喜农场, 错误!
Jun 09 12:31:46 TypeError: Cannot read property 'match' of undefined
Jun 09 12:31:46     at /scripts/jd_jxnc.js:53:52787
Jun 09 12:31:46     at /scripts/jd_jxnc.js:57:4955
Jun 09 12:31:46     at processTicksAndRejections (internal/process/task_queues.js:93:5)
Jun 09 12:31:46 【京东账号1（liu1071607950）的京喜农场好友互助码】{}
Jun 09 12:31:51 
Jun 09 12:31:51 ❗️京喜农场, 错误!
Jun 09 12:31:51 TypeError: Cannot read property 'match' of undefined
Jun 09 12:31:51     at /scripts/jd_jxnc.js:53:52787
Jun 09 12:31:51     at /scripts/jd_jxnc.js:57:4955
Jun 09 12:31:51     at processTicksAndRejections (internal/process/task_queues.js:93:5)
Jun 09 12:31:55 获取随机助力码失败 API 返回异常
Jun 09 12:31:55 京喜农场 - notify 通知已关闭
Jun 09 12:31:55 账号1 - 
Jun 09 12:31:55 【京东账号1】
Jun 09 12:31:55 【水果名称】undefined
Jun 09 12:31:55 【水滴】本次获得undefined 离线获得undefined 今日获得0 还需水滴NaN
Jun 09 12:31:55 
Jun 09 12:31:55 
Jun 09 12:31:55 🔔京喜农场, 结束! 🕛 15.071 秒
Jun 09 12:31:55 
Jun 09 18:32:00 
Jun 09 18:32:00 🔔京喜农场, 开始!
Jun 09 18:32:00 开始获取配置文件
Jun 09 18:32:00 
Jun 09 18:32:00 
Jun 09 18:32:00 ====================共1个京东账号Cookie=========
Jun 09 18:32:00 
Jun 09 18:32:00 ==================脚本执行- 北京时间(UTC+8)：6/9/2021, 6:32:00 PM=====================
Jun 09 18:32:00 
Jun 09 18:32:00 共1个京东账号
Jun 09 18:32:00 
Jun 09 18:32:00 互助码格式已变更，请重新填写互助码
Jun 09 18:32:00 
Jun 09 18:32:00 ==============📣系统通知📣==============
Jun 09 18:32:00 京喜农场
Jun 09 18:32:00 互助码格式变更通知
Jun 09 18:32:00 互助码格式变更，请重新填写 ‼️‼️
Jun 09 18:32:00 
Jun 09 18:32:00 
Jun 09 18:32:00 您未提供server酱的SCKEY，取消微信推送消息通知🚫
Jun 09 18:32:00 
Jun 09 18:32:00 您未提供push+推送所需的PUSH_PLUS_TOKEN，取消push+推送消息通知🚫
Jun 09 18:32:00 
Jun 09 18:32:00 您未提供Bark的APP推送BARK_PUSH，取消Bark推送消息通知🚫
Jun 09 18:32:00 
Jun 09 18:32:00 您未提供telegram机器人推送所需的TG_BOT_TOKEN和TG_USER_ID，取消telegram推送消息通知🚫
Jun 09 18:32:00 
Jun 09 18:32:00 您未提供钉钉机器人推送所需的DD_BOT_TOKEN或者DD_BOT_SECRET，取消钉钉推送消息通知🚫
Jun 09 18:32:00 
Jun 09 18:32:00 您未提供企业微信机器人推送所需的QYWX_KEY，取消企业微信推送消息通知🚫
Jun 09 18:32:00 
Jun 09 18:32:00 您未提供企业微信应用消息推送所需的QYWX_AM，取消企业微信应用消息推送消息通知🚫
Jun 09 18:32:00 
Jun 09 18:32:00 您未提供iGot的推送IGOT_PUSH_KEY，取消iGot推送消息通知🚫
Jun 09 18:32:00 
Jun 09 18:32:00 您提供了1个账号的京喜农场助力码
Jun 09 18:32:01 
Jun 09 18:32:01 ************* 检查【京东账号1】liu1071607950 cookie 是否有效 *************
Jun 09 18:32:02 开始【京东账号1】liu1071607950
Jun 09 18:32:02 
Jun 09 18:32:02 
Jun 09 18:32:02 ==============📣系统通知📣==============
Jun 09 18:32:02 京喜农场
Jun 09 18:32:02 【提示】cookie已失效
Jun 09 18:32:02 京东账号1 liu1071607950
Jun 09 18:32:02 请重新登录获取
Jun 09 18:32:02 https://bean.m.jd.com/
Jun 09 18:32:02 
Jun 09 18:32:02 
Jun 09 18:32:02 您未提供server酱的SCKEY，取消微信推送消息通知🚫
Jun 09 18:32:02 
Jun 09 18:32:02 您未提供push+推送所需的PUSH_PLUS_TOKEN，取消push+推送消息通知🚫
Jun 09 18:32:02 
Jun 09 18:32:02 您未提供Bark的APP推送BARK_PUSH，取消Bark推送消息通知🚫
Jun 09 18:32:02 
Jun 09 18:32:02 您未提供telegram机器人推送所需的TG_BOT_TOKEN和TG_USER_ID，取消telegram推送消息通知🚫
Jun 09 18:32:02 
Jun 09 18:32:02 您未提供钉钉机器人推送所需的DD_BOT_TOKEN或者DD_BOT_SECRET，取消钉钉推送消息通知🚫
Jun 09 18:32:02 
Jun 09 18:32:02 您未提供企业微信机器人推送所需的QYWX_KEY，取消企业微信推送消息通知🚫
Jun 09 18:32:02 
Jun 09 18:32:02 您未提供企业微信应用消息推送所需的QYWX_AM，取消企业微信应用消息推送消息通知🚫
Jun 09 18:32:02 
Jun 09 18:32:02 您未提供iGot的推送IGOT_PUSH_KEY，取消iGot推送消息通知🚫
Jun 09 18:32:02 
Jun 09 18:32:02 
Jun 09 18:32:02 🔔京喜农场, 结束! 🕛 2.297 秒
Jun 09 18:32:02 
Jun 10 12:31:11 
Jun 10 12:31:11 🔔京喜农场, 开始!
Jun 10 12:31:11 开始获取配置文件
Jun 10 12:31:11 
Jun 10 12:31:11 
Jun 10 12:31:11 ====================共1个京东账号Cookie=========
Jun 10 12:31:11 
Jun 10 12:31:11 ==================脚本执行- 北京时间(UTC+8)：6/10/2021, 12:31:11 PM=====================
Jun 10 12:31:11 
Jun 10 12:31:11 共1个京东账号
Jun 10 12:31:11 
Jun 10 12:31:11 互助码格式已变更，请重新填写互助码
Jun 10 12:31:11 
Jun 10 12:31:11 ==============📣系统通知📣==============
Jun 10 12:31:11 京喜农场
Jun 10 12:31:11 互助码格式变更通知
Jun 10 12:31:11 互助码格式变更，请重新填写 ‼️‼️
Jun 10 12:31:11 
Jun 10 12:31:11 
Jun 10 12:31:11 您未提供server酱的SCKEY，取消微信推送消息通知🚫
Jun 10 12:31:11 
Jun 10 12:31:11 您未提供push+推送所需的PUSH_PLUS_TOKEN，取消push+推送消息通知🚫
Jun 10 12:31:11 
Jun 10 12:31:11 您未提供Bark的APP推送BARK_PUSH，取消Bark推送消息通知🚫
Jun 10 12:31:11 
Jun 10 12:31:11 您未提供telegram机器人推送所需的TG_BOT_TOKEN和TG_USER_ID，取消telegram推送消息通知🚫
Jun 10 12:31:11 
Jun 10 12:31:11 您未提供钉钉机器人推送所需的DD_BOT_TOKEN或者DD_BOT_SECRET，取消钉钉推送消息通知🚫
Jun 10 12:31:11 
Jun 10 12:31:11 您未提供企业微信机器人推送所需的QYWX_KEY，取消企业微信推送消息通知🚫
Jun 10 12:31:11 
Jun 10 12:31:11 您未提供企业微信应用消息推送所需的QYWX_AM，取消企业微信应用消息推送消息通知🚫
Jun 10 12:31:11 
Jun 10 12:31:11 您未提供iGot的推送IGOT_PUSH_KEY，取消iGot推送消息通知🚫
Jun 10 12:31:11 
Jun 10 12:31:11 您提供了1个账号的京喜农场助力码
Jun 10 12:31:13 
Jun 10 12:31:13 ************* 检查【京东账号1】liu1071607950 cookie 是否有效 *************
Jun 10 12:31:14 "getaddrinfo ENOTFOUND wq.jd.com"
Jun 10 12:31:14 京喜农场 API请求失败，请检查网路重试
Jun 10 12:31:14 开始【京东账号1】liu1071607950
Jun 10 12:31:14 
Jun 10 12:31:14 第1个京东账号将要助力的好友["{}",""]
Jun 10 12:31:14 获取用户信息 & 任务列表
Jun 10 12:31:17 
Jun 10 12:31:17 ❗️京喜农场, 错误!
Jun 10 12:31:17 TypeError: Cannot read property 'match' of undefined
Jun 10 12:31:17     at /scripts/jd_jxnc.js:53:52787
Jun 10 12:31:17     at /scripts/jd_jxnc.js:57:4955
Jun 10 12:31:17     at processTicksAndRejections (internal/process/task_queues.js:93:5)
Jun 10 12:31:17 【京东账号1（liu1071607950）的京喜农场好友互助码】{}
Jun 10 12:31:22 
Jun 10 12:31:22 ❗️京喜农场, 错误!
Jun 10 12:31:22 TypeError: Cannot read property 'match' of undefined
Jun 10 12:31:22     at /scripts/jd_jxnc.js:53:52787
Jun 10 12:31:22     at /scripts/jd_jxnc.js:57:4955
Jun 10 12:31:22     at processTicksAndRejections (internal/process/task_queues.js:93:5)
Jun 10 12:31:22 助力码非 json 格式，跳过
Jun 10 12:31:25 获取随机助力码失败 API 返回异常
Jun 10 12:31:25 京喜农场 - notify 通知已关闭
Jun 10 12:31:25 账号1 - 
Jun 10 12:31:25 【京东账号1】
Jun 10 12:31:25 【水果名称】undefined
Jun 10 12:31:25 【水滴】本次获得undefined 离线获得undefined 今日获得0 还需水滴NaN
Jun 10 12:31:25 
Jun 10 12:31:25 
Jun 10 12:31:25 🔔京喜农场, 结束! 🕛 14.839 秒
Jun 10 12:31:25 
Jun 10 18:30:10 
Jun 10 18:30:10 🔔京喜农场, 开始!
Jun 10 18:30:11 开始获取配置文件
Jun 10 18:30:11 
Jun 10 18:30:11 
Jun 10 18:30:11 ====================共1个京东账号Cookie=========
Jun 10 18:30:11 
Jun 10 18:30:11 ==================脚本执行- 北京时间(UTC+8)：6/10/2021, 6:30:11 PM=====================
Jun 10 18:30:11 
Jun 10 18:30:11 共1个京东账号
Jun 10 18:30:11 
Jun 10 18:30:11 互助码格式已变更，请重新填写互助码
Jun 10 18:30:11 
Jun 10 18:30:11 ==============📣系统通知📣==============
Jun 10 18:30:11 京喜农场
Jun 10 18:30:11 互助码格式变更通知
Jun 10 18:30:11 互助码格式变更，请重新填写 ‼️‼️
Jun 10 18:30:11 
Jun 10 18:30:11 
Jun 10 18:30:11 您未提供server酱的SCKEY，取消微信推送消息通知🚫
Jun 10 18:30:11 
Jun 10 18:30:11 您未提供push+推送所需的PUSH_PLUS_TOKEN，取消push+推送消息通知🚫
Jun 10 18:30:11 
Jun 10 18:30:11 您未提供Bark的APP推送BARK_PUSH，取消Bark推送消息通知🚫
Jun 10 18:30:11 
Jun 10 18:30:11 您未提供telegram机器人推送所需的TG_BOT_TOKEN和TG_USER_ID，取消telegram推送消息通知🚫
Jun 10 18:30:11 
Jun 10 18:30:11 您未提供钉钉机器人推送所需的DD_BOT_TOKEN或者DD_BOT_SECRET，取消钉钉推送消息通知🚫
Jun 10 18:30:11 
Jun 10 18:30:11 您未提供企业微信机器人推送所需的QYWX_KEY，取消企业微信推送消息通知🚫
Jun 10 18:30:11 
Jun 10 18:30:11 您未提供企业微信应用消息推送所需的QYWX_AM，取消企业微信应用消息推送消息通知🚫
Jun 10 18:30:11 
Jun 10 18:30:11 您未提供iGot的推送IGOT_PUSH_KEY，取消iGot推送消息通知🚫
Jun 10 18:30:11 
Jun 10 18:30:11 您提供了1个账号的京喜农场助力码
Jun 10 18:30:13 
Jun 10 18:30:13 ************* 检查【京东账号1】liu1071607950 cookie 是否有效 *************
Jun 10 18:30:15 开始【京东账号1】liu1071607950
Jun 10 18:30:15 
Jun 10 18:30:15 
Jun 10 18:30:15 ==============📣系统通知📣==============
Jun 10 18:30:15 京喜农场
Jun 10 18:30:15 【提示】cookie已失效
Jun 10 18:30:15 京东账号1 liu1071607950
Jun 10 18:30:15 请重新登录获取
Jun 10 18:30:15 https://bean.m.jd.com/
Jun 10 18:30:15 
Jun 10 18:30:15 
Jun 10 18:30:15 您未提供server酱的SCKEY，取消微信推送消息通知🚫
Jun 10 18:30:15 
Jun 10 18:30:15 您未提供push+推送所需的PUSH_PLUS_TOKEN，取消push+推送消息通知🚫
Jun 10 18:30:15 
Jun 10 18:30:15 您未提供Bark的APP推送BARK_PUSH，取消Bark推送消息通知🚫
Jun 10 18:30:15 
Jun 10 18:30:15 您未提供telegram机器人推送所需的TG_BOT_TOKEN和TG_USER_ID，取消telegram推送消息通知🚫
Jun 10 18:30:15 
Jun 10 18:30:15 您未提供钉钉机器人推送所需的DD_BOT_TOKEN或者DD_BOT_SECRET，取消钉钉推送消息通知🚫
Jun 10 18:30:15 
Jun 10 18:30:15 您未提供企业微信机器人推送所需的QYWX_KEY，取消企业微信推送消息通知🚫
Jun 10 18:30:15 
Jun 10 18:30:15 您未提供企业微信应用消息推送所需的QYWX_AM，取消企业微信应用消息推送消息通知🚫
Jun 10 18:30:15 
Jun 10 18:30:15 您未提供iGot的推送IGOT_PUSH_KEY，取消iGot推送消息通知🚫
Jun 10 18:30:15 
Jun 10 18:30:15 
Jun 10 18:30:15 🔔京喜农场, 结束! 🕛 4.504 秒
Jun 10 18:30:15 
