Jun 08 10:46:10 
Jun 08 10:46:10 🔔宠汪汪, 开始!
Jun 08 10:46:10 
Jun 08 10:46:10 ====================共1个京东账号Cookie=========
Jun 08 10:46:10 
Jun 08 10:46:10 ==================脚本执行- 北京时间(UTC+8)：6/8/2021, 10:46:10 AM=====================
Jun 08 10:46:10 
Jun 08 10:46:12 
Jun 08 10:46:12 开始【京东账号1】liu1071607950
Jun 08 10:46:12 
Jun 08 10:46:12 
Jun 08 10:46:12 ==============📣系统通知📣==============
Jun 08 10:46:12 宠汪汪
Jun 08 10:46:12 【提示】cookie已失效
Jun 08 10:46:12 京东账号1 liu1071607950
Jun 08 10:46:12 请重新登录获取
Jun 08 10:46:12 https://bean.m.jd.com/bean/signIndex.action
Jun 08 10:46:12 
Jun 08 10:46:12 
Jun 08 10:46:12 您未提供server酱的SCKEY，取消微信推送消息通知🚫
Jun 08 10:46:12 
Jun 08 10:46:12 您未提供push+推送所需的PUSH_PLUS_TOKEN，取消push+推送消息通知🚫
Jun 08 10:46:12 
Jun 08 10:46:12 您未提供Bark的APP推送BARK_PUSH，取消Bark推送消息通知🚫
Jun 08 10:46:12 
Jun 08 10:46:12 您未提供telegram机器人推送所需的TG_BOT_TOKEN和TG_USER_ID，取消telegram推送消息通知🚫
Jun 08 10:46:12 
Jun 08 10:46:12 您未提供钉钉机器人推送所需的DD_BOT_TOKEN或者DD_BOT_SECRET，取消钉钉推送消息通知🚫
Jun 08 10:46:12 
Jun 08 10:46:12 您未提供企业微信机器人推送所需的QYWX_KEY，取消企业微信推送消息通知🚫
Jun 08 10:46:12 
Jun 08 10:46:12 您未提供企业微信应用消息推送所需的QYWX_AM，取消企业微信应用消息推送消息通知🚫
Jun 08 10:46:12 
Jun 08 10:46:12 您未提供iGot的推送IGOT_PUSH_KEY，取消iGot推送消息通知🚫
Jun 08 10:46:12 
Jun 08 10:46:12 
Jun 08 10:46:12 🔔宠汪汪, 结束! 🕛 1.907 秒
Jun 08 10:46:12 
Jun 08 12:45:58 
Jun 08 12:45:59 🔔宠汪汪, 开始!
Jun 08 12:45:59 
Jun 08 12:45:59 ====================共1个京东账号Cookie=========
Jun 08 12:45:59 
Jun 08 12:45:59 ==================脚本执行- 北京时间(UTC+8)：6/8/2021, 12:45:59 PM=====================
Jun 08 12:45:59 
Jun 08 12:46:00 
Jun 08 12:46:00 开始【京东账号1】liu1071607950
Jun 08 12:46:00 
Jun 08 12:46:01 您设置的喂食数量:10g
Jun 08 12:46:01 
Jun 08 12:46:01 实际的喂食数量:10g
Jun 08 12:46:01 
Jun 08 12:46:01 其他状态success
Jun 08 12:46:01 
Jun 08 12:46:01 ❗️宠汪汪, 错误!
Jun 08 12:46:01 TypeError: $.getPetTaskConfigRes.datas is not iterable
Jun 08 12:46:01     at petTask (/scripts/jd_joy.js:230:42)
Jun 08 12:46:01     at jdJoy (/scripts/jd_joy.js:111:9)
Jun 08 12:46:01     at processTicksAndRejections (internal/process/task_queues.js:93:5)
Jun 08 12:46:01     at async /scripts/jd_joy.js:83:7
Jun 08 12:46:01 
Jun 08 12:46:01 
Jun 08 12:46:01 
Jun 08 12:46:01 
Jun 08 12:46:01 🔔宠汪汪, 结束! 🕛 2.583 秒
Jun 08 12:46:01 
Jun 08 14:45:12 
Jun 08 14:45:12 🔔宠汪汪, 开始!
Jun 08 14:45:12 
Jun 08 14:45:12 ====================共1个京东账号Cookie=========
Jun 08 14:45:12 
Jun 08 14:45:12 ==================脚本执行- 北京时间(UTC+8)：6/8/2021, 2:45:12 PM=====================
Jun 08 14:45:12 
Jun 08 14:45:13 
Jun 08 14:45:13 开始【京东账号1】liu1071607950
Jun 08 14:45:13 
Jun 08 14:45:13 
Jun 08 14:45:13 ==============📣系统通知📣==============
Jun 08 14:45:13 宠汪汪
Jun 08 14:45:13 【提示】cookie已失效
Jun 08 14:45:13 京东账号1 liu1071607950
Jun 08 14:45:13 请重新登录获取
Jun 08 14:45:13 https://bean.m.jd.com/bean/signIndex.action
Jun 08 14:45:13 
Jun 08 14:45:13 
Jun 08 14:45:13 您未提供server酱的SCKEY，取消微信推送消息通知🚫
Jun 08 14:45:13 
Jun 08 14:45:13 您未提供push+推送所需的PUSH_PLUS_TOKEN，取消push+推送消息通知🚫
Jun 08 14:45:13 
Jun 08 14:45:13 您未提供Bark的APP推送BARK_PUSH，取消Bark推送消息通知🚫
Jun 08 14:45:13 
Jun 08 14:45:13 您未提供telegram机器人推送所需的TG_BOT_TOKEN和TG_USER_ID，取消telegram推送消息通知🚫
Jun 08 14:45:13 
Jun 08 14:45:13 您未提供钉钉机器人推送所需的DD_BOT_TOKEN或者DD_BOT_SECRET，取消钉钉推送消息通知🚫
Jun 08 14:45:13 
Jun 08 14:45:13 您未提供企业微信机器人推送所需的QYWX_KEY，取消企业微信推送消息通知🚫
Jun 08 14:45:13 
Jun 08 14:45:13 您未提供企业微信应用消息推送所需的QYWX_AM，取消企业微信应用消息推送消息通知🚫
Jun 08 14:45:13 
Jun 08 14:45:13 您未提供iGot的推送IGOT_PUSH_KEY，取消iGot推送消息通知🚫
Jun 08 14:45:13 
Jun 08 14:45:13 
Jun 08 14:45:13 🔔宠汪汪, 结束! 🕛 1.54 秒
Jun 08 14:45:13 
Jun 08 16:46:02 
Jun 08 16:46:02 🔔宠汪汪, 开始!
Jun 08 16:46:02 
Jun 08 16:46:02 ====================共1个京东账号Cookie=========
Jun 08 16:46:02 
Jun 08 16:46:02 ==================脚本执行- 北京时间(UTC+8)：6/8/2021, 4:46:02 PM=====================
Jun 08 16:46:02 
Jun 08 16:46:03 
Jun 08 16:46:03 开始【京东账号1】liu1071607950
Jun 08 16:46:03 
Jun 08 16:46:03 
Jun 08 16:46:03 ==============📣系统通知📣==============
Jun 08 16:46:03 宠汪汪
Jun 08 16:46:03 【提示】cookie已失效
Jun 08 16:46:03 京东账号1 liu1071607950
Jun 08 16:46:03 请重新登录获取
Jun 08 16:46:03 https://bean.m.jd.com/bean/signIndex.action
Jun 08 16:46:03 
Jun 08 16:46:03 
Jun 08 16:46:03 您未提供server酱的SCKEY，取消微信推送消息通知🚫
Jun 08 16:46:03 
Jun 08 16:46:03 您未提供push+推送所需的PUSH_PLUS_TOKEN，取消push+推送消息通知🚫
Jun 08 16:46:03 
Jun 08 16:46:03 您未提供Bark的APP推送BARK_PUSH，取消Bark推送消息通知🚫
Jun 08 16:46:03 
Jun 08 16:46:03 您未提供telegram机器人推送所需的TG_BOT_TOKEN和TG_USER_ID，取消telegram推送消息通知🚫
Jun 08 16:46:03 
Jun 08 16:46:03 您未提供钉钉机器人推送所需的DD_BOT_TOKEN或者DD_BOT_SECRET，取消钉钉推送消息通知🚫
Jun 08 16:46:03 
Jun 08 16:46:03 您未提供企业微信机器人推送所需的QYWX_KEY，取消企业微信推送消息通知🚫
Jun 08 16:46:03 
Jun 08 16:46:03 您未提供企业微信应用消息推送所需的QYWX_AM，取消企业微信应用消息推送消息通知🚫
Jun 08 16:46:03 
Jun 08 16:46:03 您未提供iGot的推送IGOT_PUSH_KEY，取消iGot推送消息通知🚫
Jun 08 16:46:03 
Jun 08 16:46:03 
Jun 08 16:46:03 🔔宠汪汪, 结束! 🕛 1.791 秒
Jun 08 16:46:03 
Jun 08 18:46:11 
Jun 08 18:46:11 🔔宠汪汪, 开始!
Jun 08 18:46:11 
Jun 08 18:46:11 ====================共1个京东账号Cookie=========
Jun 08 18:46:11 
Jun 08 18:46:11 ==================脚本执行- 北京时间(UTC+8)：6/8/2021, 6:46:11 PM=====================
Jun 08 18:46:11 
Jun 08 18:46:12 
Jun 08 18:46:12 开始【京东账号1】liu1071607950
Jun 08 18:46:12 
Jun 08 18:46:12 
Jun 08 18:46:12 ==============📣系统通知📣==============
Jun 08 18:46:12 宠汪汪
Jun 08 18:46:12 【提示】cookie已失效
Jun 08 18:46:12 京东账号1 liu1071607950
Jun 08 18:46:12 请重新登录获取
Jun 08 18:46:12 https://bean.m.jd.com/bean/signIndex.action
Jun 08 18:46:12 
Jun 08 18:46:12 
Jun 08 18:46:12 您未提供server酱的SCKEY，取消微信推送消息通知🚫
Jun 08 18:46:12 
Jun 08 18:46:12 您未提供push+推送所需的PUSH_PLUS_TOKEN，取消push+推送消息通知🚫
Jun 08 18:46:12 
Jun 08 18:46:12 您未提供Bark的APP推送BARK_PUSH，取消Bark推送消息通知🚫
Jun 08 18:46:12 
Jun 08 18:46:12 您未提供telegram机器人推送所需的TG_BOT_TOKEN和TG_USER_ID，取消telegram推送消息通知🚫
Jun 08 18:46:12 
Jun 08 18:46:12 您未提供钉钉机器人推送所需的DD_BOT_TOKEN或者DD_BOT_SECRET，取消钉钉推送消息通知🚫
Jun 08 18:46:12 
Jun 08 18:46:12 您未提供企业微信机器人推送所需的QYWX_KEY，取消企业微信推送消息通知🚫
Jun 08 18:46:12 
Jun 08 18:46:12 您未提供企业微信应用消息推送所需的QYWX_AM，取消企业微信应用消息推送消息通知🚫
Jun 08 18:46:12 
Jun 08 18:46:12 您未提供iGot的推送IGOT_PUSH_KEY，取消iGot推送消息通知🚫
Jun 08 18:46:12 
Jun 08 18:46:12 
Jun 08 18:46:12 🔔宠汪汪, 结束! 🕛 1.366 秒
Jun 08 18:46:12 
Jun 08 20:45:33 
Jun 08 20:45:33 🔔宠汪汪, 开始!
Jun 08 20:45:33 
Jun 08 20:45:33 ====================共1个京东账号Cookie=========
Jun 08 20:45:33 
Jun 08 20:45:33 ==================脚本执行- 北京时间(UTC+8)：6/8/2021, 8:45:33 PM=====================
Jun 08 20:45:33 
Jun 08 20:45:34 
Jun 08 20:45:34 开始【京东账号1】liu1071607950
Jun 08 20:45:34 
Jun 08 20:45:34 
Jun 08 20:45:34 ==============📣系统通知📣==============
Jun 08 20:45:34 宠汪汪
Jun 08 20:45:34 【提示】cookie已失效
Jun 08 20:45:34 京东账号1 liu1071607950
Jun 08 20:45:34 请重新登录获取
Jun 08 20:45:34 https://bean.m.jd.com/bean/signIndex.action
Jun 08 20:45:34 
Jun 08 20:45:34 
Jun 08 20:45:34 您未提供server酱的SCKEY，取消微信推送消息通知🚫
Jun 08 20:45:34 
Jun 08 20:45:34 您未提供push+推送所需的PUSH_PLUS_TOKEN，取消push+推送消息通知🚫
Jun 08 20:45:34 
Jun 08 20:45:34 您未提供Bark的APP推送BARK_PUSH，取消Bark推送消息通知🚫
Jun 08 20:45:34 
Jun 08 20:45:34 您未提供telegram机器人推送所需的TG_BOT_TOKEN和TG_USER_ID，取消telegram推送消息通知🚫
Jun 08 20:45:34 
Jun 08 20:45:34 您未提供钉钉机器人推送所需的DD_BOT_TOKEN或者DD_BOT_SECRET，取消钉钉推送消息通知🚫
Jun 08 20:45:34 
Jun 08 20:45:34 您未提供企业微信机器人推送所需的QYWX_KEY，取消企业微信推送消息通知🚫
Jun 08 20:45:34 
Jun 08 20:45:34 您未提供企业微信应用消息推送所需的QYWX_AM，取消企业微信应用消息推送消息通知🚫
Jun 08 20:45:34 
Jun 08 20:45:34 您未提供iGot的推送IGOT_PUSH_KEY，取消iGot推送消息通知🚫
Jun 08 20:45:34 
Jun 08 20:45:34 
Jun 08 20:45:34 🔔宠汪汪, 结束! 🕛 1.66 秒
Jun 08 20:45:34 
Jun 08 22:46:01 
Jun 08 22:46:01 🔔宠汪汪, 开始!
Jun 08 22:46:01 
Jun 08 22:46:01 ====================共1个京东账号Cookie=========
Jun 08 22:46:01 
Jun 08 22:46:01 ==================脚本执行- 北京时间(UTC+8)：6/8/2021, 10:46:01 PM=====================
Jun 08 22:46:01 
Jun 08 22:46:03 
Jun 08 22:46:03 开始【京东账号1】liu1071607950
Jun 08 22:46:03 
Jun 08 22:46:03 
Jun 08 22:46:03 ==============📣系统通知📣==============
Jun 08 22:46:03 宠汪汪
Jun 08 22:46:03 【提示】cookie已失效
Jun 08 22:46:03 京东账号1 liu1071607950
Jun 08 22:46:03 请重新登录获取
Jun 08 22:46:03 https://bean.m.jd.com/bean/signIndex.action
Jun 08 22:46:03 
Jun 08 22:46:03 
Jun 08 22:46:03 您未提供server酱的SCKEY，取消微信推送消息通知🚫
Jun 08 22:46:03 
Jun 08 22:46:03 您未提供push+推送所需的PUSH_PLUS_TOKEN，取消push+推送消息通知🚫
Jun 08 22:46:03 
Jun 08 22:46:03 您未提供Bark的APP推送BARK_PUSH，取消Bark推送消息通知🚫
Jun 08 22:46:03 
Jun 08 22:46:03 您未提供telegram机器人推送所需的TG_BOT_TOKEN和TG_USER_ID，取消telegram推送消息通知🚫
Jun 08 22:46:03 
Jun 08 22:46:03 您未提供钉钉机器人推送所需的DD_BOT_TOKEN或者DD_BOT_SECRET，取消钉钉推送消息通知🚫
Jun 08 22:46:03 
Jun 08 22:46:03 您未提供企业微信机器人推送所需的QYWX_KEY，取消企业微信推送消息通知🚫
Jun 08 22:46:03 
Jun 08 22:46:03 您未提供企业微信应用消息推送所需的QYWX_AM，取消企业微信应用消息推送消息通知🚫
Jun 08 22:46:03 
Jun 08 22:46:03 您未提供iGot的推送IGOT_PUSH_KEY，取消iGot推送消息通知🚫
Jun 08 22:46:03 
Jun 08 22:46:03 
Jun 08 22:46:03 🔔宠汪汪, 结束! 🕛 2.201 秒
Jun 08 22:46:03 
Jun 08 23:45:19 
Jun 08 23:45:19 🔔宠汪汪, 开始!
Jun 08 23:45:19 
Jun 08 23:45:19 ====================共1个京东账号Cookie=========
Jun 08 23:45:19 
Jun 08 23:45:19 ==================脚本执行- 北京时间(UTC+8)：6/8/2021, 11:45:19 PM=====================
Jun 08 23:45:19 
Jun 08 23:45:20 
Jun 08 23:45:20 开始【京东账号1】liu1071607950
Jun 08 23:45:20 
Jun 08 23:45:20 
Jun 08 23:45:20 ==============📣系统通知📣==============
Jun 08 23:45:20 宠汪汪
Jun 08 23:45:20 【提示】cookie已失效
Jun 08 23:45:20 京东账号1 liu1071607950
Jun 08 23:45:20 请重新登录获取
Jun 08 23:45:20 https://bean.m.jd.com/bean/signIndex.action
Jun 08 23:45:20 
Jun 08 23:45:20 
Jun 08 23:45:20 您未提供server酱的SCKEY，取消微信推送消息通知🚫
Jun 08 23:45:20 
Jun 08 23:45:20 您未提供push+推送所需的PUSH_PLUS_TOKEN，取消push+推送消息通知🚫
Jun 08 23:45:20 
Jun 08 23:45:20 您未提供Bark的APP推送BARK_PUSH，取消Bark推送消息通知🚫
Jun 08 23:45:20 
Jun 08 23:45:20 您未提供telegram机器人推送所需的TG_BOT_TOKEN和TG_USER_ID，取消telegram推送消息通知🚫
Jun 08 23:45:20 
Jun 08 23:45:20 您未提供钉钉机器人推送所需的DD_BOT_TOKEN或者DD_BOT_SECRET，取消钉钉推送消息通知🚫
Jun 08 23:45:20 
Jun 08 23:45:20 您未提供企业微信机器人推送所需的QYWX_KEY，取消企业微信推送消息通知🚫
Jun 08 23:45:20 
Jun 08 23:45:20 您未提供企业微信应用消息推送所需的QYWX_AM，取消企业微信应用消息推送消息通知🚫
Jun 08 23:45:20 
Jun 08 23:45:20 您未提供iGot的推送IGOT_PUSH_KEY，取消iGot推送消息通知🚫
Jun 08 23:45:20 
Jun 08 23:45:20 
Jun 08 23:45:20 🔔宠汪汪, 结束! 🕛 1.355 秒
Jun 08 23:45:20 
Jun 09 12:45:48 
Jun 09 12:45:48 🔔宠汪汪, 开始!
Jun 09 12:45:48 
Jun 09 12:45:48 ====================共1个京东账号Cookie=========
Jun 09 12:45:48 
Jun 09 12:45:48 ==================脚本执行- 北京时间(UTC+8)：6/9/2021, 12:45:48 PM=====================
Jun 09 12:45:48 
Jun 09 12:45:49 "getaddrinfo ENOTFOUND wq.jd.com"
Jun 09 12:45:49 宠汪汪 API请求失败，请检查网路重试
Jun 09 12:45:49 
Jun 09 12:45:49 开始【京东账号1】liu1071607950
Jun 09 12:45:49 
Jun 09 12:45:53 
Jun 09 12:45:53 京东宠汪汪: API查询请求失败 ‼️‼️
Jun 09 12:45:53 
Jun 09 12:45:53 ❗️宠汪汪, 错误!
Jun 09 12:45:53 TypeError: Cannot read property 'success' of undefined
Jun 09 12:45:53     at jdJoy (/scripts/jd_joy.js:99:31)
Jun 09 12:45:53     at processTicksAndRejections (internal/process/task_queues.js:93:5)
Jun 09 12:45:53     at async /scripts/jd_joy.js:83:7
Jun 09 12:45:53 
Jun 09 12:45:53 
Jun 09 12:45:53 
Jun 09 12:45:53 
Jun 09 12:45:53 🔔宠汪汪, 结束! 🕛 4.842 秒
Jun 09 12:45:53 
Jun 09 14:45:36 
Jun 09 14:45:36 🔔宠汪汪, 开始!
Jun 09 14:45:36 
Jun 09 14:45:36 ====================共1个京东账号Cookie=========
Jun 09 14:45:36 
Jun 09 14:45:36 ==================脚本执行- 北京时间(UTC+8)：6/9/2021, 2:45:36 PM=====================
Jun 09 14:45:36 
Jun 09 14:45:37 
Jun 09 14:45:37 开始【京东账号1】liu1071607950
Jun 09 14:45:37 
Jun 09 14:45:37 
Jun 09 14:45:37 ==============📣系统通知📣==============
Jun 09 14:45:37 宠汪汪
Jun 09 14:45:37 【提示】cookie已失效
Jun 09 14:45:37 京东账号1 liu1071607950
Jun 09 14:45:37 请重新登录获取
Jun 09 14:45:37 https://bean.m.jd.com/bean/signIndex.action
Jun 09 14:45:37 
Jun 09 14:45:37 
Jun 09 14:45:37 您未提供server酱的SCKEY，取消微信推送消息通知🚫
Jun 09 14:45:37 
Jun 09 14:45:37 您未提供push+推送所需的PUSH_PLUS_TOKEN，取消push+推送消息通知🚫
Jun 09 14:45:37 
Jun 09 14:45:37 您未提供Bark的APP推送BARK_PUSH，取消Bark推送消息通知🚫
Jun 09 14:45:37 
Jun 09 14:45:37 您未提供telegram机器人推送所需的TG_BOT_TOKEN和TG_USER_ID，取消telegram推送消息通知🚫
Jun 09 14:45:37 
Jun 09 14:45:37 您未提供钉钉机器人推送所需的DD_BOT_TOKEN或者DD_BOT_SECRET，取消钉钉推送消息通知🚫
Jun 09 14:45:37 
Jun 09 14:45:37 您未提供企业微信机器人推送所需的QYWX_KEY，取消企业微信推送消息通知🚫
Jun 09 14:45:37 
Jun 09 14:45:37 您未提供企业微信应用消息推送所需的QYWX_AM，取消企业微信应用消息推送消息通知🚫
Jun 09 14:45:37 
Jun 09 14:45:37 您未提供iGot的推送IGOT_PUSH_KEY，取消iGot推送消息通知🚫
Jun 09 14:45:37 
Jun 09 14:45:37 
Jun 09 14:45:37 🔔宠汪汪, 结束! 🕛 1.525 秒
Jun 09 14:45:37 
Jun 09 16:45:56 
Jun 09 16:45:56 🔔宠汪汪, 开始!
Jun 09 16:45:56 
Jun 09 16:45:56 ====================共1个京东账号Cookie=========
Jun 09 16:45:56 
Jun 09 16:45:56 ==================脚本执行- 北京时间(UTC+8)：6/9/2021, 4:45:56 PM=====================
Jun 09 16:45:56 
Jun 09 16:45:58 
Jun 09 16:45:58 开始【京东账号1】liu1071607950
Jun 09 16:45:58 
Jun 09 16:45:58 
Jun 09 16:45:58 ==============📣系统通知📣==============
Jun 09 16:45:58 宠汪汪
Jun 09 16:45:58 【提示】cookie已失效
Jun 09 16:45:58 京东账号1 liu1071607950
Jun 09 16:45:58 请重新登录获取
Jun 09 16:45:58 https://bean.m.jd.com/bean/signIndex.action
Jun 09 16:45:58 
Jun 09 16:45:58 
Jun 09 16:45:58 您未提供server酱的SCKEY，取消微信推送消息通知🚫
Jun 09 16:45:58 
Jun 09 16:45:58 您未提供push+推送所需的PUSH_PLUS_TOKEN，取消push+推送消息通知🚫
Jun 09 16:45:58 
Jun 09 16:45:58 您未提供Bark的APP推送BARK_PUSH，取消Bark推送消息通知🚫
Jun 09 16:45:58 
Jun 09 16:45:58 您未提供telegram机器人推送所需的TG_BOT_TOKEN和TG_USER_ID，取消telegram推送消息通知🚫
Jun 09 16:45:58 
Jun 09 16:45:58 您未提供钉钉机器人推送所需的DD_BOT_TOKEN或者DD_BOT_SECRET，取消钉钉推送消息通知🚫
Jun 09 16:45:58 
Jun 09 16:45:58 您未提供企业微信机器人推送所需的QYWX_KEY，取消企业微信推送消息通知🚫
Jun 09 16:45:58 
Jun 09 16:45:58 您未提供企业微信应用消息推送所需的QYWX_AM，取消企业微信应用消息推送消息通知🚫
Jun 09 16:45:58 
Jun 09 16:45:58 您未提供iGot的推送IGOT_PUSH_KEY，取消iGot推送消息通知🚫
Jun 09 16:45:58 
Jun 09 16:45:58 
Jun 09 16:45:58 🔔宠汪汪, 结束! 🕛 1.601 秒
Jun 09 16:45:58 
Jun 09 18:45:05 
Jun 09 18:45:05 🔔宠汪汪, 开始!
Jun 09 18:45:05 
Jun 09 18:45:05 ====================共1个京东账号Cookie=========
Jun 09 18:45:05 
Jun 09 18:45:05 ==================脚本执行- 北京时间(UTC+8)：6/9/2021, 6:45:05 PM=====================
Jun 09 18:45:05 
Jun 09 18:45:07 
Jun 09 18:45:07 开始【京东账号1】liu1071607950
Jun 09 18:45:07 
Jun 09 18:45:07 
Jun 09 18:45:07 ==============📣系统通知📣==============
Jun 09 18:45:07 宠汪汪
Jun 09 18:45:07 【提示】cookie已失效
Jun 09 18:45:07 京东账号1 liu1071607950
Jun 09 18:45:07 请重新登录获取
Jun 09 18:45:07 https://bean.m.jd.com/bean/signIndex.action
Jun 09 18:45:07 
Jun 09 18:45:07 
Jun 09 18:45:07 您未提供server酱的SCKEY，取消微信推送消息通知🚫
Jun 09 18:45:07 
Jun 09 18:45:07 您未提供push+推送所需的PUSH_PLUS_TOKEN，取消push+推送消息通知🚫
Jun 09 18:45:07 
Jun 09 18:45:07 您未提供Bark的APP推送BARK_PUSH，取消Bark推送消息通知🚫
Jun 09 18:45:07 
Jun 09 18:45:07 您未提供telegram机器人推送所需的TG_BOT_TOKEN和TG_USER_ID，取消telegram推送消息通知🚫
Jun 09 18:45:07 
Jun 09 18:45:07 您未提供钉钉机器人推送所需的DD_BOT_TOKEN或者DD_BOT_SECRET，取消钉钉推送消息通知🚫
Jun 09 18:45:07 
Jun 09 18:45:07 您未提供企业微信机器人推送所需的QYWX_KEY，取消企业微信推送消息通知🚫
Jun 09 18:45:07 
Jun 09 18:45:07 您未提供企业微信应用消息推送所需的QYWX_AM，取消企业微信应用消息推送消息通知🚫
Jun 09 18:45:07 
Jun 09 18:45:07 您未提供iGot的推送IGOT_PUSH_KEY，取消iGot推送消息通知🚫
Jun 09 18:45:07 
Jun 09 18:45:07 
Jun 09 18:45:07 🔔宠汪汪, 结束! 🕛 1.903 秒
Jun 09 18:45:07 
Jun 09 20:46:37 
Jun 09 20:46:37 🔔宠汪汪, 开始!
Jun 09 20:46:37 
Jun 09 20:46:37 ====================共1个京东账号Cookie=========
Jun 09 20:46:37 
Jun 09 20:46:37 ==================脚本执行- 北京时间(UTC+8)：6/9/2021, 8:46:37 PM=====================
Jun 09 20:46:37 
Jun 09 20:46:39 
Jun 09 20:46:39 开始【京东账号1】liu1071607950
Jun 09 20:46:39 
Jun 09 20:46:39 
Jun 09 20:46:39 ==============📣系统通知📣==============
Jun 09 20:46:39 宠汪汪
Jun 09 20:46:39 【提示】cookie已失效
Jun 09 20:46:39 京东账号1 liu1071607950
Jun 09 20:46:39 请重新登录获取
Jun 09 20:46:39 https://bean.m.jd.com/bean/signIndex.action
Jun 09 20:46:39 
Jun 09 20:46:39 
Jun 09 20:46:39 您未提供server酱的SCKEY，取消微信推送消息通知🚫
Jun 09 20:46:39 
Jun 09 20:46:39 您未提供push+推送所需的PUSH_PLUS_TOKEN，取消push+推送消息通知🚫
Jun 09 20:46:39 
Jun 09 20:46:39 您未提供Bark的APP推送BARK_PUSH，取消Bark推送消息通知🚫
Jun 09 20:46:39 
Jun 09 20:46:39 您未提供telegram机器人推送所需的TG_BOT_TOKEN和TG_USER_ID，取消telegram推送消息通知🚫
Jun 09 20:46:39 
Jun 09 20:46:39 您未提供钉钉机器人推送所需的DD_BOT_TOKEN或者DD_BOT_SECRET，取消钉钉推送消息通知🚫
Jun 09 20:46:39 
Jun 09 20:46:39 您未提供企业微信机器人推送所需的QYWX_KEY，取消企业微信推送消息通知🚫
Jun 09 20:46:39 
Jun 09 20:46:39 您未提供企业微信应用消息推送所需的QYWX_AM，取消企业微信应用消息推送消息通知🚫
Jun 09 20:46:39 
Jun 09 20:46:39 您未提供iGot的推送IGOT_PUSH_KEY，取消iGot推送消息通知🚫
Jun 09 20:46:39 
Jun 09 20:46:39 
Jun 09 20:46:39 🔔宠汪汪, 结束! 🕛 1.689 秒
Jun 09 20:46:39 
Jun 09 22:46:32 
Jun 09 22:46:32 🔔宠汪汪, 开始!
Jun 09 22:46:32 
Jun 09 22:46:32 ====================共1个京东账号Cookie=========
Jun 09 22:46:32 
Jun 09 22:46:32 ==================脚本执行- 北京时间(UTC+8)：6/9/2021, 10:46:32 PM=====================
Jun 09 22:46:32 
Jun 09 22:46:33 "getaddrinfo ENOTFOUND wq.jd.com"
Jun 09 22:46:33 宠汪汪 API请求失败，请检查网路重试
Jun 09 22:46:33 
Jun 09 22:46:33 开始【京东账号1】liu1071607950
Jun 09 22:46:33 
Jun 09 22:46:36 
Jun 09 22:46:36 京东宠汪汪: API查询请求失败 ‼️‼️
Jun 09 22:46:36 
Jun 09 22:46:36 ❗️宠汪汪, 错误!
Jun 09 22:46:36 TypeError: Cannot read property 'success' of undefined
Jun 09 22:46:36     at jdJoy (/scripts/jd_joy.js:99:31)
Jun 09 22:46:36     at processTicksAndRejections (internal/process/task_queues.js:93:5)
Jun 09 22:46:36     at async /scripts/jd_joy.js:83:7
Jun 09 22:46:36 
Jun 09 22:46:36 
Jun 09 22:46:36 
Jun 09 22:46:36 
Jun 09 22:46:36 🔔宠汪汪, 结束! 🕛 4.283 秒
Jun 09 22:46:36 
Jun 10 10:46:06 
Jun 10 10:46:06 🔔宠汪汪, 开始!
Jun 10 10:46:06 
Jun 10 10:46:06 ====================共1个京东账号Cookie=========
Jun 10 10:46:06 
Jun 10 10:46:06 ==================脚本执行- 北京时间(UTC+8)：6/10/2021, 10:46:06 AM=====================
Jun 10 10:46:06 
Jun 10 10:46:08 
Jun 10 10:46:08 开始【京东账号1】liu1071607950
Jun 10 10:46:08 
Jun 10 10:46:08 
Jun 10 10:46:08 ==============📣系统通知📣==============
Jun 10 10:46:08 宠汪汪
Jun 10 10:46:08 【提示】cookie已失效
Jun 10 10:46:08 京东账号1 liu1071607950
Jun 10 10:46:08 请重新登录获取
Jun 10 10:46:08 https://bean.m.jd.com/bean/signIndex.action
Jun 10 10:46:08 
Jun 10 10:46:08 
Jun 10 10:46:08 您未提供server酱的SCKEY，取消微信推送消息通知🚫
Jun 10 10:46:08 
Jun 10 10:46:08 您未提供push+推送所需的PUSH_PLUS_TOKEN，取消push+推送消息通知🚫
Jun 10 10:46:08 
Jun 10 10:46:08 您未提供Bark的APP推送BARK_PUSH，取消Bark推送消息通知🚫
Jun 10 10:46:08 
Jun 10 10:46:08 您未提供telegram机器人推送所需的TG_BOT_TOKEN和TG_USER_ID，取消telegram推送消息通知🚫
Jun 10 10:46:08 
Jun 10 10:46:08 您未提供钉钉机器人推送所需的DD_BOT_TOKEN或者DD_BOT_SECRET，取消钉钉推送消息通知🚫
Jun 10 10:46:08 
Jun 10 10:46:08 您未提供企业微信机器人推送所需的QYWX_KEY，取消企业微信推送消息通知🚫
Jun 10 10:46:08 
Jun 10 10:46:08 您未提供企业微信应用消息推送所需的QYWX_AM，取消企业微信应用消息推送消息通知🚫
Jun 10 10:46:08 
Jun 10 10:46:08 您未提供iGot的推送IGOT_PUSH_KEY，取消iGot推送消息通知🚫
Jun 10 10:46:08 
Jun 10 10:46:08 
Jun 10 10:46:08 🔔宠汪汪, 结束! 🕛 1.627 秒
Jun 10 10:46:08 
Jun 10 12:46:22 
Jun 10 12:46:22 🔔宠汪汪, 开始!
Jun 10 12:46:22 
Jun 10 12:46:22 ====================共1个京东账号Cookie=========
Jun 10 12:46:22 
Jun 10 12:46:22 ==================脚本执行- 北京时间(UTC+8)：6/10/2021, 12:46:22 PM=====================
Jun 10 12:46:22 
Jun 10 12:46:23 "getaddrinfo ENOTFOUND wq.jd.com"
Jun 10 12:46:23 宠汪汪 API请求失败，请检查网路重试
Jun 10 12:46:23 
Jun 10 12:46:23 开始【京东账号1】liu1071607950
Jun 10 12:46:23 
Jun 10 12:46:27 
Jun 10 12:46:27 京东宠汪汪: API查询请求失败 ‼️‼️
Jun 10 12:46:27 
Jun 10 12:46:27 ❗️宠汪汪, 错误!
Jun 10 12:46:27 TypeError: Cannot read property 'success' of undefined
Jun 10 12:46:27     at jdJoy (/scripts/jd_joy.js:99:31)
Jun 10 12:46:27     at processTicksAndRejections (internal/process/task_queues.js:93:5)
Jun 10 12:46:27     at async /scripts/jd_joy.js:83:7
Jun 10 12:46:27 
Jun 10 12:46:27 
Jun 10 12:46:27 
Jun 10 12:46:27 
Jun 10 12:46:27 🔔宠汪汪, 结束! 🕛 4.846 秒
Jun 10 12:46:27 
Jun 10 14:46:49 
Jun 10 14:46:49 🔔宠汪汪, 开始!
Jun 10 14:46:49 
Jun 10 14:46:49 ====================共1个京东账号Cookie=========
Jun 10 14:46:49 
Jun 10 14:46:49 ==================脚本执行- 北京时间(UTC+8)：6/10/2021, 2:46:49 PM=====================
Jun 10 14:46:49 
Jun 10 14:46:51 
Jun 10 14:46:51 开始【京东账号1】liu1071607950
Jun 10 14:46:51 
Jun 10 14:46:51 
Jun 10 14:46:51 ==============📣系统通知📣==============
Jun 10 14:46:51 宠汪汪
Jun 10 14:46:51 【提示】cookie已失效
Jun 10 14:46:51 京东账号1 liu1071607950
Jun 10 14:46:51 请重新登录获取
Jun 10 14:46:51 https://bean.m.jd.com/bean/signIndex.action
Jun 10 14:46:51 
Jun 10 14:46:51 
Jun 10 14:46:51 您未提供server酱的SCKEY，取消微信推送消息通知🚫
Jun 10 14:46:51 
Jun 10 14:46:51 您未提供push+推送所需的PUSH_PLUS_TOKEN，取消push+推送消息通知🚫
Jun 10 14:46:51 
Jun 10 14:46:51 您未提供Bark的APP推送BARK_PUSH，取消Bark推送消息通知🚫
Jun 10 14:46:51 
Jun 10 14:46:51 您未提供telegram机器人推送所需的TG_BOT_TOKEN和TG_USER_ID，取消telegram推送消息通知🚫
Jun 10 14:46:51 
Jun 10 14:46:51 您未提供钉钉机器人推送所需的DD_BOT_TOKEN或者DD_BOT_SECRET，取消钉钉推送消息通知🚫
Jun 10 14:46:51 
Jun 10 14:46:51 您未提供企业微信机器人推送所需的QYWX_KEY，取消企业微信推送消息通知🚫
Jun 10 14:46:51 
Jun 10 14:46:51 您未提供企业微信应用消息推送所需的QYWX_AM，取消企业微信应用消息推送消息通知🚫
Jun 10 14:46:51 
Jun 10 14:46:51 您未提供iGot的推送IGOT_PUSH_KEY，取消iGot推送消息通知🚫
Jun 10 14:46:51 
Jun 10 14:46:51 
Jun 10 14:46:51 🔔宠汪汪, 结束! 🕛 1.38 秒
Jun 10 14:46:51 
Jun 10 16:45:34 
Jun 10 16:45:34 🔔宠汪汪, 开始!
Jun 10 16:45:34 
Jun 10 16:45:34 ====================共1个京东账号Cookie=========
Jun 10 16:45:34 
Jun 10 16:45:34 ==================脚本执行- 北京时间(UTC+8)：6/10/2021, 4:45:34 PM=====================
Jun 10 16:45:34 
Jun 10 16:45:36 
Jun 10 16:45:36 开始【京东账号1】liu1071607950
Jun 10 16:45:36 
Jun 10 16:45:36 
Jun 10 16:45:36 ==============📣系统通知📣==============
Jun 10 16:45:36 宠汪汪
Jun 10 16:45:36 【提示】cookie已失效
Jun 10 16:45:36 京东账号1 liu1071607950
Jun 10 16:45:36 请重新登录获取
Jun 10 16:45:36 https://bean.m.jd.com/bean/signIndex.action
Jun 10 16:45:36 
Jun 10 16:45:36 
Jun 10 16:45:36 您未提供server酱的SCKEY，取消微信推送消息通知🚫
Jun 10 16:45:36 
Jun 10 16:45:36 您未提供push+推送所需的PUSH_PLUS_TOKEN，取消push+推送消息通知🚫
Jun 10 16:45:36 
Jun 10 16:45:36 您未提供Bark的APP推送BARK_PUSH，取消Bark推送消息通知🚫
Jun 10 16:45:36 
Jun 10 16:45:36 您未提供telegram机器人推送所需的TG_BOT_TOKEN和TG_USER_ID，取消telegram推送消息通知🚫
Jun 10 16:45:36 
Jun 10 16:45:36 您未提供钉钉机器人推送所需的DD_BOT_TOKEN或者DD_BOT_SECRET，取消钉钉推送消息通知🚫
Jun 10 16:45:36 
Jun 10 16:45:36 您未提供企业微信机器人推送所需的QYWX_KEY，取消企业微信推送消息通知🚫
Jun 10 16:45:36 
Jun 10 16:45:36 您未提供企业微信应用消息推送所需的QYWX_AM，取消企业微信应用消息推送消息通知🚫
Jun 10 16:45:36 
Jun 10 16:45:36 您未提供iGot的推送IGOT_PUSH_KEY，取消iGot推送消息通知🚫
Jun 10 16:45:36 
Jun 10 16:45:36 
Jun 10 16:45:36 🔔宠汪汪, 结束! 🕛 1.796 秒
Jun 10 16:45:36 
Jun 10 18:46:26 
Jun 10 18:46:26 🔔宠汪汪, 开始!
Jun 10 18:46:26 
Jun 10 18:46:26 ====================共1个京东账号Cookie=========
Jun 10 18:46:26 
Jun 10 18:46:27 ==================脚本执行- 北京时间(UTC+8)：6/10/2021, 6:46:26 PM=====================
Jun 10 18:46:27 
Jun 10 18:46:28 
Jun 10 18:46:28 开始【京东账号1】liu1071607950
Jun 10 18:46:28 
Jun 10 18:46:28 
Jun 10 18:46:28 ==============📣系统通知📣==============
Jun 10 18:46:28 宠汪汪
Jun 10 18:46:28 【提示】cookie已失效
Jun 10 18:46:28 京东账号1 liu1071607950
Jun 10 18:46:28 请重新登录获取
Jun 10 18:46:28 https://bean.m.jd.com/bean/signIndex.action
Jun 10 18:46:28 
Jun 10 18:46:28 
Jun 10 18:46:28 您未提供server酱的SCKEY，取消微信推送消息通知🚫
Jun 10 18:46:28 
Jun 10 18:46:28 您未提供push+推送所需的PUSH_PLUS_TOKEN，取消push+推送消息通知🚫
Jun 10 18:46:28 
Jun 10 18:46:28 您未提供Bark的APP推送BARK_PUSH，取消Bark推送消息通知🚫
Jun 10 18:46:28 
Jun 10 18:46:28 您未提供telegram机器人推送所需的TG_BOT_TOKEN和TG_USER_ID，取消telegram推送消息通知🚫
Jun 10 18:46:28 
Jun 10 18:46:28 您未提供钉钉机器人推送所需的DD_BOT_TOKEN或者DD_BOT_SECRET，取消钉钉推送消息通知🚫
Jun 10 18:46:28 
Jun 10 18:46:28 您未提供企业微信机器人推送所需的QYWX_KEY，取消企业微信推送消息通知🚫
Jun 10 18:46:28 
Jun 10 18:46:28 您未提供企业微信应用消息推送所需的QYWX_AM，取消企业微信应用消息推送消息通知🚫
Jun 10 18:46:28 
Jun 10 18:46:28 您未提供iGot的推送IGOT_PUSH_KEY，取消iGot推送消息通知🚫
Jun 10 18:46:28 
Jun 10 18:46:28 
Jun 10 18:46:28 🔔宠汪汪, 结束! 🕛 1.244 秒
Jun 10 18:46:28 
Jun 10 20:46:49 
Jun 10 20:46:49 🔔宠汪汪, 开始!
Jun 10 20:46:49 
Jun 10 20:46:49 ====================共1个京东账号Cookie=========
Jun 10 20:46:49 
Jun 10 20:46:49 ==================脚本执行- 北京时间(UTC+8)：6/10/2021, 8:46:49 PM=====================
Jun 10 20:46:49 
Jun 10 20:46:50 
Jun 10 20:46:50 开始【京东账号1】liu1071607950
Jun 10 20:46:50 
Jun 10 20:46:50 
Jun 10 20:46:50 ==============📣系统通知📣==============
Jun 10 20:46:50 宠汪汪
Jun 10 20:46:50 【提示】cookie已失效
Jun 10 20:46:50 京东账号1 liu1071607950
Jun 10 20:46:50 请重新登录获取
Jun 10 20:46:50 https://bean.m.jd.com/bean/signIndex.action
Jun 10 20:46:50 
Jun 10 20:46:50 
Jun 10 20:46:50 您未提供server酱的SCKEY，取消微信推送消息通知🚫
Jun 10 20:46:50 
Jun 10 20:46:50 您未提供push+推送所需的PUSH_PLUS_TOKEN，取消push+推送消息通知🚫
Jun 10 20:46:50 
Jun 10 20:46:50 您未提供Bark的APP推送BARK_PUSH，取消Bark推送消息通知🚫
Jun 10 20:46:50 
Jun 10 20:46:50 您未提供telegram机器人推送所需的TG_BOT_TOKEN和TG_USER_ID，取消telegram推送消息通知🚫
Jun 10 20:46:50 
Jun 10 20:46:50 您未提供钉钉机器人推送所需的DD_BOT_TOKEN或者DD_BOT_SECRET，取消钉钉推送消息通知🚫
Jun 10 20:46:50 
Jun 10 20:46:50 您未提供企业微信机器人推送所需的QYWX_KEY，取消企业微信推送消息通知🚫
Jun 10 20:46:50 
Jun 10 20:46:50 您未提供企业微信应用消息推送所需的QYWX_AM，取消企业微信应用消息推送消息通知🚫
Jun 10 20:46:50 
Jun 10 20:46:50 您未提供iGot的推送IGOT_PUSH_KEY，取消iGot推送消息通知🚫
Jun 10 20:46:50 
Jun 10 20:46:50 
Jun 10 20:46:50 🔔宠汪汪, 结束! 🕛 1.308 秒
Jun 10 20:46:50 
Jun 10 22:45:46 
Jun 10 22:45:46 🔔宠汪汪, 开始!
Jun 10 22:45:46 
Jun 10 22:45:46 ====================共1个京东账号Cookie=========
Jun 10 22:45:46 
Jun 10 22:45:46 ==================脚本执行- 北京时间(UTC+8)：6/10/2021, 10:45:46 PM=====================
Jun 10 22:45:46 
Jun 10 22:45:47 
Jun 10 22:45:47 开始【京东账号1】liu1071607950
Jun 10 22:45:47 
Jun 10 22:45:47 
Jun 10 22:45:47 ==============📣系统通知📣==============
Jun 10 22:45:47 宠汪汪
Jun 10 22:45:47 【提示】cookie已失效
Jun 10 22:45:47 京东账号1 liu1071607950
Jun 10 22:45:47 请重新登录获取
Jun 10 22:45:47 https://bean.m.jd.com/bean/signIndex.action
Jun 10 22:45:47 
Jun 10 22:45:47 
Jun 10 22:45:47 您未提供server酱的SCKEY，取消微信推送消息通知🚫
Jun 10 22:45:47 
Jun 10 22:45:47 您未提供push+推送所需的PUSH_PLUS_TOKEN，取消push+推送消息通知🚫
Jun 10 22:45:47 
Jun 10 22:45:47 您未提供Bark的APP推送BARK_PUSH，取消Bark推送消息通知🚫
Jun 10 22:45:47 
Jun 10 22:45:47 您未提供telegram机器人推送所需的TG_BOT_TOKEN和TG_USER_ID，取消telegram推送消息通知🚫
Jun 10 22:45:47 
Jun 10 22:45:47 您未提供钉钉机器人推送所需的DD_BOT_TOKEN或者DD_BOT_SECRET，取消钉钉推送消息通知🚫
Jun 10 22:45:47 
Jun 10 22:45:47 您未提供企业微信机器人推送所需的QYWX_KEY，取消企业微信推送消息通知🚫
Jun 10 22:45:47 
Jun 10 22:45:47 您未提供企业微信应用消息推送所需的QYWX_AM，取消企业微信应用消息推送消息通知🚫
Jun 10 22:45:47 
Jun 10 22:45:47 您未提供iGot的推送IGOT_PUSH_KEY，取消iGot推送消息通知🚫
Jun 10 22:45:47 
Jun 10 22:45:47 
Jun 10 22:45:47 🔔宠汪汪, 结束! 🕛 1.357 秒
Jun 10 22:45:47 
Jun 10 23:46:39 
Jun 10 23:46:39 🔔宠汪汪, 开始!
Jun 10 23:46:39 
Jun 10 23:46:39 ====================共1个京东账号Cookie=========
Jun 10 23:46:39 
Jun 10 23:46:39 ==================脚本执行- 北京时间(UTC+8)：6/10/2021, 11:46:39 PM=====================
Jun 10 23:46:39 
Jun 10 23:46:41 
Jun 10 23:46:41 开始【京东账号1】liu1071607950
Jun 10 23:46:41 
Jun 10 23:46:41 
Jun 10 23:46:41 ==============📣系统通知📣==============
Jun 10 23:46:41 宠汪汪
Jun 10 23:46:41 【提示】cookie已失效
Jun 10 23:46:41 京东账号1 liu1071607950
Jun 10 23:46:41 请重新登录获取
Jun 10 23:46:41 https://bean.m.jd.com/bean/signIndex.action
Jun 10 23:46:41 
Jun 10 23:46:41 
Jun 10 23:46:41 您未提供server酱的SCKEY，取消微信推送消息通知🚫
Jun 10 23:46:41 
Jun 10 23:46:41 您未提供push+推送所需的PUSH_PLUS_TOKEN，取消push+推送消息通知🚫
Jun 10 23:46:41 
Jun 10 23:46:41 您未提供Bark的APP推送BARK_PUSH，取消Bark推送消息通知🚫
Jun 10 23:46:41 
Jun 10 23:46:41 您未提供telegram机器人推送所需的TG_BOT_TOKEN和TG_USER_ID，取消telegram推送消息通知🚫
Jun 10 23:46:41 
Jun 10 23:46:41 您未提供钉钉机器人推送所需的DD_BOT_TOKEN或者DD_BOT_SECRET，取消钉钉推送消息通知🚫
Jun 10 23:46:41 
Jun 10 23:46:41 您未提供企业微信机器人推送所需的QYWX_KEY，取消企业微信推送消息通知🚫
Jun 10 23:46:41 
Jun 10 23:46:41 您未提供企业微信应用消息推送所需的QYWX_AM，取消企业微信应用消息推送消息通知🚫
Jun 10 23:46:41 
Jun 10 23:46:41 您未提供iGot的推送IGOT_PUSH_KEY，取消iGot推送消息通知🚫
Jun 10 23:46:41 
Jun 10 23:46:41 
Jun 10 23:46:41 🔔宠汪汪, 结束! 🕛 1.511 秒
Jun 10 23:46:41 
Jun 11 08:45:56 
Jun 11 08:45:56 🔔宠汪汪, 开始!
Jun 11 08:45:56 
Jun 11 08:45:56 ====================共1个京东账号Cookie=========
Jun 11 08:45:56 
Jun 11 08:45:56 ==================脚本执行- 北京时间(UTC+8)：6/11/2021, 8:45:56 AM=====================
Jun 11 08:45:56 
Jun 11 08:46:00 
Jun 11 08:46:00 开始【京东账号1】liu1071607950
Jun 11 08:46:00 
Jun 11 08:46:00 
Jun 11 08:46:00 ==============📣系统通知📣==============
Jun 11 08:46:00 宠汪汪
Jun 11 08:46:00 【提示】cookie已失效
Jun 11 08:46:00 京东账号1 liu1071607950
Jun 11 08:46:00 请重新登录获取
Jun 11 08:46:00 https://bean.m.jd.com/bean/signIndex.action
Jun 11 08:46:00 
Jun 11 08:46:00 
Jun 11 08:46:00 您未提供server酱的SCKEY，取消微信推送消息通知🚫
Jun 11 08:46:01 
Jun 11 08:46:01 您未提供push+推送所需的PUSH_PLUS_TOKEN，取消push+推送消息通知🚫
Jun 11 08:46:01 
Jun 11 08:46:01 您未提供Bark的APP推送BARK_PUSH，取消Bark推送消息通知🚫
Jun 11 08:46:01 
Jun 11 08:46:01 您未提供telegram机器人推送所需的TG_BOT_TOKEN和TG_USER_ID，取消telegram推送消息通知🚫
Jun 11 08:46:01 
Jun 11 08:46:01 您未提供钉钉机器人推送所需的DD_BOT_TOKEN或者DD_BOT_SECRET，取消钉钉推送消息通知🚫
Jun 11 08:46:01 
Jun 11 08:46:01 您未提供企业微信机器人推送所需的QYWX_KEY，取消企业微信推送消息通知🚫
Jun 11 08:46:01 
Jun 11 08:46:01 您未提供企业微信应用消息推送所需的QYWX_AM，取消企业微信应用消息推送消息通知🚫
Jun 11 08:46:01 
Jun 11 08:46:01 您未提供iGot的推送IGOT_PUSH_KEY，取消iGot推送消息通知🚫
Jun 11 08:46:01 
Jun 11 08:46:01 
Jun 11 08:46:01 🔔宠汪汪, 结束! 🕛 4.404 秒
Jun 11 08:46:01 
Jun 24 14:46:38 
Jun 24 14:46:38 🔔宠汪汪, 开始!
Jun 24 14:46:38 
Jun 24 14:46:38 ====================共1个京东账号Cookie=========
Jun 24 14:46:38 
Jun 24 14:46:38 ==================脚本执行- 北京时间(UTC+8)：6/24/2021, 2:46:38 PM=====================
Jun 24 14:46:38 
Jun 24 14:46:40 
Jun 24 14:46:40 开始【京东账号1】liu1071607950
Jun 24 14:46:40 
Jun 24 14:46:40 
Jun 24 14:46:40 ==============📣系统通知📣==============
Jun 24 14:46:40 宠汪汪
Jun 24 14:46:40 【提示】cookie已失效
Jun 24 14:46:40 京东账号1 liu1071607950
Jun 24 14:46:40 请重新登录获取
Jun 24 14:46:40 https://bean.m.jd.com/bean/signIndex.action
Jun 24 14:46:40 
Jun 24 14:46:40 
Jun 24 14:46:40 您未提供server酱的SCKEY，取消微信推送消息通知🚫
Jun 24 14:46:40 
Jun 24 14:46:40 您未提供push+推送所需的PUSH_PLUS_TOKEN，取消push+推送消息通知🚫
Jun 24 14:46:40 
Jun 24 14:46:40 您未提供Bark的APP推送BARK_PUSH，取消Bark推送消息通知🚫
Jun 24 14:46:40 
Jun 24 14:46:40 您未提供telegram机器人推送所需的TG_BOT_TOKEN和TG_USER_ID，取消telegram推送消息通知🚫
Jun 24 14:46:40 
Jun 24 14:46:40 您未提供钉钉机器人推送所需的DD_BOT_TOKEN或者DD_BOT_SECRET，取消钉钉推送消息通知🚫
Jun 24 14:46:40 
Jun 24 14:46:40 您未提供企业微信机器人推送所需的QYWX_KEY，取消企业微信推送消息通知🚫
Jun 24 14:46:40 
Jun 24 14:46:40 您未提供企业微信应用消息推送所需的QYWX_AM，取消企业微信应用消息推送消息通知🚫
Jun 24 14:46:40 
Jun 24 14:46:40 您未提供iGot的推送IGOT_PUSH_KEY，取消iGot推送消息通知🚫
Jun 24 14:46:40 
Jun 24 14:46:40 
Jun 24 14:46:40 🔔宠汪汪, 结束! 🕛 1.986 秒
Jun 24 14:46:40 
