Jun 08 10:27:50 
Jun 08 10:27:50 🔔东东工厂, 开始!
Jun 08 10:27:51 
Jun 08 10:27:51 ====================共1个京东账号Cookie=========
Jun 08 10:27:51 
Jun 08 10:27:51 ==================脚本执行- 北京时间(UTC+8)：6/8/2021, 10:27:51 AM=====================
Jun 08 10:27:51 
Jun 08 10:27:51 开始获取东东工厂配置文件
Jun 08 10:27:51 
Jun 08 10:27:51 共1个京东账号
Jun 08 10:27:51 
Jun 08 10:27:51 您提供了1个账号的东东工厂助力码
Jun 08 10:27:51 
Jun 08 10:27:52 
Jun 08 10:27:52 ******开始【京东账号1】liu1071607950*********
Jun 08 10:27:52 
Jun 08 10:27:52 
Jun 08 10:27:52 ==============📣系统通知📣==============
Jun 08 10:27:52 东东工厂
Jun 08 10:27:52 【提示】cookie已失效
Jun 08 10:27:52 京东账号1 liu1071607950
Jun 08 10:27:52 请重新登录获取
Jun 08 10:27:52 https://bean.m.jd.com/bean/signIndex.action
Jun 08 10:27:52 
Jun 08 10:27:52 
Jun 08 10:27:52 您未提供server酱的SCKEY，取消微信推送消息通知🚫
Jun 08 10:27:52 
Jun 08 10:27:52 您未提供push+推送所需的PUSH_PLUS_TOKEN，取消push+推送消息通知🚫
Jun 08 10:27:52 
Jun 08 10:27:52 您未提供Bark的APP推送BARK_PUSH，取消Bark推送消息通知🚫
Jun 08 10:27:52 
Jun 08 10:27:52 您未提供telegram机器人推送所需的TG_BOT_TOKEN和TG_USER_ID，取消telegram推送消息通知🚫
Jun 08 10:27:52 
Jun 08 10:27:52 您未提供钉钉机器人推送所需的DD_BOT_TOKEN或者DD_BOT_SECRET，取消钉钉推送消息通知🚫
Jun 08 10:27:52 
Jun 08 10:27:52 您未提供企业微信机器人推送所需的QYWX_KEY，取消企业微信推送消息通知🚫
Jun 08 10:27:52 
Jun 08 10:27:52 您未提供企业微信应用消息推送所需的QYWX_AM，取消企业微信应用消息推送消息通知🚫
Jun 08 10:27:52 
Jun 08 10:27:52 您未提供iGot的推送IGOT_PUSH_KEY，取消iGot推送消息通知🚫
Jun 08 10:27:52 
Jun 08 10:27:52 
Jun 08 10:27:52 🔔东东工厂, 结束! 🕛 2.1 秒
Jun 08 10:27:52 
Jun 08 11:27:20 
Jun 08 11:27:20 🔔东东工厂, 开始!
Jun 08 11:27:20 
Jun 08 11:27:20 ====================共1个京东账号Cookie=========
Jun 08 11:27:20 
Jun 08 11:27:20 ==================脚本执行- 北京时间(UTC+8)：6/8/2021, 11:27:20 AM=====================
Jun 08 11:27:20 
Jun 08 11:27:20 开始获取东东工厂配置文件
Jun 08 11:27:20 
Jun 08 11:27:20 由于您环境变量(DDFACTORY_SHARECODES)里面未提供助力码，故此处运行将会给脚本内置的码进行助力，请知晓！
Jun 08 11:27:20 共1个京东账号
Jun 08 11:27:20 
Jun 08 11:27:20 您提供了0个账号的东东工厂助力码
Jun 08 11:27:20 
Jun 08 11:27:21 
Jun 08 11:27:21 ******开始【京东账号1】liu1071607950*********
Jun 08 11:27:21 
Jun 08 11:27:21 
Jun 08 11:27:21 ==============📣系统通知📣==============
Jun 08 11:27:21 东东工厂
Jun 08 11:27:21 【提示】cookie已失效
Jun 08 11:27:21 京东账号1 liu1071607950
Jun 08 11:27:21 请重新登录获取
Jun 08 11:27:21 https://bean.m.jd.com/bean/signIndex.action
Jun 08 11:27:21 
Jun 08 11:27:21 
Jun 08 11:27:21 您未提供server酱的SCKEY，取消微信推送消息通知🚫
Jun 08 11:27:21 
Jun 08 11:27:21 您未提供push+推送所需的PUSH_PLUS_TOKEN，取消push+推送消息通知🚫
Jun 08 11:27:21 
Jun 08 11:27:21 您未提供Bark的APP推送BARK_PUSH，取消Bark推送消息通知🚫
Jun 08 11:27:21 
Jun 08 11:27:21 您未提供telegram机器人推送所需的TG_BOT_TOKEN和TG_USER_ID，取消telegram推送消息通知🚫
Jun 08 11:27:21 
Jun 08 11:27:21 您未提供钉钉机器人推送所需的DD_BOT_TOKEN或者DD_BOT_SECRET，取消钉钉推送消息通知🚫
Jun 08 11:27:21 
Jun 08 11:27:21 您未提供企业微信机器人推送所需的QYWX_KEY，取消企业微信推送消息通知🚫
Jun 08 11:27:21 
Jun 08 11:27:21 您未提供企业微信应用消息推送所需的QYWX_AM，取消企业微信应用消息推送消息通知🚫
Jun 08 11:27:21 
Jun 08 11:27:21 您未提供iGot的推送IGOT_PUSH_KEY，取消iGot推送消息通知🚫
Jun 08 11:27:21 
Jun 08 11:27:21 
Jun 08 11:27:21 🔔东东工厂, 结束! 🕛 1.159 秒
Jun 08 11:27:21 
Jun 08 12:27:32 
Jun 08 12:27:32 🔔东东工厂, 开始!
Jun 08 12:27:32 
Jun 08 12:27:32 ====================共1个京东账号Cookie=========
Jun 08 12:27:32 
Jun 08 12:27:32 ==================脚本执行- 北京时间(UTC+8)：6/8/2021, 12:27:32 PM=====================
Jun 08 12:27:32 
Jun 08 12:27:32 开始获取东东工厂配置文件
Jun 08 12:27:32 
Jun 08 12:27:32 由于您环境变量(DDFACTORY_SHARECODES)里面未提供助力码，故此处运行将会给脚本内置的码进行助力，请知晓！
Jun 08 12:27:32 共1个京东账号
Jun 08 12:27:32 
Jun 08 12:27:32 您提供了0个账号的东东工厂助力码
Jun 08 12:27:32 
Jun 08 12:27:34 
Jun 08 12:27:34 ******开始【京东账号1】liu1071607950*********
Jun 08 12:27:34 
Jun 08 12:27:34 
Jun 08 12:27:34 ==============📣系统通知📣==============
Jun 08 12:27:34 东东工厂
Jun 08 12:27:34 【提示】cookie已失效
Jun 08 12:27:34 京东账号1 liu1071607950
Jun 08 12:27:34 请重新登录获取
Jun 08 12:27:34 https://bean.m.jd.com/bean/signIndex.action
Jun 08 12:27:34 
Jun 08 12:27:34 
Jun 08 12:27:34 您未提供server酱的SCKEY，取消微信推送消息通知🚫
Jun 08 12:27:34 
Jun 08 12:27:34 您未提供push+推送所需的PUSH_PLUS_TOKEN，取消push+推送消息通知🚫
Jun 08 12:27:34 
Jun 08 12:27:34 您未提供Bark的APP推送BARK_PUSH，取消Bark推送消息通知🚫
Jun 08 12:27:34 
Jun 08 12:27:34 您未提供telegram机器人推送所需的TG_BOT_TOKEN和TG_USER_ID，取消telegram推送消息通知🚫
Jun 08 12:27:34 
Jun 08 12:27:34 您未提供钉钉机器人推送所需的DD_BOT_TOKEN或者DD_BOT_SECRET，取消钉钉推送消息通知🚫
Jun 08 12:27:34 
Jun 08 12:27:34 您未提供企业微信机器人推送所需的QYWX_KEY，取消企业微信推送消息通知🚫
Jun 08 12:27:34 
Jun 08 12:27:34 您未提供企业微信应用消息推送所需的QYWX_AM，取消企业微信应用消息推送消息通知🚫
Jun 08 12:27:34 
Jun 08 12:27:34 您未提供iGot的推送IGOT_PUSH_KEY，取消iGot推送消息通知🚫
Jun 08 12:27:34 
Jun 08 12:27:34 
Jun 08 12:27:34 🔔东东工厂, 结束! 🕛 1.715 秒
Jun 08 12:27:34 
Jun 08 13:26:51 
Jun 08 13:26:51 🔔东东工厂, 开始!
Jun 08 13:26:51 
Jun 08 13:26:51 ====================共1个京东账号Cookie=========
Jun 08 13:26:51 
Jun 08 13:26:51 ==================脚本执行- 北京时间(UTC+8)：6/8/2021, 1:26:51 PM=====================
Jun 08 13:26:51 
Jun 08 13:26:51 开始获取东东工厂配置文件
Jun 08 13:26:51 
Jun 08 13:26:51 由于您环境变量(DDFACTORY_SHARECODES)里面未提供助力码，故此处运行将会给脚本内置的码进行助力，请知晓！
Jun 08 13:26:51 共1个京东账号
Jun 08 13:26:51 
Jun 08 13:26:51 您提供了0个账号的东东工厂助力码
Jun 08 13:26:51 
Jun 08 13:26:53 
Jun 08 13:26:53 ******开始【京东账号1】liu1071607950*********
Jun 08 13:26:53 
Jun 08 13:26:53 
Jun 08 13:26:53 ==============📣系统通知📣==============
Jun 08 13:26:53 东东工厂
Jun 08 13:26:53 【提示】cookie已失效
Jun 08 13:26:53 京东账号1 liu1071607950
Jun 08 13:26:53 请重新登录获取
Jun 08 13:26:53 https://bean.m.jd.com/bean/signIndex.action
Jun 08 13:26:53 
Jun 08 13:26:53 
Jun 08 13:26:53 您未提供server酱的SCKEY，取消微信推送消息通知🚫
Jun 08 13:26:53 
Jun 08 13:26:53 您未提供push+推送所需的PUSH_PLUS_TOKEN，取消push+推送消息通知🚫
Jun 08 13:26:53 
Jun 08 13:26:53 您未提供Bark的APP推送BARK_PUSH，取消Bark推送消息通知🚫
Jun 08 13:26:53 
Jun 08 13:26:53 您未提供telegram机器人推送所需的TG_BOT_TOKEN和TG_USER_ID，取消telegram推送消息通知🚫
Jun 08 13:26:53 
Jun 08 13:26:53 您未提供钉钉机器人推送所需的DD_BOT_TOKEN或者DD_BOT_SECRET，取消钉钉推送消息通知🚫
Jun 08 13:26:53 
Jun 08 13:26:53 您未提供企业微信机器人推送所需的QYWX_KEY，取消企业微信推送消息通知🚫
Jun 08 13:26:53 
Jun 08 13:26:53 您未提供企业微信应用消息推送所需的QYWX_AM，取消企业微信应用消息推送消息通知🚫
Jun 08 13:26:53 
Jun 08 13:26:53 您未提供iGot的推送IGOT_PUSH_KEY，取消iGot推送消息通知🚫
Jun 08 13:26:53 
Jun 08 13:26:53 
Jun 08 13:26:53 🔔东东工厂, 结束! 🕛 1.776 秒
Jun 08 13:26:53 
Jun 08 14:27:00 
Jun 08 14:27:00 🔔东东工厂, 开始!
Jun 08 14:27:00 
Jun 08 14:27:00 ====================共1个京东账号Cookie=========
Jun 08 14:27:00 
Jun 08 14:27:00 ==================脚本执行- 北京时间(UTC+8)：6/8/2021, 2:27:00 PM=====================
Jun 08 14:27:00 
Jun 08 14:27:00 开始获取东东工厂配置文件
Jun 08 14:27:00 
Jun 08 14:27:00 由于您环境变量(DDFACTORY_SHARECODES)里面未提供助力码，故此处运行将会给脚本内置的码进行助力，请知晓！
Jun 08 14:27:00 共1个京东账号
Jun 08 14:27:00 
Jun 08 14:27:00 您提供了0个账号的东东工厂助力码
Jun 08 14:27:00 
Jun 08 14:27:01 
Jun 08 14:27:01 ******开始【京东账号1】liu1071607950*********
Jun 08 14:27:01 
Jun 08 14:27:01 由于您第1个京东账号未提供shareCode,将采纳本脚本自带的助力码
Jun 08 14:27:01 
Jun 08 14:27:01 开始
Jun 08 14:27:06 "getaddrinfo ENOTFOUND share.turinglabs.net"
Jun 08 14:27:06 东东工厂 API请求失败，请检查网路重试
Jun 08 14:27:06 第1个京东账号将要助力的好友["P04z54XCjVWnYaS5u2ak7ZCdan1Bdd2GGiWvC6_uERj"]
Jun 08 14:27:06 
Jun 08 14:27:06 ❗️东东工厂, 错误!
Jun 08 14:27:06 TypeError: Cannot read property 'bizCode' of undefined
Jun 08 14:27:06     at /scripts/jd_jdfactory.js:584:27
Jun 08 14:27:06     at got.post.then.message (/scripts/jd_jdfactory.js:776:5772)
Jun 08 14:27:06     at processTicksAndRejections (internal/process/task_queues.js:93:5)
Jun 08 14:27:07 
Jun 08 14:27:07 ❗️东东工厂, 错误!
Jun 08 14:27:07 TypeError: Cannot read property 'bizCode' of undefined
Jun 08 14:27:07     at /scripts/jd_jdfactory.js:369:27
Jun 08 14:27:07     at got.post.then.message (/scripts/jd_jdfactory.js:776:5772)
Jun 08 14:27:07     at processTicksAndRejections (internal/process/task_queues.js:93:5)
Jun 08 14:27:07 
Jun 08 14:27:07 ❗️东东工厂, 错误!
Jun 08 14:27:07 TypeError: Cannot read property 'bizCode' of undefined
Jun 08 14:27:07     at /scripts/jd_jdfactory.js:423:27
Jun 08 14:27:07     at got.post.then.message (/scripts/jd_jdfactory.js:776:5772)
Jun 08 14:27:07     at processTicksAndRejections (internal/process/task_queues.js:93:5)
Jun 08 14:27:08 
Jun 08 14:27:08 ❗️东东工厂, 错误!
Jun 08 14:27:08 TypeError: Cannot read property 'bizCode' of undefined
Jun 08 14:27:08     at /scripts/jd_jdfactory.js:448:27
Jun 08 14:27:08     at got.post.then.message (/scripts/jd_jdfactory.js:776:5772)
Jun 08 14:27:08     at processTicksAndRejections (internal/process/task_queues.js:93:5)
Jun 08 14:27:08 
Jun 08 14:27:08 ❗️东东工厂, 错误!
Jun 08 14:27:08 TypeError: Cannot read property 'bizCode' of undefined
Jun 08 14:27:08     at /scripts/jd_jdfactory.js:128:27
Jun 08 14:27:08     at got.post.then.message (/scripts/jd_jdfactory.js:776:5772)
Jun 08 14:27:08     at processTicksAndRejections (internal/process/task_queues.js:93:5)
Jun 08 14:27:08 
Jun 08 14:27:08 
Jun 08 14:27:08 🔔东东工厂, 结束! 🕛 7.991 秒
Jun 08 14:27:08 
Jun 08 15:27:44 
Jun 08 15:27:44 🔔东东工厂, 开始!
Jun 08 15:27:44 
Jun 08 15:27:44 ====================共1个京东账号Cookie=========
Jun 08 15:27:44 
Jun 08 15:27:44 ==================脚本执行- 北京时间(UTC+8)：6/8/2021, 3:27:44 PM=====================
Jun 08 15:27:44 
Jun 08 15:27:44 开始获取东东工厂配置文件
Jun 08 15:27:44 
Jun 08 15:27:44 由于您环境变量(DDFACTORY_SHARECODES)里面未提供助力码，故此处运行将会给脚本内置的码进行助力，请知晓！
Jun 08 15:27:44 共1个京东账号
Jun 08 15:27:44 
Jun 08 15:27:44 您提供了0个账号的东东工厂助力码
Jun 08 15:27:44 
Jun 08 15:27:46 "getaddrinfo ENOTFOUND wq.jd.com"
Jun 08 15:27:46 东东工厂 API请求失败，请检查网路重试
Jun 08 15:27:46 
Jun 08 15:27:46 ******开始【京东账号1】liu1071607950*********
Jun 08 15:27:46 
Jun 08 15:27:46 由于您第1个京东账号未提供shareCode,将采纳本脚本自带的助力码
Jun 08 15:27:46 
Jun 08 15:27:46 开始
Jun 08 15:27:50 "getaddrinfo ENOTFOUND share.turinglabs.net"
Jun 08 15:27:50 东东工厂 API请求失败，请检查网路重试
Jun 08 15:27:50 第1个京东账号将要助力的好友["P04z54XCjVWnYaS5u2ak7ZCdan1Bdd2GGiWvC6_uERj"]
Jun 08 15:27:50 "getaddrinfo ENOTFOUND api.m.jd.com"
Jun 08 15:27:50 东东工厂 API请求失败，请检查网路重试
Jun 08 15:27:51 "getaddrinfo ENOTFOUND api.m.jd.com"
Jun 08 15:27:51 东东工厂 API请求失败，请检查网路重试
Jun 08 15:27:51 
Jun 08 15:27:51 ❗️东东工厂, 错误!
Jun 08 15:27:51 TypeError: Cannot read property 'code' of undefined
Jun 08 15:27:51     at helpFriends (/scripts/jd_jdfactory.js:251:17)
Jun 08 15:27:51     at processTicksAndRejections (internal/process/task_queues.js:93:5)
Jun 08 15:27:51     at async jdFactory (/scripts/jd_jdfactory.js:91:5)
Jun 08 15:27:51     at async /scripts/jd_jdfactory.js:78:7
Jun 08 15:27:51 
Jun 08 15:27:51 🔔东东工厂, 结束! 🕛 6.626 秒
Jun 08 15:27:51 
Jun 08 16:26:50 
Jun 08 16:26:50 🔔东东工厂, 开始!
Jun 08 16:26:50 
Jun 08 16:26:50 ====================共1个京东账号Cookie=========
Jun 08 16:26:50 
Jun 08 16:26:50 ==================脚本执行- 北京时间(UTC+8)：6/8/2021, 4:26:50 PM=====================
Jun 08 16:26:50 
Jun 08 16:26:50 开始获取东东工厂配置文件
Jun 08 16:26:50 
Jun 08 16:26:50 由于您环境变量(DDFACTORY_SHARECODES)里面未提供助力码，故此处运行将会给脚本内置的码进行助力，请知晓！
Jun 08 16:26:50 共1个京东账号
Jun 08 16:26:50 
Jun 08 16:26:50 您提供了0个账号的东东工厂助力码
Jun 08 16:26:50 
Jun 08 16:26:52 
Jun 08 16:26:52 ******开始【京东账号1】liu1071607950*********
Jun 08 16:26:52 
Jun 08 16:26:52 
Jun 08 16:26:52 ==============📣系统通知📣==============
Jun 08 16:26:52 东东工厂
Jun 08 16:26:52 【提示】cookie已失效
Jun 08 16:26:52 京东账号1 liu1071607950
Jun 08 16:26:52 请重新登录获取
Jun 08 16:26:52 https://bean.m.jd.com/bean/signIndex.action
Jun 08 16:26:52 
Jun 08 16:26:52 
Jun 08 16:26:52 您未提供server酱的SCKEY，取消微信推送消息通知🚫
Jun 08 16:26:52 
Jun 08 16:26:52 您未提供push+推送所需的PUSH_PLUS_TOKEN，取消push+推送消息通知🚫
Jun 08 16:26:52 
Jun 08 16:26:52 您未提供Bark的APP推送BARK_PUSH，取消Bark推送消息通知🚫
Jun 08 16:26:52 
Jun 08 16:26:52 您未提供telegram机器人推送所需的TG_BOT_TOKEN和TG_USER_ID，取消telegram推送消息通知🚫
Jun 08 16:26:52 
Jun 08 16:26:52 您未提供钉钉机器人推送所需的DD_BOT_TOKEN或者DD_BOT_SECRET，取消钉钉推送消息通知🚫
Jun 08 16:26:52 
Jun 08 16:26:52 您未提供企业微信机器人推送所需的QYWX_KEY，取消企业微信推送消息通知🚫
Jun 08 16:26:52 
Jun 08 16:26:52 您未提供企业微信应用消息推送所需的QYWX_AM，取消企业微信应用消息推送消息通知🚫
Jun 08 16:26:52 
Jun 08 16:26:52 您未提供iGot的推送IGOT_PUSH_KEY，取消iGot推送消息通知🚫
Jun 08 16:26:52 
Jun 08 16:26:52 
Jun 08 16:26:52 🔔东东工厂, 结束! 🕛 1.496 秒
Jun 08 16:26:52 
Jun 08 17:27:35 
Jun 08 17:27:35 🔔东东工厂, 开始!
Jun 08 17:27:35 
Jun 08 17:27:35 ====================共1个京东账号Cookie=========
Jun 08 17:27:35 
Jun 08 17:27:35 ==================脚本执行- 北京时间(UTC+8)：6/8/2021, 5:27:35 PM=====================
Jun 08 17:27:35 
Jun 08 17:27:35 开始获取东东工厂配置文件
Jun 08 17:27:35 
Jun 08 17:27:35 由于您环境变量(DDFACTORY_SHARECODES)里面未提供助力码，故此处运行将会给脚本内置的码进行助力，请知晓！
Jun 08 17:27:35 共1个京东账号
Jun 08 17:27:35 
Jun 08 17:27:35 您提供了0个账号的东东工厂助力码
Jun 08 17:27:35 
Jun 08 17:27:36 
Jun 08 17:27:36 ******开始【京东账号1】liu1071607950*********
Jun 08 17:27:36 
Jun 08 17:27:36 
Jun 08 17:27:36 ==============📣系统通知📣==============
Jun 08 17:27:36 东东工厂
Jun 08 17:27:36 【提示】cookie已失效
Jun 08 17:27:36 京东账号1 liu1071607950
Jun 08 17:27:36 请重新登录获取
Jun 08 17:27:36 https://bean.m.jd.com/bean/signIndex.action
Jun 08 17:27:36 
Jun 08 17:27:36 
Jun 08 17:27:36 您未提供server酱的SCKEY，取消微信推送消息通知🚫
Jun 08 17:27:36 
Jun 08 17:27:36 您未提供push+推送所需的PUSH_PLUS_TOKEN，取消push+推送消息通知🚫
Jun 08 17:27:36 
Jun 08 17:27:36 您未提供Bark的APP推送BARK_PUSH，取消Bark推送消息通知🚫
Jun 08 17:27:36 
Jun 08 17:27:36 您未提供telegram机器人推送所需的TG_BOT_TOKEN和TG_USER_ID，取消telegram推送消息通知🚫
Jun 08 17:27:36 
Jun 08 17:27:36 您未提供钉钉机器人推送所需的DD_BOT_TOKEN或者DD_BOT_SECRET，取消钉钉推送消息通知🚫
Jun 08 17:27:36 
Jun 08 17:27:36 您未提供企业微信机器人推送所需的QYWX_KEY，取消企业微信推送消息通知🚫
Jun 08 17:27:36 
Jun 08 17:27:36 您未提供企业微信应用消息推送所需的QYWX_AM，取消企业微信应用消息推送消息通知🚫
Jun 08 17:27:36 
Jun 08 17:27:36 您未提供iGot的推送IGOT_PUSH_KEY，取消iGot推送消息通知🚫
Jun 08 17:27:36 
Jun 08 17:27:36 
Jun 08 17:27:36 🔔东东工厂, 结束! 🕛 1.493 秒
Jun 08 17:27:36 
Jun 08 18:27:38 
Jun 08 18:27:39 🔔东东工厂, 开始!
Jun 08 18:27:39 
Jun 08 18:27:39 ====================共1个京东账号Cookie=========
Jun 08 18:27:39 
Jun 08 18:27:39 ==================脚本执行- 北京时间(UTC+8)：6/8/2021, 6:27:39 PM=====================
Jun 08 18:27:39 
Jun 08 18:27:39 开始获取东东工厂配置文件
Jun 08 18:27:39 
Jun 08 18:27:39 由于您环境变量(DDFACTORY_SHARECODES)里面未提供助力码，故此处运行将会给脚本内置的码进行助力，请知晓！
Jun 08 18:27:39 共1个京东账号
Jun 08 18:27:39 
Jun 08 18:27:39 您提供了0个账号的东东工厂助力码
Jun 08 18:27:39 
Jun 08 18:27:40 
Jun 08 18:27:40 ******开始【京东账号1】liu1071607950*********
Jun 08 18:27:40 
Jun 08 18:27:40 
Jun 08 18:27:40 ==============📣系统通知📣==============
Jun 08 18:27:40 东东工厂
Jun 08 18:27:40 【提示】cookie已失效
Jun 08 18:27:40 京东账号1 liu1071607950
Jun 08 18:27:40 请重新登录获取
Jun 08 18:27:40 https://bean.m.jd.com/bean/signIndex.action
Jun 08 18:27:40 
Jun 08 18:27:40 
Jun 08 18:27:40 您未提供server酱的SCKEY，取消微信推送消息通知🚫
Jun 08 18:27:40 
Jun 08 18:27:40 您未提供push+推送所需的PUSH_PLUS_TOKEN，取消push+推送消息通知🚫
Jun 08 18:27:40 
Jun 08 18:27:40 您未提供Bark的APP推送BARK_PUSH，取消Bark推送消息通知🚫
Jun 08 18:27:40 
Jun 08 18:27:40 您未提供telegram机器人推送所需的TG_BOT_TOKEN和TG_USER_ID，取消telegram推送消息通知🚫
Jun 08 18:27:40 
Jun 08 18:27:40 您未提供钉钉机器人推送所需的DD_BOT_TOKEN或者DD_BOT_SECRET，取消钉钉推送消息通知🚫
Jun 08 18:27:40 
Jun 08 18:27:40 您未提供企业微信机器人推送所需的QYWX_KEY，取消企业微信推送消息通知🚫
Jun 08 18:27:40 
Jun 08 18:27:40 您未提供企业微信应用消息推送所需的QYWX_AM，取消企业微信应用消息推送消息通知🚫
Jun 08 18:27:40 
Jun 08 18:27:40 您未提供iGot的推送IGOT_PUSH_KEY，取消iGot推送消息通知🚫
Jun 08 18:27:40 
Jun 08 18:27:40 
Jun 08 18:27:40 🔔东东工厂, 结束! 🕛 1.609 秒
Jun 08 18:27:40 
Jun 08 19:26:36 
Jun 08 19:26:36 🔔东东工厂, 开始!
Jun 08 19:26:36 
Jun 08 19:26:36 ====================共1个京东账号Cookie=========
Jun 08 19:26:36 
Jun 08 19:26:36 ==================脚本执行- 北京时间(UTC+8)：6/8/2021, 7:26:36 PM=====================
Jun 08 19:26:36 
Jun 08 19:26:36 开始获取东东工厂配置文件
Jun 08 19:26:36 
Jun 08 19:26:36 由于您环境变量(DDFACTORY_SHARECODES)里面未提供助力码，故此处运行将会给脚本内置的码进行助力，请知晓！
Jun 08 19:26:36 共1个京东账号
Jun 08 19:26:36 
Jun 08 19:26:36 您提供了0个账号的东东工厂助力码
Jun 08 19:26:36 
Jun 08 19:26:37 "getaddrinfo ENOTFOUND wq.jd.com"
Jun 08 19:26:37 东东工厂 API请求失败，请检查网路重试
Jun 08 19:26:37 
Jun 08 19:26:37 ******开始【京东账号1】liu1071607950*********
Jun 08 19:26:37 
Jun 08 19:26:37 由于您第1个京东账号未提供shareCode,将采纳本脚本自带的助力码
Jun 08 19:26:37 
Jun 08 19:26:37 开始
Jun 08 19:26:41 "getaddrinfo ENOTFOUND share.turinglabs.net"
Jun 08 19:26:41 东东工厂 API请求失败，请检查网路重试
Jun 08 19:26:41 第1个京东账号将要助力的好友["P04z54XCjVWnYaS5u2ak7ZCdan1Bdd2GGiWvC6_uERj"]
Jun 08 19:26:41 "getaddrinfo ENOTFOUND api.m.jd.com"
Jun 08 19:26:41 东东工厂 API请求失败，请检查网路重试
Jun 08 19:26:42 "getaddrinfo ENOTFOUND api.m.jd.com"
Jun 08 19:26:42 东东工厂 API请求失败，请检查网路重试
Jun 08 19:26:42 
Jun 08 19:26:42 ❗️东东工厂, 错误!
Jun 08 19:26:42 TypeError: Cannot read property 'code' of undefined
Jun 08 19:26:42     at helpFriends (/scripts/jd_jdfactory.js:251:17)
Jun 08 19:26:42     at processTicksAndRejections (internal/process/task_queues.js:93:5)
Jun 08 19:26:42     at async jdFactory (/scripts/jd_jdfactory.js:91:5)
Jun 08 19:26:42     at async /scripts/jd_jdfactory.js:78:7
Jun 08 19:26:42 
Jun 08 19:26:42 🔔东东工厂, 结束! 🕛 6.862 秒
Jun 08 19:26:42 
Jun 08 20:27:05 
Jun 08 20:27:05 🔔东东工厂, 开始!
Jun 08 20:27:05 
Jun 08 20:27:05 ====================共1个京东账号Cookie=========
Jun 08 20:27:05 
Jun 08 20:27:05 ==================脚本执行- 北京时间(UTC+8)：6/8/2021, 8:27:05 PM=====================
Jun 08 20:27:05 
Jun 08 20:27:05 开始获取东东工厂配置文件
Jun 08 20:27:05 
Jun 08 20:27:05 由于您环境变量(DDFACTORY_SHARECODES)里面未提供助力码，故此处运行将会给脚本内置的码进行助力，请知晓！
Jun 08 20:27:05 共1个京东账号
Jun 08 20:27:05 
Jun 08 20:27:05 您提供了0个账号的东东工厂助力码
Jun 08 20:27:05 
Jun 08 20:27:06 "getaddrinfo ENOTFOUND wq.jd.com"
Jun 08 20:27:06 东东工厂 API请求失败，请检查网路重试
Jun 08 20:27:06 
Jun 08 20:27:06 ******开始【京东账号1】liu1071607950*********
Jun 08 20:27:06 
Jun 08 20:27:06 由于您第1个京东账号未提供shareCode,将采纳本脚本自带的助力码
Jun 08 20:27:06 
Jun 08 20:27:06 开始
Jun 08 20:27:10 "getaddrinfo ENOTFOUND share.turinglabs.net"
Jun 08 20:27:10 东东工厂 API请求失败，请检查网路重试
Jun 08 20:27:10 第1个京东账号将要助力的好友["P04z54XCjVWnYaS5u2ak7ZCdan1Bdd2GGiWvC6_uERj"]
Jun 08 20:27:10 "getaddrinfo ENOTFOUND api.m.jd.com"
Jun 08 20:27:10 东东工厂 API请求失败，请检查网路重试
Jun 08 20:27:11 "getaddrinfo ENOTFOUND api.m.jd.com"
Jun 08 20:27:11 东东工厂 API请求失败，请检查网路重试
Jun 08 20:27:11 
Jun 08 20:27:11 ❗️东东工厂, 错误!
Jun 08 20:27:11 TypeError: Cannot read property 'code' of undefined
Jun 08 20:27:11     at helpFriends (/scripts/jd_jdfactory.js:251:17)
Jun 08 20:27:11     at processTicksAndRejections (internal/process/task_queues.js:93:5)
Jun 08 20:27:11     at async jdFactory (/scripts/jd_jdfactory.js:91:5)
Jun 08 20:27:11     at async /scripts/jd_jdfactory.js:78:7
Jun 08 20:27:11 
Jun 08 20:27:11 🔔东东工厂, 结束! 🕛 6.416 秒
Jun 08 20:27:11 
Jun 08 21:27:16 
Jun 08 21:27:16 🔔东东工厂, 开始!
Jun 08 21:27:16 
Jun 08 21:27:16 ====================共1个京东账号Cookie=========
Jun 08 21:27:16 
Jun 08 21:27:17 ==================脚本执行- 北京时间(UTC+8)：6/8/2021, 9:27:16 PM=====================
Jun 08 21:27:17 
Jun 08 21:27:17 开始获取东东工厂配置文件
Jun 08 21:27:17 
Jun 08 21:27:17 由于您环境变量(DDFACTORY_SHARECODES)里面未提供助力码，故此处运行将会给脚本内置的码进行助力，请知晓！
Jun 08 21:27:17 共1个京东账号
Jun 08 21:27:17 
Jun 08 21:27:17 您提供了0个账号的东东工厂助力码
Jun 08 21:27:17 
Jun 08 21:27:18 
Jun 08 21:27:18 ******开始【京东账号1】liu1071607950*********
Jun 08 21:27:18 
Jun 08 21:27:18 
Jun 08 21:27:18 ==============📣系统通知📣==============
Jun 08 21:27:18 东东工厂
Jun 08 21:27:18 【提示】cookie已失效
Jun 08 21:27:18 京东账号1 liu1071607950
Jun 08 21:27:18 请重新登录获取
Jun 08 21:27:18 https://bean.m.jd.com/bean/signIndex.action
Jun 08 21:27:18 
Jun 08 21:27:18 
Jun 08 21:27:18 您未提供server酱的SCKEY，取消微信推送消息通知🚫
Jun 08 21:27:18 
Jun 08 21:27:18 您未提供push+推送所需的PUSH_PLUS_TOKEN，取消push+推送消息通知🚫
Jun 08 21:27:18 
Jun 08 21:27:18 您未提供Bark的APP推送BARK_PUSH，取消Bark推送消息通知🚫
Jun 08 21:27:18 
Jun 08 21:27:18 您未提供telegram机器人推送所需的TG_BOT_TOKEN和TG_USER_ID，取消telegram推送消息通知🚫
Jun 08 21:27:18 
Jun 08 21:27:18 您未提供钉钉机器人推送所需的DD_BOT_TOKEN或者DD_BOT_SECRET，取消钉钉推送消息通知🚫
Jun 08 21:27:18 
Jun 08 21:27:18 您未提供企业微信机器人推送所需的QYWX_KEY，取消企业微信推送消息通知🚫
Jun 08 21:27:18 
Jun 08 21:27:18 您未提供企业微信应用消息推送所需的QYWX_AM，取消企业微信应用消息推送消息通知🚫
Jun 08 21:27:18 
Jun 08 21:27:18 您未提供iGot的推送IGOT_PUSH_KEY，取消iGot推送消息通知🚫
Jun 08 21:27:18 
Jun 08 21:27:18 
Jun 08 21:27:18 🔔东东工厂, 结束! 🕛 1.119 秒
Jun 08 21:27:18 
Jun 08 22:26:38 
Jun 08 22:26:38 🔔东东工厂, 开始!
Jun 08 22:26:38 
Jun 08 22:26:38 ====================共1个京东账号Cookie=========
Jun 08 22:26:38 
Jun 08 22:26:38 ==================脚本执行- 北京时间(UTC+8)：6/8/2021, 10:26:38 PM=====================
Jun 08 22:26:38 
Jun 08 22:26:39 开始获取东东工厂配置文件
Jun 08 22:26:39 
Jun 08 22:26:39 由于您环境变量(DDFACTORY_SHARECODES)里面未提供助力码，故此处运行将会给脚本内置的码进行助力，请知晓！
Jun 08 22:26:39 共1个京东账号
Jun 08 22:26:39 
Jun 08 22:26:39 您提供了0个账号的东东工厂助力码
Jun 08 22:26:39 
Jun 08 22:26:40 
Jun 08 22:26:40 ******开始【京东账号1】liu1071607950*********
Jun 08 22:26:40 
Jun 08 22:26:40 
Jun 08 22:26:40 ==============📣系统通知📣==============
Jun 08 22:26:40 东东工厂
Jun 08 22:26:40 【提示】cookie已失效
Jun 08 22:26:40 京东账号1 liu1071607950
Jun 08 22:26:40 请重新登录获取
Jun 08 22:26:40 https://bean.m.jd.com/bean/signIndex.action
Jun 08 22:26:40 
Jun 08 22:26:40 
Jun 08 22:26:40 您未提供server酱的SCKEY，取消微信推送消息通知🚫
Jun 08 22:26:40 
Jun 08 22:26:40 您未提供push+推送所需的PUSH_PLUS_TOKEN，取消push+推送消息通知🚫
Jun 08 22:26:40 
Jun 08 22:26:40 您未提供Bark的APP推送BARK_PUSH，取消Bark推送消息通知🚫
Jun 08 22:26:40 
Jun 08 22:26:40 您未提供telegram机器人推送所需的TG_BOT_TOKEN和TG_USER_ID，取消telegram推送消息通知🚫
Jun 08 22:26:40 
Jun 08 22:26:40 您未提供钉钉机器人推送所需的DD_BOT_TOKEN或者DD_BOT_SECRET，取消钉钉推送消息通知🚫
Jun 08 22:26:40 
Jun 08 22:26:40 您未提供企业微信机器人推送所需的QYWX_KEY，取消企业微信推送消息通知🚫
Jun 08 22:26:40 
Jun 08 22:26:40 您未提供企业微信应用消息推送所需的QYWX_AM，取消企业微信应用消息推送消息通知🚫
Jun 08 22:26:40 
Jun 08 22:26:40 您未提供iGot的推送IGOT_PUSH_KEY，取消iGot推送消息通知🚫
Jun 08 22:26:40 
Jun 08 22:26:40 
Jun 08 22:26:40 🔔东东工厂, 结束! 🕛 1.404 秒
Jun 08 22:26:40 
Jun 08 23:26:12 
Jun 08 23:26:12 🔔东东工厂, 开始!
Jun 08 23:26:12 
Jun 08 23:26:12 ====================共1个京东账号Cookie=========
Jun 08 23:26:12 
Jun 08 23:26:12 ==================脚本执行- 北京时间(UTC+8)：6/8/2021, 11:26:12 PM=====================
Jun 08 23:26:12 
Jun 08 23:26:12 开始获取东东工厂配置文件
Jun 08 23:26:12 
Jun 08 23:26:12 由于您环境变量(DDFACTORY_SHARECODES)里面未提供助力码，故此处运行将会给脚本内置的码进行助力，请知晓！
Jun 08 23:26:12 共1个京东账号
Jun 08 23:26:12 
Jun 08 23:26:12 您提供了0个账号的东东工厂助力码
Jun 08 23:26:12 
Jun 08 23:26:13 
Jun 08 23:26:13 ******开始【京东账号1】liu1071607950*********
Jun 08 23:26:13 
Jun 08 23:26:13 
Jun 08 23:26:13 ==============📣系统通知📣==============
Jun 08 23:26:13 东东工厂
Jun 08 23:26:13 【提示】cookie已失效
Jun 08 23:26:13 京东账号1 liu1071607950
Jun 08 23:26:13 请重新登录获取
Jun 08 23:26:13 https://bean.m.jd.com/bean/signIndex.action
Jun 08 23:26:13 
Jun 08 23:26:13 
Jun 08 23:26:13 您未提供server酱的SCKEY，取消微信推送消息通知🚫
Jun 08 23:26:13 
Jun 08 23:26:13 您未提供push+推送所需的PUSH_PLUS_TOKEN，取消push+推送消息通知🚫
Jun 08 23:26:13 
Jun 08 23:26:13 您未提供Bark的APP推送BARK_PUSH，取消Bark推送消息通知🚫
Jun 08 23:26:13 
Jun 08 23:26:13 您未提供telegram机器人推送所需的TG_BOT_TOKEN和TG_USER_ID，取消telegram推送消息通知🚫
Jun 08 23:26:13 
Jun 08 23:26:13 您未提供钉钉机器人推送所需的DD_BOT_TOKEN或者DD_BOT_SECRET，取消钉钉推送消息通知🚫
Jun 08 23:26:13 
Jun 08 23:26:13 您未提供企业微信机器人推送所需的QYWX_KEY，取消企业微信推送消息通知🚫
Jun 08 23:26:13 
Jun 08 23:26:13 您未提供企业微信应用消息推送所需的QYWX_AM，取消企业微信应用消息推送消息通知🚫
Jun 08 23:26:13 
Jun 08 23:26:13 您未提供iGot的推送IGOT_PUSH_KEY，取消iGot推送消息通知🚫
Jun 08 23:26:13 
Jun 08 23:26:13 
Jun 08 23:26:13 🔔东东工厂, 结束! 🕛 1.194 秒
Jun 08 23:26:13 
Jun 09 11:26:59 
Jun 09 11:26:59 🔔东东工厂, 开始!
Jun 09 11:26:59 
Jun 09 11:26:59 ====================共1个京东账号Cookie=========
Jun 09 11:26:59 
Jun 09 11:26:59 ==================脚本执行- 北京时间(UTC+8)：6/9/2021, 11:26:59 AM=====================
Jun 09 11:26:59 
Jun 09 11:26:59 开始获取东东工厂配置文件
Jun 09 11:26:59 
Jun 09 11:26:59 由于您环境变量(DDFACTORY_SHARECODES)里面未提供助力码，故此处运行将会给脚本内置的码进行助力，请知晓！
Jun 09 11:26:59 共1个京东账号
Jun 09 11:26:59 
Jun 09 11:26:59 您提供了0个账号的东东工厂助力码
Jun 09 11:26:59 
Jun 09 11:27:01 
Jun 09 11:27:01 ******开始【京东账号1】liu1071607950*********
Jun 09 11:27:01 
Jun 09 11:27:01 
Jun 09 11:27:01 ==============📣系统通知📣==============
Jun 09 11:27:01 东东工厂
Jun 09 11:27:01 【提示】cookie已失效
Jun 09 11:27:01 京东账号1 liu1071607950
Jun 09 11:27:01 请重新登录获取
Jun 09 11:27:01 https://bean.m.jd.com/bean/signIndex.action
Jun 09 11:27:01 
Jun 09 11:27:01 
Jun 09 11:27:01 您未提供server酱的SCKEY，取消微信推送消息通知🚫
Jun 09 11:27:01 
Jun 09 11:27:01 您未提供push+推送所需的PUSH_PLUS_TOKEN，取消push+推送消息通知🚫
Jun 09 11:27:01 
Jun 09 11:27:01 您未提供Bark的APP推送BARK_PUSH，取消Bark推送消息通知🚫
Jun 09 11:27:01 
Jun 09 11:27:01 您未提供telegram机器人推送所需的TG_BOT_TOKEN和TG_USER_ID，取消telegram推送消息通知🚫
Jun 09 11:27:01 
Jun 09 11:27:01 您未提供钉钉机器人推送所需的DD_BOT_TOKEN或者DD_BOT_SECRET，取消钉钉推送消息通知🚫
Jun 09 11:27:01 
Jun 09 11:27:01 您未提供企业微信机器人推送所需的QYWX_KEY，取消企业微信推送消息通知🚫
Jun 09 11:27:01 
Jun 09 11:27:01 您未提供企业微信应用消息推送所需的QYWX_AM，取消企业微信应用消息推送消息通知🚫
Jun 09 11:27:01 
Jun 09 11:27:01 您未提供iGot的推送IGOT_PUSH_KEY，取消iGot推送消息通知🚫
Jun 09 11:27:01 
Jun 09 11:27:01 
Jun 09 11:27:01 🔔东东工厂, 结束! 🕛 1.897 秒
Jun 09 11:27:01 
Jun 09 12:27:49 
Jun 09 12:27:49 🔔东东工厂, 开始!
Jun 09 12:27:49 
Jun 09 12:27:49 ====================共1个京东账号Cookie=========
Jun 09 12:27:49 
Jun 09 12:27:49 ==================脚本执行- 北京时间(UTC+8)：6/9/2021, 12:27:49 PM=====================
Jun 09 12:27:49 
Jun 09 12:27:49 开始获取东东工厂配置文件
Jun 09 12:27:49 
Jun 09 12:27:49 由于您环境变量(DDFACTORY_SHARECODES)里面未提供助力码，故此处运行将会给脚本内置的码进行助力，请知晓！
Jun 09 12:27:49 共1个京东账号
Jun 09 12:27:49 
Jun 09 12:27:49 您提供了0个账号的东东工厂助力码
Jun 09 12:27:49 
Jun 09 12:27:50 "getaddrinfo ENOTFOUND wq.jd.com"
Jun 09 12:27:50 东东工厂 API请求失败，请检查网路重试
Jun 09 12:27:50 
Jun 09 12:27:50 ******开始【京东账号1】liu1071607950*********
Jun 09 12:27:50 
Jun 09 12:27:50 由于您第1个京东账号未提供shareCode,将采纳本脚本自带的助力码
Jun 09 12:27:50 
Jun 09 12:27:50 开始
Jun 09 12:27:54 "getaddrinfo ENOTFOUND share.turinglabs.net"
Jun 09 12:27:54 东东工厂 API请求失败，请检查网路重试
Jun 09 12:27:54 第1个京东账号将要助力的好友["P04z54XCjVWnYaS5u2ak7ZCdan1Bdd2GGiWvC6_uERj"]
Jun 09 12:27:54 "getaddrinfo ENOTFOUND api.m.jd.com"
Jun 09 12:27:54 东东工厂 API请求失败，请检查网路重试
Jun 09 12:27:55 "getaddrinfo ENOTFOUND api.m.jd.com"
Jun 09 12:27:55 东东工厂 API请求失败，请检查网路重试
Jun 09 12:27:55 
Jun 09 12:27:55 ❗️东东工厂, 错误!
Jun 09 12:27:55 TypeError: Cannot read property 'code' of undefined
Jun 09 12:27:55     at helpFriends (/scripts/jd_jdfactory.js:251:17)
Jun 09 12:27:55     at processTicksAndRejections (internal/process/task_queues.js:93:5)
Jun 09 12:27:55     at async jdFactory (/scripts/jd_jdfactory.js:91:5)
Jun 09 12:27:55     at async /scripts/jd_jdfactory.js:78:7
Jun 09 12:27:55 
Jun 09 12:27:55 🔔东东工厂, 结束! 🕛 6.773 秒
Jun 09 12:27:55 
Jun 09 13:28:00 
Jun 09 13:28:00 🔔东东工厂, 开始!
Jun 09 13:28:00 
Jun 09 13:28:00 ====================共1个京东账号Cookie=========
Jun 09 13:28:00 
Jun 09 13:28:00 ==================脚本执行- 北京时间(UTC+8)：6/9/2021, 1:28:00 PM=====================
Jun 09 13:28:00 
Jun 09 13:28:00 开始获取东东工厂配置文件
Jun 09 13:28:00 
Jun 09 13:28:00 由于您环境变量(DDFACTORY_SHARECODES)里面未提供助力码，故此处运行将会给脚本内置的码进行助力，请知晓！
Jun 09 13:28:00 共1个京东账号
Jun 09 13:28:00 
Jun 09 13:28:00 您提供了0个账号的东东工厂助力码
Jun 09 13:28:00 
Jun 09 13:28:01 
Jun 09 13:28:01 ******开始【京东账号1】liu1071607950*********
Jun 09 13:28:01 
Jun 09 13:28:01 
Jun 09 13:28:01 ==============📣系统通知📣==============
Jun 09 13:28:01 东东工厂
Jun 09 13:28:01 【提示】cookie已失效
Jun 09 13:28:01 京东账号1 liu1071607950
Jun 09 13:28:01 请重新登录获取
Jun 09 13:28:01 https://bean.m.jd.com/bean/signIndex.action
Jun 09 13:28:01 
Jun 09 13:28:01 
Jun 09 13:28:01 您未提供server酱的SCKEY，取消微信推送消息通知🚫
Jun 09 13:28:01 
Jun 09 13:28:01 您未提供push+推送所需的PUSH_PLUS_TOKEN，取消push+推送消息通知🚫
Jun 09 13:28:01 
Jun 09 13:28:01 您未提供Bark的APP推送BARK_PUSH，取消Bark推送消息通知🚫
Jun 09 13:28:01 
Jun 09 13:28:01 您未提供telegram机器人推送所需的TG_BOT_TOKEN和TG_USER_ID，取消telegram推送消息通知🚫
Jun 09 13:28:01 
Jun 09 13:28:01 您未提供钉钉机器人推送所需的DD_BOT_TOKEN或者DD_BOT_SECRET，取消钉钉推送消息通知🚫
Jun 09 13:28:01 
Jun 09 13:28:01 您未提供企业微信机器人推送所需的QYWX_KEY，取消企业微信推送消息通知🚫
Jun 09 13:28:01 
Jun 09 13:28:01 您未提供企业微信应用消息推送所需的QYWX_AM，取消企业微信应用消息推送消息通知🚫
Jun 09 13:28:01 
Jun 09 13:28:01 您未提供iGot的推送IGOT_PUSH_KEY，取消iGot推送消息通知🚫
Jun 09 13:28:01 
Jun 09 13:28:01 
Jun 09 13:28:01 🔔东东工厂, 结束! 🕛 1.586 秒
Jun 09 13:28:01 
Jun 09 14:27:39 
Jun 09 14:27:39 🔔东东工厂, 开始!
Jun 09 14:27:40 
Jun 09 14:27:40 ====================共1个京东账号Cookie=========
Jun 09 14:27:40 
Jun 09 14:27:40 ==================脚本执行- 北京时间(UTC+8)：6/9/2021, 2:27:40 PM=====================
Jun 09 14:27:40 
Jun 09 14:27:40 开始获取东东工厂配置文件
Jun 09 14:27:40 
Jun 09 14:27:40 由于您环境变量(DDFACTORY_SHARECODES)里面未提供助力码，故此处运行将会给脚本内置的码进行助力，请知晓！
Jun 09 14:27:40 共1个京东账号
Jun 09 14:27:40 
Jun 09 14:27:40 您提供了0个账号的东东工厂助力码
Jun 09 14:27:40 
Jun 09 14:27:41 
Jun 09 14:27:41 ******开始【京东账号1】liu1071607950*********
Jun 09 14:27:41 
Jun 09 14:27:41 
Jun 09 14:27:41 ==============📣系统通知📣==============
Jun 09 14:27:41 东东工厂
Jun 09 14:27:41 【提示】cookie已失效
Jun 09 14:27:41 京东账号1 liu1071607950
Jun 09 14:27:41 请重新登录获取
Jun 09 14:27:41 https://bean.m.jd.com/bean/signIndex.action
Jun 09 14:27:41 
Jun 09 14:27:41 
Jun 09 14:27:41 您未提供server酱的SCKEY，取消微信推送消息通知🚫
Jun 09 14:27:41 
Jun 09 14:27:41 您未提供push+推送所需的PUSH_PLUS_TOKEN，取消push+推送消息通知🚫
Jun 09 14:27:41 
Jun 09 14:27:41 您未提供Bark的APP推送BARK_PUSH，取消Bark推送消息通知🚫
Jun 09 14:27:41 
Jun 09 14:27:41 您未提供telegram机器人推送所需的TG_BOT_TOKEN和TG_USER_ID，取消telegram推送消息通知🚫
Jun 09 14:27:41 
Jun 09 14:27:41 您未提供钉钉机器人推送所需的DD_BOT_TOKEN或者DD_BOT_SECRET，取消钉钉推送消息通知🚫
Jun 09 14:27:41 
Jun 09 14:27:41 您未提供企业微信机器人推送所需的QYWX_KEY，取消企业微信推送消息通知🚫
Jun 09 14:27:41 
Jun 09 14:27:41 您未提供企业微信应用消息推送所需的QYWX_AM，取消企业微信应用消息推送消息通知🚫
Jun 09 14:27:41 
Jun 09 14:27:41 您未提供iGot的推送IGOT_PUSH_KEY，取消iGot推送消息通知🚫
Jun 09 14:27:41 
Jun 09 14:27:41 
Jun 09 14:27:41 🔔东东工厂, 结束! 🕛 1.204 秒
Jun 09 14:27:41 
Jun 09 15:27:36 
Jun 09 15:27:36 🔔东东工厂, 开始!
Jun 09 15:27:36 
Jun 09 15:27:36 ====================共1个京东账号Cookie=========
Jun 09 15:27:36 
Jun 09 15:27:36 ==================脚本执行- 北京时间(UTC+8)：6/9/2021, 3:27:36 PM=====================
Jun 09 15:27:36 
Jun 09 15:27:36 开始获取东东工厂配置文件
Jun 09 15:27:36 
Jun 09 15:27:36 由于您环境变量(DDFACTORY_SHARECODES)里面未提供助力码，故此处运行将会给脚本内置的码进行助力，请知晓！
Jun 09 15:27:36 共1个京东账号
Jun 09 15:27:36 
Jun 09 15:27:36 您提供了0个账号的东东工厂助力码
Jun 09 15:27:36 
Jun 09 15:27:37 
Jun 09 15:27:37 ******开始【京东账号1】liu1071607950*********
Jun 09 15:27:37 
Jun 09 15:27:37 
Jun 09 15:27:37 ==============📣系统通知📣==============
Jun 09 15:27:37 东东工厂
Jun 09 15:27:37 【提示】cookie已失效
Jun 09 15:27:37 京东账号1 liu1071607950
Jun 09 15:27:37 请重新登录获取
Jun 09 15:27:37 https://bean.m.jd.com/bean/signIndex.action
Jun 09 15:27:37 
Jun 09 15:27:37 
Jun 09 15:27:37 您未提供server酱的SCKEY，取消微信推送消息通知🚫
Jun 09 15:27:37 
Jun 09 15:27:37 您未提供push+推送所需的PUSH_PLUS_TOKEN，取消push+推送消息通知🚫
Jun 09 15:27:37 
Jun 09 15:27:37 您未提供Bark的APP推送BARK_PUSH，取消Bark推送消息通知🚫
Jun 09 15:27:37 
Jun 09 15:27:37 您未提供telegram机器人推送所需的TG_BOT_TOKEN和TG_USER_ID，取消telegram推送消息通知🚫
Jun 09 15:27:37 
Jun 09 15:27:37 您未提供钉钉机器人推送所需的DD_BOT_TOKEN或者DD_BOT_SECRET，取消钉钉推送消息通知🚫
Jun 09 15:27:37 
Jun 09 15:27:37 您未提供企业微信机器人推送所需的QYWX_KEY，取消企业微信推送消息通知🚫
Jun 09 15:27:37 
Jun 09 15:27:37 您未提供企业微信应用消息推送所需的QYWX_AM，取消企业微信应用消息推送消息通知🚫
Jun 09 15:27:37 
Jun 09 15:27:37 您未提供iGot的推送IGOT_PUSH_KEY，取消iGot推送消息通知🚫
Jun 09 15:27:37 
Jun 09 15:27:37 
Jun 09 15:27:37 🔔东东工厂, 结束! 🕛 1.535 秒
Jun 09 15:27:37 
Jun 09 16:26:45 
Jun 09 16:26:45 🔔东东工厂, 开始!
Jun 09 16:26:45 
Jun 09 16:26:45 ====================共1个京东账号Cookie=========
Jun 09 16:26:45 
Jun 09 16:26:45 ==================脚本执行- 北京时间(UTC+8)：6/9/2021, 4:26:45 PM=====================
Jun 09 16:26:45 
Jun 09 16:26:45 开始获取东东工厂配置文件
Jun 09 16:26:45 
Jun 09 16:26:45 由于您环境变量(DDFACTORY_SHARECODES)里面未提供助力码，故此处运行将会给脚本内置的码进行助力，请知晓！
Jun 09 16:26:45 共1个京东账号
Jun 09 16:26:45 
Jun 09 16:26:45 您提供了0个账号的东东工厂助力码
Jun 09 16:26:45 
Jun 09 16:26:46 
Jun 09 16:26:46 ******开始【京东账号1】liu1071607950*********
Jun 09 16:26:46 
Jun 09 16:26:46 
Jun 09 16:26:46 ==============📣系统通知📣==============
Jun 09 16:26:46 东东工厂
Jun 09 16:26:46 【提示】cookie已失效
Jun 09 16:26:46 京东账号1 liu1071607950
Jun 09 16:26:46 请重新登录获取
Jun 09 16:26:46 https://bean.m.jd.com/bean/signIndex.action
Jun 09 16:26:46 
Jun 09 16:26:46 
Jun 09 16:26:46 您未提供server酱的SCKEY，取消微信推送消息通知🚫
Jun 09 16:26:46 
Jun 09 16:26:46 您未提供push+推送所需的PUSH_PLUS_TOKEN，取消push+推送消息通知🚫
Jun 09 16:26:46 
Jun 09 16:26:46 您未提供Bark的APP推送BARK_PUSH，取消Bark推送消息通知🚫
Jun 09 16:26:46 
Jun 09 16:26:46 您未提供telegram机器人推送所需的TG_BOT_TOKEN和TG_USER_ID，取消telegram推送消息通知🚫
Jun 09 16:26:46 
Jun 09 16:26:46 您未提供钉钉机器人推送所需的DD_BOT_TOKEN或者DD_BOT_SECRET，取消钉钉推送消息通知🚫
Jun 09 16:26:47 
Jun 09 16:26:47 您未提供企业微信机器人推送所需的QYWX_KEY，取消企业微信推送消息通知🚫
Jun 09 16:26:47 
Jun 09 16:26:47 您未提供企业微信应用消息推送所需的QYWX_AM，取消企业微信应用消息推送消息通知🚫
Jun 09 16:26:47 
Jun 09 16:26:47 您未提供iGot的推送IGOT_PUSH_KEY，取消iGot推送消息通知🚫
Jun 09 16:26:47 
Jun 09 16:26:47 
Jun 09 16:26:47 🔔东东工厂, 结束! 🕛 1.148 秒
Jun 09 16:26:47 
Jun 09 17:26:30 
Jun 09 17:26:30 🔔东东工厂, 开始!
Jun 09 17:26:30 
Jun 09 17:26:30 ====================共1个京东账号Cookie=========
Jun 09 17:26:30 
Jun 09 17:26:30 ==================脚本执行- 北京时间(UTC+8)：6/9/2021, 5:26:30 PM=====================
Jun 09 17:26:30 
Jun 09 17:26:30 开始获取东东工厂配置文件
Jun 09 17:26:30 
Jun 09 17:26:30 由于您环境变量(DDFACTORY_SHARECODES)里面未提供助力码，故此处运行将会给脚本内置的码进行助力，请知晓！
Jun 09 17:26:30 共1个京东账号
Jun 09 17:26:30 
Jun 09 17:26:30 您提供了0个账号的东东工厂助力码
Jun 09 17:26:30 
Jun 09 17:26:32 
Jun 09 17:26:32 ******开始【京东账号1】liu1071607950*********
Jun 09 17:26:32 
Jun 09 17:26:32 
Jun 09 17:26:32 ==============📣系统通知📣==============
Jun 09 17:26:32 东东工厂
Jun 09 17:26:32 【提示】cookie已失效
Jun 09 17:26:32 京东账号1 liu1071607950
Jun 09 17:26:32 请重新登录获取
Jun 09 17:26:32 https://bean.m.jd.com/bean/signIndex.action
Jun 09 17:26:32 
Jun 09 17:26:32 
Jun 09 17:26:32 您未提供server酱的SCKEY，取消微信推送消息通知🚫
Jun 09 17:26:32 
Jun 09 17:26:32 您未提供push+推送所需的PUSH_PLUS_TOKEN，取消push+推送消息通知🚫
Jun 09 17:26:32 
Jun 09 17:26:32 您未提供Bark的APP推送BARK_PUSH，取消Bark推送消息通知🚫
Jun 09 17:26:32 
Jun 09 17:26:32 您未提供telegram机器人推送所需的TG_BOT_TOKEN和TG_USER_ID，取消telegram推送消息通知🚫
Jun 09 17:26:32 
Jun 09 17:26:32 您未提供钉钉机器人推送所需的DD_BOT_TOKEN或者DD_BOT_SECRET，取消钉钉推送消息通知🚫
Jun 09 17:26:32 
Jun 09 17:26:32 您未提供企业微信机器人推送所需的QYWX_KEY，取消企业微信推送消息通知🚫
Jun 09 17:26:32 
Jun 09 17:26:32 您未提供企业微信应用消息推送所需的QYWX_AM，取消企业微信应用消息推送消息通知🚫
Jun 09 17:26:32 
Jun 09 17:26:32 您未提供iGot的推送IGOT_PUSH_KEY，取消iGot推送消息通知🚫
Jun 09 17:26:32 
Jun 09 17:26:32 
Jun 09 17:26:32 🔔东东工厂, 结束! 🕛 2.002 秒
Jun 09 17:26:32 
Jun 09 18:27:01 
Jun 09 18:27:01 🔔东东工厂, 开始!
Jun 09 18:27:01 
Jun 09 18:27:01 ====================共1个京东账号Cookie=========
Jun 09 18:27:01 
Jun 09 18:27:01 ==================脚本执行- 北京时间(UTC+8)：6/9/2021, 6:27:01 PM=====================
Jun 09 18:27:01 
Jun 09 18:27:01 开始获取东东工厂配置文件
Jun 09 18:27:01 
Jun 09 18:27:01 由于您环境变量(DDFACTORY_SHARECODES)里面未提供助力码，故此处运行将会给脚本内置的码进行助力，请知晓！
Jun 09 18:27:01 共1个京东账号
Jun 09 18:27:01 
Jun 09 18:27:01 您提供了0个账号的东东工厂助力码
Jun 09 18:27:01 
Jun 09 18:27:02 
Jun 09 18:27:02 ******开始【京东账号1】liu1071607950*********
Jun 09 18:27:02 
Jun 09 18:27:02 
Jun 09 18:27:02 ==============📣系统通知📣==============
Jun 09 18:27:02 东东工厂
Jun 09 18:27:02 【提示】cookie已失效
Jun 09 18:27:02 京东账号1 liu1071607950
Jun 09 18:27:02 请重新登录获取
Jun 09 18:27:02 https://bean.m.jd.com/bean/signIndex.action
Jun 09 18:27:02 
Jun 09 18:27:02 
Jun 09 18:27:02 您未提供server酱的SCKEY，取消微信推送消息通知🚫
Jun 09 18:27:02 
Jun 09 18:27:02 您未提供push+推送所需的PUSH_PLUS_TOKEN，取消push+推送消息通知🚫
Jun 09 18:27:02 
Jun 09 18:27:02 您未提供Bark的APP推送BARK_PUSH，取消Bark推送消息通知🚫
Jun 09 18:27:02 
Jun 09 18:27:02 您未提供telegram机器人推送所需的TG_BOT_TOKEN和TG_USER_ID，取消telegram推送消息通知🚫
Jun 09 18:27:02 
Jun 09 18:27:02 您未提供钉钉机器人推送所需的DD_BOT_TOKEN或者DD_BOT_SECRET，取消钉钉推送消息通知🚫
Jun 09 18:27:02 
Jun 09 18:27:02 您未提供企业微信机器人推送所需的QYWX_KEY，取消企业微信推送消息通知🚫
Jun 09 18:27:02 
Jun 09 18:27:02 您未提供企业微信应用消息推送所需的QYWX_AM，取消企业微信应用消息推送消息通知🚫
Jun 09 18:27:02 
Jun 09 18:27:02 您未提供iGot的推送IGOT_PUSH_KEY，取消iGot推送消息通知🚫
Jun 09 18:27:02 
Jun 09 18:27:02 
Jun 09 18:27:02 🔔东东工厂, 结束! 🕛 1.246 秒
Jun 09 18:27:02 
Jun 09 19:27:34 
Jun 09 19:27:34 🔔东东工厂, 开始!
Jun 09 19:27:34 
Jun 09 19:27:34 ====================共1个京东账号Cookie=========
Jun 09 19:27:34 
Jun 09 19:27:34 ==================脚本执行- 北京时间(UTC+8)：6/9/2021, 7:27:34 PM=====================
Jun 09 19:27:34 
Jun 09 19:27:34 开始获取东东工厂配置文件
Jun 09 19:27:34 
Jun 09 19:27:34 由于您环境变量(DDFACTORY_SHARECODES)里面未提供助力码，故此处运行将会给脚本内置的码进行助力，请知晓！
Jun 09 19:27:34 共1个京东账号
Jun 09 19:27:34 
Jun 09 19:27:34 您提供了0个账号的东东工厂助力码
Jun 09 19:27:34 
Jun 09 19:27:34 "getaddrinfo ENOTFOUND wq.jd.com"
Jun 09 19:27:34 东东工厂 API请求失败，请检查网路重试
Jun 09 19:27:34 
Jun 09 19:27:34 ******开始【京东账号1】liu1071607950*********
Jun 09 19:27:34 
Jun 09 19:27:34 由于您第1个京东账号未提供shareCode,将采纳本脚本自带的助力码
Jun 09 19:27:34 
Jun 09 19:27:34 开始
Jun 09 19:27:38 "getaddrinfo ENOTFOUND share.turinglabs.net"
Jun 09 19:27:38 东东工厂 API请求失败，请检查网路重试
Jun 09 19:27:38 第1个京东账号将要助力的好友["P04z54XCjVWnYaS5u2ak7ZCdan1Bdd2GGiWvC6_uERj"]
Jun 09 19:27:38 "getaddrinfo ENOTFOUND api.m.jd.com"
Jun 09 19:27:38 东东工厂 API请求失败，请检查网路重试
Jun 09 19:27:39 "getaddrinfo ENOTFOUND api.m.jd.com"
Jun 09 19:27:39 东东工厂 API请求失败，请检查网路重试
Jun 09 19:27:39 
Jun 09 19:27:39 ❗️东东工厂, 错误!
Jun 09 19:27:39 TypeError: Cannot read property 'code' of undefined
Jun 09 19:27:39     at helpFriends (/scripts/jd_jdfactory.js:251:17)
Jun 09 19:27:39     at processTicksAndRejections (internal/process/task_queues.js:93:5)
Jun 09 19:27:39     at async jdFactory (/scripts/jd_jdfactory.js:91:5)
Jun 09 19:27:39     at async /scripts/jd_jdfactory.js:78:7
Jun 09 19:27:39 
Jun 09 19:27:39 🔔东东工厂, 结束! 🕛 5.562 秒
Jun 09 19:27:39 
Jun 09 20:27:20 
Jun 09 20:27:20 🔔东东工厂, 开始!
Jun 09 20:27:20 
Jun 09 20:27:20 ====================共1个京东账号Cookie=========
Jun 09 20:27:20 
Jun 09 20:27:20 ==================脚本执行- 北京时间(UTC+8)：6/9/2021, 8:27:20 PM=====================
Jun 09 20:27:20 
Jun 09 20:27:20 开始获取东东工厂配置文件
Jun 09 20:27:20 
Jun 09 20:27:20 由于您环境变量(DDFACTORY_SHARECODES)里面未提供助力码，故此处运行将会给脚本内置的码进行助力，请知晓！
Jun 09 20:27:20 共1个京东账号
Jun 09 20:27:20 
Jun 09 20:27:20 您提供了0个账号的东东工厂助力码
Jun 09 20:27:20 
Jun 09 20:27:20 "getaddrinfo ENOTFOUND wq.jd.com"
Jun 09 20:27:20 东东工厂 API请求失败，请检查网路重试
Jun 09 20:27:20 
Jun 09 20:27:20 ******开始【京东账号1】liu1071607950*********
Jun 09 20:27:20 
Jun 09 20:27:20 由于您第1个京东账号未提供shareCode,将采纳本脚本自带的助力码
Jun 09 20:27:20 
Jun 09 20:27:20 开始
Jun 09 20:27:24 "getaddrinfo ENOTFOUND share.turinglabs.net"
Jun 09 20:27:24 东东工厂 API请求失败，请检查网路重试
Jun 09 20:27:24 第1个京东账号将要助力的好友["P04z54XCjVWnYaS5u2ak7ZCdan1Bdd2GGiWvC6_uERj"]
Jun 09 20:27:24 "getaddrinfo ENOTFOUND api.m.jd.com"
Jun 09 20:27:24 东东工厂 API请求失败，请检查网路重试
Jun 09 20:27:25 "getaddrinfo ENOTFOUND api.m.jd.com"
Jun 09 20:27:25 东东工厂 API请求失败，请检查网路重试
Jun 09 20:27:25 
Jun 09 20:27:25 ❗️东东工厂, 错误!
Jun 09 20:27:25 TypeError: Cannot read property 'code' of undefined
Jun 09 20:27:25     at helpFriends (/scripts/jd_jdfactory.js:251:17)
Jun 09 20:27:25     at processTicksAndRejections (internal/process/task_queues.js:93:5)
Jun 09 20:27:25     at async jdFactory (/scripts/jd_jdfactory.js:91:5)
Jun 09 20:27:25     at async /scripts/jd_jdfactory.js:78:7
Jun 09 20:27:25 
Jun 09 20:27:25 🔔东东工厂, 结束! 🕛 5.518 秒
Jun 09 20:27:25 
Jun 09 21:26:55 
Jun 09 21:26:55 🔔东东工厂, 开始!
Jun 09 21:26:55 
Jun 09 21:26:55 ====================共1个京东账号Cookie=========
Jun 09 21:26:55 
Jun 09 21:26:55 ==================脚本执行- 北京时间(UTC+8)：6/9/2021, 9:26:55 PM=====================
Jun 09 21:26:55 
Jun 09 21:26:55 开始获取东东工厂配置文件
Jun 09 21:26:55 
Jun 09 21:26:55 由于您环境变量(DDFACTORY_SHARECODES)里面未提供助力码，故此处运行将会给脚本内置的码进行助力，请知晓！
Jun 09 21:26:55 共1个京东账号
Jun 09 21:26:55 
Jun 09 21:26:55 您提供了0个账号的东东工厂助力码
Jun 09 21:26:55 
Jun 09 21:26:56 
Jun 09 21:26:56 ******开始【京东账号1】liu1071607950*********
Jun 09 21:26:56 
Jun 09 21:26:56 
Jun 09 21:26:56 ==============📣系统通知📣==============
Jun 09 21:26:56 东东工厂
Jun 09 21:26:56 【提示】cookie已失效
Jun 09 21:26:56 京东账号1 liu1071607950
Jun 09 21:26:56 请重新登录获取
Jun 09 21:26:56 https://bean.m.jd.com/bean/signIndex.action
Jun 09 21:26:56 
Jun 09 21:26:56 
Jun 09 21:26:56 您未提供server酱的SCKEY，取消微信推送消息通知🚫
Jun 09 21:26:56 
Jun 09 21:26:56 您未提供push+推送所需的PUSH_PLUS_TOKEN，取消push+推送消息通知🚫
Jun 09 21:26:56 
Jun 09 21:26:56 您未提供Bark的APP推送BARK_PUSH，取消Bark推送消息通知🚫
Jun 09 21:26:56 
Jun 09 21:26:56 您未提供telegram机器人推送所需的TG_BOT_TOKEN和TG_USER_ID，取消telegram推送消息通知🚫
Jun 09 21:26:56 
Jun 09 21:26:56 您未提供钉钉机器人推送所需的DD_BOT_TOKEN或者DD_BOT_SECRET，取消钉钉推送消息通知🚫
Jun 09 21:26:56 
Jun 09 21:26:56 您未提供企业微信机器人推送所需的QYWX_KEY，取消企业微信推送消息通知🚫
Jun 09 21:26:56 
Jun 09 21:26:56 您未提供企业微信应用消息推送所需的QYWX_AM，取消企业微信应用消息推送消息通知🚫
Jun 09 21:26:56 
Jun 09 21:26:56 您未提供iGot的推送IGOT_PUSH_KEY，取消iGot推送消息通知🚫
Jun 09 21:26:56 
Jun 09 21:26:56 
Jun 09 21:26:56 🔔东东工厂, 结束! 🕛 1.457 秒
Jun 09 21:26:56 
Jun 09 22:26:16 
Jun 09 22:26:16 🔔东东工厂, 开始!
Jun 09 22:26:16 
Jun 09 22:26:16 ====================共1个京东账号Cookie=========
Jun 09 22:26:16 
Jun 09 22:26:16 ==================脚本执行- 北京时间(UTC+8)：6/9/2021, 10:26:16 PM=====================
Jun 09 22:26:16 
Jun 09 22:26:16 开始获取东东工厂配置文件
Jun 09 22:26:16 
Jun 09 22:26:16 由于您环境变量(DDFACTORY_SHARECODES)里面未提供助力码，故此处运行将会给脚本内置的码进行助力，请知晓！
Jun 09 22:26:16 共1个京东账号
Jun 09 22:26:16 
Jun 09 22:26:16 您提供了0个账号的东东工厂助力码
Jun 09 22:26:16 
Jun 09 22:26:17 
Jun 09 22:26:17 ******开始【京东账号1】liu1071607950*********
Jun 09 22:26:17 
Jun 09 22:26:17 
Jun 09 22:26:17 ==============📣系统通知📣==============
Jun 09 22:26:17 东东工厂
Jun 09 22:26:17 【提示】cookie已失效
Jun 09 22:26:17 京东账号1 liu1071607950
Jun 09 22:26:17 请重新登录获取
Jun 09 22:26:17 https://bean.m.jd.com/bean/signIndex.action
Jun 09 22:26:17 
Jun 09 22:26:17 
Jun 09 22:26:17 您未提供server酱的SCKEY，取消微信推送消息通知🚫
Jun 09 22:26:17 
Jun 09 22:26:17 您未提供push+推送所需的PUSH_PLUS_TOKEN，取消push+推送消息通知🚫
Jun 09 22:26:17 
Jun 09 22:26:17 您未提供Bark的APP推送BARK_PUSH，取消Bark推送消息通知🚫
Jun 09 22:26:17 
Jun 09 22:26:17 您未提供telegram机器人推送所需的TG_BOT_TOKEN和TG_USER_ID，取消telegram推送消息通知🚫
Jun 09 22:26:17 
Jun 09 22:26:17 您未提供钉钉机器人推送所需的DD_BOT_TOKEN或者DD_BOT_SECRET，取消钉钉推送消息通知🚫
Jun 09 22:26:17 
Jun 09 22:26:17 您未提供企业微信机器人推送所需的QYWX_KEY，取消企业微信推送消息通知🚫
Jun 09 22:26:17 
Jun 09 22:26:17 您未提供企业微信应用消息推送所需的QYWX_AM，取消企业微信应用消息推送消息通知🚫
Jun 09 22:26:17 
Jun 09 22:26:17 您未提供iGot的推送IGOT_PUSH_KEY，取消iGot推送消息通知🚫
Jun 09 22:26:17 
Jun 09 22:26:17 
Jun 09 22:26:17 🔔东东工厂, 结束! 🕛 1.072 秒
Jun 09 22:26:17 
Jun 09 23:27:52 
Jun 09 23:27:52 🔔东东工厂, 开始!
Jun 09 23:27:52 
Jun 09 23:27:52 ====================共1个京东账号Cookie=========
Jun 09 23:27:52 
Jun 09 23:27:52 ==================脚本执行- 北京时间(UTC+8)：6/9/2021, 11:27:52 PM=====================
Jun 09 23:27:52 
Jun 09 23:27:52 开始获取东东工厂配置文件
Jun 09 23:27:52 
Jun 09 23:27:52 由于您环境变量(DDFACTORY_SHARECODES)里面未提供助力码，故此处运行将会给脚本内置的码进行助力，请知晓！
Jun 09 23:27:52 共1个京东账号
Jun 09 23:27:52 
Jun 09 23:27:52 您提供了0个账号的东东工厂助力码
Jun 09 23:27:52 
Jun 09 23:27:54 
Jun 09 23:27:54 ******开始【京东账号1】liu1071607950*********
Jun 09 23:27:54 
Jun 09 23:27:54 
Jun 09 23:27:54 ==============📣系统通知📣==============
Jun 09 23:27:54 东东工厂
Jun 09 23:27:54 【提示】cookie已失效
Jun 09 23:27:54 京东账号1 liu1071607950
Jun 09 23:27:54 请重新登录获取
Jun 09 23:27:54 https://bean.m.jd.com/bean/signIndex.action
Jun 09 23:27:54 
Jun 09 23:27:54 
Jun 09 23:27:54 您未提供server酱的SCKEY，取消微信推送消息通知🚫
Jun 09 23:27:54 
Jun 09 23:27:54 您未提供push+推送所需的PUSH_PLUS_TOKEN，取消push+推送消息通知🚫
Jun 09 23:27:54 
Jun 09 23:27:54 您未提供Bark的APP推送BARK_PUSH，取消Bark推送消息通知🚫
Jun 09 23:27:54 
Jun 09 23:27:54 您未提供telegram机器人推送所需的TG_BOT_TOKEN和TG_USER_ID，取消telegram推送消息通知🚫
Jun 09 23:27:54 
Jun 09 23:27:54 您未提供钉钉机器人推送所需的DD_BOT_TOKEN或者DD_BOT_SECRET，取消钉钉推送消息通知🚫
Jun 09 23:27:54 
Jun 09 23:27:54 您未提供企业微信机器人推送所需的QYWX_KEY，取消企业微信推送消息通知🚫
Jun 09 23:27:54 
Jun 09 23:27:54 您未提供企业微信应用消息推送所需的QYWX_AM，取消企业微信应用消息推送消息通知🚫
Jun 09 23:27:54 
Jun 09 23:27:54 您未提供iGot的推送IGOT_PUSH_KEY，取消iGot推送消息通知🚫
Jun 09 23:27:54 
Jun 09 23:27:54 
Jun 09 23:27:54 🔔东东工厂, 结束! 🕛 1.798 秒
Jun 09 23:27:54 
Jun 10 10:26:55 
Jun 10 10:26:55 🔔东东工厂, 开始!
Jun 10 10:26:55 
Jun 10 10:26:55 ====================共1个京东账号Cookie=========
Jun 10 10:26:55 
Jun 10 10:26:55 ==================脚本执行- 北京时间(UTC+8)：6/10/2021, 10:26:55 AM=====================
Jun 10 10:26:55 
Jun 10 10:26:55 开始获取东东工厂配置文件
Jun 10 10:26:55 
Jun 10 10:26:55 由于您环境变量(DDFACTORY_SHARECODES)里面未提供助力码，故此处运行将会给脚本内置的码进行助力，请知晓！
Jun 10 10:26:55 共1个京东账号
Jun 10 10:26:55 
Jun 10 10:26:55 您提供了0个账号的东东工厂助力码
Jun 10 10:26:55 
Jun 10 10:26:57 
Jun 10 10:26:57 ******开始【京东账号1】liu1071607950*********
Jun 10 10:26:57 
Jun 10 10:26:57 
Jun 10 10:26:57 ==============📣系统通知📣==============
Jun 10 10:26:57 东东工厂
Jun 10 10:26:57 【提示】cookie已失效
Jun 10 10:26:57 京东账号1 liu1071607950
Jun 10 10:26:57 请重新登录获取
Jun 10 10:26:57 https://bean.m.jd.com/bean/signIndex.action
Jun 10 10:26:57 
Jun 10 10:26:57 
Jun 10 10:26:57 您未提供server酱的SCKEY，取消微信推送消息通知🚫
Jun 10 10:26:57 
Jun 10 10:26:57 您未提供push+推送所需的PUSH_PLUS_TOKEN，取消push+推送消息通知🚫
Jun 10 10:26:57 
Jun 10 10:26:57 您未提供Bark的APP推送BARK_PUSH，取消Bark推送消息通知🚫
Jun 10 10:26:57 
Jun 10 10:26:57 您未提供telegram机器人推送所需的TG_BOT_TOKEN和TG_USER_ID，取消telegram推送消息通知🚫
Jun 10 10:26:57 
Jun 10 10:26:57 您未提供钉钉机器人推送所需的DD_BOT_TOKEN或者DD_BOT_SECRET，取消钉钉推送消息通知🚫
Jun 10 10:26:57 
Jun 10 10:26:57 您未提供企业微信机器人推送所需的QYWX_KEY，取消企业微信推送消息通知🚫
Jun 10 10:26:57 
Jun 10 10:26:57 您未提供企业微信应用消息推送所需的QYWX_AM，取消企业微信应用消息推送消息通知🚫
Jun 10 10:26:58 
Jun 10 10:26:58 您未提供iGot的推送IGOT_PUSH_KEY，取消iGot推送消息通知🚫
Jun 10 10:26:58 
Jun 10 10:26:58 
Jun 10 10:26:58 🔔东东工厂, 结束! 🕛 2.594 秒
Jun 10 10:26:58 
Jun 10 11:26:31 
Jun 10 11:26:31 🔔东东工厂, 开始!
Jun 10 11:26:31 
Jun 10 11:26:31 ====================共1个京东账号Cookie=========
Jun 10 11:26:31 
Jun 10 11:26:31 ==================脚本执行- 北京时间(UTC+8)：6/10/2021, 11:26:31 AM=====================
Jun 10 11:26:31 
Jun 10 11:26:31 开始获取东东工厂配置文件
Jun 10 11:26:31 
Jun 10 11:26:31 由于您环境变量(DDFACTORY_SHARECODES)里面未提供助力码，故此处运行将会给脚本内置的码进行助力，请知晓！
Jun 10 11:26:31 共1个京东账号
Jun 10 11:26:31 
Jun 10 11:26:31 您提供了0个账号的东东工厂助力码
Jun 10 11:26:31 
Jun 10 11:26:33 
Jun 10 11:26:33 ******开始【京东账号1】liu1071607950*********
Jun 10 11:26:33 
Jun 10 11:26:33 
Jun 10 11:26:33 ==============📣系统通知📣==============
Jun 10 11:26:33 东东工厂
Jun 10 11:26:33 【提示】cookie已失效
Jun 10 11:26:33 京东账号1 liu1071607950
Jun 10 11:26:33 请重新登录获取
Jun 10 11:26:33 https://bean.m.jd.com/bean/signIndex.action
Jun 10 11:26:33 
Jun 10 11:26:33 
Jun 10 11:26:33 您未提供server酱的SCKEY，取消微信推送消息通知🚫
Jun 10 11:26:33 
Jun 10 11:26:33 您未提供push+推送所需的PUSH_PLUS_TOKEN，取消push+推送消息通知🚫
Jun 10 11:26:33 
Jun 10 11:26:33 您未提供Bark的APP推送BARK_PUSH，取消Bark推送消息通知🚫
Jun 10 11:26:33 
Jun 10 11:26:33 您未提供telegram机器人推送所需的TG_BOT_TOKEN和TG_USER_ID，取消telegram推送消息通知🚫
Jun 10 11:26:33 
Jun 10 11:26:33 您未提供钉钉机器人推送所需的DD_BOT_TOKEN或者DD_BOT_SECRET，取消钉钉推送消息通知🚫
Jun 10 11:26:33 
Jun 10 11:26:33 您未提供企业微信机器人推送所需的QYWX_KEY，取消企业微信推送消息通知🚫
Jun 10 11:26:33 
Jun 10 11:26:33 您未提供企业微信应用消息推送所需的QYWX_AM，取消企业微信应用消息推送消息通知🚫
Jun 10 11:26:33 
Jun 10 11:26:33 您未提供iGot的推送IGOT_PUSH_KEY，取消iGot推送消息通知🚫
Jun 10 11:26:33 
Jun 10 11:26:33 
Jun 10 11:26:33 🔔东东工厂, 结束! 🕛 1.861 秒
Jun 10 11:26:33 
Jun 10 12:26:55 
Jun 10 12:26:55 🔔东东工厂, 开始!
Jun 10 12:26:55 
Jun 10 12:26:55 ====================共1个京东账号Cookie=========
Jun 10 12:26:55 
Jun 10 12:26:55 ==================脚本执行- 北京时间(UTC+8)：6/10/2021, 12:26:55 PM=====================
Jun 10 12:26:55 
Jun 10 12:26:55 开始获取东东工厂配置文件
Jun 10 12:26:55 
Jun 10 12:26:55 由于您环境变量(DDFACTORY_SHARECODES)里面未提供助力码，故此处运行将会给脚本内置的码进行助力，请知晓！
Jun 10 12:26:55 共1个京东账号
Jun 10 12:26:55 
Jun 10 12:26:55 您提供了0个账号的东东工厂助力码
Jun 10 12:26:55 
Jun 10 12:26:58 
Jun 10 12:26:58 ******开始【京东账号1】liu1071607950*********
Jun 10 12:26:58 
Jun 10 12:26:58 
Jun 10 12:26:58 ==============📣系统通知📣==============
Jun 10 12:26:58 东东工厂
Jun 10 12:26:58 【提示】cookie已失效
Jun 10 12:26:58 京东账号1 liu1071607950
Jun 10 12:26:58 请重新登录获取
Jun 10 12:26:58 https://bean.m.jd.com/bean/signIndex.action
Jun 10 12:26:58 
Jun 10 12:26:58 
Jun 10 12:26:58 您未提供server酱的SCKEY，取消微信推送消息通知🚫
Jun 10 12:26:58 
Jun 10 12:26:58 您未提供push+推送所需的PUSH_PLUS_TOKEN，取消push+推送消息通知🚫
Jun 10 12:26:58 
Jun 10 12:26:58 您未提供Bark的APP推送BARK_PUSH，取消Bark推送消息通知🚫
Jun 10 12:26:58 
Jun 10 12:26:58 您未提供telegram机器人推送所需的TG_BOT_TOKEN和TG_USER_ID，取消telegram推送消息通知🚫
Jun 10 12:26:58 
Jun 10 12:26:58 您未提供钉钉机器人推送所需的DD_BOT_TOKEN或者DD_BOT_SECRET，取消钉钉推送消息通知🚫
Jun 10 12:26:58 
Jun 10 12:26:58 您未提供企业微信机器人推送所需的QYWX_KEY，取消企业微信推送消息通知🚫
Jun 10 12:26:58 
Jun 10 12:26:58 您未提供企业微信应用消息推送所需的QYWX_AM，取消企业微信应用消息推送消息通知🚫
Jun 10 12:26:58 
Jun 10 12:26:58 您未提供iGot的推送IGOT_PUSH_KEY，取消iGot推送消息通知🚫
Jun 10 12:26:58 
Jun 10 12:26:58 
Jun 10 12:26:58 🔔东东工厂, 结束! 🕛 2.594 秒
Jun 10 12:26:58 
Jun 10 13:27:32 
Jun 10 13:27:32 🔔东东工厂, 开始!
Jun 10 13:27:32 
Jun 10 13:27:32 ====================共1个京东账号Cookie=========
Jun 10 13:27:32 
Jun 10 13:27:32 ==================脚本执行- 北京时间(UTC+8)：6/10/2021, 1:27:32 PM=====================
Jun 10 13:27:32 
Jun 10 13:27:32 开始获取东东工厂配置文件
Jun 10 13:27:32 
Jun 10 13:27:32 由于您环境变量(DDFACTORY_SHARECODES)里面未提供助力码，故此处运行将会给脚本内置的码进行助力，请知晓！
Jun 10 13:27:32 共1个京东账号
Jun 10 13:27:32 
Jun 10 13:27:32 您提供了0个账号的东东工厂助力码
Jun 10 13:27:32 
Jun 10 13:27:35 
Jun 10 13:27:35 ******开始【京东账号1】liu1071607950*********
Jun 10 13:27:35 
Jun 10 13:27:35 
Jun 10 13:27:35 ==============📣系统通知📣==============
Jun 10 13:27:35 东东工厂
Jun 10 13:27:35 【提示】cookie已失效
Jun 10 13:27:35 京东账号1 liu1071607950
Jun 10 13:27:35 请重新登录获取
Jun 10 13:27:35 https://bean.m.jd.com/bean/signIndex.action
Jun 10 13:27:35 
Jun 10 13:27:35 
Jun 10 13:27:35 您未提供server酱的SCKEY，取消微信推送消息通知🚫
Jun 10 13:27:35 
Jun 10 13:27:35 您未提供push+推送所需的PUSH_PLUS_TOKEN，取消push+推送消息通知🚫
Jun 10 13:27:35 
Jun 10 13:27:35 您未提供Bark的APP推送BARK_PUSH，取消Bark推送消息通知🚫
Jun 10 13:27:35 
Jun 10 13:27:35 您未提供telegram机器人推送所需的TG_BOT_TOKEN和TG_USER_ID，取消telegram推送消息通知🚫
Jun 10 13:27:35 
Jun 10 13:27:35 您未提供钉钉机器人推送所需的DD_BOT_TOKEN或者DD_BOT_SECRET，取消钉钉推送消息通知🚫
Jun 10 13:27:35 
Jun 10 13:27:35 您未提供企业微信机器人推送所需的QYWX_KEY，取消企业微信推送消息通知🚫
Jun 10 13:27:35 
Jun 10 13:27:35 您未提供企业微信应用消息推送所需的QYWX_AM，取消企业微信应用消息推送消息通知🚫
Jun 10 13:27:35 
Jun 10 13:27:35 您未提供iGot的推送IGOT_PUSH_KEY，取消iGot推送消息通知🚫
Jun 10 13:27:35 
Jun 10 13:27:35 
Jun 10 13:27:35 🔔东东工厂, 结束! 🕛 2.854 秒
Jun 10 13:27:35 
Jun 10 14:27:03 
Jun 10 14:27:03 🔔东东工厂, 开始!
Jun 10 14:27:03 
Jun 10 14:27:03 ====================共1个京东账号Cookie=========
Jun 10 14:27:03 
Jun 10 14:27:03 ==================脚本执行- 北京时间(UTC+8)：6/10/2021, 2:27:03 PM=====================
Jun 10 14:27:03 
Jun 10 14:27:03 开始获取东东工厂配置文件
Jun 10 14:27:03 
Jun 10 14:27:03 由于您环境变量(DDFACTORY_SHARECODES)里面未提供助力码，故此处运行将会给脚本内置的码进行助力，请知晓！
Jun 10 14:27:03 共1个京东账号
Jun 10 14:27:03 
Jun 10 14:27:03 您提供了0个账号的东东工厂助力码
Jun 10 14:27:03 
Jun 10 14:27:05 
Jun 10 14:27:05 ******开始【京东账号1】liu1071607950*********
Jun 10 14:27:05 
Jun 10 14:27:05 
Jun 10 14:27:05 ==============📣系统通知📣==============
Jun 10 14:27:05 东东工厂
Jun 10 14:27:05 【提示】cookie已失效
Jun 10 14:27:05 京东账号1 liu1071607950
Jun 10 14:27:05 请重新登录获取
Jun 10 14:27:05 https://bean.m.jd.com/bean/signIndex.action
Jun 10 14:27:05 
Jun 10 14:27:05 
Jun 10 14:27:05 您未提供server酱的SCKEY，取消微信推送消息通知🚫
Jun 10 14:27:05 
Jun 10 14:27:05 您未提供push+推送所需的PUSH_PLUS_TOKEN，取消push+推送消息通知🚫
Jun 10 14:27:05 
Jun 10 14:27:05 您未提供Bark的APP推送BARK_PUSH，取消Bark推送消息通知🚫
Jun 10 14:27:05 
Jun 10 14:27:05 您未提供telegram机器人推送所需的TG_BOT_TOKEN和TG_USER_ID，取消telegram推送消息通知🚫
Jun 10 14:27:05 
Jun 10 14:27:05 您未提供钉钉机器人推送所需的DD_BOT_TOKEN或者DD_BOT_SECRET，取消钉钉推送消息通知🚫
Jun 10 14:27:05 
Jun 10 14:27:05 您未提供企业微信机器人推送所需的QYWX_KEY，取消企业微信推送消息通知🚫
Jun 10 14:27:05 
Jun 10 14:27:05 您未提供企业微信应用消息推送所需的QYWX_AM，取消企业微信应用消息推送消息通知🚫
Jun 10 14:27:05 
Jun 10 14:27:05 您未提供iGot的推送IGOT_PUSH_KEY，取消iGot推送消息通知🚫
Jun 10 14:27:05 
Jun 10 14:27:05 
Jun 10 14:27:05 🔔东东工厂, 结束! 🕛 1.603 秒
Jun 10 14:27:05 
Jun 10 15:27:12 
Jun 10 15:27:12 🔔东东工厂, 开始!
Jun 10 15:27:12 
Jun 10 15:27:12 ====================共1个京东账号Cookie=========
Jun 10 15:27:12 
Jun 10 15:27:12 ==================脚本执行- 北京时间(UTC+8)：6/10/2021, 3:27:12 PM=====================
Jun 10 15:27:12 
Jun 10 15:27:12 开始获取东东工厂配置文件
Jun 10 15:27:12 
Jun 10 15:27:12 由于您环境变量(DDFACTORY_SHARECODES)里面未提供助力码，故此处运行将会给脚本内置的码进行助力，请知晓！
Jun 10 15:27:12 共1个京东账号
Jun 10 15:27:12 
Jun 10 15:27:12 您提供了0个账号的东东工厂助力码
Jun 10 15:27:12 
Jun 10 15:27:14 
Jun 10 15:27:14 ******开始【京东账号1】liu1071607950*********
Jun 10 15:27:14 
Jun 10 15:27:14 
Jun 10 15:27:14 ==============📣系统通知📣==============
Jun 10 15:27:14 东东工厂
Jun 10 15:27:14 【提示】cookie已失效
Jun 10 15:27:14 京东账号1 liu1071607950
Jun 10 15:27:14 请重新登录获取
Jun 10 15:27:14 https://bean.m.jd.com/bean/signIndex.action
Jun 10 15:27:14 
Jun 10 15:27:14 
Jun 10 15:27:14 您未提供server酱的SCKEY，取消微信推送消息通知🚫
Jun 10 15:27:14 
Jun 10 15:27:14 您未提供push+推送所需的PUSH_PLUS_TOKEN，取消push+推送消息通知🚫
Jun 10 15:27:14 
Jun 10 15:27:14 您未提供Bark的APP推送BARK_PUSH，取消Bark推送消息通知🚫
Jun 10 15:27:14 
Jun 10 15:27:14 您未提供telegram机器人推送所需的TG_BOT_TOKEN和TG_USER_ID，取消telegram推送消息通知🚫
Jun 10 15:27:14 
Jun 10 15:27:14 您未提供钉钉机器人推送所需的DD_BOT_TOKEN或者DD_BOT_SECRET，取消钉钉推送消息通知🚫
Jun 10 15:27:14 
Jun 10 15:27:14 您未提供企业微信机器人推送所需的QYWX_KEY，取消企业微信推送消息通知🚫
Jun 10 15:27:14 
Jun 10 15:27:14 您未提供企业微信应用消息推送所需的QYWX_AM，取消企业微信应用消息推送消息通知🚫
Jun 10 15:27:14 
Jun 10 15:27:14 您未提供iGot的推送IGOT_PUSH_KEY，取消iGot推送消息通知🚫
Jun 10 15:27:14 
Jun 10 15:27:14 
Jun 10 15:27:14 🔔东东工厂, 结束! 🕛 1.592 秒
Jun 10 15:27:14 
Jun 10 16:26:03 
Jun 10 16:26:03 🔔东东工厂, 开始!
Jun 10 16:26:03 
Jun 10 16:26:03 ====================共1个京东账号Cookie=========
Jun 10 16:26:03 
Jun 10 16:26:03 ==================脚本执行- 北京时间(UTC+8)：6/10/2021, 4:26:03 PM=====================
Jun 10 16:26:03 
Jun 10 16:26:03 开始获取东东工厂配置文件
Jun 10 16:26:03 
Jun 10 16:26:03 由于您环境变量(DDFACTORY_SHARECODES)里面未提供助力码，故此处运行将会给脚本内置的码进行助力，请知晓！
Jun 10 16:26:03 共1个京东账号
Jun 10 16:26:03 
Jun 10 16:26:03 您提供了0个账号的东东工厂助力码
Jun 10 16:26:03 
Jun 10 16:26:05 
Jun 10 16:26:05 ******开始【京东账号1】liu1071607950*********
Jun 10 16:26:05 
Jun 10 16:26:05 
Jun 10 16:26:05 ==============📣系统通知📣==============
Jun 10 16:26:05 东东工厂
Jun 10 16:26:05 【提示】cookie已失效
Jun 10 16:26:05 京东账号1 liu1071607950
Jun 10 16:26:05 请重新登录获取
Jun 10 16:26:05 https://bean.m.jd.com/bean/signIndex.action
Jun 10 16:26:05 
Jun 10 16:26:05 
Jun 10 16:26:05 您未提供server酱的SCKEY，取消微信推送消息通知🚫
Jun 10 16:26:05 
Jun 10 16:26:05 您未提供push+推送所需的PUSH_PLUS_TOKEN，取消push+推送消息通知🚫
Jun 10 16:26:05 
Jun 10 16:26:05 您未提供Bark的APP推送BARK_PUSH，取消Bark推送消息通知🚫
Jun 10 16:26:05 
Jun 10 16:26:05 您未提供telegram机器人推送所需的TG_BOT_TOKEN和TG_USER_ID，取消telegram推送消息通知🚫
Jun 10 16:26:05 
Jun 10 16:26:05 您未提供钉钉机器人推送所需的DD_BOT_TOKEN或者DD_BOT_SECRET，取消钉钉推送消息通知🚫
Jun 10 16:26:05 
Jun 10 16:26:05 您未提供企业微信机器人推送所需的QYWX_KEY，取消企业微信推送消息通知🚫
Jun 10 16:26:05 
Jun 10 16:26:05 您未提供企业微信应用消息推送所需的QYWX_AM，取消企业微信应用消息推送消息通知🚫
Jun 10 16:26:05 
Jun 10 16:26:05 您未提供iGot的推送IGOT_PUSH_KEY，取消iGot推送消息通知🚫
Jun 10 16:26:05 
Jun 10 16:26:05 
Jun 10 16:26:05 🔔东东工厂, 结束! 🕛 1.908 秒
Jun 10 16:26:05 
Jun 10 17:26:57 
Jun 10 17:26:57 🔔东东工厂, 开始!
Jun 10 17:26:58 
Jun 10 17:26:58 ====================共1个京东账号Cookie=========
Jun 10 17:26:58 
Jun 10 17:26:58 ==================脚本执行- 北京时间(UTC+8)：6/10/2021, 5:26:58 PM=====================
Jun 10 17:26:58 
Jun 10 17:26:58 开始获取东东工厂配置文件
Jun 10 17:26:58 
Jun 10 17:26:58 由于您环境变量(DDFACTORY_SHARECODES)里面未提供助力码，故此处运行将会给脚本内置的码进行助力，请知晓！
Jun 10 17:26:58 共1个京东账号
Jun 10 17:26:58 
Jun 10 17:26:58 您提供了0个账号的东东工厂助力码
Jun 10 17:26:58 
Jun 10 17:26:59 
Jun 10 17:26:59 ******开始【京东账号1】liu1071607950*********
Jun 10 17:26:59 
Jun 10 17:26:59 
Jun 10 17:26:59 ==============📣系统通知📣==============
Jun 10 17:26:59 东东工厂
Jun 10 17:26:59 【提示】cookie已失效
Jun 10 17:26:59 京东账号1 liu1071607950
Jun 10 17:26:59 请重新登录获取
Jun 10 17:26:59 https://bean.m.jd.com/bean/signIndex.action
Jun 10 17:26:59 
Jun 10 17:26:59 
Jun 10 17:26:59 您未提供server酱的SCKEY，取消微信推送消息通知🚫
Jun 10 17:26:59 
Jun 10 17:26:59 您未提供push+推送所需的PUSH_PLUS_TOKEN，取消push+推送消息通知🚫
Jun 10 17:26:59 
Jun 10 17:26:59 您未提供Bark的APP推送BARK_PUSH，取消Bark推送消息通知🚫
Jun 10 17:26:59 
Jun 10 17:26:59 您未提供telegram机器人推送所需的TG_BOT_TOKEN和TG_USER_ID，取消telegram推送消息通知🚫
Jun 10 17:26:59 
Jun 10 17:26:59 您未提供钉钉机器人推送所需的DD_BOT_TOKEN或者DD_BOT_SECRET，取消钉钉推送消息通知🚫
Jun 10 17:26:59 
Jun 10 17:26:59 您未提供企业微信机器人推送所需的QYWX_KEY，取消企业微信推送消息通知🚫
Jun 10 17:26:59 
Jun 10 17:26:59 您未提供企业微信应用消息推送所需的QYWX_AM，取消企业微信应用消息推送消息通知🚫
Jun 10 17:26:59 
Jun 10 17:26:59 您未提供iGot的推送IGOT_PUSH_KEY，取消iGot推送消息通知🚫
Jun 10 17:26:59 
Jun 10 17:26:59 
Jun 10 17:26:59 🔔东东工厂, 结束! 🕛 1.779 秒
Jun 10 17:26:59 
Jun 10 18:27:28 
Jun 10 18:27:28 🔔东东工厂, 开始!
Jun 10 18:27:28 
Jun 10 18:27:28 ====================共1个京东账号Cookie=========
Jun 10 18:27:28 
Jun 10 18:27:28 ==================脚本执行- 北京时间(UTC+8)：6/10/2021, 6:27:28 PM=====================
Jun 10 18:27:28 
Jun 10 18:27:28 开始获取东东工厂配置文件
Jun 10 18:27:28 
Jun 10 18:27:28 由于您环境变量(DDFACTORY_SHARECODES)里面未提供助力码，故此处运行将会给脚本内置的码进行助力，请知晓！
Jun 10 18:27:28 共1个京东账号
Jun 10 18:27:28 
Jun 10 18:27:28 您提供了0个账号的东东工厂助力码
Jun 10 18:27:28 
Jun 10 18:27:30 
Jun 10 18:27:30 ******开始【京东账号1】liu1071607950*********
Jun 10 18:27:30 
Jun 10 18:27:30 
Jun 10 18:27:30 ==============📣系统通知📣==============
Jun 10 18:27:30 东东工厂
Jun 10 18:27:30 【提示】cookie已失效
Jun 10 18:27:30 京东账号1 liu1071607950
Jun 10 18:27:30 请重新登录获取
Jun 10 18:27:30 https://bean.m.jd.com/bean/signIndex.action
Jun 10 18:27:30 
Jun 10 18:27:30 
Jun 10 18:27:30 您未提供server酱的SCKEY，取消微信推送消息通知🚫
Jun 10 18:27:30 
Jun 10 18:27:30 您未提供push+推送所需的PUSH_PLUS_TOKEN，取消push+推送消息通知🚫
Jun 10 18:27:30 
Jun 10 18:27:30 您未提供Bark的APP推送BARK_PUSH，取消Bark推送消息通知🚫
Jun 10 18:27:30 
Jun 10 18:27:30 您未提供telegram机器人推送所需的TG_BOT_TOKEN和TG_USER_ID，取消telegram推送消息通知🚫
Jun 10 18:27:30 
Jun 10 18:27:30 您未提供钉钉机器人推送所需的DD_BOT_TOKEN或者DD_BOT_SECRET，取消钉钉推送消息通知🚫
Jun 10 18:27:30 
Jun 10 18:27:30 您未提供企业微信机器人推送所需的QYWX_KEY，取消企业微信推送消息通知🚫
Jun 10 18:27:30 
Jun 10 18:27:30 您未提供企业微信应用消息推送所需的QYWX_AM，取消企业微信应用消息推送消息通知🚫
Jun 10 18:27:30 
Jun 10 18:27:30 您未提供iGot的推送IGOT_PUSH_KEY，取消iGot推送消息通知🚫
Jun 10 18:27:30 
Jun 10 18:27:30 
Jun 10 18:27:30 🔔东东工厂, 结束! 🕛 1.904 秒
Jun 10 18:27:30 
Jun 10 19:26:16 
Jun 10 19:26:16 🔔东东工厂, 开始!
Jun 10 19:26:16 
Jun 10 19:26:16 ====================共1个京东账号Cookie=========
Jun 10 19:26:16 
Jun 10 19:26:16 ==================脚本执行- 北京时间(UTC+8)：6/10/2021, 7:26:16 PM=====================
Jun 10 19:26:16 
Jun 10 19:26:16 开始获取东东工厂配置文件
Jun 10 19:26:16 
Jun 10 19:26:16 由于您环境变量(DDFACTORY_SHARECODES)里面未提供助力码，故此处运行将会给脚本内置的码进行助力，请知晓！
Jun 10 19:26:16 共1个京东账号
Jun 10 19:26:16 
Jun 10 19:26:16 您提供了0个账号的东东工厂助力码
Jun 10 19:26:16 
Jun 10 19:26:17 "getaddrinfo ENOTFOUND wq.jd.com"
Jun 10 19:26:17 东东工厂 API请求失败，请检查网路重试
Jun 10 19:26:17 
Jun 10 19:26:17 ******开始【京东账号1】liu1071607950*********
Jun 10 19:26:17 
Jun 10 19:26:17 由于您第1个京东账号未提供shareCode,将采纳本脚本自带的助力码
Jun 10 19:26:17 
Jun 10 19:26:17 开始
Jun 10 19:26:22 "getaddrinfo ENOTFOUND share.turinglabs.net"
Jun 10 19:26:22 东东工厂 API请求失败，请检查网路重试
Jun 10 19:26:22 第1个京东账号将要助力的好友["P04z54XCjVWnYaS5u2ak7ZCdan1Bdd2GGiWvC6_uERj"]
Jun 10 19:26:22 "getaddrinfo ENOTFOUND api.m.jd.com"
Jun 10 19:26:22 东东工厂 API请求失败，请检查网路重试
Jun 10 19:26:23 "getaddrinfo ENOTFOUND api.m.jd.com"
Jun 10 19:26:23 东东工厂 API请求失败，请检查网路重试
Jun 10 19:26:23 
Jun 10 19:26:23 ❗️东东工厂, 错误!
Jun 10 19:26:23 TypeError: Cannot read property 'code' of undefined
Jun 10 19:26:23     at helpFriends (/scripts/jd_jdfactory.js:251:17)
Jun 10 19:26:23     at processTicksAndRejections (internal/process/task_queues.js:93:5)
Jun 10 19:26:23     at async jdFactory (/scripts/jd_jdfactory.js:91:5)
Jun 10 19:26:23     at async /scripts/jd_jdfactory.js:78:7
Jun 10 19:26:23 
Jun 10 19:26:23 🔔东东工厂, 结束! 🕛 7.207 秒
Jun 10 19:26:23 
Jun 10 20:26:32 
Jun 10 20:26:32 🔔东东工厂, 开始!
Jun 10 20:26:32 
Jun 10 20:26:32 ====================共1个京东账号Cookie=========
Jun 10 20:26:32 
Jun 10 20:26:32 ==================脚本执行- 北京时间(UTC+8)：6/10/2021, 8:26:32 PM=====================
Jun 10 20:26:32 
Jun 10 20:26:32 开始获取东东工厂配置文件
Jun 10 20:26:32 
Jun 10 20:26:32 由于您环境变量(DDFACTORY_SHARECODES)里面未提供助力码，故此处运行将会给脚本内置的码进行助力，请知晓！
Jun 10 20:26:32 共1个京东账号
Jun 10 20:26:32 
Jun 10 20:26:32 您提供了0个账号的东东工厂助力码
Jun 10 20:26:32 
Jun 10 20:26:33 
Jun 10 20:26:33 ******开始【京东账号1】liu1071607950*********
Jun 10 20:26:33 
Jun 10 20:26:33 
Jun 10 20:26:33 ==============📣系统通知📣==============
Jun 10 20:26:33 东东工厂
Jun 10 20:26:33 【提示】cookie已失效
Jun 10 20:26:33 京东账号1 liu1071607950
Jun 10 20:26:33 请重新登录获取
Jun 10 20:26:33 https://bean.m.jd.com/bean/signIndex.action
Jun 10 20:26:33 
Jun 10 20:26:33 
Jun 10 20:26:33 您未提供server酱的SCKEY，取消微信推送消息通知🚫
Jun 10 20:26:33 
Jun 10 20:26:33 您未提供push+推送所需的PUSH_PLUS_TOKEN，取消push+推送消息通知🚫
Jun 10 20:26:33 
Jun 10 20:26:33 您未提供Bark的APP推送BARK_PUSH，取消Bark推送消息通知🚫
Jun 10 20:26:33 
Jun 10 20:26:33 您未提供telegram机器人推送所需的TG_BOT_TOKEN和TG_USER_ID，取消telegram推送消息通知🚫
Jun 10 20:26:33 
Jun 10 20:26:33 您未提供钉钉机器人推送所需的DD_BOT_TOKEN或者DD_BOT_SECRET，取消钉钉推送消息通知🚫
Jun 10 20:26:33 
Jun 10 20:26:33 您未提供企业微信机器人推送所需的QYWX_KEY，取消企业微信推送消息通知🚫
Jun 10 20:26:33 
Jun 10 20:26:33 您未提供企业微信应用消息推送所需的QYWX_AM，取消企业微信应用消息推送消息通知🚫
Jun 10 20:26:33 
Jun 10 20:26:33 您未提供iGot的推送IGOT_PUSH_KEY，取消iGot推送消息通知🚫
Jun 10 20:26:33 
Jun 10 20:26:33 
Jun 10 20:26:33 🔔东东工厂, 结束! 🕛 1.368 秒
Jun 10 20:26:33 
Jun 10 21:27:55 
Jun 10 21:27:55 🔔东东工厂, 开始!
Jun 10 21:27:55 
Jun 10 21:27:55 ====================共1个京东账号Cookie=========
Jun 10 21:27:55 
Jun 10 21:27:55 ==================脚本执行- 北京时间(UTC+8)：6/10/2021, 9:27:55 PM=====================
Jun 10 21:27:56 
Jun 10 21:27:56 开始获取东东工厂配置文件
Jun 10 21:27:56 
Jun 10 21:27:56 由于您环境变量(DDFACTORY_SHARECODES)里面未提供助力码，故此处运行将会给脚本内置的码进行助力，请知晓！
Jun 10 21:27:56 共1个京东账号
Jun 10 21:27:56 
Jun 10 21:27:56 您提供了0个账号的东东工厂助力码
Jun 10 21:27:56 
Jun 10 21:27:57 
Jun 10 21:27:57 ******开始【京东账号1】liu1071607950*********
Jun 10 21:27:57 
Jun 10 21:27:57 
Jun 10 21:27:57 ==============📣系统通知📣==============
Jun 10 21:27:57 东东工厂
Jun 10 21:27:57 【提示】cookie已失效
Jun 10 21:27:57 京东账号1 liu1071607950
Jun 10 21:27:57 请重新登录获取
Jun 10 21:27:57 https://bean.m.jd.com/bean/signIndex.action
Jun 10 21:27:57 
Jun 10 21:27:57 
Jun 10 21:27:57 您未提供server酱的SCKEY，取消微信推送消息通知🚫
Jun 10 21:27:57 
Jun 10 21:27:57 您未提供push+推送所需的PUSH_PLUS_TOKEN，取消push+推送消息通知🚫
Jun 10 21:27:57 
Jun 10 21:27:57 您未提供Bark的APP推送BARK_PUSH，取消Bark推送消息通知🚫
Jun 10 21:27:57 
Jun 10 21:27:57 您未提供telegram机器人推送所需的TG_BOT_TOKEN和TG_USER_ID，取消telegram推送消息通知🚫
Jun 10 21:27:57 
Jun 10 21:27:57 您未提供钉钉机器人推送所需的DD_BOT_TOKEN或者DD_BOT_SECRET，取消钉钉推送消息通知🚫
Jun 10 21:27:57 
Jun 10 21:27:57 您未提供企业微信机器人推送所需的QYWX_KEY，取消企业微信推送消息通知🚫
Jun 10 21:27:57 
Jun 10 21:27:57 您未提供企业微信应用消息推送所需的QYWX_AM，取消企业微信应用消息推送消息通知🚫
Jun 10 21:27:57 
Jun 10 21:27:57 您未提供iGot的推送IGOT_PUSH_KEY，取消iGot推送消息通知🚫
Jun 10 21:27:57 
Jun 10 21:27:57 
Jun 10 21:27:57 🔔东东工厂, 结束! 🕛 1.763 秒
Jun 10 21:27:57 
Jun 10 22:27:27 
Jun 10 22:27:27 🔔东东工厂, 开始!
Jun 10 22:27:27 
Jun 10 22:27:27 ====================共1个京东账号Cookie=========
Jun 10 22:27:27 
Jun 10 22:27:27 ==================脚本执行- 北京时间(UTC+8)：6/10/2021, 10:27:27 PM=====================
Jun 10 22:27:27 
Jun 10 22:27:27 开始获取东东工厂配置文件
Jun 10 22:27:27 
Jun 10 22:27:27 由于您环境变量(DDFACTORY_SHARECODES)里面未提供助力码，故此处运行将会给脚本内置的码进行助力，请知晓！
Jun 10 22:27:27 共1个京东账号
Jun 10 22:27:27 
Jun 10 22:27:27 您提供了0个账号的东东工厂助力码
Jun 10 22:27:27 
Jun 10 22:27:28 
Jun 10 22:27:28 ******开始【京东账号1】liu1071607950*********
Jun 10 22:27:28 
Jun 10 22:27:28 
Jun 10 22:27:28 ==============📣系统通知📣==============
Jun 10 22:27:28 东东工厂
Jun 10 22:27:28 【提示】cookie已失效
Jun 10 22:27:28 京东账号1 liu1071607950
Jun 10 22:27:28 请重新登录获取
Jun 10 22:27:28 https://bean.m.jd.com/bean/signIndex.action
Jun 10 22:27:28 
Jun 10 22:27:28 
Jun 10 22:27:28 您未提供server酱的SCKEY，取消微信推送消息通知🚫
Jun 10 22:27:28 
Jun 10 22:27:28 您未提供push+推送所需的PUSH_PLUS_TOKEN，取消push+推送消息通知🚫
Jun 10 22:27:28 
Jun 10 22:27:28 您未提供Bark的APP推送BARK_PUSH，取消Bark推送消息通知🚫
Jun 10 22:27:28 
Jun 10 22:27:28 您未提供telegram机器人推送所需的TG_BOT_TOKEN和TG_USER_ID，取消telegram推送消息通知🚫
Jun 10 22:27:28 
Jun 10 22:27:28 您未提供钉钉机器人推送所需的DD_BOT_TOKEN或者DD_BOT_SECRET，取消钉钉推送消息通知🚫
Jun 10 22:27:28 
Jun 10 22:27:28 您未提供企业微信机器人推送所需的QYWX_KEY，取消企业微信推送消息通知🚫
Jun 10 22:27:28 
Jun 10 22:27:28 您未提供企业微信应用消息推送所需的QYWX_AM，取消企业微信应用消息推送消息通知🚫
Jun 10 22:27:28 
Jun 10 22:27:28 您未提供iGot的推送IGOT_PUSH_KEY，取消iGot推送消息通知🚫
Jun 10 22:27:28 
Jun 10 22:27:28 
Jun 10 22:27:28 🔔东东工厂, 结束! 🕛 1.402 秒
Jun 10 22:27:28 
Jun 10 23:26:50 
Jun 10 23:26:50 🔔东东工厂, 开始!
Jun 10 23:26:50 
Jun 10 23:26:50 ====================共1个京东账号Cookie=========
Jun 10 23:26:50 
Jun 10 23:26:50 ==================脚本执行- 北京时间(UTC+8)：6/10/2021, 11:26:50 PM=====================
Jun 10 23:26:50 
Jun 10 23:26:50 开始获取东东工厂配置文件
Jun 10 23:26:50 
Jun 10 23:26:50 由于您环境变量(DDFACTORY_SHARECODES)里面未提供助力码，故此处运行将会给脚本内置的码进行助力，请知晓！
Jun 10 23:26:50 共1个京东账号
Jun 10 23:26:50 
Jun 10 23:26:50 您提供了0个账号的东东工厂助力码
Jun 10 23:26:50 
Jun 10 23:26:54 
Jun 10 23:26:54 ******开始【京东账号1】liu1071607950*********
Jun 10 23:26:54 
Jun 10 23:26:54 
Jun 10 23:26:54 ==============📣系统通知📣==============
Jun 10 23:26:54 东东工厂
Jun 10 23:26:54 【提示】cookie已失效
Jun 10 23:26:54 京东账号1 liu1071607950
Jun 10 23:26:54 请重新登录获取
Jun 10 23:26:54 https://bean.m.jd.com/bean/signIndex.action
Jun 10 23:26:54 
Jun 10 23:26:54 
Jun 10 23:26:54 您未提供server酱的SCKEY，取消微信推送消息通知🚫
Jun 10 23:26:54 
Jun 10 23:26:54 您未提供push+推送所需的PUSH_PLUS_TOKEN，取消push+推送消息通知🚫
Jun 10 23:26:54 
Jun 10 23:26:54 您未提供Bark的APP推送BARK_PUSH，取消Bark推送消息通知🚫
Jun 10 23:26:54 
Jun 10 23:26:54 您未提供telegram机器人推送所需的TG_BOT_TOKEN和TG_USER_ID，取消telegram推送消息通知🚫
Jun 10 23:26:54 
Jun 10 23:26:54 您未提供钉钉机器人推送所需的DD_BOT_TOKEN或者DD_BOT_SECRET，取消钉钉推送消息通知🚫
Jun 10 23:26:54 
Jun 10 23:26:54 您未提供企业微信机器人推送所需的QYWX_KEY，取消企业微信推送消息通知🚫
Jun 10 23:26:54 
Jun 10 23:26:54 您未提供企业微信应用消息推送所需的QYWX_AM，取消企业微信应用消息推送消息通知🚫
Jun 10 23:26:54 
Jun 10 23:26:54 您未提供iGot的推送IGOT_PUSH_KEY，取消iGot推送消息通知🚫
Jun 10 23:26:54 
Jun 10 23:26:54 
Jun 10 23:26:54 🔔东东工厂, 结束! 🕛 4.084 秒
Jun 10 23:26:54 
Jun 11 08:26:49 
Jun 11 08:26:49 🔔东东工厂, 开始!
Jun 11 08:26:49 
Jun 11 08:26:49 ====================共1个京东账号Cookie=========
Jun 11 08:26:49 
Jun 11 08:26:49 ==================脚本执行- 北京时间(UTC+8)：6/11/2021, 8:26:49 AM=====================
Jun 11 08:26:49 
Jun 11 08:26:49 开始获取东东工厂配置文件
Jun 11 08:26:49 
Jun 11 08:26:49 由于您环境变量(DDFACTORY_SHARECODES)里面未提供助力码，故此处运行将会给脚本内置的码进行助力，请知晓！
Jun 11 08:26:49 共1个京东账号
Jun 11 08:26:49 
Jun 11 08:26:49 您提供了0个账号的东东工厂助力码
Jun 11 08:26:49 
Jun 11 08:26:52 
Jun 11 08:26:52 ******开始【京东账号1】liu1071607950*********
Jun 11 08:26:52 
Jun 11 08:26:52 
Jun 11 08:26:52 ==============📣系统通知📣==============
Jun 11 08:26:52 东东工厂
Jun 11 08:26:52 【提示】cookie已失效
Jun 11 08:26:52 京东账号1 liu1071607950
Jun 11 08:26:52 请重新登录获取
Jun 11 08:26:52 https://bean.m.jd.com/bean/signIndex.action
Jun 11 08:26:52 
Jun 11 08:26:52 
Jun 11 08:26:52 您未提供server酱的SCKEY，取消微信推送消息通知🚫
Jun 11 08:26:52 
Jun 11 08:26:52 您未提供push+推送所需的PUSH_PLUS_TOKEN，取消push+推送消息通知🚫
Jun 11 08:26:52 
Jun 11 08:26:52 您未提供Bark的APP推送BARK_PUSH，取消Bark推送消息通知🚫
Jun 11 08:26:52 
Jun 11 08:26:52 您未提供telegram机器人推送所需的TG_BOT_TOKEN和TG_USER_ID，取消telegram推送消息通知🚫
Jun 11 08:26:52 
Jun 11 08:26:52 您未提供钉钉机器人推送所需的DD_BOT_TOKEN或者DD_BOT_SECRET，取消钉钉推送消息通知🚫
Jun 11 08:26:52 
Jun 11 08:26:52 您未提供企业微信机器人推送所需的QYWX_KEY，取消企业微信推送消息通知🚫
Jun 11 08:26:52 
Jun 11 08:26:52 您未提供企业微信应用消息推送所需的QYWX_AM，取消企业微信应用消息推送消息通知🚫
Jun 11 08:26:52 
Jun 11 08:26:52 您未提供iGot的推送IGOT_PUSH_KEY，取消iGot推送消息通知🚫
Jun 11 08:26:52 
Jun 11 08:26:52 
Jun 11 08:26:52 🔔东东工厂, 结束! 🕛 3.295 秒
Jun 11 08:26:53 
Jun 24 14:26:25 
Jun 24 14:26:25 🔔东东工厂, 开始!
Jun 24 14:26:25 
Jun 24 14:26:25 ====================共1个京东账号Cookie=========
Jun 24 14:26:25 
Jun 24 14:26:25 ==================脚本执行- 北京时间(UTC+8)：6/24/2021, 2:26:25 PM=====================
Jun 24 14:26:25 
Jun 24 14:26:25 开始获取东东工厂配置文件
Jun 24 14:26:25 
Jun 24 14:26:25 由于您环境变量(DDFACTORY_SHARECODES)里面未提供助力码，故此处运行将会给脚本内置的码进行助力，请知晓！
Jun 24 14:26:25 共1个京东账号
Jun 24 14:26:25 
Jun 24 14:26:25 您提供了0个账号的东东工厂助力码
Jun 24 14:26:25 
Jun 24 14:26:27 
Jun 24 14:26:27 ******开始【京东账号1】liu1071607950*********
Jun 24 14:26:27 
Jun 24 14:26:27 
Jun 24 14:26:27 ==============📣系统通知📣==============
Jun 24 14:26:27 东东工厂
Jun 24 14:26:27 【提示】cookie已失效
Jun 24 14:26:27 京东账号1 liu1071607950
Jun 24 14:26:27 请重新登录获取
Jun 24 14:26:27 https://bean.m.jd.com/bean/signIndex.action
Jun 24 14:26:27 
Jun 24 14:26:27 
Jun 24 14:26:27 您未提供server酱的SCKEY，取消微信推送消息通知🚫
Jun 24 14:26:27 
Jun 24 14:26:27 您未提供push+推送所需的PUSH_PLUS_TOKEN，取消push+推送消息通知🚫
Jun 24 14:26:27 
Jun 24 14:26:27 您未提供Bark的APP推送BARK_PUSH，取消Bark推送消息通知🚫
Jun 24 14:26:27 
Jun 24 14:26:27 您未提供telegram机器人推送所需的TG_BOT_TOKEN和TG_USER_ID，取消telegram推送消息通知🚫
Jun 24 14:26:27 
Jun 24 14:26:27 您未提供钉钉机器人推送所需的DD_BOT_TOKEN或者DD_BOT_SECRET，取消钉钉推送消息通知🚫
Jun 24 14:26:27 
Jun 24 14:26:27 您未提供企业微信机器人推送所需的QYWX_KEY，取消企业微信推送消息通知🚫
Jun 24 14:26:27 
Jun 24 14:26:27 您未提供企业微信应用消息推送所需的QYWX_AM，取消企业微信应用消息推送消息通知🚫
Jun 24 14:26:27 
Jun 24 14:26:27 您未提供iGot的推送IGOT_PUSH_KEY，取消iGot推送消息通知🚫
Jun 24 14:26:27 
Jun 24 14:26:27 
Jun 24 14:26:27 🔔东东工厂, 结束! 🕛 1.705 秒
Jun 24 14:26:27 
