Jun 06 23:51:19 
Jun 06 23:51:19 🔔京东直播, 开始!
Jun 06 23:51:20 
Jun 06 23:51:20 ====================共1个京东账号Cookie=========
Jun 06 23:51:20 
Jun 06 23:51:20 ==================脚本执行- 北京时间(UTC+8)：6/6/2021, 11:51:20 PM=====================
Jun 06 23:51:20 
Jun 06 23:51:21 
Jun 06 23:51:21 ******开始【京东账号1】liu1071607950*********
Jun 06 23:51:21 
Jun 06 23:51:21 
Jun 06 23:51:21 ==============📣系统通知📣==============
Jun 06 23:51:21 京东直播
Jun 06 23:51:21 【提示】cookie已失效
Jun 06 23:51:21 京东账号1 liu1071607950
Jun 06 23:51:21 请重新登录获取
Jun 06 23:51:21 https://bean.m.jd.com/bean/signIndex.action
Jun 06 23:51:21 
Jun 06 23:51:21 
Jun 06 23:51:21 您未提供server酱的SCKEY，取消微信推送消息通知🚫
Jun 06 23:51:21 
Jun 06 23:51:21 您未提供push+推送所需的PUSH_PLUS_TOKEN，取消push+推送消息通知🚫
Jun 06 23:51:21 
Jun 06 23:51:21 您未提供Bark的APP推送BARK_PUSH，取消Bark推送消息通知🚫
Jun 06 23:51:21 
Jun 06 23:51:21 您未提供telegram机器人推送所需的TG_BOT_TOKEN和TG_USER_ID，取消telegram推送消息通知🚫
Jun 06 23:51:21 
Jun 06 23:51:21 您未提供钉钉机器人推送所需的DD_BOT_TOKEN或者DD_BOT_SECRET，取消钉钉推送消息通知🚫
Jun 06 23:51:21 
Jun 06 23:51:21 您未提供企业微信机器人推送所需的QYWX_KEY，取消企业微信推送消息通知🚫
Jun 06 23:51:21 
Jun 06 23:51:21 您未提供企业微信应用消息推送所需的QYWX_AM，取消企业微信应用消息推送消息通知🚫
Jun 06 23:51:21 
Jun 06 23:51:21 您未提供iGot的推送IGOT_PUSH_KEY，取消iGot推送消息通知🚫
Jun 06 23:51:21 
Jun 06 23:51:21 
Jun 06 23:51:21 🔔京东直播, 结束! 🕛 1.894 秒
Jun 06 23:51:21 
Jun 08 12:30:27 
Jun 08 12:30:27 🔔京东直播, 开始!
Jun 08 12:30:27 
Jun 08 12:30:27 ====================共1个京东账号Cookie=========
Jun 08 12:30:27 
Jun 08 12:30:27 ==================脚本执行- 北京时间(UTC+8)：6/8/2021, 12:30:27 PM=====================
Jun 08 12:30:27 
Jun 08 12:30:29 
Jun 08 12:30:29 ******开始【京东账号1】liu1071607950*********
Jun 08 12:30:29 
Jun 08 12:30:29 
Jun 08 12:30:29 ==============📣系统通知📣==============
Jun 08 12:30:29 京东直播
Jun 08 12:30:29 【提示】cookie已失效
Jun 08 12:30:29 京东账号1 liu1071607950
Jun 08 12:30:29 请重新登录获取
Jun 08 12:30:29 https://bean.m.jd.com/bean/signIndex.action
Jun 08 12:30:29 
Jun 08 12:30:29 
Jun 08 12:30:29 您未提供server酱的SCKEY，取消微信推送消息通知🚫
Jun 08 12:30:29 
Jun 08 12:30:29 您未提供push+推送所需的PUSH_PLUS_TOKEN，取消push+推送消息通知🚫
Jun 08 12:30:29 
Jun 08 12:30:29 您未提供Bark的APP推送BARK_PUSH，取消Bark推送消息通知🚫
Jun 08 12:30:29 
Jun 08 12:30:29 您未提供telegram机器人推送所需的TG_BOT_TOKEN和TG_USER_ID，取消telegram推送消息通知🚫
Jun 08 12:30:29 
Jun 08 12:30:29 您未提供钉钉机器人推送所需的DD_BOT_TOKEN或者DD_BOT_SECRET，取消钉钉推送消息通知🚫
Jun 08 12:30:29 
Jun 08 12:30:29 您未提供企业微信机器人推送所需的QYWX_KEY，取消企业微信推送消息通知🚫
Jun 08 12:30:29 
Jun 08 12:30:29 您未提供企业微信应用消息推送所需的QYWX_AM，取消企业微信应用消息推送消息通知🚫
Jun 08 12:30:29 
Jun 08 12:30:29 您未提供iGot的推送IGOT_PUSH_KEY，取消iGot推送消息通知🚫
Jun 08 12:30:29 
Jun 08 12:30:29 
Jun 08 12:30:29 🔔京东直播, 结束! 🕛 1.582 秒
Jun 08 12:30:29 
Jun 08 12:35:06 
Jun 08 12:35:07 🔔京东直播, 开始!
Jun 08 12:35:07 
Jun 08 12:35:07 ====================共1个京东账号Cookie=========
Jun 08 12:35:07 
Jun 08 12:35:07 ==================脚本执行- 北京时间(UTC+8)：6/8/2021, 12:35:07 PM=====================
Jun 08 12:35:07 
Jun 08 12:35:08 
Jun 08 12:35:08 ******开始【京东账号1】liu1071607950*********
Jun 08 12:35:08 
Jun 08 12:35:08 
Jun 08 12:35:08 ==============📣系统通知📣==============
Jun 08 12:35:08 京东直播
Jun 08 12:35:08 【提示】cookie已失效
Jun 08 12:35:08 京东账号1 liu1071607950
Jun 08 12:35:08 请重新登录获取
Jun 08 12:35:08 https://bean.m.jd.com/bean/signIndex.action
Jun 08 12:35:08 
Jun 08 12:35:08 
Jun 08 12:35:08 您未提供server酱的SCKEY，取消微信推送消息通知🚫
Jun 08 12:35:08 
Jun 08 12:35:08 您未提供push+推送所需的PUSH_PLUS_TOKEN，取消push+推送消息通知🚫
Jun 08 12:35:08 
Jun 08 12:35:08 您未提供Bark的APP推送BARK_PUSH，取消Bark推送消息通知🚫
Jun 08 12:35:08 
Jun 08 12:35:08 您未提供telegram机器人推送所需的TG_BOT_TOKEN和TG_USER_ID，取消telegram推送消息通知🚫
Jun 08 12:35:08 
Jun 08 12:35:08 您未提供钉钉机器人推送所需的DD_BOT_TOKEN或者DD_BOT_SECRET，取消钉钉推送消息通知🚫
Jun 08 12:35:08 
Jun 08 12:35:08 您未提供企业微信机器人推送所需的QYWX_KEY，取消企业微信推送消息通知🚫
Jun 08 12:35:08 
Jun 08 12:35:08 您未提供企业微信应用消息推送所需的QYWX_AM，取消企业微信应用消息推送消息通知🚫
Jun 08 12:35:08 
Jun 08 12:35:08 您未提供iGot的推送IGOT_PUSH_KEY，取消iGot推送消息通知🚫
Jun 08 12:35:08 
Jun 08 12:35:08 
Jun 08 12:35:08 🔔京东直播, 结束! 🕛 1.506 秒
Jun 08 12:35:08 
Jun 08 12:40:42 
Jun 08 12:40:42 🔔京东直播, 开始!
Jun 08 12:40:43 
Jun 08 12:40:43 ====================共1个京东账号Cookie=========
Jun 08 12:40:43 
Jun 08 12:40:43 ==================脚本执行- 北京时间(UTC+8)：6/8/2021, 12:40:43 PM=====================
Jun 08 12:40:43 
Jun 08 12:40:44 
Jun 08 12:40:44 ******开始【京东账号1】liu1071607950*********
Jun 08 12:40:44 
Jun 08 12:40:44 
Jun 08 12:40:44 ==============📣系统通知📣==============
Jun 08 12:40:44 京东直播
Jun 08 12:40:44 【提示】cookie已失效
Jun 08 12:40:44 京东账号1 liu1071607950
Jun 08 12:40:44 请重新登录获取
Jun 08 12:40:44 https://bean.m.jd.com/bean/signIndex.action
Jun 08 12:40:44 
Jun 08 12:40:44 
Jun 08 12:40:44 您未提供server酱的SCKEY，取消微信推送消息通知🚫
Jun 08 12:40:44 
Jun 08 12:40:44 您未提供push+推送所需的PUSH_PLUS_TOKEN，取消push+推送消息通知🚫
Jun 08 12:40:44 
Jun 08 12:40:44 您未提供Bark的APP推送BARK_PUSH，取消Bark推送消息通知🚫
Jun 08 12:40:44 
Jun 08 12:40:44 您未提供telegram机器人推送所需的TG_BOT_TOKEN和TG_USER_ID，取消telegram推送消息通知🚫
Jun 08 12:40:44 
Jun 08 12:40:44 您未提供钉钉机器人推送所需的DD_BOT_TOKEN或者DD_BOT_SECRET，取消钉钉推送消息通知🚫
Jun 08 12:40:44 
Jun 08 12:40:44 您未提供企业微信机器人推送所需的QYWX_KEY，取消企业微信推送消息通知🚫
Jun 08 12:40:44 
Jun 08 12:40:44 您未提供企业微信应用消息推送所需的QYWX_AM，取消企业微信应用消息推送消息通知🚫
Jun 08 12:40:44 
Jun 08 12:40:44 您未提供iGot的推送IGOT_PUSH_KEY，取消iGot推送消息通知🚫
Jun 08 12:40:44 
Jun 08 12:40:44 
Jun 08 12:40:44 🔔京东直播, 结束! 🕛 1.591 秒
Jun 08 12:40:44 
Jun 08 12:46:09 
Jun 08 12:46:09 🔔京东直播, 开始!
Jun 08 12:46:09 
Jun 08 12:46:09 ====================共1个京东账号Cookie=========
Jun 08 12:46:09 
Jun 08 12:46:09 ==================脚本执行- 北京时间(UTC+8)：6/8/2021, 12:46:09 PM=====================
Jun 08 12:46:09 
Jun 08 12:46:10 
Jun 08 12:46:10 ******开始【京东账号1】liu1071607950*********
Jun 08 12:46:10 
Jun 08 12:46:10 
Jun 08 12:46:10 ==============📣系统通知📣==============
Jun 08 12:46:10 京东直播
Jun 08 12:46:10 【提示】cookie已失效
Jun 08 12:46:10 京东账号1 liu1071607950
Jun 08 12:46:10 请重新登录获取
Jun 08 12:46:10 https://bean.m.jd.com/bean/signIndex.action
Jun 08 12:46:10 
Jun 08 12:46:10 
Jun 08 12:46:10 您未提供server酱的SCKEY，取消微信推送消息通知🚫
Jun 08 12:46:10 
Jun 08 12:46:10 您未提供push+推送所需的PUSH_PLUS_TOKEN，取消push+推送消息通知🚫
Jun 08 12:46:10 
Jun 08 12:46:10 您未提供Bark的APP推送BARK_PUSH，取消Bark推送消息通知🚫
Jun 08 12:46:10 
Jun 08 12:46:10 您未提供telegram机器人推送所需的TG_BOT_TOKEN和TG_USER_ID，取消telegram推送消息通知🚫
Jun 08 12:46:10 
Jun 08 12:46:10 您未提供钉钉机器人推送所需的DD_BOT_TOKEN或者DD_BOT_SECRET，取消钉钉推送消息通知🚫
Jun 08 12:46:10 
Jun 08 12:46:10 您未提供企业微信机器人推送所需的QYWX_KEY，取消企业微信推送消息通知🚫
Jun 08 12:46:10 
Jun 08 12:46:10 您未提供企业微信应用消息推送所需的QYWX_AM，取消企业微信应用消息推送消息通知🚫
Jun 08 12:46:10 
Jun 08 12:46:10 您未提供iGot的推送IGOT_PUSH_KEY，取消iGot推送消息通知🚫
Jun 08 12:46:10 
Jun 08 12:46:10 
Jun 08 12:46:10 🔔京东直播, 结束! 🕛 1.196 秒
Jun 08 12:46:10 
Jun 08 12:51:10 
Jun 08 12:51:10 🔔京东直播, 开始!
Jun 08 12:51:10 
Jun 08 12:51:10 ====================共1个京东账号Cookie=========
Jun 08 12:51:10 
Jun 08 12:51:10 ==================脚本执行- 北京时间(UTC+8)：6/8/2021, 12:51:10 PM=====================
Jun 08 12:51:10 
Jun 08 12:51:11 
Jun 08 12:51:11 ******开始【京东账号1】liu1071607950*********
Jun 08 12:51:11 
Jun 08 12:51:11 
Jun 08 12:51:11 ==============📣系统通知📣==============
Jun 08 12:51:11 京东直播
Jun 08 12:51:11 【提示】cookie已失效
Jun 08 12:51:11 京东账号1 liu1071607950
Jun 08 12:51:11 请重新登录获取
Jun 08 12:51:11 https://bean.m.jd.com/bean/signIndex.action
Jun 08 12:51:11 
Jun 08 12:51:11 
Jun 08 12:51:11 您未提供server酱的SCKEY，取消微信推送消息通知🚫
Jun 08 12:51:11 
Jun 08 12:51:11 您未提供push+推送所需的PUSH_PLUS_TOKEN，取消push+推送消息通知🚫
Jun 08 12:51:11 
Jun 08 12:51:11 您未提供Bark的APP推送BARK_PUSH，取消Bark推送消息通知🚫
Jun 08 12:51:11 
Jun 08 12:51:11 您未提供telegram机器人推送所需的TG_BOT_TOKEN和TG_USER_ID，取消telegram推送消息通知🚫
Jun 08 12:51:11 
Jun 08 12:51:11 您未提供钉钉机器人推送所需的DD_BOT_TOKEN或者DD_BOT_SECRET，取消钉钉推送消息通知🚫
Jun 08 12:51:12 
Jun 08 12:51:12 您未提供企业微信机器人推送所需的QYWX_KEY，取消企业微信推送消息通知🚫
Jun 08 12:51:12 
Jun 08 12:51:12 您未提供企业微信应用消息推送所需的QYWX_AM，取消企业微信应用消息推送消息通知🚫
Jun 08 12:51:12 
Jun 08 12:51:12 您未提供iGot的推送IGOT_PUSH_KEY，取消iGot推送消息通知🚫
Jun 08 12:51:12 
Jun 08 12:51:12 
Jun 08 12:51:12 🔔京东直播, 结束! 🕛 1.193 秒
Jun 08 12:51:12 
Jun 08 23:30:44 
Jun 08 23:30:44 🔔京东直播, 开始!
Jun 08 23:30:44 
Jun 08 23:30:44 ====================共1个京东账号Cookie=========
Jun 08 23:30:44 
Jun 08 23:30:44 ==================脚本执行- 北京时间(UTC+8)：6/8/2021, 11:30:44 PM=====================
Jun 08 23:30:44 
Jun 08 23:30:45 
Jun 08 23:30:45 ******开始【京东账号1】liu1071607950*********
Jun 08 23:30:45 
Jun 08 23:30:45 
Jun 08 23:30:45 ==============📣系统通知📣==============
Jun 08 23:30:45 京东直播
Jun 08 23:30:45 【提示】cookie已失效
Jun 08 23:30:45 京东账号1 liu1071607950
Jun 08 23:30:45 请重新登录获取
Jun 08 23:30:45 https://bean.m.jd.com/bean/signIndex.action
Jun 08 23:30:45 
Jun 08 23:30:45 
Jun 08 23:30:45 您未提供server酱的SCKEY，取消微信推送消息通知🚫
Jun 08 23:30:45 
Jun 08 23:30:45 您未提供push+推送所需的PUSH_PLUS_TOKEN，取消push+推送消息通知🚫
Jun 08 23:30:45 
Jun 08 23:30:45 您未提供Bark的APP推送BARK_PUSH，取消Bark推送消息通知🚫
Jun 08 23:30:45 
Jun 08 23:30:45 您未提供telegram机器人推送所需的TG_BOT_TOKEN和TG_USER_ID，取消telegram推送消息通知🚫
Jun 08 23:30:45 
Jun 08 23:30:45 您未提供钉钉机器人推送所需的DD_BOT_TOKEN或者DD_BOT_SECRET，取消钉钉推送消息通知🚫
Jun 08 23:30:45 
Jun 08 23:30:45 您未提供企业微信机器人推送所需的QYWX_KEY，取消企业微信推送消息通知🚫
Jun 08 23:30:45 
Jun 08 23:30:45 您未提供企业微信应用消息推送所需的QYWX_AM，取消企业微信应用消息推送消息通知🚫
Jun 08 23:30:45 
Jun 08 23:30:45 您未提供iGot的推送IGOT_PUSH_KEY，取消iGot推送消息通知🚫
Jun 08 23:30:45 
Jun 08 23:30:45 
Jun 08 23:30:45 🔔京东直播, 结束! 🕛 1.262 秒
Jun 08 23:30:45 
Jun 08 23:36:08 
Jun 08 23:36:08 🔔京东直播, 开始!
Jun 08 23:36:08 
Jun 08 23:36:08 ====================共1个京东账号Cookie=========
Jun 08 23:36:08 
Jun 08 23:36:08 ==================脚本执行- 北京时间(UTC+8)：6/8/2021, 11:36:08 PM=====================
Jun 08 23:36:08 
Jun 08 23:36:09 
Jun 08 23:36:09 ******开始【京东账号1】liu1071607950*********
Jun 08 23:36:09 
Jun 08 23:36:09 
Jun 08 23:36:09 ==============📣系统通知📣==============
Jun 08 23:36:09 京东直播
Jun 08 23:36:09 【提示】cookie已失效
Jun 08 23:36:09 京东账号1 liu1071607950
Jun 08 23:36:09 请重新登录获取
Jun 08 23:36:09 https://bean.m.jd.com/bean/signIndex.action
Jun 08 23:36:09 
Jun 08 23:36:09 
Jun 08 23:36:09 您未提供server酱的SCKEY，取消微信推送消息通知🚫
Jun 08 23:36:09 
Jun 08 23:36:09 您未提供push+推送所需的PUSH_PLUS_TOKEN，取消push+推送消息通知🚫
Jun 08 23:36:09 
Jun 08 23:36:09 您未提供Bark的APP推送BARK_PUSH，取消Bark推送消息通知🚫
Jun 08 23:36:09 
Jun 08 23:36:09 您未提供telegram机器人推送所需的TG_BOT_TOKEN和TG_USER_ID，取消telegram推送消息通知🚫
Jun 08 23:36:09 
Jun 08 23:36:09 您未提供钉钉机器人推送所需的DD_BOT_TOKEN或者DD_BOT_SECRET，取消钉钉推送消息通知🚫
Jun 08 23:36:09 
Jun 08 23:36:09 您未提供企业微信机器人推送所需的QYWX_KEY，取消企业微信推送消息通知🚫
Jun 08 23:36:09 
Jun 08 23:36:09 您未提供企业微信应用消息推送所需的QYWX_AM，取消企业微信应用消息推送消息通知🚫
Jun 08 23:36:09 
Jun 08 23:36:09 您未提供iGot的推送IGOT_PUSH_KEY，取消iGot推送消息通知🚫
Jun 08 23:36:09 
Jun 08 23:36:09 
Jun 08 23:36:09 🔔京东直播, 结束! 🕛 1.238 秒
Jun 08 23:36:09 
Jun 08 23:41:18 
Jun 08 23:41:18 🔔京东直播, 开始!
Jun 08 23:41:18 
Jun 08 23:41:18 ====================共1个京东账号Cookie=========
Jun 08 23:41:18 
Jun 08 23:41:18 ==================脚本执行- 北京时间(UTC+8)：6/8/2021, 11:41:18 PM=====================
Jun 08 23:41:18 
Jun 08 23:41:19 
Jun 08 23:41:19 ******开始【京东账号1】liu1071607950*********
Jun 08 23:41:19 
Jun 08 23:41:19 
Jun 08 23:41:19 ==============📣系统通知📣==============
Jun 08 23:41:19 京东直播
Jun 08 23:41:19 【提示】cookie已失效
Jun 08 23:41:19 京东账号1 liu1071607950
Jun 08 23:41:19 请重新登录获取
Jun 08 23:41:19 https://bean.m.jd.com/bean/signIndex.action
Jun 08 23:41:19 
Jun 08 23:41:19 
Jun 08 23:41:19 您未提供server酱的SCKEY，取消微信推送消息通知🚫
Jun 08 23:41:19 
Jun 08 23:41:19 您未提供push+推送所需的PUSH_PLUS_TOKEN，取消push+推送消息通知🚫
Jun 08 23:41:19 
Jun 08 23:41:19 您未提供Bark的APP推送BARK_PUSH，取消Bark推送消息通知🚫
Jun 08 23:41:19 
Jun 08 23:41:19 您未提供telegram机器人推送所需的TG_BOT_TOKEN和TG_USER_ID，取消telegram推送消息通知🚫
Jun 08 23:41:19 
Jun 08 23:41:19 您未提供钉钉机器人推送所需的DD_BOT_TOKEN或者DD_BOT_SECRET，取消钉钉推送消息通知🚫
Jun 08 23:41:19 
Jun 08 23:41:19 您未提供企业微信机器人推送所需的QYWX_KEY，取消企业微信推送消息通知🚫
Jun 08 23:41:19 
Jun 08 23:41:19 您未提供企业微信应用消息推送所需的QYWX_AM，取消企业微信应用消息推送消息通知🚫
Jun 08 23:41:19 
Jun 08 23:41:19 您未提供iGot的推送IGOT_PUSH_KEY，取消iGot推送消息通知🚫
Jun 08 23:41:19 
Jun 08 23:41:19 
Jun 08 23:41:19 🔔京东直播, 结束! 🕛 1.232 秒
Jun 08 23:41:19 
Jun 08 23:46:49 
Jun 08 23:46:49 🔔京东直播, 开始!
Jun 08 23:46:49 
Jun 08 23:46:49 ====================共1个京东账号Cookie=========
Jun 08 23:46:49 
Jun 08 23:46:49 ==================脚本执行- 北京时间(UTC+8)：6/8/2021, 11:46:49 PM=====================
Jun 08 23:46:49 
Jun 08 23:46:50 
Jun 08 23:46:50 ******开始【京东账号1】liu1071607950*********
Jun 08 23:46:50 
Jun 08 23:46:50 
Jun 08 23:46:50 ==============📣系统通知📣==============
Jun 08 23:46:50 京东直播
Jun 08 23:46:50 【提示】cookie已失效
Jun 08 23:46:50 京东账号1 liu1071607950
Jun 08 23:46:50 请重新登录获取
Jun 08 23:46:50 https://bean.m.jd.com/bean/signIndex.action
Jun 08 23:46:50 
Jun 08 23:46:50 
Jun 08 23:46:50 您未提供server酱的SCKEY，取消微信推送消息通知🚫
Jun 08 23:46:50 
Jun 08 23:46:50 您未提供push+推送所需的PUSH_PLUS_TOKEN，取消push+推送消息通知🚫
Jun 08 23:46:50 
Jun 08 23:46:50 您未提供Bark的APP推送BARK_PUSH，取消Bark推送消息通知🚫
Jun 08 23:46:50 
Jun 08 23:46:50 您未提供telegram机器人推送所需的TG_BOT_TOKEN和TG_USER_ID，取消telegram推送消息通知🚫
Jun 08 23:46:50 
Jun 08 23:46:50 您未提供钉钉机器人推送所需的DD_BOT_TOKEN或者DD_BOT_SECRET，取消钉钉推送消息通知🚫
Jun 08 23:46:50 
Jun 08 23:46:50 您未提供企业微信机器人推送所需的QYWX_KEY，取消企业微信推送消息通知🚫
Jun 08 23:46:50 
Jun 08 23:46:50 您未提供企业微信应用消息推送所需的QYWX_AM，取消企业微信应用消息推送消息通知🚫
Jun 08 23:46:50 
Jun 08 23:46:50 您未提供iGot的推送IGOT_PUSH_KEY，取消iGot推送消息通知🚫
Jun 08 23:46:50 
Jun 08 23:46:50 
Jun 08 23:46:50 🔔京东直播, 结束! 🕛 1.295 秒
Jun 08 23:46:50 
Jun 09 12:30:57 
Jun 09 12:30:57 🔔京东直播, 开始!
Jun 09 12:30:57 
Jun 09 12:30:57 ====================共1个京东账号Cookie=========
Jun 09 12:30:57 
Jun 09 12:30:57 ==================脚本执行- 北京时间(UTC+8)：6/9/2021, 12:30:57 PM=====================
Jun 09 12:30:57 
Jun 09 12:30:59 "getaddrinfo ENOTFOUND wq.jd.com"
Jun 09 12:30:59 京东直播 API请求失败，请检查网路重试
Jun 09 12:30:59 
Jun 09 12:30:59 ******开始【京东账号1】liu1071607950*********
Jun 09 12:30:59 
Jun 09 12:31:02 "getaddrinfo ENOTFOUND api.m.jd.com"
Jun 09 12:31:02 京东直播 API请求失败，请检查网路重试
Jun 09 12:31:05 "getaddrinfo ENOTFOUND api.m.jd.com"
Jun 09 12:31:05 京东直播 API请求失败，请检查网路重试
Jun 09 12:31:05 京东账号1
Jun 09 12:31:05 领奖完成，共计获得 0 京豆
Jun 09 12:31:05 
Jun 09 12:31:05 
Jun 09 12:31:05 🔔京东直播, 结束! 🕛 8.36 秒
Jun 09 12:31:05 
Jun 09 12:36:38 
Jun 09 12:36:38 🔔京东直播, 开始!
Jun 09 12:36:38 
Jun 09 12:36:38 ====================共1个京东账号Cookie=========
Jun 09 12:36:38 
Jun 09 12:36:38 ==================脚本执行- 北京时间(UTC+8)：6/9/2021, 12:36:38 PM=====================
Jun 09 12:36:38 
Jun 09 12:36:40 "getaddrinfo ENOTFOUND wq.jd.com"
Jun 09 12:36:40 京东直播 API请求失败，请检查网路重试
Jun 09 12:36:40 
Jun 09 12:36:40 ******开始【京东账号1】liu1071607950*********
Jun 09 12:36:40 
Jun 09 12:36:43 "getaddrinfo ENOTFOUND api.m.jd.com"
Jun 09 12:36:43 京东直播 API请求失败，请检查网路重试
Jun 09 12:36:46 "getaddrinfo ENOTFOUND api.m.jd.com"
Jun 09 12:36:46 京东直播 API请求失败，请检查网路重试
Jun 09 12:36:46 京东账号1
Jun 09 12:36:46 领奖完成，共计获得 0 京豆
Jun 09 12:36:46 
Jun 09 12:36:46 
Jun 09 12:36:46 🔔京东直播, 结束! 🕛 7.994 秒
Jun 09 12:36:46 
Jun 09 12:40:49 
Jun 09 12:40:49 🔔京东直播, 开始!
Jun 09 12:40:49 
Jun 09 12:40:49 ====================共1个京东账号Cookie=========
Jun 09 12:40:49 
Jun 09 12:40:49 ==================脚本执行- 北京时间(UTC+8)：6/9/2021, 12:40:49 PM=====================
Jun 09 12:40:49 
Jun 09 12:40:51 "getaddrinfo ENOTFOUND wq.jd.com"
Jun 09 12:40:51 京东直播 API请求失败，请检查网路重试
Jun 09 12:40:51 
Jun 09 12:40:51 ******开始【京东账号1】liu1071607950*********
Jun 09 12:40:51 
Jun 09 12:40:54 "getaddrinfo ENOTFOUND api.m.jd.com"
Jun 09 12:40:54 京东直播 API请求失败，请检查网路重试
Jun 09 12:40:57 "getaddrinfo ENOTFOUND api.m.jd.com"
Jun 09 12:40:57 京东直播 API请求失败，请检查网路重试
Jun 09 12:40:57 京东账号1
Jun 09 12:40:57 领奖完成，共计获得 0 京豆
Jun 09 12:40:57 
Jun 09 12:40:57 
Jun 09 12:40:57 🔔京东直播, 结束! 🕛 8.359 秒
Jun 09 12:40:57 
Jun 09 12:46:49 
Jun 09 12:46:49 🔔京东直播, 开始!
Jun 09 12:46:49 
Jun 09 12:46:49 ====================共1个京东账号Cookie=========
Jun 09 12:46:49 
Jun 09 12:46:49 ==================脚本执行- 北京时间(UTC+8)：6/9/2021, 12:46:49 PM=====================
Jun 09 12:46:49 
Jun 09 12:46:51 "getaddrinfo ENOTFOUND wq.jd.com"
Jun 09 12:46:51 京东直播 API请求失败，请检查网路重试
Jun 09 12:46:51 
Jun 09 12:46:51 ******开始【京东账号1】liu1071607950*********
Jun 09 12:46:51 
Jun 09 12:46:54 "getaddrinfo ENOTFOUND api.m.jd.com"
Jun 09 12:46:54 京东直播 API请求失败，请检查网路重试
Jun 09 12:46:57 "getaddrinfo ENOTFOUND api.m.jd.com"
Jun 09 12:46:57 京东直播 API请求失败，请检查网路重试
Jun 09 12:46:57 京东账号1
Jun 09 12:46:57 领奖完成，共计获得 0 京豆
Jun 09 12:46:57 
Jun 09 12:46:57 
Jun 09 12:46:57 🔔京东直播, 结束! 🕛 8.189 秒
Jun 09 12:46:57 
Jun 09 12:52:01 
Jun 09 12:52:01 🔔京东直播, 开始!
Jun 09 12:52:01 
Jun 09 12:52:01 ====================共1个京东账号Cookie=========
Jun 09 12:52:01 
Jun 09 12:52:01 ==================脚本执行- 北京时间(UTC+8)：6/9/2021, 12:52:01 PM=====================
Jun 09 12:52:01 
Jun 09 12:52:03 "getaddrinfo ENOTFOUND wq.jd.com"
Jun 09 12:52:03 京东直播 API请求失败，请检查网路重试
Jun 09 12:52:03 
Jun 09 12:52:03 ******开始【京东账号1】liu1071607950*********
Jun 09 12:52:03 
Jun 09 12:52:06 "getaddrinfo ENOTFOUND api.m.jd.com"
Jun 09 12:52:06 京东直播 API请求失败，请检查网路重试
Jun 09 12:52:10 "getaddrinfo ENOTFOUND api.m.jd.com"
Jun 09 12:52:10 京东直播 API请求失败，请检查网路重试
Jun 09 12:52:10 京东账号1
Jun 09 12:52:10 领奖完成，共计获得 0 京豆
Jun 09 12:52:10 
Jun 09 12:52:10 
Jun 09 12:52:10 🔔京东直播, 结束! 🕛 8.827 秒
Jun 09 12:52:10 
Jun 09 23:31:09 
Jun 09 23:31:09 🔔京东直播, 开始!
Jun 09 23:31:09 
Jun 09 23:31:09 ====================共1个京东账号Cookie=========
Jun 09 23:31:09 
Jun 09 23:31:09 ==================脚本执行- 北京时间(UTC+8)：6/9/2021, 11:31:09 PM=====================
Jun 09 23:31:09 
Jun 09 23:31:13 
Jun 09 23:31:13 ******开始【京东账号1】liu1071607950*********
Jun 09 23:31:13 
Jun 09 23:31:13 
Jun 09 23:31:13 ==============📣系统通知📣==============
Jun 09 23:31:13 京东直播
Jun 09 23:31:13 【提示】cookie已失效
Jun 09 23:31:13 京东账号1 liu1071607950
Jun 09 23:31:13 请重新登录获取
Jun 09 23:31:13 https://bean.m.jd.com/bean/signIndex.action
Jun 09 23:31:13 
Jun 09 23:31:13 
Jun 09 23:31:14 您未提供server酱的SCKEY，取消微信推送消息通知🚫
Jun 09 23:31:14 
Jun 09 23:31:14 您未提供push+推送所需的PUSH_PLUS_TOKEN，取消push+推送消息通知🚫
Jun 09 23:31:14 
Jun 09 23:31:14 您未提供Bark的APP推送BARK_PUSH，取消Bark推送消息通知🚫
Jun 09 23:31:14 
Jun 09 23:31:14 您未提供telegram机器人推送所需的TG_BOT_TOKEN和TG_USER_ID，取消telegram推送消息通知🚫
Jun 09 23:31:14 
Jun 09 23:31:14 您未提供钉钉机器人推送所需的DD_BOT_TOKEN或者DD_BOT_SECRET，取消钉钉推送消息通知🚫
Jun 09 23:31:14 
Jun 09 23:31:14 您未提供企业微信机器人推送所需的QYWX_KEY，取消企业微信推送消息通知🚫
Jun 09 23:31:14 
Jun 09 23:31:14 您未提供企业微信应用消息推送所需的QYWX_AM，取消企业微信应用消息推送消息通知🚫
Jun 09 23:31:14 
Jun 09 23:31:14 您未提供iGot的推送IGOT_PUSH_KEY，取消iGot推送消息通知🚫
Jun 09 23:31:14 
Jun 09 23:31:14 
Jun 09 23:31:14 🔔京东直播, 结束! 🕛 4.7 秒
Jun 09 23:31:14 
Jun 09 23:35:23 
Jun 09 23:35:23 🔔京东直播, 开始!
Jun 09 23:35:23 
Jun 09 23:35:23 ====================共1个京东账号Cookie=========
Jun 09 23:35:23 
Jun 09 23:35:24 ==================脚本执行- 北京时间(UTC+8)：6/9/2021, 11:35:23 PM=====================
Jun 09 23:35:24 
Jun 09 23:35:25 
Jun 09 23:35:25 ******开始【京东账号1】liu1071607950*********
Jun 09 23:35:25 
Jun 09 23:35:25 
Jun 09 23:35:25 ==============📣系统通知📣==============
Jun 09 23:35:25 京东直播
Jun 09 23:35:25 【提示】cookie已失效
Jun 09 23:35:25 京东账号1 liu1071607950
Jun 09 23:35:25 请重新登录获取
Jun 09 23:35:25 https://bean.m.jd.com/bean/signIndex.action
Jun 09 23:35:25 
Jun 09 23:35:25 
Jun 09 23:35:25 您未提供server酱的SCKEY，取消微信推送消息通知🚫
Jun 09 23:35:25 
Jun 09 23:35:25 您未提供push+推送所需的PUSH_PLUS_TOKEN，取消push+推送消息通知🚫
Jun 09 23:35:25 
Jun 09 23:35:25 您未提供Bark的APP推送BARK_PUSH，取消Bark推送消息通知🚫
Jun 09 23:35:25 
Jun 09 23:35:25 您未提供telegram机器人推送所需的TG_BOT_TOKEN和TG_USER_ID，取消telegram推送消息通知🚫
Jun 09 23:35:25 
Jun 09 23:35:25 您未提供钉钉机器人推送所需的DD_BOT_TOKEN或者DD_BOT_SECRET，取消钉钉推送消息通知🚫
Jun 09 23:35:25 
Jun 09 23:35:25 您未提供企业微信机器人推送所需的QYWX_KEY，取消企业微信推送消息通知🚫
Jun 09 23:35:25 
Jun 09 23:35:25 您未提供企业微信应用消息推送所需的QYWX_AM，取消企业微信应用消息推送消息通知🚫
Jun 09 23:35:25 
Jun 09 23:35:25 您未提供iGot的推送IGOT_PUSH_KEY，取消iGot推送消息通知🚫
Jun 09 23:35:25 
Jun 09 23:35:25 
Jun 09 23:35:25 🔔京东直播, 结束! 🕛 1.905 秒
Jun 09 23:35:25 
Jun 10 12:31:51 
Jun 10 12:31:51 🔔京东直播, 开始!
Jun 10 12:31:51 
Jun 10 12:31:51 ====================共1个京东账号Cookie=========
Jun 10 12:31:51 
Jun 10 12:31:51 ==================脚本执行- 北京时间(UTC+8)：6/10/2021, 12:31:51 PM=====================
Jun 10 12:31:51 
Jun 10 12:31:53 "getaddrinfo ENOTFOUND wq.jd.com"
Jun 10 12:31:53 京东直播 API请求失败，请检查网路重试
Jun 10 12:31:53 
Jun 10 12:31:53 ******开始【京东账号1】liu1071607950*********
Jun 10 12:31:53 
Jun 10 12:31:57 "getaddrinfo ENOTFOUND api.m.jd.com"
Jun 10 12:31:57 京东直播 API请求失败，请检查网路重试
Jun 10 12:32:00 "getaddrinfo ENOTFOUND api.m.jd.com"
Jun 10 12:32:00 京东直播 API请求失败，请检查网路重试
Jun 10 12:32:00 京东账号1
Jun 10 12:32:00 领奖完成，共计获得 0 京豆
Jun 10 12:32:00 
Jun 10 12:32:00 
Jun 10 12:32:00 🔔京东直播, 结束! 🕛 8.487 秒
Jun 10 12:32:00 
Jun 10 12:36:37 
Jun 10 12:36:37 🔔京东直播, 开始!
Jun 10 12:36:37 
Jun 10 12:36:37 ====================共1个京东账号Cookie=========
Jun 10 12:36:37 
Jun 10 12:36:37 ==================脚本执行- 北京时间(UTC+8)：6/10/2021, 12:36:37 PM=====================
Jun 10 12:36:37 
Jun 10 12:36:38 "getaddrinfo ENOTFOUND wq.jd.com"
Jun 10 12:36:38 京东直播 API请求失败，请检查网路重试
Jun 10 12:36:38 
Jun 10 12:36:38 ******开始【京东账号1】liu1071607950*********
Jun 10 12:36:38 
Jun 10 12:36:42 "getaddrinfo ENOTFOUND api.m.jd.com"
Jun 10 12:36:42 京东直播 API请求失败，请检查网路重试
Jun 10 12:36:45 "getaddrinfo ENOTFOUND api.m.jd.com"
Jun 10 12:36:45 京东直播 API请求失败，请检查网路重试
Jun 10 12:36:45 京东账号1
Jun 10 12:36:45 领奖完成，共计获得 0 京豆
Jun 10 12:36:45 
Jun 10 12:36:45 
Jun 10 12:36:45 🔔京东直播, 结束! 🕛 8.192 秒
Jun 10 12:36:45 
Jun 10 12:41:57 
Jun 10 12:41:57 🔔京东直播, 开始!
Jun 10 12:41:57 
Jun 10 12:41:57 ====================共1个京东账号Cookie=========
Jun 10 12:41:57 
Jun 10 12:41:57 ==================脚本执行- 北京时间(UTC+8)：6/10/2021, 12:41:57 PM=====================
Jun 10 12:41:57 
Jun 10 12:41:59 "getaddrinfo ENOTFOUND wq.jd.com"
Jun 10 12:41:59 京东直播 API请求失败，请检查网路重试
Jun 10 12:41:59 
Jun 10 12:41:59 ******开始【京东账号1】liu1071607950*********
Jun 10 12:41:59 
Jun 10 12:42:02 "getaddrinfo ENOTFOUND api.m.jd.com"
Jun 10 12:42:02 京东直播 API请求失败，请检查网路重试
Jun 10 12:42:05 "getaddrinfo ENOTFOUND api.m.jd.com"
Jun 10 12:42:05 京东直播 API请求失败，请检查网路重试
Jun 10 12:42:05 京东账号1
Jun 10 12:42:05 领奖完成，共计获得 0 京豆
Jun 10 12:42:05 
Jun 10 12:42:05 
Jun 10 12:42:05 🔔京东直播, 结束! 🕛 8.171 秒
Jun 10 12:42:05 
Jun 10 12:46:05 
Jun 10 12:46:05 🔔京东直播, 开始!
Jun 10 12:46:05 
Jun 10 12:46:05 ====================共1个京东账号Cookie=========
Jun 10 12:46:05 
Jun 10 12:46:05 ==================脚本执行- 北京时间(UTC+8)：6/10/2021, 12:46:05 PM=====================
Jun 10 12:46:05 
Jun 10 12:46:06 "getaddrinfo ENOTFOUND wq.jd.com"
Jun 10 12:46:06 京东直播 API请求失败，请检查网路重试
Jun 10 12:46:06 
Jun 10 12:46:06 ******开始【京东账号1】liu1071607950*********
Jun 10 12:46:06 
Jun 10 12:46:09 "getaddrinfo ENOTFOUND api.m.jd.com"
Jun 10 12:46:09 京东直播 API请求失败，请检查网路重试
Jun 10 12:46:12 "getaddrinfo ENOTFOUND api.m.jd.com"
Jun 10 12:46:12 京东直播 API请求失败，请检查网路重试
Jun 10 12:46:12 京东账号1
Jun 10 12:46:12 领奖完成，共计获得 0 京豆
Jun 10 12:46:12 
Jun 10 12:46:12 
Jun 10 12:46:12 🔔京东直播, 结束! 🕛 7.914 秒
Jun 10 12:46:12 
Jun 10 12:51:04 
Jun 10 12:51:04 🔔京东直播, 开始!
Jun 10 12:51:04 
Jun 10 12:51:04 ====================共1个京东账号Cookie=========
Jun 10 12:51:04 
Jun 10 12:51:04 ==================脚本执行- 北京时间(UTC+8)：6/10/2021, 12:51:04 PM=====================
Jun 10 12:51:04 
Jun 10 12:51:05 "getaddrinfo ENOTFOUND wq.jd.com"
Jun 10 12:51:05 京东直播 API请求失败，请检查网路重试
Jun 10 12:51:05 
Jun 10 12:51:05 ******开始【京东账号1】liu1071607950*********
Jun 10 12:51:05 
Jun 10 12:51:08 "getaddrinfo ENOTFOUND api.m.jd.com"
Jun 10 12:51:08 京东直播 API请求失败，请检查网路重试
Jun 10 12:51:12 "getaddrinfo ENOTFOUND api.m.jd.com"
Jun 10 12:51:12 京东直播 API请求失败，请检查网路重试
Jun 10 12:51:12 京东账号1
Jun 10 12:51:12 领奖完成，共计获得 0 京豆
Jun 10 12:51:12 
Jun 10 12:51:12 
Jun 10 12:51:12 🔔京东直播, 结束! 🕛 7.864 秒
Jun 10 12:51:12 
Jun 10 23:30:11 
Jun 10 23:30:11 🔔京东直播, 开始!
Jun 10 23:30:11 
Jun 10 23:30:11 ====================共1个京东账号Cookie=========
Jun 10 23:30:11 
Jun 10 23:30:11 ==================脚本执行- 北京时间(UTC+8)：6/10/2021, 11:30:11 PM=====================
Jun 10 23:30:11 
Jun 10 23:30:12 
Jun 10 23:30:12 ******开始【京东账号1】liu1071607950*********
Jun 10 23:30:12 
Jun 10 23:30:12 
Jun 10 23:30:12 ==============📣系统通知📣==============
Jun 10 23:30:12 京东直播
Jun 10 23:30:12 【提示】cookie已失效
Jun 10 23:30:12 京东账号1 liu1071607950
Jun 10 23:30:12 请重新登录获取
Jun 10 23:30:12 https://bean.m.jd.com/bean/signIndex.action
Jun 10 23:30:12 
Jun 10 23:30:12 
Jun 10 23:30:12 您未提供server酱的SCKEY，取消微信推送消息通知🚫
Jun 10 23:30:12 
Jun 10 23:30:12 您未提供push+推送所需的PUSH_PLUS_TOKEN，取消push+推送消息通知🚫
Jun 10 23:30:12 
Jun 10 23:30:12 您未提供Bark的APP推送BARK_PUSH，取消Bark推送消息通知🚫
Jun 10 23:30:12 
Jun 10 23:30:12 您未提供telegram机器人推送所需的TG_BOT_TOKEN和TG_USER_ID，取消telegram推送消息通知🚫
Jun 10 23:30:12 
Jun 10 23:30:12 您未提供钉钉机器人推送所需的DD_BOT_TOKEN或者DD_BOT_SECRET，取消钉钉推送消息通知🚫
Jun 10 23:30:12 
Jun 10 23:30:12 您未提供企业微信机器人推送所需的QYWX_KEY，取消企业微信推送消息通知🚫
Jun 10 23:30:12 
Jun 10 23:30:12 您未提供企业微信应用消息推送所需的QYWX_AM，取消企业微信应用消息推送消息通知🚫
Jun 10 23:30:12 
Jun 10 23:30:12 您未提供iGot的推送IGOT_PUSH_KEY，取消iGot推送消息通知🚫
Jun 10 23:30:12 
Jun 10 23:30:12 
Jun 10 23:30:12 🔔京东直播, 结束! 🕛 1.23 秒
Jun 10 23:30:12 
Jun 10 23:35:07 
Jun 10 23:35:07 🔔京东直播, 开始!
Jun 10 23:35:07 
Jun 10 23:35:07 ====================共1个京东账号Cookie=========
Jun 10 23:35:07 
Jun 10 23:35:07 ==================脚本执行- 北京时间(UTC+8)：6/10/2021, 11:35:07 PM=====================
Jun 10 23:35:07 
Jun 10 23:35:09 
Jun 10 23:35:09 ******开始【京东账号1】liu1071607950*********
Jun 10 23:35:09 
Jun 10 23:35:09 
Jun 10 23:35:09 ==============📣系统通知📣==============
Jun 10 23:35:09 京东直播
Jun 10 23:35:09 【提示】cookie已失效
Jun 10 23:35:09 京东账号1 liu1071607950
Jun 10 23:35:09 请重新登录获取
Jun 10 23:35:09 https://bean.m.jd.com/bean/signIndex.action
Jun 10 23:35:09 
Jun 10 23:35:09 
Jun 10 23:35:09 您未提供server酱的SCKEY，取消微信推送消息通知🚫
Jun 10 23:35:09 
Jun 10 23:35:09 您未提供push+推送所需的PUSH_PLUS_TOKEN，取消push+推送消息通知🚫
Jun 10 23:35:09 
Jun 10 23:35:09 您未提供Bark的APP推送BARK_PUSH，取消Bark推送消息通知🚫
Jun 10 23:35:09 
Jun 10 23:35:09 您未提供telegram机器人推送所需的TG_BOT_TOKEN和TG_USER_ID，取消telegram推送消息通知🚫
Jun 10 23:35:09 
Jun 10 23:35:09 您未提供钉钉机器人推送所需的DD_BOT_TOKEN或者DD_BOT_SECRET，取消钉钉推送消息通知🚫
Jun 10 23:35:09 
Jun 10 23:35:09 您未提供企业微信机器人推送所需的QYWX_KEY，取消企业微信推送消息通知🚫
Jun 10 23:35:09 
Jun 10 23:35:09 您未提供企业微信应用消息推送所需的QYWX_AM，取消企业微信应用消息推送消息通知🚫
Jun 10 23:35:09 
Jun 10 23:35:09 您未提供iGot的推送IGOT_PUSH_KEY，取消iGot推送消息通知🚫
Jun 10 23:35:09 
Jun 10 23:35:09 
Jun 10 23:35:09 🔔京东直播, 结束! 🕛 2.45 秒
Jun 10 23:35:09 
Jun 10 23:40:18 
Jun 10 23:40:18 🔔京东直播, 开始!
Jun 10 23:40:18 
Jun 10 23:40:18 ====================共1个京东账号Cookie=========
Jun 10 23:40:18 
Jun 10 23:40:18 ==================脚本执行- 北京时间(UTC+8)：6/10/2021, 11:40:18 PM=====================
Jun 10 23:40:18 
Jun 10 23:40:20 
Jun 10 23:40:20 ******开始【京东账号1】liu1071607950*********
Jun 10 23:40:20 
Jun 10 23:40:20 
Jun 10 23:40:20 ==============📣系统通知📣==============
Jun 10 23:40:20 京东直播
Jun 10 23:40:20 【提示】cookie已失效
Jun 10 23:40:20 京东账号1 liu1071607950
Jun 10 23:40:20 请重新登录获取
Jun 10 23:40:20 https://bean.m.jd.com/bean/signIndex.action
Jun 10 23:40:20 
Jun 10 23:40:20 
Jun 10 23:40:20 您未提供server酱的SCKEY，取消微信推送消息通知🚫
Jun 10 23:40:20 
Jun 10 23:40:20 您未提供push+推送所需的PUSH_PLUS_TOKEN，取消push+推送消息通知🚫
Jun 10 23:40:20 
Jun 10 23:40:20 您未提供Bark的APP推送BARK_PUSH，取消Bark推送消息通知🚫
Jun 10 23:40:20 
Jun 10 23:40:20 您未提供telegram机器人推送所需的TG_BOT_TOKEN和TG_USER_ID，取消telegram推送消息通知🚫
Jun 10 23:40:20 
Jun 10 23:40:20 您未提供钉钉机器人推送所需的DD_BOT_TOKEN或者DD_BOT_SECRET，取消钉钉推送消息通知🚫
Jun 10 23:40:20 
Jun 10 23:40:20 您未提供企业微信机器人推送所需的QYWX_KEY，取消企业微信推送消息通知🚫
Jun 10 23:40:20 
Jun 10 23:40:20 您未提供企业微信应用消息推送所需的QYWX_AM，取消企业微信应用消息推送消息通知🚫
Jun 10 23:40:20 
Jun 10 23:40:20 您未提供iGot的推送IGOT_PUSH_KEY，取消iGot推送消息通知🚫
Jun 10 23:40:20 
Jun 10 23:40:20 
Jun 10 23:40:20 🔔京东直播, 结束! 🕛 2.099 秒
Jun 10 23:40:20 
Jun 10 23:45:16 
Jun 10 23:45:16 🔔京东直播, 开始!
Jun 10 23:45:16 
Jun 10 23:45:16 ====================共1个京东账号Cookie=========
Jun 10 23:45:16 
Jun 10 23:45:16 ==================脚本执行- 北京时间(UTC+8)：6/10/2021, 11:45:16 PM=====================
Jun 10 23:45:16 
Jun 10 23:45:18 
Jun 10 23:45:18 ******开始【京东账号1】liu1071607950*********
Jun 10 23:45:18 
Jun 10 23:45:18 
Jun 10 23:45:18 ==============📣系统通知📣==============
Jun 10 23:45:18 京东直播
Jun 10 23:45:18 【提示】cookie已失效
Jun 10 23:45:18 京东账号1 liu1071607950
Jun 10 23:45:18 请重新登录获取
Jun 10 23:45:18 https://bean.m.jd.com/bean/signIndex.action
Jun 10 23:45:18 
Jun 10 23:45:18 
Jun 10 23:45:18 您未提供server酱的SCKEY，取消微信推送消息通知🚫
Jun 10 23:45:18 
Jun 10 23:45:18 您未提供push+推送所需的PUSH_PLUS_TOKEN，取消push+推送消息通知🚫
Jun 10 23:45:18 
Jun 10 23:45:18 您未提供Bark的APP推送BARK_PUSH，取消Bark推送消息通知🚫
Jun 10 23:45:18 
Jun 10 23:45:18 您未提供telegram机器人推送所需的TG_BOT_TOKEN和TG_USER_ID，取消telegram推送消息通知🚫
Jun 10 23:45:18 
Jun 10 23:45:18 您未提供钉钉机器人推送所需的DD_BOT_TOKEN或者DD_BOT_SECRET，取消钉钉推送消息通知🚫
Jun 10 23:45:18 
Jun 10 23:45:18 您未提供企业微信机器人推送所需的QYWX_KEY，取消企业微信推送消息通知🚫
Jun 10 23:45:18 
Jun 10 23:45:18 您未提供企业微信应用消息推送所需的QYWX_AM，取消企业微信应用消息推送消息通知🚫
Jun 10 23:45:18 
Jun 10 23:45:18 您未提供iGot的推送IGOT_PUSH_KEY，取消iGot推送消息通知🚫
Jun 10 23:45:18 
Jun 10 23:45:18 
Jun 10 23:45:18 🔔京东直播, 结束! 🕛 1.392 秒
Jun 10 23:45:18 
Jun 10 23:51:56 
Jun 10 23:51:56 🔔京东直播, 开始!
Jun 10 23:51:56 
Jun 10 23:51:56 ====================共1个京东账号Cookie=========
Jun 10 23:51:56 
Jun 10 23:51:56 ==================脚本执行- 北京时间(UTC+8)：6/10/2021, 11:51:56 PM=====================
Jun 10 23:51:56 
Jun 10 23:51:58 
Jun 10 23:51:58 ******开始【京东账号1】liu1071607950*********
Jun 10 23:51:58 
Jun 10 23:51:58 
Jun 10 23:51:58 ==============📣系统通知📣==============
Jun 10 23:51:58 京东直播
Jun 10 23:51:58 【提示】cookie已失效
Jun 10 23:51:58 京东账号1 liu1071607950
Jun 10 23:51:58 请重新登录获取
Jun 10 23:51:58 https://bean.m.jd.com/bean/signIndex.action
Jun 10 23:51:58 
Jun 10 23:51:58 
Jun 10 23:51:58 您未提供server酱的SCKEY，取消微信推送消息通知🚫
Jun 10 23:51:58 
Jun 10 23:51:58 您未提供push+推送所需的PUSH_PLUS_TOKEN，取消push+推送消息通知🚫
Jun 10 23:51:58 
Jun 10 23:51:58 您未提供Bark的APP推送BARK_PUSH，取消Bark推送消息通知🚫
Jun 10 23:51:58 
Jun 10 23:51:58 您未提供telegram机器人推送所需的TG_BOT_TOKEN和TG_USER_ID，取消telegram推送消息通知🚫
Jun 10 23:51:58 
Jun 10 23:51:58 您未提供钉钉机器人推送所需的DD_BOT_TOKEN或者DD_BOT_SECRET，取消钉钉推送消息通知🚫
Jun 10 23:51:58 
Jun 10 23:51:58 您未提供企业微信机器人推送所需的QYWX_KEY，取消企业微信推送消息通知🚫
Jun 10 23:51:58 
Jun 10 23:51:58 您未提供企业微信应用消息推送所需的QYWX_AM，取消企业微信应用消息推送消息通知🚫
Jun 10 23:51:58 
Jun 10 23:51:58 您未提供iGot的推送IGOT_PUSH_KEY，取消iGot推送消息通知🚫
Jun 10 23:51:58 
Jun 10 23:51:58 
Jun 10 23:51:58 🔔京东直播, 结束! 🕛 1.263 秒
Jun 10 23:51:58 
