Jun 08 10:24:09 
Jun 08 10:24:09 🔔京东摇钱树, 开始!
Jun 08 10:24:09 
Jun 08 10:24:09 ====================共1个京东账号Cookie=========
Jun 08 10:24:09 
Jun 08 10:24:09 ==================脚本执行- 北京时间(UTC+8)：6/8/2021, 10:24:09 AM=====================
Jun 08 10:24:09 
Jun 08 10:24:11 
Jun 08 10:24:11 ****开始【京东账号1】liu1071607950****
Jun 08 10:24:11 
Jun 08 10:24:11 
Jun 08 10:24:11 ==============📣系统通知📣==============
Jun 08 10:24:11 京东摇钱树
Jun 08 10:24:11 【提示】cookie已失效
Jun 08 10:24:11 京东账号1 liu1071607950
Jun 08 10:24:11 请重新登录获取
Jun 08 10:24:11 https://bean.m.jd.com/bean/signIndex.action
Jun 08 10:24:11 
Jun 08 10:24:11 
Jun 08 10:24:11 您未提供server酱的SCKEY，取消微信推送消息通知🚫
Jun 08 10:24:11 
Jun 08 10:24:11 您未提供push+推送所需的PUSH_PLUS_TOKEN，取消push+推送消息通知🚫
Jun 08 10:24:11 
Jun 08 10:24:11 您未提供Bark的APP推送BARK_PUSH，取消Bark推送消息通知🚫
Jun 08 10:24:11 
Jun 08 10:24:11 您未提供telegram机器人推送所需的TG_BOT_TOKEN和TG_USER_ID，取消telegram推送消息通知🚫
Jun 08 10:24:11 
Jun 08 10:24:11 您未提供钉钉机器人推送所需的DD_BOT_TOKEN或者DD_BOT_SECRET，取消钉钉推送消息通知🚫
Jun 08 10:24:11 
Jun 08 10:24:11 您未提供企业微信机器人推送所需的QYWX_KEY，取消企业微信推送消息通知🚫
Jun 08 10:24:11 
Jun 08 10:24:11 您未提供企业微信应用消息推送所需的QYWX_AM，取消企业微信应用消息推送消息通知🚫
Jun 08 10:24:11 
Jun 08 10:24:11 您未提供iGot的推送IGOT_PUSH_KEY，取消iGot推送消息通知🚫
Jun 08 10:24:11 
Jun 08 10:24:11 
Jun 08 10:24:11 🔔京东摇钱树, 结束! 🕛 2.381 秒
Jun 08 10:24:11 
Jun 08 12:24:03 
Jun 08 12:24:03 🔔京东摇钱树, 开始!
Jun 08 12:24:03 
Jun 08 12:24:03 ====================共1个京东账号Cookie=========
Jun 08 12:24:03 
Jun 08 12:24:03 ==================脚本执行- 北京时间(UTC+8)：6/8/2021, 12:24:03 PM=====================
Jun 08 12:24:03 
Jun 08 12:24:04 
Jun 08 12:24:04 ****开始【京东账号1】liu1071607950****
Jun 08 12:24:04 
Jun 08 12:24:04 
Jun 08 12:24:04 ==============📣系统通知📣==============
Jun 08 12:24:04 京东摇钱树
Jun 08 12:24:04 【提示】cookie已失效
Jun 08 12:24:04 京东账号1 liu1071607950
Jun 08 12:24:04 请重新登录获取
Jun 08 12:24:04 https://bean.m.jd.com/bean/signIndex.action
Jun 08 12:24:04 
Jun 08 12:24:04 
Jun 08 12:24:04 您未提供server酱的SCKEY，取消微信推送消息通知🚫
Jun 08 12:24:04 
Jun 08 12:24:04 您未提供push+推送所需的PUSH_PLUS_TOKEN，取消push+推送消息通知🚫
Jun 08 12:24:04 
Jun 08 12:24:04 您未提供Bark的APP推送BARK_PUSH，取消Bark推送消息通知🚫
Jun 08 12:24:04 
Jun 08 12:24:04 您未提供telegram机器人推送所需的TG_BOT_TOKEN和TG_USER_ID，取消telegram推送消息通知🚫
Jun 08 12:24:04 
Jun 08 12:24:04 您未提供钉钉机器人推送所需的DD_BOT_TOKEN或者DD_BOT_SECRET，取消钉钉推送消息通知🚫
Jun 08 12:24:04 
Jun 08 12:24:04 您未提供企业微信机器人推送所需的QYWX_KEY，取消企业微信推送消息通知🚫
Jun 08 12:24:04 
Jun 08 12:24:04 您未提供企业微信应用消息推送所需的QYWX_AM，取消企业微信应用消息推送消息通知🚫
Jun 08 12:24:04 
Jun 08 12:24:04 您未提供iGot的推送IGOT_PUSH_KEY，取消iGot推送消息通知🚫
Jun 08 12:24:04 
Jun 08 12:24:04 
Jun 08 12:24:04 🔔京东摇钱树, 结束! 🕛 1.309 秒
Jun 08 12:24:04 
Jun 08 14:24:24 
Jun 08 14:24:24 🔔京东摇钱树, 开始!
Jun 08 14:24:24 
Jun 08 14:24:24 ====================共1个京东账号Cookie=========
Jun 08 14:24:24 
Jun 08 14:24:24 ==================脚本执行- 北京时间(UTC+8)：6/8/2021, 2:24:24 PM=====================
Jun 08 14:24:24 
Jun 08 14:24:26 
Jun 08 14:24:26 ****开始【京东账号1】liu1071607950****
Jun 08 14:24:26 
Jun 08 14:24:26 
Jun 08 14:24:26 ==============📣系统通知📣==============
Jun 08 14:24:26 京东摇钱树
Jun 08 14:24:26 【提示】cookie已失效
Jun 08 14:24:26 京东账号1 liu1071607950
Jun 08 14:24:26 请重新登录获取
Jun 08 14:24:26 https://bean.m.jd.com/bean/signIndex.action
Jun 08 14:24:26 
Jun 08 14:24:26 
Jun 08 14:24:26 您未提供server酱的SCKEY，取消微信推送消息通知🚫
Jun 08 14:24:26 
Jun 08 14:24:26 您未提供push+推送所需的PUSH_PLUS_TOKEN，取消push+推送消息通知🚫
Jun 08 14:24:26 
Jun 08 14:24:26 您未提供Bark的APP推送BARK_PUSH，取消Bark推送消息通知🚫
Jun 08 14:24:26 
Jun 08 14:24:26 您未提供telegram机器人推送所需的TG_BOT_TOKEN和TG_USER_ID，取消telegram推送消息通知🚫
Jun 08 14:24:26 
Jun 08 14:24:26 您未提供钉钉机器人推送所需的DD_BOT_TOKEN或者DD_BOT_SECRET，取消钉钉推送消息通知🚫
Jun 08 14:24:26 
Jun 08 14:24:26 您未提供企业微信机器人推送所需的QYWX_KEY，取消企业微信推送消息通知🚫
Jun 08 14:24:26 
Jun 08 14:24:26 您未提供企业微信应用消息推送所需的QYWX_AM，取消企业微信应用消息推送消息通知🚫
Jun 08 14:24:26 
Jun 08 14:24:26 您未提供iGot的推送IGOT_PUSH_KEY，取消iGot推送消息通知🚫
Jun 08 14:24:26 
Jun 08 14:24:26 
Jun 08 14:24:26 🔔京东摇钱树, 结束! 🕛 1.85 秒
Jun 08 14:24:26 
Jun 08 16:24:46 
Jun 08 16:24:46 🔔京东摇钱树, 开始!
Jun 08 16:24:46 
Jun 08 16:24:46 ====================共1个京东账号Cookie=========
Jun 08 16:24:46 
Jun 08 16:24:46 ==================脚本执行- 北京时间(UTC+8)：6/8/2021, 4:24:46 PM=====================
Jun 08 16:24:46 
Jun 08 16:24:48 
Jun 08 16:24:48 ****开始【京东账号1】liu1071607950****
Jun 08 16:24:48 
Jun 08 16:24:48 
Jun 08 16:24:48 ==============📣系统通知📣==============
Jun 08 16:24:48 京东摇钱树
Jun 08 16:24:48 【提示】cookie已失效
Jun 08 16:24:48 京东账号1 liu1071607950
Jun 08 16:24:48 请重新登录获取
Jun 08 16:24:48 https://bean.m.jd.com/bean/signIndex.action
Jun 08 16:24:48 
Jun 08 16:24:48 
Jun 08 16:24:48 您未提供server酱的SCKEY，取消微信推送消息通知🚫
Jun 08 16:24:48 
Jun 08 16:24:48 您未提供push+推送所需的PUSH_PLUS_TOKEN，取消push+推送消息通知🚫
Jun 08 16:24:48 
Jun 08 16:24:48 您未提供Bark的APP推送BARK_PUSH，取消Bark推送消息通知🚫
Jun 08 16:24:48 
Jun 08 16:24:48 您未提供telegram机器人推送所需的TG_BOT_TOKEN和TG_USER_ID，取消telegram推送消息通知🚫
Jun 08 16:24:48 
Jun 08 16:24:48 您未提供钉钉机器人推送所需的DD_BOT_TOKEN或者DD_BOT_SECRET，取消钉钉推送消息通知🚫
Jun 08 16:24:48 
Jun 08 16:24:48 您未提供企业微信机器人推送所需的QYWX_KEY，取消企业微信推送消息通知🚫
Jun 08 16:24:48 
Jun 08 16:24:48 您未提供企业微信应用消息推送所需的QYWX_AM，取消企业微信应用消息推送消息通知🚫
Jun 08 16:24:48 
Jun 08 16:24:48 您未提供iGot的推送IGOT_PUSH_KEY，取消iGot推送消息通知🚫
Jun 08 16:24:48 
Jun 08 16:24:48 
Jun 08 16:24:48 🔔京东摇钱树, 结束! 🕛 2.191 秒
Jun 08 16:24:48 
Jun 08 18:23:37 
Jun 08 18:23:37 🔔京东摇钱树, 开始!
Jun 08 18:23:38 
Jun 08 18:23:38 ====================共1个京东账号Cookie=========
Jun 08 18:23:38 
Jun 08 18:23:38 ==================脚本执行- 北京时间(UTC+8)：6/8/2021, 6:23:38 PM=====================
Jun 08 18:23:38 
Jun 08 18:23:39 
Jun 08 18:23:39 ****开始【京东账号1】liu1071607950****
Jun 08 18:23:39 
Jun 08 18:23:39 
Jun 08 18:23:39 ==============📣系统通知📣==============
Jun 08 18:23:39 京东摇钱树
Jun 08 18:23:39 【提示】cookie已失效
Jun 08 18:23:39 京东账号1 liu1071607950
Jun 08 18:23:39 请重新登录获取
Jun 08 18:23:39 https://bean.m.jd.com/bean/signIndex.action
Jun 08 18:23:39 
Jun 08 18:23:39 
Jun 08 18:23:39 您未提供server酱的SCKEY，取消微信推送消息通知🚫
Jun 08 18:23:39 
Jun 08 18:23:39 您未提供push+推送所需的PUSH_PLUS_TOKEN，取消push+推送消息通知🚫
Jun 08 18:23:39 
Jun 08 18:23:39 您未提供Bark的APP推送BARK_PUSH，取消Bark推送消息通知🚫
Jun 08 18:23:39 
Jun 08 18:23:39 您未提供telegram机器人推送所需的TG_BOT_TOKEN和TG_USER_ID，取消telegram推送消息通知🚫
Jun 08 18:23:39 
Jun 08 18:23:39 您未提供钉钉机器人推送所需的DD_BOT_TOKEN或者DD_BOT_SECRET，取消钉钉推送消息通知🚫
Jun 08 18:23:39 
Jun 08 18:23:39 您未提供企业微信机器人推送所需的QYWX_KEY，取消企业微信推送消息通知🚫
Jun 08 18:23:39 
Jun 08 18:23:39 您未提供企业微信应用消息推送所需的QYWX_AM，取消企业微信应用消息推送消息通知🚫
Jun 08 18:23:39 
Jun 08 18:23:39 您未提供iGot的推送IGOT_PUSH_KEY，取消iGot推送消息通知🚫
Jun 08 18:23:39 
Jun 08 18:23:39 
Jun 08 18:23:39 🔔京东摇钱树, 结束! 🕛 2.012 秒
Jun 08 18:23:39 
Jun 08 20:23:31 
Jun 08 20:23:31 🔔京东摇钱树, 开始!
Jun 08 20:23:31 
Jun 08 20:23:31 ====================共1个京东账号Cookie=========
Jun 08 20:23:31 
Jun 08 20:23:31 ==================脚本执行- 北京时间(UTC+8)：6/8/2021, 8:23:31 PM=====================
Jun 08 20:23:31 
Jun 08 20:23:35 
Jun 08 20:23:35 ❗️京东摇钱树, 错误!
Jun 08 20:23:35 
Jun 08 20:23:35 
Jun 08 20:23:35 ****开始【京东账号1】liu1071607950****
Jun 08 20:23:35 
Jun 08 20:23:35 初始化摇钱树个人信息
Jun 08 20:23:35 
Jun 08 20:23:35 摇钱树京东API请求失败 ‼️‼️
Jun 08 20:23:35 "getaddrinfo ENOTFOUND ms.jr.jd.com"
Jun 08 20:23:35 
Jun 08 20:23:35 🔔京东摇钱树, 结束! 🕛 4.601 秒
Jun 08 20:23:35 
Jun 08 22:23:37 
Jun 08 22:23:37 🔔京东摇钱树, 开始!
Jun 08 22:23:37 
Jun 08 22:23:37 ====================共1个京东账号Cookie=========
Jun 08 22:23:37 
Jun 08 22:23:37 ==================脚本执行- 北京时间(UTC+8)：6/8/2021, 10:23:37 PM=====================
Jun 08 22:23:37 
Jun 08 22:23:39 
Jun 08 22:23:39 ****开始【京东账号1】liu1071607950****
Jun 08 22:23:39 
Jun 08 22:23:39 
Jun 08 22:23:39 ==============📣系统通知📣==============
Jun 08 22:23:39 京东摇钱树
Jun 08 22:23:39 【提示】cookie已失效
Jun 08 22:23:39 京东账号1 liu1071607950
Jun 08 22:23:39 请重新登录获取
Jun 08 22:23:39 https://bean.m.jd.com/bean/signIndex.action
Jun 08 22:23:39 
Jun 08 22:23:39 
Jun 08 22:23:39 您未提供server酱的SCKEY，取消微信推送消息通知🚫
Jun 08 22:23:39 
Jun 08 22:23:39 您未提供push+推送所需的PUSH_PLUS_TOKEN，取消push+推送消息通知🚫
Jun 08 22:23:39 
Jun 08 22:23:39 您未提供Bark的APP推送BARK_PUSH，取消Bark推送消息通知🚫
Jun 08 22:23:39 
Jun 08 22:23:39 您未提供telegram机器人推送所需的TG_BOT_TOKEN和TG_USER_ID，取消telegram推送消息通知🚫
Jun 08 22:23:39 
Jun 08 22:23:39 您未提供钉钉机器人推送所需的DD_BOT_TOKEN或者DD_BOT_SECRET，取消钉钉推送消息通知🚫
Jun 08 22:23:39 
Jun 08 22:23:39 您未提供企业微信机器人推送所需的QYWX_KEY，取消企业微信推送消息通知🚫
Jun 08 22:23:39 
Jun 08 22:23:39 您未提供企业微信应用消息推送所需的QYWX_AM，取消企业微信应用消息推送消息通知🚫
Jun 08 22:23:39 
Jun 08 22:23:39 您未提供iGot的推送IGOT_PUSH_KEY，取消iGot推送消息通知🚫
Jun 08 22:23:39 
Jun 08 22:23:39 
Jun 08 22:23:39 🔔京东摇钱树, 结束! 🕛 2.031 秒
Jun 08 22:23:39 
Jun 09 12:23:47 
Jun 09 12:23:47 🔔京东摇钱树, 开始!
Jun 09 12:23:47 
Jun 09 12:23:47 ====================共1个京东账号Cookie=========
Jun 09 12:23:47 
Jun 09 12:23:47 ==================脚本执行- 北京时间(UTC+8)：6/9/2021, 12:23:47 PM=====================
Jun 09 12:23:47 
Jun 09 12:23:52 
Jun 09 12:23:52 ❗️京东摇钱树, 错误!
Jun 09 12:23:52 
Jun 09 12:23:52 
Jun 09 12:23:52 ****开始【京东账号1】liu1071607950****
Jun 09 12:23:52 
Jun 09 12:23:52 初始化摇钱树个人信息
Jun 09 12:23:52 
Jun 09 12:23:52 摇钱树京东API请求失败 ‼️‼️
Jun 09 12:23:52 "getaddrinfo ENOTFOUND ms.jr.jd.com"
Jun 09 12:23:52 
Jun 09 12:23:52 🔔京东摇钱树, 结束! 🕛 4.802 秒
Jun 09 12:23:52 
Jun 09 14:24:54 
Jun 09 14:24:54 🔔京东摇钱树, 开始!
Jun 09 14:24:54 
Jun 09 14:24:54 ====================共1个京东账号Cookie=========
Jun 09 14:24:54 
Jun 09 14:24:54 ==================脚本执行- 北京时间(UTC+8)：6/9/2021, 2:24:54 PM=====================
Jun 09 14:24:54 
Jun 09 14:24:55 
Jun 09 14:24:55 ****开始【京东账号1】liu1071607950****
Jun 09 14:24:55 
Jun 09 14:24:55 
Jun 09 14:24:55 ==============📣系统通知📣==============
Jun 09 14:24:55 京东摇钱树
Jun 09 14:24:55 【提示】cookie已失效
Jun 09 14:24:55 京东账号1 liu1071607950
Jun 09 14:24:55 请重新登录获取
Jun 09 14:24:55 https://bean.m.jd.com/bean/signIndex.action
Jun 09 14:24:55 
Jun 09 14:24:55 
Jun 09 14:24:55 您未提供server酱的SCKEY，取消微信推送消息通知🚫
Jun 09 14:24:55 
Jun 09 14:24:55 您未提供push+推送所需的PUSH_PLUS_TOKEN，取消push+推送消息通知🚫
Jun 09 14:24:55 
Jun 09 14:24:55 您未提供Bark的APP推送BARK_PUSH，取消Bark推送消息通知🚫
Jun 09 14:24:55 
Jun 09 14:24:55 您未提供telegram机器人推送所需的TG_BOT_TOKEN和TG_USER_ID，取消telegram推送消息通知🚫
Jun 09 14:24:55 
Jun 09 14:24:55 您未提供钉钉机器人推送所需的DD_BOT_TOKEN或者DD_BOT_SECRET，取消钉钉推送消息通知🚫
Jun 09 14:24:55 
Jun 09 14:24:55 您未提供企业微信机器人推送所需的QYWX_KEY，取消企业微信推送消息通知🚫
Jun 09 14:24:55 
Jun 09 14:24:55 您未提供企业微信应用消息推送所需的QYWX_AM，取消企业微信应用消息推送消息通知🚫
Jun 09 14:24:55 
Jun 09 14:24:55 您未提供iGot的推送IGOT_PUSH_KEY，取消iGot推送消息通知🚫
Jun 09 14:24:55 
Jun 09 14:24:55 
Jun 09 14:24:55 🔔京东摇钱树, 结束! 🕛 1.502 秒
Jun 09 14:24:55 
Jun 09 16:24:20 
Jun 09 16:24:20 🔔京东摇钱树, 开始!
Jun 09 16:24:20 
Jun 09 16:24:20 ====================共1个京东账号Cookie=========
Jun 09 16:24:20 
Jun 09 16:24:20 ==================脚本执行- 北京时间(UTC+8)：6/9/2021, 4:24:20 PM=====================
Jun 09 16:24:20 
Jun 09 16:24:21 
Jun 09 16:24:21 ****开始【京东账号1】liu1071607950****
Jun 09 16:24:21 
Jun 09 16:24:21 
Jun 09 16:24:21 ==============📣系统通知📣==============
Jun 09 16:24:21 京东摇钱树
Jun 09 16:24:21 【提示】cookie已失效
Jun 09 16:24:21 京东账号1 liu1071607950
Jun 09 16:24:21 请重新登录获取
Jun 09 16:24:21 https://bean.m.jd.com/bean/signIndex.action
Jun 09 16:24:21 
Jun 09 16:24:21 
Jun 09 16:24:21 您未提供server酱的SCKEY，取消微信推送消息通知🚫
Jun 09 16:24:21 
Jun 09 16:24:21 您未提供push+推送所需的PUSH_PLUS_TOKEN，取消push+推送消息通知🚫
Jun 09 16:24:21 
Jun 09 16:24:21 您未提供Bark的APP推送BARK_PUSH，取消Bark推送消息通知🚫
Jun 09 16:24:21 
Jun 09 16:24:21 您未提供telegram机器人推送所需的TG_BOT_TOKEN和TG_USER_ID，取消telegram推送消息通知🚫
Jun 09 16:24:21 
Jun 09 16:24:21 您未提供钉钉机器人推送所需的DD_BOT_TOKEN或者DD_BOT_SECRET，取消钉钉推送消息通知🚫
Jun 09 16:24:21 
Jun 09 16:24:21 您未提供企业微信机器人推送所需的QYWX_KEY，取消企业微信推送消息通知🚫
Jun 09 16:24:21 
Jun 09 16:24:21 您未提供企业微信应用消息推送所需的QYWX_AM，取消企业微信应用消息推送消息通知🚫
Jun 09 16:24:21 
Jun 09 16:24:21 您未提供iGot的推送IGOT_PUSH_KEY，取消iGot推送消息通知🚫
Jun 09 16:24:21 
Jun 09 16:24:21 
Jun 09 16:24:21 🔔京东摇钱树, 结束! 🕛 1.392 秒
Jun 09 16:24:21 
Jun 09 18:24:46 
Jun 09 18:24:46 🔔京东摇钱树, 开始!
Jun 09 18:24:46 
Jun 09 18:24:46 ====================共1个京东账号Cookie=========
Jun 09 18:24:46 
Jun 09 18:24:46 ==================脚本执行- 北京时间(UTC+8)：6/9/2021, 6:24:46 PM=====================
Jun 09 18:24:46 
Jun 09 18:24:47 
Jun 09 18:24:47 ****开始【京东账号1】liu1071607950****
Jun 09 18:24:47 
Jun 09 18:24:47 
Jun 09 18:24:47 ==============📣系统通知📣==============
Jun 09 18:24:47 京东摇钱树
Jun 09 18:24:47 【提示】cookie已失效
Jun 09 18:24:47 京东账号1 liu1071607950
Jun 09 18:24:47 请重新登录获取
Jun 09 18:24:47 https://bean.m.jd.com/bean/signIndex.action
Jun 09 18:24:47 
Jun 09 18:24:47 
Jun 09 18:24:47 您未提供server酱的SCKEY，取消微信推送消息通知🚫
Jun 09 18:24:47 
Jun 09 18:24:47 您未提供push+推送所需的PUSH_PLUS_TOKEN，取消push+推送消息通知🚫
Jun 09 18:24:47 
Jun 09 18:24:47 您未提供Bark的APP推送BARK_PUSH，取消Bark推送消息通知🚫
Jun 09 18:24:47 
Jun 09 18:24:47 您未提供telegram机器人推送所需的TG_BOT_TOKEN和TG_USER_ID，取消telegram推送消息通知🚫
Jun 09 18:24:47 
Jun 09 18:24:47 您未提供钉钉机器人推送所需的DD_BOT_TOKEN或者DD_BOT_SECRET，取消钉钉推送消息通知🚫
Jun 09 18:24:47 
Jun 09 18:24:47 您未提供企业微信机器人推送所需的QYWX_KEY，取消企业微信推送消息通知🚫
Jun 09 18:24:47 
Jun 09 18:24:47 您未提供企业微信应用消息推送所需的QYWX_AM，取消企业微信应用消息推送消息通知🚫
Jun 09 18:24:47 
Jun 09 18:24:47 您未提供iGot的推送IGOT_PUSH_KEY，取消iGot推送消息通知🚫
Jun 09 18:24:47 
Jun 09 18:24:47 
Jun 09 18:24:47 🔔京东摇钱树, 结束! 🕛 1.281 秒
Jun 09 18:24:47 
Jun 09 20:24:24 
Jun 09 20:24:24 🔔京东摇钱树, 开始!
Jun 09 20:24:24 
Jun 09 20:24:24 ====================共1个京东账号Cookie=========
Jun 09 20:24:24 
Jun 09 20:24:24 ==================脚本执行- 北京时间(UTC+8)：6/9/2021, 8:24:24 PM=====================
Jun 09 20:24:24 
Jun 09 20:24:28 
Jun 09 20:24:28 ❗️京东摇钱树, 错误!
Jun 09 20:24:28 
Jun 09 20:24:28 
Jun 09 20:24:28 ****开始【京东账号1】liu1071607950****
Jun 09 20:24:28 
Jun 09 20:24:28 初始化摇钱树个人信息
Jun 09 20:24:28 
Jun 09 20:24:28 摇钱树京东API请求失败 ‼️‼️
Jun 09 20:24:28 "getaddrinfo ENOTFOUND ms.jr.jd.com"
Jun 09 20:24:28 
Jun 09 20:24:28 🔔京东摇钱树, 结束! 🕛 4.056 秒
Jun 09 20:24:28 
Jun 09 22:24:57 
Jun 09 22:24:57 🔔京东摇钱树, 开始!
Jun 09 22:24:57 
Jun 09 22:24:57 ====================共1个京东账号Cookie=========
Jun 09 22:24:57 
Jun 09 22:24:57 ==================脚本执行- 北京时间(UTC+8)：6/9/2021, 10:24:57 PM=====================
Jun 09 22:24:57 
Jun 09 22:24:58 
Jun 09 22:24:58 ****开始【京东账号1】liu1071607950****
Jun 09 22:24:58 
Jun 09 22:24:58 
Jun 09 22:24:58 ==============📣系统通知📣==============
Jun 09 22:24:58 京东摇钱树
Jun 09 22:24:58 【提示】cookie已失效
Jun 09 22:24:58 京东账号1 liu1071607950
Jun 09 22:24:58 请重新登录获取
Jun 09 22:24:58 https://bean.m.jd.com/bean/signIndex.action
Jun 09 22:24:58 
Jun 09 22:24:58 
Jun 09 22:24:58 您未提供server酱的SCKEY，取消微信推送消息通知🚫
Jun 09 22:24:58 
Jun 09 22:24:58 您未提供push+推送所需的PUSH_PLUS_TOKEN，取消push+推送消息通知🚫
Jun 09 22:24:58 
Jun 09 22:24:58 您未提供Bark的APP推送BARK_PUSH，取消Bark推送消息通知🚫
Jun 09 22:24:58 
Jun 09 22:24:58 您未提供telegram机器人推送所需的TG_BOT_TOKEN和TG_USER_ID，取消telegram推送消息通知🚫
Jun 09 22:24:58 
Jun 09 22:24:58 您未提供钉钉机器人推送所需的DD_BOT_TOKEN或者DD_BOT_SECRET，取消钉钉推送消息通知🚫
Jun 09 22:24:58 
Jun 09 22:24:58 您未提供企业微信机器人推送所需的QYWX_KEY，取消企业微信推送消息通知🚫
Jun 09 22:24:58 
Jun 09 22:24:58 您未提供企业微信应用消息推送所需的QYWX_AM，取消企业微信应用消息推送消息通知🚫
Jun 09 22:24:58 
Jun 09 22:24:58 您未提供iGot的推送IGOT_PUSH_KEY，取消iGot推送消息通知🚫
Jun 09 22:24:58 
Jun 09 22:24:58 
Jun 09 22:24:58 🔔京东摇钱树, 结束! 🕛 1.193 秒
Jun 09 22:24:58 
Jun 10 10:23:43 
Jun 10 10:23:43 🔔京东摇钱树, 开始!
Jun 10 10:23:43 
Jun 10 10:23:43 ====================共1个京东账号Cookie=========
Jun 10 10:23:43 
Jun 10 10:23:43 ==================脚本执行- 北京时间(UTC+8)：6/10/2021, 10:23:43 AM=====================
Jun 10 10:23:43 
Jun 10 10:23:45 
Jun 10 10:23:45 ****开始【京东账号1】liu1071607950****
Jun 10 10:23:45 
Jun 10 10:23:45 
Jun 10 10:23:45 ==============📣系统通知📣==============
Jun 10 10:23:45 京东摇钱树
Jun 10 10:23:45 【提示】cookie已失效
Jun 10 10:23:45 京东账号1 liu1071607950
Jun 10 10:23:45 请重新登录获取
Jun 10 10:23:45 https://bean.m.jd.com/bean/signIndex.action
Jun 10 10:23:45 
Jun 10 10:23:45 
Jun 10 10:23:45 您未提供server酱的SCKEY，取消微信推送消息通知🚫
Jun 10 10:23:45 
Jun 10 10:23:45 您未提供push+推送所需的PUSH_PLUS_TOKEN，取消push+推送消息通知🚫
Jun 10 10:23:45 
Jun 10 10:23:45 您未提供Bark的APP推送BARK_PUSH，取消Bark推送消息通知🚫
Jun 10 10:23:45 
Jun 10 10:23:46 您未提供telegram机器人推送所需的TG_BOT_TOKEN和TG_USER_ID，取消telegram推送消息通知🚫
Jun 10 10:23:46 
Jun 10 10:23:46 您未提供钉钉机器人推送所需的DD_BOT_TOKEN或者DD_BOT_SECRET，取消钉钉推送消息通知🚫
Jun 10 10:23:46 
Jun 10 10:23:46 您未提供企业微信机器人推送所需的QYWX_KEY，取消企业微信推送消息通知🚫
Jun 10 10:23:46 
Jun 10 10:23:46 您未提供企业微信应用消息推送所需的QYWX_AM，取消企业微信应用消息推送消息通知🚫
Jun 10 10:23:46 
Jun 10 10:23:46 您未提供iGot的推送IGOT_PUSH_KEY，取消iGot推送消息通知🚫
Jun 10 10:23:46 
Jun 10 10:23:46 
Jun 10 10:23:46 🔔京东摇钱树, 结束! 🕛 2.295 秒
Jun 10 10:23:46 
Jun 10 12:24:54 
Jun 10 12:24:54 🔔京东摇钱树, 开始!
Jun 10 12:24:54 
Jun 10 12:24:54 ====================共1个京东账号Cookie=========
Jun 10 12:24:54 
Jun 10 12:24:54 ==================脚本执行- 北京时间(UTC+8)：6/10/2021, 12:24:54 PM=====================
Jun 10 12:24:54 
Jun 10 12:24:56 
Jun 10 12:24:56 ****开始【京东账号1】liu1071607950****
Jun 10 12:24:56 
Jun 10 12:24:56 
Jun 10 12:24:56 ==============📣系统通知📣==============
Jun 10 12:24:56 京东摇钱树
Jun 10 12:24:56 【提示】cookie已失效
Jun 10 12:24:56 京东账号1 liu1071607950
Jun 10 12:24:56 请重新登录获取
Jun 10 12:24:56 https://bean.m.jd.com/bean/signIndex.action
Jun 10 12:24:56 
Jun 10 12:24:56 
Jun 10 12:24:56 您未提供server酱的SCKEY，取消微信推送消息通知🚫
Jun 10 12:24:56 
Jun 10 12:24:56 您未提供push+推送所需的PUSH_PLUS_TOKEN，取消push+推送消息通知🚫
Jun 10 12:24:56 
Jun 10 12:24:56 您未提供Bark的APP推送BARK_PUSH，取消Bark推送消息通知🚫
Jun 10 12:24:56 
Jun 10 12:24:56 您未提供telegram机器人推送所需的TG_BOT_TOKEN和TG_USER_ID，取消telegram推送消息通知🚫
Jun 10 12:24:56 
Jun 10 12:24:56 您未提供钉钉机器人推送所需的DD_BOT_TOKEN或者DD_BOT_SECRET，取消钉钉推送消息通知🚫
Jun 10 12:24:56 
Jun 10 12:24:56 您未提供企业微信机器人推送所需的QYWX_KEY，取消企业微信推送消息通知🚫
Jun 10 12:24:56 
Jun 10 12:24:56 您未提供企业微信应用消息推送所需的QYWX_AM，取消企业微信应用消息推送消息通知🚫
Jun 10 12:24:56 
Jun 10 12:24:56 您未提供iGot的推送IGOT_PUSH_KEY，取消iGot推送消息通知🚫
Jun 10 12:24:56 
Jun 10 12:24:56 
Jun 10 12:24:56 🔔京东摇钱树, 结束! 🕛 1.611 秒
Jun 10 12:24:56 
Jun 10 14:24:55 
Jun 10 14:24:55 🔔京东摇钱树, 开始!
Jun 10 14:24:55 
Jun 10 14:24:55 ====================共1个京东账号Cookie=========
Jun 10 14:24:55 
Jun 10 14:24:55 ==================脚本执行- 北京时间(UTC+8)：6/10/2021, 2:24:55 PM=====================
Jun 10 14:24:55 
Jun 10 14:24:57 
Jun 10 14:24:57 ****开始【京东账号1】liu1071607950****
Jun 10 14:24:57 
Jun 10 14:24:57 
Jun 10 14:24:57 ==============📣系统通知📣==============
Jun 10 14:24:57 京东摇钱树
Jun 10 14:24:57 【提示】cookie已失效
Jun 10 14:24:57 京东账号1 liu1071607950
Jun 10 14:24:57 请重新登录获取
Jun 10 14:24:57 https://bean.m.jd.com/bean/signIndex.action
Jun 10 14:24:57 
Jun 10 14:24:57 
Jun 10 14:24:57 您未提供server酱的SCKEY，取消微信推送消息通知🚫
Jun 10 14:24:57 
Jun 10 14:24:57 您未提供push+推送所需的PUSH_PLUS_TOKEN，取消push+推送消息通知🚫
Jun 10 14:24:57 
Jun 10 14:24:57 您未提供Bark的APP推送BARK_PUSH，取消Bark推送消息通知🚫
Jun 10 14:24:57 
Jun 10 14:24:57 您未提供telegram机器人推送所需的TG_BOT_TOKEN和TG_USER_ID，取消telegram推送消息通知🚫
Jun 10 14:24:57 
Jun 10 14:24:57 您未提供钉钉机器人推送所需的DD_BOT_TOKEN或者DD_BOT_SECRET，取消钉钉推送消息通知🚫
Jun 10 14:24:57 
Jun 10 14:24:57 您未提供企业微信机器人推送所需的QYWX_KEY，取消企业微信推送消息通知🚫
Jun 10 14:24:57 
Jun 10 14:24:57 您未提供企业微信应用消息推送所需的QYWX_AM，取消企业微信应用消息推送消息通知🚫
Jun 10 14:24:57 
Jun 10 14:24:57 您未提供iGot的推送IGOT_PUSH_KEY，取消iGot推送消息通知🚫
Jun 10 14:24:57 
Jun 10 14:24:57 
Jun 10 14:24:57 🔔京东摇钱树, 结束! 🕛 1.478 秒
Jun 10 14:24:57 
Jun 10 16:23:43 
Jun 10 16:23:43 🔔京东摇钱树, 开始!
Jun 10 16:23:43 
Jun 10 16:23:43 ====================共1个京东账号Cookie=========
Jun 10 16:23:43 
Jun 10 16:23:43 ==================脚本执行- 北京时间(UTC+8)：6/10/2021, 4:23:43 PM=====================
Jun 10 16:23:43 
Jun 10 16:23:45 
Jun 10 16:23:45 ****开始【京东账号1】liu1071607950****
Jun 10 16:23:45 
Jun 10 16:23:45 
Jun 10 16:23:45 ==============📣系统通知📣==============
Jun 10 16:23:45 京东摇钱树
Jun 10 16:23:45 【提示】cookie已失效
Jun 10 16:23:45 京东账号1 liu1071607950
Jun 10 16:23:45 请重新登录获取
Jun 10 16:23:45 https://bean.m.jd.com/bean/signIndex.action
Jun 10 16:23:45 
Jun 10 16:23:45 
Jun 10 16:23:45 您未提供server酱的SCKEY，取消微信推送消息通知🚫
Jun 10 16:23:45 
Jun 10 16:23:45 您未提供push+推送所需的PUSH_PLUS_TOKEN，取消push+推送消息通知🚫
Jun 10 16:23:45 
Jun 10 16:23:45 您未提供Bark的APP推送BARK_PUSH，取消Bark推送消息通知🚫
Jun 10 16:23:45 
Jun 10 16:23:45 您未提供telegram机器人推送所需的TG_BOT_TOKEN和TG_USER_ID，取消telegram推送消息通知🚫
Jun 10 16:23:45 
Jun 10 16:23:45 您未提供钉钉机器人推送所需的DD_BOT_TOKEN或者DD_BOT_SECRET，取消钉钉推送消息通知🚫
Jun 10 16:23:45 
Jun 10 16:23:45 您未提供企业微信机器人推送所需的QYWX_KEY，取消企业微信推送消息通知🚫
Jun 10 16:23:45 
Jun 10 16:23:45 您未提供企业微信应用消息推送所需的QYWX_AM，取消企业微信应用消息推送消息通知🚫
Jun 10 16:23:45 
Jun 10 16:23:45 您未提供iGot的推送IGOT_PUSH_KEY，取消iGot推送消息通知🚫
Jun 10 16:23:45 
Jun 10 16:23:45 
Jun 10 16:23:45 🔔京东摇钱树, 结束! 🕛 2.498 秒
Jun 10 16:23:45 
Jun 10 18:23:34 
Jun 10 18:23:34 🔔京东摇钱树, 开始!
Jun 10 18:23:34 
Jun 10 18:23:34 ====================共1个京东账号Cookie=========
Jun 10 18:23:34 
Jun 10 18:23:34 ==================脚本执行- 北京时间(UTC+8)：6/10/2021, 6:23:34 PM=====================
Jun 10 18:23:34 
Jun 10 18:23:36 
Jun 10 18:23:36 ****开始【京东账号1】liu1071607950****
Jun 10 18:23:36 
Jun 10 18:23:36 
Jun 10 18:23:36 ==============📣系统通知📣==============
Jun 10 18:23:36 京东摇钱树
Jun 10 18:23:36 【提示】cookie已失效
Jun 10 18:23:36 京东账号1 liu1071607950
Jun 10 18:23:36 请重新登录获取
Jun 10 18:23:36 https://bean.m.jd.com/bean/signIndex.action
Jun 10 18:23:36 
Jun 10 18:23:36 
Jun 10 18:23:36 您未提供server酱的SCKEY，取消微信推送消息通知🚫
Jun 10 18:23:36 
Jun 10 18:23:36 您未提供push+推送所需的PUSH_PLUS_TOKEN，取消push+推送消息通知🚫
Jun 10 18:23:36 
Jun 10 18:23:36 您未提供Bark的APP推送BARK_PUSH，取消Bark推送消息通知🚫
Jun 10 18:23:36 
Jun 10 18:23:36 您未提供telegram机器人推送所需的TG_BOT_TOKEN和TG_USER_ID，取消telegram推送消息通知🚫
Jun 10 18:23:36 
Jun 10 18:23:36 您未提供钉钉机器人推送所需的DD_BOT_TOKEN或者DD_BOT_SECRET，取消钉钉推送消息通知🚫
Jun 10 18:23:36 
Jun 10 18:23:36 您未提供企业微信机器人推送所需的QYWX_KEY，取消企业微信推送消息通知🚫
Jun 10 18:23:36 
Jun 10 18:23:36 您未提供企业微信应用消息推送所需的QYWX_AM，取消企业微信应用消息推送消息通知🚫
Jun 10 18:23:36 
Jun 10 18:23:36 您未提供iGot的推送IGOT_PUSH_KEY，取消iGot推送消息通知🚫
Jun 10 18:23:36 
Jun 10 18:23:36 
Jun 10 18:23:36 🔔京东摇钱树, 结束! 🕛 1.989 秒
Jun 10 18:23:36 
Jun 10 20:23:33 
Jun 10 20:23:33 🔔京东摇钱树, 开始!
Jun 10 20:23:33 
Jun 10 20:23:33 ====================共1个京东账号Cookie=========
Jun 10 20:23:33 
Jun 10 20:23:33 ==================脚本执行- 北京时间(UTC+8)：6/10/2021, 8:23:33 PM=====================
Jun 10 20:23:33 
Jun 10 20:23:34 
Jun 10 20:23:34 ****开始【京东账号1】liu1071607950****
Jun 10 20:23:34 
Jun 10 20:23:34 
Jun 10 20:23:34 ==============📣系统通知📣==============
Jun 10 20:23:34 京东摇钱树
Jun 10 20:23:34 【提示】cookie已失效
Jun 10 20:23:34 京东账号1 liu1071607950
Jun 10 20:23:34 请重新登录获取
Jun 10 20:23:34 https://bean.m.jd.com/bean/signIndex.action
Jun 10 20:23:34 
Jun 10 20:23:34 
Jun 10 20:23:34 您未提供server酱的SCKEY，取消微信推送消息通知🚫
Jun 10 20:23:34 
Jun 10 20:23:34 您未提供push+推送所需的PUSH_PLUS_TOKEN，取消push+推送消息通知🚫
Jun 10 20:23:34 
Jun 10 20:23:34 您未提供Bark的APP推送BARK_PUSH，取消Bark推送消息通知🚫
Jun 10 20:23:34 
Jun 10 20:23:34 您未提供telegram机器人推送所需的TG_BOT_TOKEN和TG_USER_ID，取消telegram推送消息通知🚫
Jun 10 20:23:34 
Jun 10 20:23:34 您未提供钉钉机器人推送所需的DD_BOT_TOKEN或者DD_BOT_SECRET，取消钉钉推送消息通知🚫
Jun 10 20:23:34 
Jun 10 20:23:34 您未提供企业微信机器人推送所需的QYWX_KEY，取消企业微信推送消息通知🚫
Jun 10 20:23:34 
Jun 10 20:23:34 您未提供企业微信应用消息推送所需的QYWX_AM，取消企业微信应用消息推送消息通知🚫
Jun 10 20:23:34 
Jun 10 20:23:34 您未提供iGot的推送IGOT_PUSH_KEY，取消iGot推送消息通知🚫
Jun 10 20:23:34 
Jun 10 20:23:34 
Jun 10 20:23:34 🔔京东摇钱树, 结束! 🕛 1.516 秒
Jun 10 20:23:34 
Jun 10 22:23:46 
Jun 10 22:23:46 🔔京东摇钱树, 开始!
Jun 10 22:23:46 
Jun 10 22:23:46 ====================共1个京东账号Cookie=========
Jun 10 22:23:46 
Jun 10 22:23:46 ==================脚本执行- 北京时间(UTC+8)：6/10/2021, 10:23:46 PM=====================
Jun 10 22:23:46 
Jun 10 22:23:48 
Jun 10 22:23:48 ****开始【京东账号1】liu1071607950****
Jun 10 22:23:48 
Jun 10 22:23:48 
Jun 10 22:23:48 ==============📣系统通知📣==============
Jun 10 22:23:48 京东摇钱树
Jun 10 22:23:48 【提示】cookie已失效
Jun 10 22:23:48 京东账号1 liu1071607950
Jun 10 22:23:48 请重新登录获取
Jun 10 22:23:48 https://bean.m.jd.com/bean/signIndex.action
Jun 10 22:23:48 
Jun 10 22:23:48 
Jun 10 22:23:48 您未提供server酱的SCKEY，取消微信推送消息通知🚫
Jun 10 22:23:48 
Jun 10 22:23:48 您未提供push+推送所需的PUSH_PLUS_TOKEN，取消push+推送消息通知🚫
Jun 10 22:23:48 
Jun 10 22:23:48 您未提供Bark的APP推送BARK_PUSH，取消Bark推送消息通知🚫
Jun 10 22:23:48 
Jun 10 22:23:48 您未提供telegram机器人推送所需的TG_BOT_TOKEN和TG_USER_ID，取消telegram推送消息通知🚫
Jun 10 22:23:48 
Jun 10 22:23:48 您未提供钉钉机器人推送所需的DD_BOT_TOKEN或者DD_BOT_SECRET，取消钉钉推送消息通知🚫
Jun 10 22:23:48 
Jun 10 22:23:48 您未提供企业微信机器人推送所需的QYWX_KEY，取消企业微信推送消息通知🚫
Jun 10 22:23:48 
Jun 10 22:23:48 您未提供企业微信应用消息推送所需的QYWX_AM，取消企业微信应用消息推送消息通知🚫
Jun 10 22:23:48 
Jun 10 22:23:48 您未提供iGot的推送IGOT_PUSH_KEY，取消iGot推送消息通知🚫
Jun 10 22:23:48 
Jun 10 22:23:48 
Jun 10 22:23:48 🔔京东摇钱树, 结束! 🕛 1.693 秒
Jun 10 22:23:48 
Jun 11 08:24:57 
Jun 11 08:24:57 🔔京东摇钱树, 开始!
Jun 11 08:24:57 
Jun 11 08:24:57 ====================共1个京东账号Cookie=========
Jun 11 08:24:57 
Jun 11 08:24:57 ==================脚本执行- 北京时间(UTC+8)：6/11/2021, 8:24:57 AM=====================
Jun 11 08:24:57 
Jun 11 08:24:59 
Jun 11 08:24:59 ****开始【京东账号1】liu1071607950****
Jun 11 08:24:59 
Jun 11 08:24:59 
Jun 11 08:24:59 ==============📣系统通知📣==============
Jun 11 08:24:59 京东摇钱树
Jun 11 08:24:59 【提示】cookie已失效
Jun 11 08:24:59 京东账号1 liu1071607950
Jun 11 08:24:59 请重新登录获取
Jun 11 08:24:59 https://bean.m.jd.com/bean/signIndex.action
Jun 11 08:24:59 
Jun 11 08:24:59 
Jun 11 08:24:59 您未提供server酱的SCKEY，取消微信推送消息通知🚫
Jun 11 08:24:59 
Jun 11 08:24:59 您未提供push+推送所需的PUSH_PLUS_TOKEN，取消push+推送消息通知🚫
Jun 11 08:24:59 
Jun 11 08:24:59 您未提供Bark的APP推送BARK_PUSH，取消Bark推送消息通知🚫
Jun 11 08:24:59 
Jun 11 08:24:59 您未提供telegram机器人推送所需的TG_BOT_TOKEN和TG_USER_ID，取消telegram推送消息通知🚫
Jun 11 08:24:59 
Jun 11 08:24:59 您未提供钉钉机器人推送所需的DD_BOT_TOKEN或者DD_BOT_SECRET，取消钉钉推送消息通知🚫
Jun 11 08:24:59 
Jun 11 08:24:59 您未提供企业微信机器人推送所需的QYWX_KEY，取消企业微信推送消息通知🚫
Jun 11 08:24:59 
Jun 11 08:24:59 您未提供企业微信应用消息推送所需的QYWX_AM，取消企业微信应用消息推送消息通知🚫
Jun 11 08:24:59 
Jun 11 08:24:59 您未提供iGot的推送IGOT_PUSH_KEY，取消iGot推送消息通知🚫
Jun 11 08:24:59 
Jun 11 08:24:59 
Jun 11 08:24:59 🔔京东摇钱树, 结束! 🕛 2.379 秒
Jun 11 08:24:59 
Jun 24 14:23:20 
Jun 24 14:23:20 🔔京东摇钱树, 开始!
Jun 24 14:23:20 
Jun 24 14:23:20 ====================共1个京东账号Cookie=========
Jun 24 14:23:20 
Jun 24 14:23:20 ==================脚本执行- 北京时间(UTC+8)：6/24/2021, 2:23:20 PM=====================
Jun 24 14:23:20 
Jun 24 14:23:22 
Jun 24 14:23:22 ****开始【京东账号1】liu1071607950****
Jun 24 14:23:22 
Jun 24 14:23:22 
Jun 24 14:23:22 ==============📣系统通知📣==============
Jun 24 14:23:22 京东摇钱树
Jun 24 14:23:22 【提示】cookie已失效
Jun 24 14:23:22 京东账号1 liu1071607950
Jun 24 14:23:22 请重新登录获取
Jun 24 14:23:22 https://bean.m.jd.com/bean/signIndex.action
Jun 24 14:23:22 
Jun 24 14:23:22 
Jun 24 14:23:22 您未提供server酱的SCKEY，取消微信推送消息通知🚫
Jun 24 14:23:22 
Jun 24 14:23:22 您未提供push+推送所需的PUSH_PLUS_TOKEN，取消push+推送消息通知🚫
Jun 24 14:23:22 
Jun 24 14:23:22 您未提供Bark的APP推送BARK_PUSH，取消Bark推送消息通知🚫
Jun 24 14:23:22 
Jun 24 14:23:22 您未提供telegram机器人推送所需的TG_BOT_TOKEN和TG_USER_ID，取消telegram推送消息通知🚫
Jun 24 14:23:22 
Jun 24 14:23:22 您未提供钉钉机器人推送所需的DD_BOT_TOKEN或者DD_BOT_SECRET，取消钉钉推送消息通知🚫
Jun 24 14:23:22 
Jun 24 14:23:22 您未提供企业微信机器人推送所需的QYWX_KEY，取消企业微信推送消息通知🚫
Jun 24 14:23:22 
Jun 24 14:23:22 您未提供企业微信应用消息推送所需的QYWX_AM，取消企业微信应用消息推送消息通知🚫
Jun 24 14:23:22 
Jun 24 14:23:22 您未提供iGot的推送IGOT_PUSH_KEY，取消iGot推送消息通知🚫
Jun 24 14:23:22 
Jun 24 14:23:22 
Jun 24 14:23:22 🔔京东摇钱树, 结束! 🕛 1.774 秒
Jun 24 14:23:22 
