Jun 08 20:40:46 
Jun 08 20:40:46 🔔点点券, 开始!
Jun 08 20:40:46 
Jun 08 20:40:46 ====================共1个京东账号Cookie=========
Jun 08 20:40:46 
Jun 08 20:40:46 ==================脚本执行- 北京时间(UTC+8)：6/8/2021, 8:40:46 PM=====================
Jun 08 20:40:46 
Jun 08 20:40:47 
Jun 08 20:40:47 开始【京东账号1】liu1071607950
Jun 08 20:40:47 
Jun 08 20:40:47 
Jun 08 20:40:47 ==============📣系统通知📣==============
Jun 08 20:40:47 点点券
Jun 08 20:40:47 【提示】cookie已失效
Jun 08 20:40:47 京东账号1 liu1071607950
Jun 08 20:40:47 请重新登录获取
Jun 08 20:40:47 https://bean.m.jd.com/bean/signIndex.action
Jun 08 20:40:47 
Jun 08 20:40:47 
Jun 08 20:40:47 您未提供server酱的SCKEY，取消微信推送消息通知🚫
Jun 08 20:40:47 
Jun 08 20:40:47 您未提供push+推送所需的PUSH_PLUS_TOKEN，取消push+推送消息通知🚫
Jun 08 20:40:47 
Jun 08 20:40:47 您未提供Bark的APP推送BARK_PUSH，取消Bark推送消息通知🚫
Jun 08 20:40:47 
Jun 08 20:40:47 您未提供telegram机器人推送所需的TG_BOT_TOKEN和TG_USER_ID，取消telegram推送消息通知🚫
Jun 08 20:40:47 
Jun 08 20:40:47 您未提供钉钉机器人推送所需的DD_BOT_TOKEN或者DD_BOT_SECRET，取消钉钉推送消息通知🚫
Jun 08 20:40:47 
Jun 08 20:40:47 您未提供企业微信机器人推送所需的QYWX_KEY，取消企业微信推送消息通知🚫
Jun 08 20:40:47 
Jun 08 20:40:47 您未提供企业微信应用消息推送所需的QYWX_AM，取消企业微信应用消息推送消息通知🚫
Jun 08 20:40:47 
Jun 08 20:40:47 您未提供iGot的推送IGOT_PUSH_KEY，取消iGot推送消息通知🚫
Jun 08 20:40:47 
Jun 08 20:40:47 
Jun 08 20:40:47 🔔点点券, 结束! 🕛 1.472 秒
Jun 08 20:40:47 
Jun 09 20:41:31 
Jun 09 20:41:31 🔔点点券, 开始!
Jun 09 20:41:31 
Jun 09 20:41:31 ====================共1个京东账号Cookie=========
Jun 09 20:41:31 
Jun 09 20:41:31 ==================脚本执行- 北京时间(UTC+8)：6/9/2021, 8:41:31 PM=====================
Jun 09 20:41:31 
Jun 09 20:41:32 
Jun 09 20:41:32 开始【京东账号1】liu1071607950
Jun 09 20:41:32 
Jun 09 20:41:32 
Jun 09 20:41:32 ==============📣系统通知📣==============
Jun 09 20:41:32 点点券
Jun 09 20:41:32 【提示】cookie已失效
Jun 09 20:41:32 京东账号1 liu1071607950
Jun 09 20:41:32 请重新登录获取
Jun 09 20:41:32 https://bean.m.jd.com/bean/signIndex.action
Jun 09 20:41:32 
Jun 09 20:41:32 
Jun 09 20:41:33 您未提供server酱的SCKEY，取消微信推送消息通知🚫
Jun 09 20:41:33 
Jun 09 20:41:33 您未提供push+推送所需的PUSH_PLUS_TOKEN，取消push+推送消息通知🚫
Jun 09 20:41:33 
Jun 09 20:41:33 您未提供Bark的APP推送BARK_PUSH，取消Bark推送消息通知🚫
Jun 09 20:41:33 
Jun 09 20:41:33 您未提供telegram机器人推送所需的TG_BOT_TOKEN和TG_USER_ID，取消telegram推送消息通知🚫
Jun 09 20:41:33 
Jun 09 20:41:33 您未提供钉钉机器人推送所需的DD_BOT_TOKEN或者DD_BOT_SECRET，取消钉钉推送消息通知🚫
Jun 09 20:41:33 
Jun 09 20:41:33 您未提供企业微信机器人推送所需的QYWX_KEY，取消企业微信推送消息通知🚫
Jun 09 20:41:33 
Jun 09 20:41:33 您未提供企业微信应用消息推送所需的QYWX_AM，取消企业微信应用消息推送消息通知🚫
Jun 09 20:41:33 
Jun 09 20:41:33 您未提供iGot的推送IGOT_PUSH_KEY，取消iGot推送消息通知🚫
Jun 09 20:41:33 
Jun 09 20:41:33 
Jun 09 20:41:33 🔔点点券, 结束! 🕛 1.551 秒
Jun 09 20:41:33 
Jun 10 20:40:34 
Jun 10 20:40:34 🔔点点券, 开始!
Jun 10 20:40:34 
Jun 10 20:40:34 ====================共1个京东账号Cookie=========
Jun 10 20:40:34 
Jun 10 20:40:34 ==================脚本执行- 北京时间(UTC+8)：6/10/2021, 8:40:34 PM=====================
Jun 10 20:40:34 
Jun 10 20:40:36 
Jun 10 20:40:36 开始【京东账号1】liu1071607950
Jun 10 20:40:36 
Jun 10 20:40:36 
Jun 10 20:40:36 ==============📣系统通知📣==============
Jun 10 20:40:36 点点券
Jun 10 20:40:36 【提示】cookie已失效
Jun 10 20:40:36 京东账号1 liu1071607950
Jun 10 20:40:36 请重新登录获取
Jun 10 20:40:36 https://bean.m.jd.com/bean/signIndex.action
Jun 10 20:40:36 
Jun 10 20:40:36 
Jun 10 20:40:36 您未提供server酱的SCKEY，取消微信推送消息通知🚫
Jun 10 20:40:36 
Jun 10 20:40:36 您未提供push+推送所需的PUSH_PLUS_TOKEN，取消push+推送消息通知🚫
Jun 10 20:40:36 
Jun 10 20:40:36 您未提供Bark的APP推送BARK_PUSH，取消Bark推送消息通知🚫
Jun 10 20:40:36 
Jun 10 20:40:36 您未提供telegram机器人推送所需的TG_BOT_TOKEN和TG_USER_ID，取消telegram推送消息通知🚫
Jun 10 20:40:36 
Jun 10 20:40:36 您未提供钉钉机器人推送所需的DD_BOT_TOKEN或者DD_BOT_SECRET，取消钉钉推送消息通知🚫
Jun 10 20:40:36 
Jun 10 20:40:36 您未提供企业微信机器人推送所需的QYWX_KEY，取消企业微信推送消息通知🚫
Jun 10 20:40:36 
Jun 10 20:40:36 您未提供企业微信应用消息推送所需的QYWX_AM，取消企业微信应用消息推送消息通知🚫
Jun 10 20:40:36 
Jun 10 20:40:36 您未提供iGot的推送IGOT_PUSH_KEY，取消iGot推送消息通知🚫
Jun 10 20:40:36 
Jun 10 20:40:36 
Jun 10 20:40:36 🔔点点券, 结束! 🕛 1.794 秒
Jun 10 20:40:36 
