Jun 08 12:36:09 
Jun 08 12:36:09 🔔东东萌宠, 开始!
Jun 08 12:36:09 开始获取东东萌宠配置文件
Jun 08 12:36:09 
Jun 08 12:36:09 
Jun 08 12:36:09 ====================共1个京东账号Cookie=========
Jun 08 12:36:09 
Jun 08 12:36:09 ==================脚本执行- 北京时间(UTC+8)：6/8/2021, 12:36:09 PM=====================
Jun 08 12:36:09 
Jun 08 12:36:09 共1个京东账号
Jun 08 12:36:09 
Jun 08 12:36:09 您提供了1个账号的东东萌宠助力码
Jun 08 12:36:09 
Jun 08 12:36:11 
Jun 08 12:36:11 开始【京东账号1】liu1071607950
Jun 08 12:36:11 
Jun 08 12:36:11 
Jun 08 12:36:11 ==============📣系统通知📣==============
Jun 08 12:36:11 东东萌宠
Jun 08 12:36:11 【提示】cookie已失效
Jun 08 12:36:11 京东账号1 liu1071607950
Jun 08 12:36:11 请重新登录获取
Jun 08 12:36:11 https://bean.m.jd.com/bean/signIndex.action
Jun 08 12:36:11 
Jun 08 12:36:11 
Jun 08 12:36:11 您未提供server酱的SCKEY，取消微信推送消息通知🚫
Jun 08 12:36:11 
Jun 08 12:36:11 您未提供push+推送所需的PUSH_PLUS_TOKEN，取消push+推送消息通知🚫
Jun 08 12:36:11 
Jun 08 12:36:11 您未提供Bark的APP推送BARK_PUSH，取消Bark推送消息通知🚫
Jun 08 12:36:11 
Jun 08 12:36:11 您未提供telegram机器人推送所需的TG_BOT_TOKEN和TG_USER_ID，取消telegram推送消息通知🚫
Jun 08 12:36:11 
Jun 08 12:36:11 您未提供钉钉机器人推送所需的DD_BOT_TOKEN或者DD_BOT_SECRET，取消钉钉推送消息通知🚫
Jun 08 12:36:11 
Jun 08 12:36:11 您未提供企业微信机器人推送所需的QYWX_KEY，取消企业微信推送消息通知🚫
Jun 08 12:36:11 
Jun 08 12:36:11 您未提供企业微信应用消息推送所需的QYWX_AM，取消企业微信应用消息推送消息通知🚫
Jun 08 12:36:11 
Jun 08 12:36:11 您未提供iGot的推送IGOT_PUSH_KEY，取消iGot推送消息通知🚫
Jun 08 12:36:11 
Jun 08 12:36:11 
Jun 08 12:36:11 🔔东东萌宠, 结束! 🕛 2.101 秒
Jun 08 12:36:11 
Jun 08 18:36:04 
Jun 08 18:36:04 🔔东东萌宠, 开始!
Jun 08 18:36:04 开始获取东东萌宠配置文件
Jun 08 18:36:04 
Jun 08 18:36:04 
Jun 08 18:36:04 ====================共1个京东账号Cookie=========
Jun 08 18:36:04 
Jun 08 18:36:04 ==================脚本执行- 北京时间(UTC+8)：6/8/2021, 6:36:04 PM=====================
Jun 08 18:36:04 
Jun 08 18:36:04 由于您环境变量(PETSHARECODES)里面未提供助力码，故此处运行将会给脚本内置的码进行助力，请知晓！
Jun 08 18:36:04 共1个京东账号
Jun 08 18:36:04 
Jun 08 18:36:04 您提供了2个账号的东东萌宠助力码
Jun 08 18:36:04 
Jun 08 18:36:06 
Jun 08 18:36:06 开始【京东账号1】liu1071607950
Jun 08 18:36:06 
Jun 08 18:36:06 
Jun 08 18:36:06 ==============📣系统通知📣==============
Jun 08 18:36:06 东东萌宠
Jun 08 18:36:06 【提示】cookie已失效
Jun 08 18:36:06 京东账号1 liu1071607950
Jun 08 18:36:06 请重新登录获取
Jun 08 18:36:06 https://bean.m.jd.com/bean/signIndex.action
Jun 08 18:36:06 
Jun 08 18:36:06 
Jun 08 18:36:06 您未提供server酱的SCKEY，取消微信推送消息通知🚫
Jun 08 18:36:06 
Jun 08 18:36:06 您未提供push+推送所需的PUSH_PLUS_TOKEN，取消push+推送消息通知🚫
Jun 08 18:36:06 
Jun 08 18:36:06 您未提供Bark的APP推送BARK_PUSH，取消Bark推送消息通知🚫
Jun 08 18:36:06 
Jun 08 18:36:06 您未提供telegram机器人推送所需的TG_BOT_TOKEN和TG_USER_ID，取消telegram推送消息通知🚫
Jun 08 18:36:06 
Jun 08 18:36:06 您未提供钉钉机器人推送所需的DD_BOT_TOKEN或者DD_BOT_SECRET，取消钉钉推送消息通知🚫
Jun 08 18:36:06 
Jun 08 18:36:06 您未提供企业微信机器人推送所需的QYWX_KEY，取消企业微信推送消息通知🚫
Jun 08 18:36:06 
Jun 08 18:36:06 您未提供企业微信应用消息推送所需的QYWX_AM，取消企业微信应用消息推送消息通知🚫
Jun 08 18:36:06 
Jun 08 18:36:06 您未提供iGot的推送IGOT_PUSH_KEY，取消iGot推送消息通知🚫
Jun 08 18:36:06 
Jun 08 18:36:06 
Jun 08 18:36:06 🔔东东萌宠, 结束! 🕛 1.717 秒
Jun 08 18:36:06 
Jun 09 12:36:03 
Jun 09 12:36:03 🔔东东萌宠, 开始!
Jun 09 12:36:03 开始获取东东萌宠配置文件
Jun 09 12:36:03 
Jun 09 12:36:03 
Jun 09 12:36:03 ====================共1个京东账号Cookie=========
Jun 09 12:36:03 
Jun 09 12:36:03 ==================脚本执行- 北京时间(UTC+8)：6/9/2021, 12:36:03 PM=====================
Jun 09 12:36:03 
Jun 09 12:36:03 由于您环境变量(PETSHARECODES)里面未提供助力码，故此处运行将会给脚本内置的码进行助力，请知晓！
Jun 09 12:36:03 共1个京东账号
Jun 09 12:36:03 
Jun 09 12:36:03 您提供了2个账号的东东萌宠助力码
Jun 09 12:36:03 
Jun 09 12:36:05 "getaddrinfo ENOTFOUND wq.jd.com"
Jun 09 12:36:05 东东萌宠 API请求失败，请检查网路重试
Jun 09 12:36:05 
Jun 09 12:36:05 开始【京东账号1】liu1071607950
Jun 09 12:36:05 
Jun 09 12:36:09 "getaddrinfo ENOTFOUND share.turinglabs.net"
Jun 09 12:36:09 东东萌宠 API请求失败，请检查网路重试
Jun 09 12:36:09 第1个京东账号将要助力的好友["MTAxODc2NTEzNTAwMDAwMDAwMjg3MDg2MA==","MTAxODc2NTEzMzAwMDAwMDAyNzUwMDA4MQ==","MTAxODc2NTEzMjAwMDAwMDAzMDI3MTMyOQ==","MTAxODc2NTEzNDAwMDAwMDAzMDI2MDI4MQ=="]
Jun 09 12:36:12 
Jun 09 12:36:12 东东萌宠: API查询请求失败 ‼️‼️
Jun 09 12:36:12 "getaddrinfo ENOTFOUND api.m.jd.com"
Jun 09 12:36:12 
Jun 09 12:36:12 ❗️东东萌宠, 错误!
Jun 09 12:36:12 
Jun 09 12:36:12 
Jun 09 12:36:12 ❗️东东萌宠, 错误!
Jun 09 12:36:12 TypeError: Cannot read property 'code' of undefined
Jun 09 12:36:12     at jdPet (/scripts/jd_pet.js:90:24)
Jun 09 12:36:12     at processTicksAndRejections (internal/process/task_queues.js:93:5)
Jun 09 12:36:12     at async /scripts/jd_pet.js:72:7
Jun 09 12:36:12 
Jun 09 12:36:12 
Jun 09 12:36:12 您未提供server酱的SCKEY，取消微信推送消息通知🚫
Jun 09 12:36:12 
Jun 09 12:36:12 您未提供push+推送所需的PUSH_PLUS_TOKEN，取消push+推送消息通知🚫
Jun 09 12:36:12 
Jun 09 12:36:12 您未提供Bark的APP推送BARK_PUSH，取消Bark推送消息通知🚫
Jun 09 12:36:12 
Jun 09 12:36:12 您未提供telegram机器人推送所需的TG_BOT_TOKEN和TG_USER_ID，取消telegram推送消息通知🚫
Jun 09 12:36:12 
Jun 09 12:36:12 您未提供钉钉机器人推送所需的DD_BOT_TOKEN或者DD_BOT_SECRET，取消钉钉推送消息通知🚫
Jun 09 12:36:12 
Jun 09 12:36:12 您未提供企业微信机器人推送所需的QYWX_KEY，取消企业微信推送消息通知🚫
Jun 09 12:36:12 
Jun 09 12:36:12 您未提供企业微信应用消息推送所需的QYWX_AM，取消企业微信应用消息推送消息通知🚫
Jun 09 12:36:12 
Jun 09 12:36:12 您未提供iGot的推送IGOT_PUSH_KEY，取消iGot推送消息通知🚫
Jun 09 12:36:12 
Jun 09 12:36:12 
Jun 09 12:36:12 ==============📣系统通知📣==============
Jun 09 12:36:12 东东萌宠
Jun 09 12:36:12 京东账号1 liu1071607950
Jun 09 12:36:12 任务执行异常，请检查执行日志 ‼️‼️
Jun 09 12:36:12 
Jun 09 12:36:12 🔔东东萌宠, 结束! 🕛 8.494 秒
Jun 09 12:36:12 
Jun 09 18:35:59 
Jun 09 18:35:59 🔔东东萌宠, 开始!
Jun 09 18:35:59 开始获取东东萌宠配置文件
Jun 09 18:35:59 
Jun 09 18:35:59 
Jun 09 18:35:59 ====================共1个京东账号Cookie=========
Jun 09 18:35:59 
Jun 09 18:35:59 ==================脚本执行- 北京时间(UTC+8)：6/9/2021, 6:35:59 PM=====================
Jun 09 18:35:59 
Jun 09 18:35:59 由于您环境变量(PETSHARECODES)里面未提供助力码，故此处运行将会给脚本内置的码进行助力，请知晓！
Jun 09 18:35:59 共1个京东账号
Jun 09 18:35:59 
Jun 09 18:35:59 您提供了2个账号的东东萌宠助力码
Jun 09 18:35:59 
Jun 09 18:36:00 
Jun 09 18:36:00 开始【京东账号1】liu1071607950
Jun 09 18:36:00 
Jun 09 18:36:00 
Jun 09 18:36:00 ==============📣系统通知📣==============
Jun 09 18:36:00 东东萌宠
Jun 09 18:36:00 【提示】cookie已失效
Jun 09 18:36:00 京东账号1 liu1071607950
Jun 09 18:36:00 请重新登录获取
Jun 09 18:36:00 https://bean.m.jd.com/bean/signIndex.action
Jun 09 18:36:00 
Jun 09 18:36:00 
Jun 09 18:36:00 您未提供server酱的SCKEY，取消微信推送消息通知🚫
Jun 09 18:36:00 
Jun 09 18:36:00 您未提供push+推送所需的PUSH_PLUS_TOKEN，取消push+推送消息通知🚫
Jun 09 18:36:00 
Jun 09 18:36:00 您未提供Bark的APP推送BARK_PUSH，取消Bark推送消息通知🚫
Jun 09 18:36:00 
Jun 09 18:36:00 您未提供telegram机器人推送所需的TG_BOT_TOKEN和TG_USER_ID，取消telegram推送消息通知🚫
Jun 09 18:36:00 
Jun 09 18:36:00 您未提供钉钉机器人推送所需的DD_BOT_TOKEN或者DD_BOT_SECRET，取消钉钉推送消息通知🚫
Jun 09 18:36:00 
Jun 09 18:36:00 您未提供企业微信机器人推送所需的QYWX_KEY，取消企业微信推送消息通知🚫
Jun 09 18:36:00 
Jun 09 18:36:00 您未提供企业微信应用消息推送所需的QYWX_AM，取消企业微信应用消息推送消息通知🚫
Jun 09 18:36:00 
Jun 09 18:36:00 您未提供iGot的推送IGOT_PUSH_KEY，取消iGot推送消息通知🚫
Jun 09 18:36:00 
Jun 09 18:36:00 
Jun 09 18:36:00 🔔东东萌宠, 结束! 🕛 1.284 秒
Jun 09 18:36:00 
Jun 10 12:35:37 
Jun 10 12:35:37 🔔东东萌宠, 开始!
Jun 10 12:35:37 开始获取东东萌宠配置文件
Jun 10 12:35:37 
Jun 10 12:35:37 
Jun 10 12:35:37 ====================共1个京东账号Cookie=========
Jun 10 12:35:37 
Jun 10 12:35:37 ==================脚本执行- 北京时间(UTC+8)：6/10/2021, 12:35:37 PM=====================
Jun 10 12:35:37 
Jun 10 12:35:37 由于您环境变量(PETSHARECODES)里面未提供助力码，故此处运行将会给脚本内置的码进行助力，请知晓！
Jun 10 12:35:37 共1个京东账号
Jun 10 12:35:37 
Jun 10 12:35:37 您提供了2个账号的东东萌宠助力码
Jun 10 12:35:37 
Jun 10 12:35:38 "getaddrinfo ENOTFOUND wq.jd.com"
Jun 10 12:35:38 东东萌宠 API请求失败，请检查网路重试
Jun 10 12:35:38 
Jun 10 12:35:38 开始【京东账号1】liu1071607950
Jun 10 12:35:38 
Jun 10 12:35:42 "getaddrinfo ENOTFOUND share.turinglabs.net"
Jun 10 12:35:42 东东萌宠 API请求失败，请检查网路重试
Jun 10 12:35:42 第1个京东账号将要助力的好友["MTAxODc2NTEzNTAwMDAwMDAwMjg3MDg2MA==","MTAxODc2NTEzMzAwMDAwMDAyNzUwMDA4MQ==","MTAxODc2NTEzMjAwMDAwMDAzMDI3MTMyOQ==","MTAxODc2NTEzNDAwMDAwMDAzMDI2MDI4MQ=="]
Jun 10 12:35:45 
Jun 10 12:35:45 东东萌宠: API查询请求失败 ‼️‼️
Jun 10 12:35:45 "getaddrinfo ENOTFOUND api.m.jd.com"
Jun 10 12:35:45 
Jun 10 12:35:45 ❗️东东萌宠, 错误!
Jun 10 12:35:45 
Jun 10 12:35:45 
Jun 10 12:35:45 ❗️东东萌宠, 错误!
Jun 10 12:35:45 TypeError: Cannot read property 'code' of undefined
Jun 10 12:35:45     at jdPet (/scripts/jd_pet.js:90:24)
Jun 10 12:35:45     at processTicksAndRejections (internal/process/task_queues.js:93:5)
Jun 10 12:35:45     at async /scripts/jd_pet.js:72:7
Jun 10 12:35:45 
Jun 10 12:35:45 
Jun 10 12:35:45 您未提供server酱的SCKEY，取消微信推送消息通知🚫
Jun 10 12:35:45 
Jun 10 12:35:45 您未提供push+推送所需的PUSH_PLUS_TOKEN，取消push+推送消息通知🚫
Jun 10 12:35:45 
Jun 10 12:35:45 您未提供Bark的APP推送BARK_PUSH，取消Bark推送消息通知🚫
Jun 10 12:35:45 
Jun 10 12:35:45 您未提供telegram机器人推送所需的TG_BOT_TOKEN和TG_USER_ID，取消telegram推送消息通知🚫
Jun 10 12:35:45 
Jun 10 12:35:45 您未提供钉钉机器人推送所需的DD_BOT_TOKEN或者DD_BOT_SECRET，取消钉钉推送消息通知🚫
Jun 10 12:35:45 
Jun 10 12:35:45 您未提供企业微信机器人推送所需的QYWX_KEY，取消企业微信推送消息通知🚫
Jun 10 12:35:45 
Jun 10 12:35:45 您未提供企业微信应用消息推送所需的QYWX_AM，取消企业微信应用消息推送消息通知🚫
Jun 10 12:35:45 
Jun 10 12:35:45 您未提供iGot的推送IGOT_PUSH_KEY，取消iGot推送消息通知🚫
Jun 10 12:35:45 
Jun 10 12:35:45 
Jun 10 12:35:45 ==============📣系统通知📣==============
Jun 10 12:35:45 东东萌宠
Jun 10 12:35:45 京东账号1 liu1071607950
Jun 10 12:35:45 任务执行异常，请检查执行日志 ‼️‼️
Jun 10 12:35:45 
Jun 10 12:35:45 🔔东东萌宠, 结束! 🕛 8.631 秒
Jun 10 12:35:45 
Jun 10 18:36:59 
Jun 10 18:36:59 🔔东东萌宠, 开始!
Jun 10 18:36:59 开始获取东东萌宠配置文件
Jun 10 18:36:59 
Jun 10 18:36:59 
Jun 10 18:36:59 ====================共1个京东账号Cookie=========
Jun 10 18:36:59 
Jun 10 18:36:59 ==================脚本执行- 北京时间(UTC+8)：6/10/2021, 6:36:59 PM=====================
Jun 10 18:36:59 
Jun 10 18:37:00 由于您环境变量(PETSHARECODES)里面未提供助力码，故此处运行将会给脚本内置的码进行助力，请知晓！
Jun 10 18:37:00 共1个京东账号
Jun 10 18:37:00 
Jun 10 18:37:00 您提供了2个账号的东东萌宠助力码
Jun 10 18:37:00 
Jun 10 18:37:01 
Jun 10 18:37:01 开始【京东账号1】liu1071607950
Jun 10 18:37:01 
Jun 10 18:37:01 
Jun 10 18:37:01 ==============📣系统通知📣==============
Jun 10 18:37:01 东东萌宠
Jun 10 18:37:01 【提示】cookie已失效
Jun 10 18:37:01 京东账号1 liu1071607950
Jun 10 18:37:01 请重新登录获取
Jun 10 18:37:01 https://bean.m.jd.com/bean/signIndex.action
Jun 10 18:37:01 
Jun 10 18:37:01 
Jun 10 18:37:01 您未提供server酱的SCKEY，取消微信推送消息通知🚫
Jun 10 18:37:01 
Jun 10 18:37:01 您未提供push+推送所需的PUSH_PLUS_TOKEN，取消push+推送消息通知🚫
Jun 10 18:37:01 
Jun 10 18:37:01 您未提供Bark的APP推送BARK_PUSH，取消Bark推送消息通知🚫
Jun 10 18:37:01 
Jun 10 18:37:01 您未提供telegram机器人推送所需的TG_BOT_TOKEN和TG_USER_ID，取消telegram推送消息通知🚫
Jun 10 18:37:01 
Jun 10 18:37:01 您未提供钉钉机器人推送所需的DD_BOT_TOKEN或者DD_BOT_SECRET，取消钉钉推送消息通知🚫
Jun 10 18:37:01 
Jun 10 18:37:01 您未提供企业微信机器人推送所需的QYWX_KEY，取消企业微信推送消息通知🚫
Jun 10 18:37:01 
Jun 10 18:37:01 您未提供企业微信应用消息推送所需的QYWX_AM，取消企业微信应用消息推送消息通知🚫
Jun 10 18:37:01 
Jun 10 18:37:01 您未提供iGot的推送IGOT_PUSH_KEY，取消iGot推送消息通知🚫
Jun 10 18:37:01 
Jun 10 18:37:01 
Jun 10 18:37:01 🔔东东萌宠, 结束! 🕛 2.171 秒
Jun 10 18:37:01 
