Jun 08 12:33:32 
Jun 08 12:33:32 🔔金融养猪, 开始!
Jun 08 12:33:32 
Jun 08 12:33:32 ====================共1个京东账号Cookie=========
Jun 08 12:33:32 
Jun 08 12:33:33 ==================脚本执行- 北京时间(UTC+8)：6/8/2021, 12:33:32 PM=====================
Jun 08 12:33:33 
Jun 08 12:33:34 
Jun 08 12:33:34 开始【京东账号1】liu1071607950
Jun 08 12:33:34 
Jun 08 12:33:34 
Jun 08 12:33:34 ==============📣系统通知📣==============
Jun 08 12:33:34 金融养猪
Jun 08 12:33:34 【提示】cookie已失效
Jun 08 12:33:34 京东账号1 liu1071607950
Jun 08 12:33:34 请重新登录获取
Jun 08 12:33:34 https://bean.m.jd.com/bean/signIndex.action
Jun 08 12:33:34 
Jun 08 12:33:34 
Jun 08 12:33:34 您未提供server酱的SCKEY，取消微信推送消息通知🚫
Jun 08 12:33:34 
Jun 08 12:33:34 您未提供push+推送所需的PUSH_PLUS_TOKEN，取消push+推送消息通知🚫
Jun 08 12:33:34 
Jun 08 12:33:34 您未提供Bark的APP推送BARK_PUSH，取消Bark推送消息通知🚫
Jun 08 12:33:34 
Jun 08 12:33:34 您未提供telegram机器人推送所需的TG_BOT_TOKEN和TG_USER_ID，取消telegram推送消息通知🚫
Jun 08 12:33:34 
Jun 08 12:33:34 您未提供钉钉机器人推送所需的DD_BOT_TOKEN或者DD_BOT_SECRET，取消钉钉推送消息通知🚫
Jun 08 12:33:34 
Jun 08 12:33:34 您未提供企业微信机器人推送所需的QYWX_KEY，取消企业微信推送消息通知🚫
Jun 08 12:33:34 
Jun 08 12:33:34 您未提供企业微信应用消息推送所需的QYWX_AM，取消企业微信应用消息推送消息通知🚫
Jun 08 12:33:34 
Jun 08 12:33:34 您未提供iGot的推送IGOT_PUSH_KEY，取消iGot推送消息通知🚫
Jun 08 12:33:34 
Jun 08 12:33:34 
Jun 08 12:33:34 🔔金融养猪, 结束! 🕛 1.891 秒
Jun 08 12:33:34 
Jun 08 18:32:56 
Jun 08 18:32:56 🔔金融养猪, 开始!
Jun 08 18:32:56 
Jun 08 18:32:56 ====================共1个京东账号Cookie=========
Jun 08 18:32:56 
Jun 08 18:32:56 ==================脚本执行- 北京时间(UTC+8)：6/8/2021, 6:32:56 PM=====================
Jun 08 18:32:56 
Jun 08 18:32:58 
Jun 08 18:32:58 开始【京东账号1】liu1071607950
Jun 08 18:32:58 
Jun 08 18:32:58 
Jun 08 18:32:58 ==============📣系统通知📣==============
Jun 08 18:32:58 金融养猪
Jun 08 18:32:58 【提示】cookie已失效
Jun 08 18:32:58 京东账号1 liu1071607950
Jun 08 18:32:58 请重新登录获取
Jun 08 18:32:58 https://bean.m.jd.com/bean/signIndex.action
Jun 08 18:32:58 
Jun 08 18:32:58 
Jun 08 18:32:58 您未提供server酱的SCKEY，取消微信推送消息通知🚫
Jun 08 18:32:58 
Jun 08 18:32:58 您未提供push+推送所需的PUSH_PLUS_TOKEN，取消push+推送消息通知🚫
Jun 08 18:32:58 
Jun 08 18:32:58 您未提供Bark的APP推送BARK_PUSH，取消Bark推送消息通知🚫
Jun 08 18:32:58 
Jun 08 18:32:58 您未提供telegram机器人推送所需的TG_BOT_TOKEN和TG_USER_ID，取消telegram推送消息通知🚫
Jun 08 18:32:58 
Jun 08 18:32:58 您未提供钉钉机器人推送所需的DD_BOT_TOKEN或者DD_BOT_SECRET，取消钉钉推送消息通知🚫
Jun 08 18:32:58 
Jun 08 18:32:58 您未提供企业微信机器人推送所需的QYWX_KEY，取消企业微信推送消息通知🚫
Jun 08 18:32:58 
Jun 08 18:32:58 您未提供企业微信应用消息推送所需的QYWX_AM，取消企业微信应用消息推送消息通知🚫
Jun 08 18:32:58 
Jun 08 18:32:58 您未提供iGot的推送IGOT_PUSH_KEY，取消iGot推送消息通知🚫
Jun 08 18:32:58 
Jun 08 18:32:58 
Jun 08 18:32:58 🔔金融养猪, 结束! 🕛 1.393 秒
Jun 08 18:32:58 
Jun 09 12:33:26 
Jun 09 12:33:26 🔔金融养猪, 开始!
Jun 09 12:33:26 
Jun 09 12:33:26 ====================共1个京东账号Cookie=========
Jun 09 12:33:26 
Jun 09 12:33:26 ==================脚本执行- 北京时间(UTC+8)：6/9/2021, 12:33:26 PM=====================
Jun 09 12:33:26 
Jun 09 12:33:28 "getaddrinfo ENOTFOUND wq.jd.com"
Jun 09 12:33:28 金融养猪 API请求失败，请检查网路重试
Jun 09 12:33:28 
Jun 09 12:33:28 开始【京东账号1】liu1071607950
Jun 09 12:33:28 
Jun 09 12:33:28 "getaddrinfo ENOTFOUND ms.jr.jd.com"
Jun 09 12:33:28 金融养猪 API请求失败，请检查网路重试
Jun 09 12:33:28 
Jun 09 12:33:28 🔔金融养猪, 结束! 🕛 1.89 秒
Jun 09 12:33:28 
Jun 09 18:32:55 
Jun 09 18:32:55 🔔金融养猪, 开始!
Jun 09 18:32:55 
Jun 09 18:32:55 ====================共1个京东账号Cookie=========
Jun 09 18:32:55 
Jun 09 18:32:55 ==================脚本执行- 北京时间(UTC+8)：6/9/2021, 6:32:55 PM=====================
Jun 09 18:32:55 
Jun 09 18:32:56 
Jun 09 18:32:56 开始【京东账号1】liu1071607950
Jun 09 18:32:56 
Jun 09 18:32:56 
Jun 09 18:32:56 ==============📣系统通知📣==============
Jun 09 18:32:56 金融养猪
Jun 09 18:32:56 【提示】cookie已失效
Jun 09 18:32:56 京东账号1 liu1071607950
Jun 09 18:32:56 请重新登录获取
Jun 09 18:32:56 https://bean.m.jd.com/bean/signIndex.action
Jun 09 18:32:56 
Jun 09 18:32:56 
Jun 09 18:32:56 您未提供server酱的SCKEY，取消微信推送消息通知🚫
Jun 09 18:32:56 
Jun 09 18:32:56 您未提供push+推送所需的PUSH_PLUS_TOKEN，取消push+推送消息通知🚫
Jun 09 18:32:56 
Jun 09 18:32:56 您未提供Bark的APP推送BARK_PUSH，取消Bark推送消息通知🚫
Jun 09 18:32:56 
Jun 09 18:32:56 您未提供telegram机器人推送所需的TG_BOT_TOKEN和TG_USER_ID，取消telegram推送消息通知🚫
Jun 09 18:32:56 
Jun 09 18:32:56 您未提供钉钉机器人推送所需的DD_BOT_TOKEN或者DD_BOT_SECRET，取消钉钉推送消息通知🚫
Jun 09 18:32:56 
Jun 09 18:32:56 您未提供企业微信机器人推送所需的QYWX_KEY，取消企业微信推送消息通知🚫
Jun 09 18:32:56 
Jun 09 18:32:56 您未提供企业微信应用消息推送所需的QYWX_AM，取消企业微信应用消息推送消息通知🚫
Jun 09 18:32:56 
Jun 09 18:32:56 您未提供iGot的推送IGOT_PUSH_KEY，取消iGot推送消息通知🚫
Jun 09 18:32:56 
Jun 09 18:32:56 
Jun 09 18:32:56 🔔金融养猪, 结束! 🕛 1.295 秒
Jun 09 18:32:56 
Jun 10 12:32:42 
Jun 10 12:32:42 🔔金融养猪, 开始!
Jun 10 12:32:43 
Jun 10 12:32:43 ====================共1个京东账号Cookie=========
Jun 10 12:32:43 
Jun 10 12:32:43 ==================脚本执行- 北京时间(UTC+8)：6/10/2021, 12:32:43 PM=====================
Jun 10 12:32:43 
Jun 10 12:32:44 "getaddrinfo ENOTFOUND wq.jd.com"
Jun 10 12:32:44 金融养猪 API请求失败，请检查网路重试
Jun 10 12:32:44 
Jun 10 12:32:44 开始【京东账号1】liu1071607950
Jun 10 12:32:44 
Jun 10 12:32:44 "getaddrinfo ENOTFOUND ms.jr.jd.com"
Jun 10 12:32:44 金融养猪 API请求失败，请检查网路重试
Jun 10 12:32:44 
Jun 10 12:32:44 🔔金融养猪, 结束! 🕛 1.893 秒
Jun 10 12:32:44 
Jun 10 18:33:11 
Jun 10 18:33:11 🔔金融养猪, 开始!
Jun 10 18:33:11 
Jun 10 18:33:11 ====================共1个京东账号Cookie=========
Jun 10 18:33:11 
Jun 10 18:33:11 ==================脚本执行- 北京时间(UTC+8)：6/10/2021, 6:33:11 PM=====================
Jun 10 18:33:11 
Jun 10 18:33:13 
Jun 10 18:33:13 开始【京东账号1】liu1071607950
Jun 10 18:33:13 
Jun 10 18:33:13 
Jun 10 18:33:13 ==============📣系统通知📣==============
Jun 10 18:33:13 金融养猪
Jun 10 18:33:13 【提示】cookie已失效
Jun 10 18:33:13 京东账号1 liu1071607950
Jun 10 18:33:13 请重新登录获取
Jun 10 18:33:13 https://bean.m.jd.com/bean/signIndex.action
Jun 10 18:33:13 
Jun 10 18:33:13 
Jun 10 18:33:13 您未提供server酱的SCKEY，取消微信推送消息通知🚫
Jun 10 18:33:13 
Jun 10 18:33:13 您未提供push+推送所需的PUSH_PLUS_TOKEN，取消push+推送消息通知🚫
Jun 10 18:33:13 
Jun 10 18:33:13 您未提供Bark的APP推送BARK_PUSH，取消Bark推送消息通知🚫
Jun 10 18:33:13 
Jun 10 18:33:13 您未提供telegram机器人推送所需的TG_BOT_TOKEN和TG_USER_ID，取消telegram推送消息通知🚫
Jun 10 18:33:13 
Jun 10 18:33:13 您未提供钉钉机器人推送所需的DD_BOT_TOKEN或者DD_BOT_SECRET，取消钉钉推送消息通知🚫
Jun 10 18:33:13 
Jun 10 18:33:13 您未提供企业微信机器人推送所需的QYWX_KEY，取消企业微信推送消息通知🚫
Jun 10 18:33:13 
Jun 10 18:33:13 您未提供企业微信应用消息推送所需的QYWX_AM，取消企业微信应用消息推送消息通知🚫
Jun 10 18:33:13 
Jun 10 18:33:13 您未提供iGot的推送IGOT_PUSH_KEY，取消iGot推送消息通知🚫
Jun 10 18:33:13 
Jun 10 18:33:13 
Jun 10 18:33:13 🔔金融养猪, 结束! 🕛 1.701 秒
Jun 10 18:33:13 
