Jun 08 10:11:55 
Jun 08 10:11:55 🔔京东种豆得豆, 开始!
Jun 08 10:11:55 开始获取种豆得豆配置文件
Jun 08 10:11:55 
Jun 08 10:11:55 
Jun 08 10:11:55 ====================共1个京东账号Cookie=========
Jun 08 10:11:55 
Jun 08 10:11:55 ==================脚本执行- 北京时间(UTC+8)：6/8/2021, 10:11:55 AM=====================
Jun 08 10:11:55 
Jun 08 10:11:55 由于您环境变量(PLANT_BEAN_SHARECODES)里面未提供助力码，故此处运行将会给脚本内置的码进行助力，请知晓！
Jun 08 10:11:55 共1个京东账号
Jun 08 10:11:55 
Jun 08 10:11:55 您提供了2个账号的种豆得豆助力码
Jun 08 10:11:55 
Jun 08 10:11:57 
Jun 08 10:11:57 开始【京东账号1】liu1071607950
Jun 08 10:11:57 
Jun 08 10:11:57 
Jun 08 10:11:57 ==============📣系统通知📣==============
Jun 08 10:11:57 京东种豆得豆
Jun 08 10:11:57 【提示】cookie已失效
Jun 08 10:11:57 京东账号1 liu1071607950
Jun 08 10:11:57 请重新登录获取
Jun 08 10:11:57 https://bean.m.jd.com/bean/signIndex.action
Jun 08 10:11:57 
Jun 08 10:11:57 
Jun 08 10:11:57 您未提供server酱的SCKEY，取消微信推送消息通知🚫
Jun 08 10:11:57 
Jun 08 10:11:57 您未提供push+推送所需的PUSH_PLUS_TOKEN，取消push+推送消息通知🚫
Jun 08 10:11:57 
Jun 08 10:11:57 您未提供Bark的APP推送BARK_PUSH，取消Bark推送消息通知🚫
Jun 08 10:11:57 
Jun 08 10:11:57 您未提供telegram机器人推送所需的TG_BOT_TOKEN和TG_USER_ID，取消telegram推送消息通知🚫
Jun 08 10:11:57 
Jun 08 10:11:57 您未提供钉钉机器人推送所需的DD_BOT_TOKEN或者DD_BOT_SECRET，取消钉钉推送消息通知🚫
Jun 08 10:11:57 
Jun 08 10:11:57 您未提供企业微信机器人推送所需的QYWX_KEY，取消企业微信推送消息通知🚫
Jun 08 10:11:57 
Jun 08 10:11:57 您未提供企业微信应用消息推送所需的QYWX_AM，取消企业微信应用消息推送消息通知🚫
Jun 08 10:11:57 
Jun 08 10:11:57 您未提供iGot的推送IGOT_PUSH_KEY，取消iGot推送消息通知🚫
Jun 08 10:11:57 
Jun 08 10:11:57 
Jun 08 10:11:57 🔔京东种豆得豆, 结束! 🕛 2.002 秒
Jun 08 10:11:57 
Jun 08 11:10:27 
Jun 08 11:10:27 🔔京东种豆得豆, 开始!
Jun 08 11:10:27 开始获取种豆得豆配置文件
Jun 08 11:10:27 
Jun 08 11:10:27 
Jun 08 11:10:27 ====================共1个京东账号Cookie=========
Jun 08 11:10:27 
Jun 08 11:10:27 ==================脚本执行- 北京时间(UTC+8)：6/8/2021, 11:10:27 AM=====================
Jun 08 11:10:27 
Jun 08 11:10:27 由于您环境变量(PLANT_BEAN_SHARECODES)里面未提供助力码，故此处运行将会给脚本内置的码进行助力，请知晓！
Jun 08 11:10:27 共1个京东账号
Jun 08 11:10:27 
Jun 08 11:10:27 您提供了2个账号的种豆得豆助力码
Jun 08 11:10:27 
Jun 08 11:10:29 
Jun 08 11:10:29 开始【京东账号1】liu1071607950
Jun 08 11:10:29 
Jun 08 11:10:29 
Jun 08 11:10:29 ==============📣系统通知📣==============
Jun 08 11:10:29 京东种豆得豆
Jun 08 11:10:29 【提示】cookie已失效
Jun 08 11:10:29 京东账号1 liu1071607950
Jun 08 11:10:29 请重新登录获取
Jun 08 11:10:29 https://bean.m.jd.com/bean/signIndex.action
Jun 08 11:10:29 
Jun 08 11:10:29 
Jun 08 11:10:29 您未提供server酱的SCKEY，取消微信推送消息通知🚫
Jun 08 11:10:29 
Jun 08 11:10:29 您未提供push+推送所需的PUSH_PLUS_TOKEN，取消push+推送消息通知🚫
Jun 08 11:10:29 
Jun 08 11:10:29 您未提供Bark的APP推送BARK_PUSH，取消Bark推送消息通知🚫
Jun 08 11:10:29 
Jun 08 11:10:29 您未提供telegram机器人推送所需的TG_BOT_TOKEN和TG_USER_ID，取消telegram推送消息通知🚫
Jun 08 11:10:29 
Jun 08 11:10:29 您未提供钉钉机器人推送所需的DD_BOT_TOKEN或者DD_BOT_SECRET，取消钉钉推送消息通知🚫
Jun 08 11:10:29 
Jun 08 11:10:29 您未提供企业微信机器人推送所需的QYWX_KEY，取消企业微信推送消息通知🚫
Jun 08 11:10:29 
Jun 08 11:10:29 您未提供企业微信应用消息推送所需的QYWX_AM，取消企业微信应用消息推送消息通知🚫
Jun 08 11:10:29 
Jun 08 11:10:29 您未提供iGot的推送IGOT_PUSH_KEY，取消iGot推送消息通知🚫
Jun 08 11:10:29 
Jun 08 11:10:29 
Jun 08 11:10:29 🔔京东种豆得豆, 结束! 🕛 2.197 秒
Jun 08 11:10:29 
Jun 08 12:10:08 
Jun 08 12:10:08 🔔京东种豆得豆, 开始!
Jun 08 12:10:08 开始获取种豆得豆配置文件
Jun 08 12:10:08 
Jun 08 12:10:08 
Jun 08 12:10:08 ====================共1个京东账号Cookie=========
Jun 08 12:10:08 
Jun 08 12:10:08 ==================脚本执行- 北京时间(UTC+8)：6/8/2021, 12:10:08 PM=====================
Jun 08 12:10:08 
Jun 08 12:10:08 由于您环境变量(PLANT_BEAN_SHARECODES)里面未提供助力码，故此处运行将会给脚本内置的码进行助力，请知晓！
Jun 08 12:10:08 共1个京东账号
Jun 08 12:10:08 
Jun 08 12:10:08 您提供了2个账号的种豆得豆助力码
Jun 08 12:10:08 
Jun 08 12:10:09 
Jun 08 12:10:09 开始【京东账号1】liu1071607950
Jun 08 12:10:09 
Jun 08 12:10:09 
Jun 08 12:10:09 ==============📣系统通知📣==============
Jun 08 12:10:09 京东种豆得豆
Jun 08 12:10:09 【提示】cookie已失效
Jun 08 12:10:09 京东账号1 liu1071607950
Jun 08 12:10:09 请重新登录获取
Jun 08 12:10:09 https://bean.m.jd.com/bean/signIndex.action
Jun 08 12:10:09 
Jun 08 12:10:09 
Jun 08 12:10:09 您未提供server酱的SCKEY，取消微信推送消息通知🚫
Jun 08 12:10:09 
Jun 08 12:10:09 您未提供push+推送所需的PUSH_PLUS_TOKEN，取消push+推送消息通知🚫
Jun 08 12:10:09 
Jun 08 12:10:09 您未提供Bark的APP推送BARK_PUSH，取消Bark推送消息通知🚫
Jun 08 12:10:09 
Jun 08 12:10:09 您未提供telegram机器人推送所需的TG_BOT_TOKEN和TG_USER_ID，取消telegram推送消息通知🚫
Jun 08 12:10:09 
Jun 08 12:10:09 您未提供钉钉机器人推送所需的DD_BOT_TOKEN或者DD_BOT_SECRET，取消钉钉推送消息通知🚫
Jun 08 12:10:09 
Jun 08 12:10:09 您未提供企业微信机器人推送所需的QYWX_KEY，取消企业微信推送消息通知🚫
Jun 08 12:10:09 
Jun 08 12:10:09 您未提供企业微信应用消息推送所需的QYWX_AM，取消企业微信应用消息推送消息通知🚫
Jun 08 12:10:09 
Jun 08 12:10:09 您未提供iGot的推送IGOT_PUSH_KEY，取消iGot推送消息通知🚫
Jun 08 12:10:09 
Jun 08 12:10:09 
Jun 08 12:10:09 🔔京东种豆得豆, 结束! 🕛 1.529 秒
Jun 08 12:10:09 
Jun 08 13:11:10 
Jun 08 13:11:10 🔔京东种豆得豆, 开始!
Jun 08 13:11:10 开始获取种豆得豆配置文件
Jun 08 13:11:10 
Jun 08 13:11:10 
Jun 08 13:11:10 ====================共1个京东账号Cookie=========
Jun 08 13:11:10 
Jun 08 13:11:10 ==================脚本执行- 北京时间(UTC+8)：6/8/2021, 1:11:10 PM=====================
Jun 08 13:11:10 
Jun 08 13:11:10 由于您环境变量(PLANT_BEAN_SHARECODES)里面未提供助力码，故此处运行将会给脚本内置的码进行助力，请知晓！
Jun 08 13:11:10 共1个京东账号
Jun 08 13:11:10 
Jun 08 13:11:10 您提供了2个账号的种豆得豆助力码
Jun 08 13:11:10 
Jun 08 13:11:11 
Jun 08 13:11:11 开始【京东账号1】liu1071607950
Jun 08 13:11:11 
Jun 08 13:11:11 
Jun 08 13:11:11 ==============📣系统通知📣==============
Jun 08 13:11:11 京东种豆得豆
Jun 08 13:11:11 【提示】cookie已失效
Jun 08 13:11:11 京东账号1 liu1071607950
Jun 08 13:11:11 请重新登录获取
Jun 08 13:11:11 https://bean.m.jd.com/bean/signIndex.action
Jun 08 13:11:11 
Jun 08 13:11:11 
Jun 08 13:11:12 您未提供server酱的SCKEY，取消微信推送消息通知🚫
Jun 08 13:11:12 
Jun 08 13:11:12 您未提供push+推送所需的PUSH_PLUS_TOKEN，取消push+推送消息通知🚫
Jun 08 13:11:12 
Jun 08 13:11:12 您未提供Bark的APP推送BARK_PUSH，取消Bark推送消息通知🚫
Jun 08 13:11:12 
Jun 08 13:11:12 您未提供telegram机器人推送所需的TG_BOT_TOKEN和TG_USER_ID，取消telegram推送消息通知🚫
Jun 08 13:11:12 
Jun 08 13:11:12 您未提供钉钉机器人推送所需的DD_BOT_TOKEN或者DD_BOT_SECRET，取消钉钉推送消息通知🚫
Jun 08 13:11:12 
Jun 08 13:11:12 您未提供企业微信机器人推送所需的QYWX_KEY，取消企业微信推送消息通知🚫
Jun 08 13:11:12 
Jun 08 13:11:12 您未提供企业微信应用消息推送所需的QYWX_AM，取消企业微信应用消息推送消息通知🚫
Jun 08 13:11:12 
Jun 08 13:11:12 您未提供iGot的推送IGOT_PUSH_KEY，取消iGot推送消息通知🚫
Jun 08 13:11:12 
Jun 08 13:11:12 
Jun 08 13:11:12 🔔京东种豆得豆, 结束! 🕛 1.255 秒
Jun 08 13:11:12 
Jun 08 14:11:02 
Jun 08 14:11:02 🔔京东种豆得豆, 开始!
Jun 08 14:11:02 开始获取种豆得豆配置文件
Jun 08 14:11:02 
Jun 08 14:11:02 
Jun 08 14:11:02 ====================共1个京东账号Cookie=========
Jun 08 14:11:02 
Jun 08 14:11:02 ==================脚本执行- 北京时间(UTC+8)：6/8/2021, 2:11:02 PM=====================
Jun 08 14:11:02 
Jun 08 14:11:02 由于您环境变量(PLANT_BEAN_SHARECODES)里面未提供助力码，故此处运行将会给脚本内置的码进行助力，请知晓！
Jun 08 14:11:02 共1个京东账号
Jun 08 14:11:02 
Jun 08 14:11:02 您提供了2个账号的种豆得豆助力码
Jun 08 14:11:02 
Jun 08 14:11:05 
Jun 08 14:11:05 开始【京东账号1】liu1071607950
Jun 08 14:11:05 
Jun 08 14:11:05 
Jun 08 14:11:05 ==============📣系统通知📣==============
Jun 08 14:11:05 京东种豆得豆
Jun 08 14:11:05 【提示】cookie已失效
Jun 08 14:11:05 京东账号1 liu1071607950
Jun 08 14:11:05 请重新登录获取
Jun 08 14:11:05 https://bean.m.jd.com/bean/signIndex.action
Jun 08 14:11:05 
Jun 08 14:11:05 
Jun 08 14:11:05 您未提供server酱的SCKEY，取消微信推送消息通知🚫
Jun 08 14:11:05 
Jun 08 14:11:05 您未提供push+推送所需的PUSH_PLUS_TOKEN，取消push+推送消息通知🚫
Jun 08 14:11:05 
Jun 08 14:11:05 您未提供Bark的APP推送BARK_PUSH，取消Bark推送消息通知🚫
Jun 08 14:11:05 
Jun 08 14:11:05 您未提供telegram机器人推送所需的TG_BOT_TOKEN和TG_USER_ID，取消telegram推送消息通知🚫
Jun 08 14:11:05 
Jun 08 14:11:05 您未提供钉钉机器人推送所需的DD_BOT_TOKEN或者DD_BOT_SECRET，取消钉钉推送消息通知🚫
Jun 08 14:11:05 
Jun 08 14:11:05 您未提供企业微信机器人推送所需的QYWX_KEY，取消企业微信推送消息通知🚫
Jun 08 14:11:05 
Jun 08 14:11:05 您未提供企业微信应用消息推送所需的QYWX_AM，取消企业微信应用消息推送消息通知🚫
Jun 08 14:11:05 
Jun 08 14:11:05 您未提供iGot的推送IGOT_PUSH_KEY，取消iGot推送消息通知🚫
Jun 08 14:11:05 
Jun 08 14:11:05 
Jun 08 14:11:05 🔔京东种豆得豆, 结束! 🕛 2.804 秒
Jun 08 14:11:05 
Jun 08 15:11:19 
Jun 08 15:11:19 🔔京东种豆得豆, 开始!
Jun 08 15:11:19 开始获取种豆得豆配置文件
Jun 08 15:11:19 
Jun 08 15:11:19 
Jun 08 15:11:19 ====================共1个京东账号Cookie=========
Jun 08 15:11:19 
Jun 08 15:11:19 ==================脚本执行- 北京时间(UTC+8)：6/8/2021, 3:11:19 PM=====================
Jun 08 15:11:19 
Jun 08 15:11:19 由于您环境变量(PLANT_BEAN_SHARECODES)里面未提供助力码，故此处运行将会给脚本内置的码进行助力，请知晓！
Jun 08 15:11:19 共1个京东账号
Jun 08 15:11:19 
Jun 08 15:11:19 您提供了2个账号的种豆得豆助力码
Jun 08 15:11:19 
Jun 08 15:11:20 "getaddrinfo ENOTFOUND wq.jd.com"
Jun 08 15:11:20 京东种豆得豆 API请求失败，请检查网路重试
Jun 08 15:11:20 
Jun 08 15:11:20 开始【京东账号1】liu1071607950
Jun 08 15:11:20 
Jun 08 15:11:24 "getaddrinfo ENOTFOUND share.turinglabs.net"
Jun 08 15:11:24 京东种豆得豆 API请求失败，请检查网路重试
Jun 08 15:11:24 第1个京东账号将要助力的好友["66j4yt3ebl5ierjljoszp7e4izzbzaqhi5k2unz2afwlyqsgnasq","olmijoxgmjutyrsovl2xalt2tbtfmg6sqldcb3q","e7lhibzb3zek27amgsvywffxx7hxgtzstrk2lba","olmijoxgmjutyx55upqaqxrblt7f3h26dgj2riy"]
Jun 08 15:11:24 获取任务及基本信息
Jun 08 15:11:27 
Jun 08 15:11:27 种豆得豆: API查询请求失败 ‼️‼️
Jun 08 15:11:27 function_id:plantBeanIndex
Jun 08 15:11:27 
Jun 08 15:11:27 ❗️京东种豆得豆, 错误!
Jun 08 15:11:27 
Jun 08 15:11:27 种豆得豆-初始失败:  undefined
Jun 08 15:11:27 
Jun 08 15:11:27 
Jun 08 15:11:27 
Jun 08 15:11:27 
Jun 08 15:11:27 🔔京东种豆得豆, 结束! 🕛 7.405 秒
Jun 08 15:11:27 
Jun 08 16:11:29 
Jun 08 16:11:29 🔔京东种豆得豆, 开始!
Jun 08 16:11:29 开始获取种豆得豆配置文件
Jun 08 16:11:29 
Jun 08 16:11:29 
Jun 08 16:11:29 ====================共1个京东账号Cookie=========
Jun 08 16:11:29 
Jun 08 16:11:29 ==================脚本执行- 北京时间(UTC+8)：6/8/2021, 4:11:29 PM=====================
Jun 08 16:11:29 
Jun 08 16:11:29 由于您环境变量(PLANT_BEAN_SHARECODES)里面未提供助力码，故此处运行将会给脚本内置的码进行助力，请知晓！
Jun 08 16:11:29 共1个京东账号
Jun 08 16:11:29 
Jun 08 16:11:29 您提供了2个账号的种豆得豆助力码
Jun 08 16:11:29 
Jun 08 16:11:30 
Jun 08 16:11:30 开始【京东账号1】liu1071607950
Jun 08 16:11:30 
Jun 08 16:11:30 
Jun 08 16:11:30 ==============📣系统通知📣==============
Jun 08 16:11:30 京东种豆得豆
Jun 08 16:11:30 【提示】cookie已失效
Jun 08 16:11:30 京东账号1 liu1071607950
Jun 08 16:11:30 请重新登录获取
Jun 08 16:11:30 https://bean.m.jd.com/bean/signIndex.action
Jun 08 16:11:30 
Jun 08 16:11:30 
Jun 08 16:11:30 您未提供server酱的SCKEY，取消微信推送消息通知🚫
Jun 08 16:11:30 
Jun 08 16:11:30 您未提供push+推送所需的PUSH_PLUS_TOKEN，取消push+推送消息通知🚫
Jun 08 16:11:30 
Jun 08 16:11:30 您未提供Bark的APP推送BARK_PUSH，取消Bark推送消息通知🚫
Jun 08 16:11:30 
Jun 08 16:11:30 您未提供telegram机器人推送所需的TG_BOT_TOKEN和TG_USER_ID，取消telegram推送消息通知🚫
Jun 08 16:11:30 
Jun 08 16:11:30 您未提供钉钉机器人推送所需的DD_BOT_TOKEN或者DD_BOT_SECRET，取消钉钉推送消息通知🚫
Jun 08 16:11:30 
Jun 08 16:11:30 您未提供企业微信机器人推送所需的QYWX_KEY，取消企业微信推送消息通知🚫
Jun 08 16:11:30 
Jun 08 16:11:30 您未提供企业微信应用消息推送所需的QYWX_AM，取消企业微信应用消息推送消息通知🚫
Jun 08 16:11:30 
Jun 08 16:11:30 您未提供iGot的推送IGOT_PUSH_KEY，取消iGot推送消息通知🚫
Jun 08 16:11:30 
Jun 08 16:11:30 
Jun 08 16:11:30 🔔京东种豆得豆, 结束! 🕛 1.45 秒
Jun 08 16:11:30 
Jun 08 17:10:44 
Jun 08 17:10:44 🔔京东种豆得豆, 开始!
Jun 08 17:10:44 开始获取种豆得豆配置文件
Jun 08 17:10:44 
Jun 08 17:10:45 
Jun 08 17:10:45 ====================共1个京东账号Cookie=========
Jun 08 17:10:45 
Jun 08 17:10:45 ==================脚本执行- 北京时间(UTC+8)：6/8/2021, 5:10:44 PM=====================
Jun 08 17:10:45 
Jun 08 17:10:45 由于您环境变量(PLANT_BEAN_SHARECODES)里面未提供助力码，故此处运行将会给脚本内置的码进行助力，请知晓！
Jun 08 17:10:45 共1个京东账号
Jun 08 17:10:45 
Jun 08 17:10:45 您提供了2个账号的种豆得豆助力码
Jun 08 17:10:45 
Jun 08 17:10:46 
Jun 08 17:10:46 开始【京东账号1】liu1071607950
Jun 08 17:10:46 
Jun 08 17:10:46 
Jun 08 17:10:46 ==============📣系统通知📣==============
Jun 08 17:10:46 京东种豆得豆
Jun 08 17:10:46 【提示】cookie已失效
Jun 08 17:10:46 京东账号1 liu1071607950
Jun 08 17:10:46 请重新登录获取
Jun 08 17:10:46 https://bean.m.jd.com/bean/signIndex.action
Jun 08 17:10:46 
Jun 08 17:10:46 
Jun 08 17:10:46 您未提供server酱的SCKEY，取消微信推送消息通知🚫
Jun 08 17:10:46 
Jun 08 17:10:46 您未提供push+推送所需的PUSH_PLUS_TOKEN，取消push+推送消息通知🚫
Jun 08 17:10:46 
Jun 08 17:10:46 您未提供Bark的APP推送BARK_PUSH，取消Bark推送消息通知🚫
Jun 08 17:10:46 
Jun 08 17:10:46 您未提供telegram机器人推送所需的TG_BOT_TOKEN和TG_USER_ID，取消telegram推送消息通知🚫
Jun 08 17:10:46 
Jun 08 17:10:46 您未提供钉钉机器人推送所需的DD_BOT_TOKEN或者DD_BOT_SECRET，取消钉钉推送消息通知🚫
Jun 08 17:10:46 
Jun 08 17:10:46 您未提供企业微信机器人推送所需的QYWX_KEY，取消企业微信推送消息通知🚫
Jun 08 17:10:46 
Jun 08 17:10:46 您未提供企业微信应用消息推送所需的QYWX_AM，取消企业微信应用消息推送消息通知🚫
Jun 08 17:10:46 
Jun 08 17:10:46 您未提供iGot的推送IGOT_PUSH_KEY，取消iGot推送消息通知🚫
Jun 08 17:10:46 
Jun 08 17:10:46 
Jun 08 17:10:46 🔔京东种豆得豆, 结束! 🕛 1.736 秒
Jun 08 17:10:46 
Jun 08 18:11:57 
Jun 08 18:11:57 🔔京东种豆得豆, 开始!
Jun 08 18:11:57 开始获取种豆得豆配置文件
Jun 08 18:11:57 
Jun 08 18:11:57 
Jun 08 18:11:57 ====================共1个京东账号Cookie=========
Jun 08 18:11:57 
Jun 08 18:11:57 ==================脚本执行- 北京时间(UTC+8)：6/8/2021, 6:11:57 PM=====================
Jun 08 18:11:57 
Jun 08 18:11:57 由于您环境变量(PLANT_BEAN_SHARECODES)里面未提供助力码，故此处运行将会给脚本内置的码进行助力，请知晓！
Jun 08 18:11:57 共1个京东账号
Jun 08 18:11:57 
Jun 08 18:11:57 您提供了2个账号的种豆得豆助力码
Jun 08 18:11:57 
Jun 08 18:11:59 
Jun 08 18:11:59 开始【京东账号1】liu1071607950
Jun 08 18:11:59 
Jun 08 18:11:59 
Jun 08 18:11:59 ==============📣系统通知📣==============
Jun 08 18:11:59 京东种豆得豆
Jun 08 18:11:59 【提示】cookie已失效
Jun 08 18:11:59 京东账号1 liu1071607950
Jun 08 18:11:59 请重新登录获取
Jun 08 18:11:59 https://bean.m.jd.com/bean/signIndex.action
Jun 08 18:11:59 
Jun 08 18:11:59 
Jun 08 18:11:59 您未提供server酱的SCKEY，取消微信推送消息通知🚫
Jun 08 18:11:59 
Jun 08 18:11:59 您未提供push+推送所需的PUSH_PLUS_TOKEN，取消push+推送消息通知🚫
Jun 08 18:11:59 
Jun 08 18:11:59 您未提供Bark的APP推送BARK_PUSH，取消Bark推送消息通知🚫
Jun 08 18:11:59 
Jun 08 18:11:59 您未提供telegram机器人推送所需的TG_BOT_TOKEN和TG_USER_ID，取消telegram推送消息通知🚫
Jun 08 18:11:59 
Jun 08 18:11:59 您未提供钉钉机器人推送所需的DD_BOT_TOKEN或者DD_BOT_SECRET，取消钉钉推送消息通知🚫
Jun 08 18:11:59 
Jun 08 18:11:59 您未提供企业微信机器人推送所需的QYWX_KEY，取消企业微信推送消息通知🚫
Jun 08 18:11:59 
Jun 08 18:11:59 您未提供企业微信应用消息推送所需的QYWX_AM，取消企业微信应用消息推送消息通知🚫
Jun 08 18:11:59 
Jun 08 18:11:59 您未提供iGot的推送IGOT_PUSH_KEY，取消iGot推送消息通知🚫
Jun 08 18:11:59 
Jun 08 18:11:59 
Jun 08 18:11:59 🔔京东种豆得豆, 结束! 🕛 2.077 秒
Jun 08 18:11:59 
Jun 08 19:10:59 
Jun 08 19:10:59 🔔京东种豆得豆, 开始!
Jun 08 19:10:59 开始获取种豆得豆配置文件
Jun 08 19:10:59 
Jun 08 19:10:59 
Jun 08 19:10:59 ====================共1个京东账号Cookie=========
Jun 08 19:10:59 
Jun 08 19:10:59 ==================脚本执行- 北京时间(UTC+8)：6/8/2021, 7:10:59 PM=====================
Jun 08 19:10:59 
Jun 08 19:10:59 由于您环境变量(PLANT_BEAN_SHARECODES)里面未提供助力码，故此处运行将会给脚本内置的码进行助力，请知晓！
Jun 08 19:10:59 共1个京东账号
Jun 08 19:10:59 
Jun 08 19:10:59 您提供了2个账号的种豆得豆助力码
Jun 08 19:10:59 
Jun 08 19:11:02 
Jun 08 19:11:02 开始【京东账号1】liu1071607950
Jun 08 19:11:02 
Jun 08 19:11:02 
Jun 08 19:11:02 ==============📣系统通知📣==============
Jun 08 19:11:02 京东种豆得豆
Jun 08 19:11:02 【提示】cookie已失效
Jun 08 19:11:02 京东账号1 liu1071607950
Jun 08 19:11:02 请重新登录获取
Jun 08 19:11:02 https://bean.m.jd.com/bean/signIndex.action
Jun 08 19:11:02 
Jun 08 19:11:02 
Jun 08 19:11:02 您未提供server酱的SCKEY，取消微信推送消息通知🚫
Jun 08 19:11:02 
Jun 08 19:11:02 您未提供push+推送所需的PUSH_PLUS_TOKEN，取消push+推送消息通知🚫
Jun 08 19:11:02 
Jun 08 19:11:02 您未提供Bark的APP推送BARK_PUSH，取消Bark推送消息通知🚫
Jun 08 19:11:02 
Jun 08 19:11:02 您未提供telegram机器人推送所需的TG_BOT_TOKEN和TG_USER_ID，取消telegram推送消息通知🚫
Jun 08 19:11:02 
Jun 08 19:11:02 您未提供钉钉机器人推送所需的DD_BOT_TOKEN或者DD_BOT_SECRET，取消钉钉推送消息通知🚫
Jun 08 19:11:02 
Jun 08 19:11:02 您未提供企业微信机器人推送所需的QYWX_KEY，取消企业微信推送消息通知🚫
Jun 08 19:11:02 
Jun 08 19:11:02 您未提供企业微信应用消息推送所需的QYWX_AM，取消企业微信应用消息推送消息通知🚫
Jun 08 19:11:02 
Jun 08 19:11:02 您未提供iGot的推送IGOT_PUSH_KEY，取消iGot推送消息通知🚫
Jun 08 19:11:02 
Jun 08 19:11:02 
Jun 08 19:11:02 🔔京东种豆得豆, 结束! 🕛 3.784 秒
Jun 08 19:11:02 
Jun 08 20:10:32 
Jun 08 20:10:33 🔔京东种豆得豆, 开始!
Jun 08 20:10:33 开始获取种豆得豆配置文件
Jun 08 20:10:33 
Jun 08 20:10:33 
Jun 08 20:10:33 ====================共1个京东账号Cookie=========
Jun 08 20:10:33 
Jun 08 20:10:33 ==================脚本执行- 北京时间(UTC+8)：6/8/2021, 8:10:33 PM=====================
Jun 08 20:10:33 
Jun 08 20:10:33 由于您环境变量(PLANT_BEAN_SHARECODES)里面未提供助力码，故此处运行将会给脚本内置的码进行助力，请知晓！
Jun 08 20:10:33 共1个京东账号
Jun 08 20:10:33 
Jun 08 20:10:33 您提供了2个账号的种豆得豆助力码
Jun 08 20:10:33 
Jun 08 20:10:34 "getaddrinfo ENOTFOUND wq.jd.com"
Jun 08 20:10:34 京东种豆得豆 API请求失败，请检查网路重试
Jun 08 20:10:34 
Jun 08 20:10:34 开始【京东账号1】liu1071607950
Jun 08 20:10:34 
Jun 08 20:10:38 "getaddrinfo ENOTFOUND share.turinglabs.net"
Jun 08 20:10:38 京东种豆得豆 API请求失败，请检查网路重试
Jun 08 20:10:38 第1个京东账号将要助力的好友["66j4yt3ebl5ierjljoszp7e4izzbzaqhi5k2unz2afwlyqsgnasq","olmijoxgmjutyrsovl2xalt2tbtfmg6sqldcb3q","e7lhibzb3zek27amgsvywffxx7hxgtzstrk2lba","olmijoxgmjutyx55upqaqxrblt7f3h26dgj2riy"]
Jun 08 20:10:38 获取任务及基本信息
Jun 08 20:10:40 
Jun 08 20:10:40 种豆得豆: API查询请求失败 ‼️‼️
Jun 08 20:10:40 function_id:plantBeanIndex
Jun 08 20:10:40 
Jun 08 20:10:40 ❗️京东种豆得豆, 错误!
Jun 08 20:10:40 
Jun 08 20:10:40 种豆得豆-初始失败:  undefined
Jun 08 20:10:40 
Jun 08 20:10:40 
Jun 08 20:10:40 
Jun 08 20:10:40 
Jun 08 20:10:40 🔔京东种豆得豆, 结束! 🕛 7.745 秒
Jun 08 20:10:40 
Jun 08 21:11:21 
Jun 08 21:11:21 🔔京东种豆得豆, 开始!
Jun 08 21:11:21 开始获取种豆得豆配置文件
Jun 08 21:11:21 
Jun 08 21:11:21 
Jun 08 21:11:21 ====================共1个京东账号Cookie=========
Jun 08 21:11:21 
Jun 08 21:11:21 ==================脚本执行- 北京时间(UTC+8)：6/8/2021, 9:11:21 PM=====================
Jun 08 21:11:21 
Jun 08 21:11:21 由于您环境变量(PLANT_BEAN_SHARECODES)里面未提供助力码，故此处运行将会给脚本内置的码进行助力，请知晓！
Jun 08 21:11:21 共1个京东账号
Jun 08 21:11:21 
Jun 08 21:11:21 您提供了2个账号的种豆得豆助力码
Jun 08 21:11:21 
Jun 08 21:11:23 
Jun 08 21:11:23 开始【京东账号1】liu1071607950
Jun 08 21:11:23 
Jun 08 21:11:23 
Jun 08 21:11:23 ==============📣系统通知📣==============
Jun 08 21:11:23 京东种豆得豆
Jun 08 21:11:23 【提示】cookie已失效
Jun 08 21:11:23 京东账号1 liu1071607950
Jun 08 21:11:23 请重新登录获取
Jun 08 21:11:23 https://bean.m.jd.com/bean/signIndex.action
Jun 08 21:11:23 
Jun 08 21:11:23 
Jun 08 21:11:23 您未提供server酱的SCKEY，取消微信推送消息通知🚫
Jun 08 21:11:23 
Jun 08 21:11:23 您未提供push+推送所需的PUSH_PLUS_TOKEN，取消push+推送消息通知🚫
Jun 08 21:11:23 
Jun 08 21:11:23 您未提供Bark的APP推送BARK_PUSH，取消Bark推送消息通知🚫
Jun 08 21:11:23 
Jun 08 21:11:23 您未提供telegram机器人推送所需的TG_BOT_TOKEN和TG_USER_ID，取消telegram推送消息通知🚫
Jun 08 21:11:23 
Jun 08 21:11:23 您未提供钉钉机器人推送所需的DD_BOT_TOKEN或者DD_BOT_SECRET，取消钉钉推送消息通知🚫
Jun 08 21:11:23 
Jun 08 21:11:23 您未提供企业微信机器人推送所需的QYWX_KEY，取消企业微信推送消息通知🚫
Jun 08 21:11:23 
Jun 08 21:11:23 您未提供企业微信应用消息推送所需的QYWX_AM，取消企业微信应用消息推送消息通知🚫
Jun 08 21:11:23 
Jun 08 21:11:23 您未提供iGot的推送IGOT_PUSH_KEY，取消iGot推送消息通知🚫
Jun 08 21:11:23 
Jun 08 21:11:23 
Jun 08 21:11:23 🔔京东种豆得豆, 结束! 🕛 1.996 秒
Jun 08 21:11:23 
Jun 08 22:10:09 
Jun 08 22:10:09 🔔京东种豆得豆, 开始!
Jun 08 22:10:09 开始获取种豆得豆配置文件
Jun 08 22:10:09 
Jun 08 22:10:09 
Jun 08 22:10:09 ====================共1个京东账号Cookie=========
Jun 08 22:10:09 
Jun 08 22:10:09 ==================脚本执行- 北京时间(UTC+8)：6/8/2021, 10:10:09 PM=====================
Jun 08 22:10:09 
Jun 08 22:10:09 由于您环境变量(PLANT_BEAN_SHARECODES)里面未提供助力码，故此处运行将会给脚本内置的码进行助力，请知晓！
Jun 08 22:10:09 共1个京东账号
Jun 08 22:10:09 
Jun 08 22:10:09 您提供了2个账号的种豆得豆助力码
Jun 08 22:10:09 
Jun 08 22:10:11 
Jun 08 22:10:11 开始【京东账号1】liu1071607950
Jun 08 22:10:11 
Jun 08 22:10:11 
Jun 08 22:10:11 ==============📣系统通知📣==============
Jun 08 22:10:11 京东种豆得豆
Jun 08 22:10:11 【提示】cookie已失效
Jun 08 22:10:11 京东账号1 liu1071607950
Jun 08 22:10:11 请重新登录获取
Jun 08 22:10:11 https://bean.m.jd.com/bean/signIndex.action
Jun 08 22:10:11 
Jun 08 22:10:11 
Jun 08 22:10:11 您未提供server酱的SCKEY，取消微信推送消息通知🚫
Jun 08 22:10:11 
Jun 08 22:10:11 您未提供push+推送所需的PUSH_PLUS_TOKEN，取消push+推送消息通知🚫
Jun 08 22:10:11 
Jun 08 22:10:11 您未提供Bark的APP推送BARK_PUSH，取消Bark推送消息通知🚫
Jun 08 22:10:11 
Jun 08 22:10:11 您未提供telegram机器人推送所需的TG_BOT_TOKEN和TG_USER_ID，取消telegram推送消息通知🚫
Jun 08 22:10:11 
Jun 08 22:10:11 您未提供钉钉机器人推送所需的DD_BOT_TOKEN或者DD_BOT_SECRET，取消钉钉推送消息通知🚫
Jun 08 22:10:11 
Jun 08 22:10:11 您未提供企业微信机器人推送所需的QYWX_KEY，取消企业微信推送消息通知🚫
Jun 08 22:10:11 
Jun 08 22:10:11 您未提供企业微信应用消息推送所需的QYWX_AM，取消企业微信应用消息推送消息通知🚫
Jun 08 22:10:11 
Jun 08 22:10:11 您未提供iGot的推送IGOT_PUSH_KEY，取消iGot推送消息通知🚫
Jun 08 22:10:11 
Jun 08 22:10:11 
Jun 08 22:10:11 🔔京东种豆得豆, 结束! 🕛 1.516 秒
Jun 08 22:10:11 
Jun 09 11:11:28 
Jun 09 11:11:28 🔔京东种豆得豆, 开始!
Jun 09 11:11:28 开始获取种豆得豆配置文件
Jun 09 11:11:28 
Jun 09 11:11:28 
Jun 09 11:11:28 ====================共1个京东账号Cookie=========
Jun 09 11:11:28 
Jun 09 11:11:28 ==================脚本执行- 北京时间(UTC+8)：6/9/2021, 11:11:28 AM=====================
Jun 09 11:11:28 
Jun 09 11:11:28 由于您环境变量(PLANT_BEAN_SHARECODES)里面未提供助力码，故此处运行将会给脚本内置的码进行助力，请知晓！
Jun 09 11:11:28 共1个京东账号
Jun 09 11:11:28 
Jun 09 11:11:28 您提供了2个账号的种豆得豆助力码
Jun 09 11:11:28 
Jun 09 11:11:29 
Jun 09 11:11:29 开始【京东账号1】liu1071607950
Jun 09 11:11:29 
Jun 09 11:11:29 
Jun 09 11:11:29 ==============📣系统通知📣==============
Jun 09 11:11:29 京东种豆得豆
Jun 09 11:11:29 【提示】cookie已失效
Jun 09 11:11:29 京东账号1 liu1071607950
Jun 09 11:11:29 请重新登录获取
Jun 09 11:11:29 https://bean.m.jd.com/bean/signIndex.action
Jun 09 11:11:29 
Jun 09 11:11:29 
Jun 09 11:11:29 您未提供server酱的SCKEY，取消微信推送消息通知🚫
Jun 09 11:11:29 
Jun 09 11:11:29 您未提供push+推送所需的PUSH_PLUS_TOKEN，取消push+推送消息通知🚫
Jun 09 11:11:29 
Jun 09 11:11:29 您未提供Bark的APP推送BARK_PUSH，取消Bark推送消息通知🚫
Jun 09 11:11:29 
Jun 09 11:11:29 您未提供telegram机器人推送所需的TG_BOT_TOKEN和TG_USER_ID，取消telegram推送消息通知🚫
Jun 09 11:11:29 
Jun 09 11:11:29 您未提供钉钉机器人推送所需的DD_BOT_TOKEN或者DD_BOT_SECRET，取消钉钉推送消息通知🚫
Jun 09 11:11:29 
Jun 09 11:11:29 您未提供企业微信机器人推送所需的QYWX_KEY，取消企业微信推送消息通知🚫
Jun 09 11:11:29 
Jun 09 11:11:29 您未提供企业微信应用消息推送所需的QYWX_AM，取消企业微信应用消息推送消息通知🚫
Jun 09 11:11:29 
Jun 09 11:11:29 您未提供iGot的推送IGOT_PUSH_KEY，取消iGot推送消息通知🚫
Jun 09 11:11:29 
Jun 09 11:11:29 
Jun 09 11:11:29 🔔京东种豆得豆, 结束! 🕛 1.36 秒
Jun 09 11:11:29 
Jun 09 12:11:23 
Jun 09 12:11:23 🔔京东种豆得豆, 开始!
Jun 09 12:11:23 开始获取种豆得豆配置文件
Jun 09 12:11:23 
Jun 09 12:11:23 
Jun 09 12:11:23 ====================共1个京东账号Cookie=========
Jun 09 12:11:23 
Jun 09 12:11:23 ==================脚本执行- 北京时间(UTC+8)：6/9/2021, 12:11:23 PM=====================
Jun 09 12:11:23 
Jun 09 12:11:23 由于您环境变量(PLANT_BEAN_SHARECODES)里面未提供助力码，故此处运行将会给脚本内置的码进行助力，请知晓！
Jun 09 12:11:23 共1个京东账号
Jun 09 12:11:23 
Jun 09 12:11:24 您提供了2个账号的种豆得豆助力码
Jun 09 12:11:24 
Jun 09 12:11:25 
Jun 09 12:11:25 开始【京东账号1】liu1071607950
Jun 09 12:11:25 
Jun 09 12:11:25 
Jun 09 12:11:25 ==============📣系统通知📣==============
Jun 09 12:11:25 京东种豆得豆
Jun 09 12:11:25 【提示】cookie已失效
Jun 09 12:11:25 京东账号1 liu1071607950
Jun 09 12:11:25 请重新登录获取
Jun 09 12:11:25 https://bean.m.jd.com/bean/signIndex.action
Jun 09 12:11:25 
Jun 09 12:11:25 
Jun 09 12:11:25 您未提供server酱的SCKEY，取消微信推送消息通知🚫
Jun 09 12:11:25 
Jun 09 12:11:25 您未提供push+推送所需的PUSH_PLUS_TOKEN，取消push+推送消息通知🚫
Jun 09 12:11:25 
Jun 09 12:11:25 您未提供Bark的APP推送BARK_PUSH，取消Bark推送消息通知🚫
Jun 09 12:11:25 
Jun 09 12:11:25 您未提供telegram机器人推送所需的TG_BOT_TOKEN和TG_USER_ID，取消telegram推送消息通知🚫
Jun 09 12:11:25 
Jun 09 12:11:25 您未提供钉钉机器人推送所需的DD_BOT_TOKEN或者DD_BOT_SECRET，取消钉钉推送消息通知🚫
Jun 09 12:11:25 
Jun 09 12:11:25 您未提供企业微信机器人推送所需的QYWX_KEY，取消企业微信推送消息通知🚫
Jun 09 12:11:25 
Jun 09 12:11:25 您未提供企业微信应用消息推送所需的QYWX_AM，取消企业微信应用消息推送消息通知🚫
Jun 09 12:11:25 
Jun 09 12:11:25 您未提供iGot的推送IGOT_PUSH_KEY，取消iGot推送消息通知🚫
Jun 09 12:11:25 
Jun 09 12:11:25 
Jun 09 12:11:25 🔔京东种豆得豆, 结束! 🕛 2.205 秒
Jun 09 12:11:25 
Jun 09 13:10:12 
Jun 09 13:10:12 🔔京东种豆得豆, 开始!
Jun 09 13:10:12 开始获取种豆得豆配置文件
Jun 09 13:10:12 
Jun 09 13:10:12 
Jun 09 13:10:12 ====================共1个京东账号Cookie=========
Jun 09 13:10:12 
Jun 09 13:10:12 ==================脚本执行- 北京时间(UTC+8)：6/9/2021, 1:10:12 PM=====================
Jun 09 13:10:12 
Jun 09 13:10:12 由于您环境变量(PLANT_BEAN_SHARECODES)里面未提供助力码，故此处运行将会给脚本内置的码进行助力，请知晓！
Jun 09 13:10:12 共1个京东账号
Jun 09 13:10:12 
Jun 09 13:10:12 您提供了2个账号的种豆得豆助力码
Jun 09 13:10:12 
Jun 09 13:10:13 "getaddrinfo ENOTFOUND wq.jd.com"
Jun 09 13:10:13 京东种豆得豆 API请求失败，请检查网路重试
Jun 09 13:10:13 
Jun 09 13:10:13 开始【京东账号1】liu1071607950
Jun 09 13:10:13 
Jun 09 13:10:18 "getaddrinfo ENOTFOUND share.turinglabs.net"
Jun 09 13:10:18 京东种豆得豆 API请求失败，请检查网路重试
Jun 09 13:10:18 第1个京东账号将要助力的好友["66j4yt3ebl5ierjljoszp7e4izzbzaqhi5k2unz2afwlyqsgnasq","olmijoxgmjutyrsovl2xalt2tbtfmg6sqldcb3q","e7lhibzb3zek27amgsvywffxx7hxgtzstrk2lba","olmijoxgmjutyx55upqaqxrblt7f3h26dgj2riy"]
Jun 09 13:10:18 获取任务及基本信息
Jun 09 13:10:20 
Jun 09 13:10:20 种豆得豆: API查询请求失败 ‼️‼️
Jun 09 13:10:20 function_id:plantBeanIndex
Jun 09 13:10:20 
Jun 09 13:10:20 ❗️京东种豆得豆, 错误!
Jun 09 13:10:20 
Jun 09 13:10:20 种豆得豆-初始失败:  undefined
Jun 09 13:10:20 
Jun 09 13:10:20 
Jun 09 13:10:20 
Jun 09 13:10:20 
Jun 09 13:10:20 🔔京东种豆得豆, 结束! 🕛 7.559 秒
Jun 09 13:10:20 
Jun 09 14:11:27 
Jun 09 14:11:27 🔔京东种豆得豆, 开始!
Jun 09 14:11:27 开始获取种豆得豆配置文件
Jun 09 14:11:27 
Jun 09 14:11:27 
Jun 09 14:11:27 ====================共1个京东账号Cookie=========
Jun 09 14:11:27 
Jun 09 14:11:27 ==================脚本执行- 北京时间(UTC+8)：6/9/2021, 2:11:27 PM=====================
Jun 09 14:11:27 
Jun 09 14:11:27 由于您环境变量(PLANT_BEAN_SHARECODES)里面未提供助力码，故此处运行将会给脚本内置的码进行助力，请知晓！
Jun 09 14:11:27 共1个京东账号
Jun 09 14:11:27 
Jun 09 14:11:27 您提供了2个账号的种豆得豆助力码
Jun 09 14:11:27 
Jun 09 14:11:29 
Jun 09 14:11:29 开始【京东账号1】liu1071607950
Jun 09 14:11:29 
Jun 09 14:11:29 
Jun 09 14:11:29 ==============📣系统通知📣==============
Jun 09 14:11:29 京东种豆得豆
Jun 09 14:11:29 【提示】cookie已失效
Jun 09 14:11:29 京东账号1 liu1071607950
Jun 09 14:11:29 请重新登录获取
Jun 09 14:11:29 https://bean.m.jd.com/bean/signIndex.action
Jun 09 14:11:29 
Jun 09 14:11:29 
Jun 09 14:11:29 您未提供server酱的SCKEY，取消微信推送消息通知🚫
Jun 09 14:11:29 
Jun 09 14:11:29 您未提供push+推送所需的PUSH_PLUS_TOKEN，取消push+推送消息通知🚫
Jun 09 14:11:29 
Jun 09 14:11:29 您未提供Bark的APP推送BARK_PUSH，取消Bark推送消息通知🚫
Jun 09 14:11:29 
Jun 09 14:11:29 您未提供telegram机器人推送所需的TG_BOT_TOKEN和TG_USER_ID，取消telegram推送消息通知🚫
Jun 09 14:11:29 
Jun 09 14:11:29 您未提供钉钉机器人推送所需的DD_BOT_TOKEN或者DD_BOT_SECRET，取消钉钉推送消息通知🚫
Jun 09 14:11:29 
Jun 09 14:11:29 您未提供企业微信机器人推送所需的QYWX_KEY，取消企业微信推送消息通知🚫
Jun 09 14:11:29 
Jun 09 14:11:29 您未提供企业微信应用消息推送所需的QYWX_AM，取消企业微信应用消息推送消息通知🚫
Jun 09 14:11:29 
Jun 09 14:11:29 您未提供iGot的推送IGOT_PUSH_KEY，取消iGot推送消息通知🚫
Jun 09 14:11:29 
Jun 09 14:11:29 
Jun 09 14:11:29 🔔京东种豆得豆, 结束! 🕛 1.411 秒
Jun 09 14:11:29 
Jun 09 15:10:34 
Jun 09 15:10:34 🔔京东种豆得豆, 开始!
Jun 09 15:10:34 开始获取种豆得豆配置文件
Jun 09 15:10:34 
Jun 09 15:10:34 
Jun 09 15:10:34 ====================共1个京东账号Cookie=========
Jun 09 15:10:34 
Jun 09 15:10:34 ==================脚本执行- 北京时间(UTC+8)：6/9/2021, 3:10:34 PM=====================
Jun 09 15:10:34 
Jun 09 15:10:34 由于您环境变量(PLANT_BEAN_SHARECODES)里面未提供助力码，故此处运行将会给脚本内置的码进行助力，请知晓！
Jun 09 15:10:34 共1个京东账号
Jun 09 15:10:34 
Jun 09 15:10:34 您提供了2个账号的种豆得豆助力码
Jun 09 15:10:34 
Jun 09 15:10:35 
Jun 09 15:10:35 开始【京东账号1】liu1071607950
Jun 09 15:10:35 
Jun 09 15:10:39 "getaddrinfo ENOTFOUND share.turinglabs.net"
Jun 09 15:10:39 京东种豆得豆 API请求失败，请检查网路重试
Jun 09 15:10:39 第1个京东账号将要助力的好友["66j4yt3ebl5ierjljoszp7e4izzbzaqhi5k2unz2afwlyqsgnasq","olmijoxgmjutyrsovl2xalt2tbtfmg6sqldcb3q","e7lhibzb3zek27amgsvywffxx7hxgtzstrk2lba","olmijoxgmjutyx55upqaqxrblt7f3h26dgj2riy"]
Jun 09 15:10:39 获取任务及基本信息
Jun 09 15:10:41 种豆得豆-初始失败:  {"code":"3"}
Jun 09 15:10:41 
Jun 09 15:10:41 
Jun 09 15:10:41 
Jun 09 15:10:41 
Jun 09 15:10:41 🔔京东种豆得豆, 结束! 🕛 7.545 秒
Jun 09 15:10:41 
Jun 09 16:10:02 
Jun 09 16:10:02 🔔京东种豆得豆, 开始!
Jun 09 16:10:02 开始获取种豆得豆配置文件
Jun 09 16:10:02 
Jun 09 16:10:02 
Jun 09 16:10:02 ====================共1个京东账号Cookie=========
Jun 09 16:10:02 
Jun 09 16:10:02 ==================脚本执行- 北京时间(UTC+8)：6/9/2021, 4:10:02 PM=====================
Jun 09 16:10:02 
Jun 09 16:10:02 由于您环境变量(PLANT_BEAN_SHARECODES)里面未提供助力码，故此处运行将会给脚本内置的码进行助力，请知晓！
Jun 09 16:10:02 共1个京东账号
Jun 09 16:10:02 
Jun 09 16:10:02 您提供了2个账号的种豆得豆助力码
Jun 09 16:10:02 
Jun 09 16:10:04 
Jun 09 16:10:04 开始【京东账号1】liu1071607950
Jun 09 16:10:04 
Jun 09 16:10:04 
Jun 09 16:10:04 ==============📣系统通知📣==============
Jun 09 16:10:04 京东种豆得豆
Jun 09 16:10:04 【提示】cookie已失效
Jun 09 16:10:04 京东账号1 liu1071607950
Jun 09 16:10:04 请重新登录获取
Jun 09 16:10:04 https://bean.m.jd.com/bean/signIndex.action
Jun 09 16:10:04 
Jun 09 16:10:04 
Jun 09 16:10:04 您未提供server酱的SCKEY，取消微信推送消息通知🚫
Jun 09 16:10:04 
Jun 09 16:10:04 您未提供push+推送所需的PUSH_PLUS_TOKEN，取消push+推送消息通知🚫
Jun 09 16:10:04 
Jun 09 16:10:04 您未提供Bark的APP推送BARK_PUSH，取消Bark推送消息通知🚫
Jun 09 16:10:04 
Jun 09 16:10:04 您未提供telegram机器人推送所需的TG_BOT_TOKEN和TG_USER_ID，取消telegram推送消息通知🚫
Jun 09 16:10:04 
Jun 09 16:10:04 您未提供钉钉机器人推送所需的DD_BOT_TOKEN或者DD_BOT_SECRET，取消钉钉推送消息通知🚫
Jun 09 16:10:04 
Jun 09 16:10:04 您未提供企业微信机器人推送所需的QYWX_KEY，取消企业微信推送消息通知🚫
Jun 09 16:10:04 
Jun 09 16:10:04 您未提供企业微信应用消息推送所需的QYWX_AM，取消企业微信应用消息推送消息通知🚫
Jun 09 16:10:04 
Jun 09 16:10:04 您未提供iGot的推送IGOT_PUSH_KEY，取消iGot推送消息通知🚫
Jun 09 16:10:04 
Jun 09 16:10:04 
Jun 09 16:10:04 🔔京东种豆得豆, 结束! 🕛 2.197 秒
Jun 09 16:10:04 
Jun 09 17:10:48 
Jun 09 17:10:48 🔔京东种豆得豆, 开始!
Jun 09 17:10:48 开始获取种豆得豆配置文件
Jun 09 17:10:48 
Jun 09 17:10:48 
Jun 09 17:10:48 ====================共1个京东账号Cookie=========
Jun 09 17:10:48 
Jun 09 17:10:48 ==================脚本执行- 北京时间(UTC+8)：6/9/2021, 5:10:48 PM=====================
Jun 09 17:10:48 
Jun 09 17:10:48 由于您环境变量(PLANT_BEAN_SHARECODES)里面未提供助力码，故此处运行将会给脚本内置的码进行助力，请知晓！
Jun 09 17:10:48 共1个京东账号
Jun 09 17:10:48 
Jun 09 17:10:48 您提供了2个账号的种豆得豆助力码
Jun 09 17:10:48 
Jun 09 17:10:50 
Jun 09 17:10:50 开始【京东账号1】liu1071607950
Jun 09 17:10:50 
Jun 09 17:10:54 "getaddrinfo ENOTFOUND share.turinglabs.net"
Jun 09 17:10:54 京东种豆得豆 API请求失败，请检查网路重试
Jun 09 17:10:54 第1个京东账号将要助力的好友["66j4yt3ebl5ierjljoszp7e4izzbzaqhi5k2unz2afwlyqsgnasq","olmijoxgmjutyrsovl2xalt2tbtfmg6sqldcb3q","e7lhibzb3zek27amgsvywffxx7hxgtzstrk2lba","olmijoxgmjutyx55upqaqxrblt7f3h26dgj2riy"]
Jun 09 17:10:54 获取任务及基本信息
Jun 09 17:10:56 种豆得豆-初始失败:  {"code":"3"}
Jun 09 17:10:56 
Jun 09 17:10:56 
Jun 09 17:10:56 
Jun 09 17:10:56 
Jun 09 17:10:56 🔔京东种豆得豆, 结束! 🕛 8.434 秒
Jun 09 17:10:56 
Jun 09 18:11:05 
Jun 09 18:11:05 🔔京东种豆得豆, 开始!
Jun 09 18:11:05 开始获取种豆得豆配置文件
Jun 09 18:11:05 
Jun 09 18:11:05 
Jun 09 18:11:05 ====================共1个京东账号Cookie=========
Jun 09 18:11:05 
Jun 09 18:11:05 ==================脚本执行- 北京时间(UTC+8)：6/9/2021, 6:11:05 PM=====================
Jun 09 18:11:05 
Jun 09 18:11:05 由于您环境变量(PLANT_BEAN_SHARECODES)里面未提供助力码，故此处运行将会给脚本内置的码进行助力，请知晓！
Jun 09 18:11:05 共1个京东账号
Jun 09 18:11:05 
Jun 09 18:11:05 您提供了2个账号的种豆得豆助力码
Jun 09 18:11:05 
Jun 09 18:11:06 
Jun 09 18:11:06 开始【京东账号1】liu1071607950
Jun 09 18:11:06 
Jun 09 18:11:06 
Jun 09 18:11:06 ==============📣系统通知📣==============
Jun 09 18:11:06 京东种豆得豆
Jun 09 18:11:06 【提示】cookie已失效
Jun 09 18:11:06 京东账号1 liu1071607950
Jun 09 18:11:06 请重新登录获取
Jun 09 18:11:06 https://bean.m.jd.com/bean/signIndex.action
Jun 09 18:11:06 
Jun 09 18:11:06 
Jun 09 18:11:06 您未提供server酱的SCKEY，取消微信推送消息通知🚫
Jun 09 18:11:06 
Jun 09 18:11:06 您未提供push+推送所需的PUSH_PLUS_TOKEN，取消push+推送消息通知🚫
Jun 09 18:11:06 
Jun 09 18:11:06 您未提供Bark的APP推送BARK_PUSH，取消Bark推送消息通知🚫
Jun 09 18:11:06 
Jun 09 18:11:06 您未提供telegram机器人推送所需的TG_BOT_TOKEN和TG_USER_ID，取消telegram推送消息通知🚫
Jun 09 18:11:06 
Jun 09 18:11:06 您未提供钉钉机器人推送所需的DD_BOT_TOKEN或者DD_BOT_SECRET，取消钉钉推送消息通知🚫
Jun 09 18:11:06 
Jun 09 18:11:06 您未提供企业微信机器人推送所需的QYWX_KEY，取消企业微信推送消息通知🚫
Jun 09 18:11:06 
Jun 09 18:11:06 您未提供企业微信应用消息推送所需的QYWX_AM，取消企业微信应用消息推送消息通知🚫
Jun 09 18:11:06 
Jun 09 18:11:06 您未提供iGot的推送IGOT_PUSH_KEY，取消iGot推送消息通知🚫
Jun 09 18:11:06 
Jun 09 18:11:06 
Jun 09 18:11:06 🔔京东种豆得豆, 结束! 🕛 1.177 秒
Jun 09 18:11:06 
Jun 09 19:10:34 
Jun 09 19:10:34 🔔京东种豆得豆, 开始!
Jun 09 19:10:34 开始获取种豆得豆配置文件
Jun 09 19:10:34 
Jun 09 19:10:34 
Jun 09 19:10:34 ====================共1个京东账号Cookie=========
Jun 09 19:10:34 
Jun 09 19:10:34 ==================脚本执行- 北京时间(UTC+8)：6/9/2021, 7:10:34 PM=====================
Jun 09 19:10:34 
Jun 09 19:10:34 由于您环境变量(PLANT_BEAN_SHARECODES)里面未提供助力码，故此处运行将会给脚本内置的码进行助力，请知晓！
Jun 09 19:10:34 共1个京东账号
Jun 09 19:10:34 
Jun 09 19:10:34 您提供了2个账号的种豆得豆助力码
Jun 09 19:10:34 
Jun 09 19:10:36 
Jun 09 19:10:36 开始【京东账号1】liu1071607950
Jun 09 19:10:36 
Jun 09 19:10:36 
Jun 09 19:10:36 ==============📣系统通知📣==============
Jun 09 19:10:36 京东种豆得豆
Jun 09 19:10:36 【提示】cookie已失效
Jun 09 19:10:36 京东账号1 liu1071607950
Jun 09 19:10:36 请重新登录获取
Jun 09 19:10:36 https://bean.m.jd.com/bean/signIndex.action
Jun 09 19:10:36 
Jun 09 19:10:36 
Jun 09 19:10:36 您未提供server酱的SCKEY，取消微信推送消息通知🚫
Jun 09 19:10:36 
Jun 09 19:10:36 您未提供push+推送所需的PUSH_PLUS_TOKEN，取消push+推送消息通知🚫
Jun 09 19:10:36 
Jun 09 19:10:36 您未提供Bark的APP推送BARK_PUSH，取消Bark推送消息通知🚫
Jun 09 19:10:36 
Jun 09 19:10:36 您未提供telegram机器人推送所需的TG_BOT_TOKEN和TG_USER_ID，取消telegram推送消息通知🚫
Jun 09 19:10:36 
Jun 09 19:10:36 您未提供钉钉机器人推送所需的DD_BOT_TOKEN或者DD_BOT_SECRET，取消钉钉推送消息通知🚫
Jun 09 19:10:36 
Jun 09 19:10:36 您未提供企业微信机器人推送所需的QYWX_KEY，取消企业微信推送消息通知🚫
Jun 09 19:10:36 
Jun 09 19:10:36 您未提供企业微信应用消息推送所需的QYWX_AM，取消企业微信应用消息推送消息通知🚫
Jun 09 19:10:36 
Jun 09 19:10:36 您未提供iGot的推送IGOT_PUSH_KEY，取消iGot推送消息通知🚫
Jun 09 19:10:36 
Jun 09 19:10:36 
Jun 09 19:10:36 🔔京东种豆得豆, 结束! 🕛 2.197 秒
Jun 09 19:10:36 
Jun 09 20:10:20 
Jun 09 20:10:20 🔔京东种豆得豆, 开始!
Jun 09 20:10:20 开始获取种豆得豆配置文件
Jun 09 20:10:20 
Jun 09 20:10:20 
Jun 09 20:10:20 ====================共1个京东账号Cookie=========
Jun 09 20:10:20 
Jun 09 20:10:20 ==================脚本执行- 北京时间(UTC+8)：6/9/2021, 8:10:20 PM=====================
Jun 09 20:10:20 
Jun 09 20:10:20 由于您环境变量(PLANT_BEAN_SHARECODES)里面未提供助力码，故此处运行将会给脚本内置的码进行助力，请知晓！
Jun 09 20:10:20 共1个京东账号
Jun 09 20:10:20 
Jun 09 20:10:20 您提供了2个账号的种豆得豆助力码
Jun 09 20:10:20 
Jun 09 20:10:20 "getaddrinfo ENOTFOUND wq.jd.com"
Jun 09 20:10:20 京东种豆得豆 API请求失败，请检查网路重试
Jun 09 20:10:20 
Jun 09 20:10:20 开始【京东账号1】liu1071607950
Jun 09 20:10:20 
Jun 09 20:10:24 "getaddrinfo ENOTFOUND share.turinglabs.net"
Jun 09 20:10:24 京东种豆得豆 API请求失败，请检查网路重试
Jun 09 20:10:24 第1个京东账号将要助力的好友["66j4yt3ebl5ierjljoszp7e4izzbzaqhi5k2unz2afwlyqsgnasq","olmijoxgmjutyrsovl2xalt2tbtfmg6sqldcb3q","e7lhibzb3zek27amgsvywffxx7hxgtzstrk2lba","olmijoxgmjutyx55upqaqxrblt7f3h26dgj2riy"]
Jun 09 20:10:24 获取任务及基本信息
Jun 09 20:10:26 
Jun 09 20:10:26 种豆得豆: API查询请求失败 ‼️‼️
Jun 09 20:10:26 function_id:plantBeanIndex
Jun 09 20:10:26 
Jun 09 20:10:26 ❗️京东种豆得豆, 错误!
Jun 09 20:10:26 
Jun 09 20:10:26 种豆得豆-初始失败:  undefined
Jun 09 20:10:26 
Jun 09 20:10:26 
Jun 09 20:10:26 
Jun 09 20:10:26 
Jun 09 20:10:26 🔔京东种豆得豆, 结束! 🕛 6.428 秒
Jun 09 20:10:26 
Jun 09 21:10:04 
Jun 09 21:10:04 🔔京东种豆得豆, 开始!
Jun 09 21:10:04 开始获取种豆得豆配置文件
Jun 09 21:10:04 
Jun 09 21:10:04 
Jun 09 21:10:04 ====================共1个京东账号Cookie=========
Jun 09 21:10:04 
Jun 09 21:10:04 ==================脚本执行- 北京时间(UTC+8)：6/9/2021, 9:10:04 PM=====================
Jun 09 21:10:04 
Jun 09 21:10:04 由于您环境变量(PLANT_BEAN_SHARECODES)里面未提供助力码，故此处运行将会给脚本内置的码进行助力，请知晓！
Jun 09 21:10:04 共1个京东账号
Jun 09 21:10:04 
Jun 09 21:10:04 您提供了2个账号的种豆得豆助力码
Jun 09 21:10:04 
Jun 09 21:10:05 
Jun 09 21:10:05 开始【京东账号1】liu1071607950
Jun 09 21:10:05 
Jun 09 21:10:05 
Jun 09 21:10:05 ==============📣系统通知📣==============
Jun 09 21:10:05 京东种豆得豆
Jun 09 21:10:05 【提示】cookie已失效
Jun 09 21:10:05 京东账号1 liu1071607950
Jun 09 21:10:05 请重新登录获取
Jun 09 21:10:05 https://bean.m.jd.com/bean/signIndex.action
Jun 09 21:10:05 
Jun 09 21:10:05 
Jun 09 21:10:05 您未提供server酱的SCKEY，取消微信推送消息通知🚫
Jun 09 21:10:05 
Jun 09 21:10:05 您未提供push+推送所需的PUSH_PLUS_TOKEN，取消push+推送消息通知🚫
Jun 09 21:10:05 
Jun 09 21:10:05 您未提供Bark的APP推送BARK_PUSH，取消Bark推送消息通知🚫
Jun 09 21:10:05 
Jun 09 21:10:05 您未提供telegram机器人推送所需的TG_BOT_TOKEN和TG_USER_ID，取消telegram推送消息通知🚫
Jun 09 21:10:05 
Jun 09 21:10:05 您未提供钉钉机器人推送所需的DD_BOT_TOKEN或者DD_BOT_SECRET，取消钉钉推送消息通知🚫
Jun 09 21:10:05 
Jun 09 21:10:05 您未提供企业微信机器人推送所需的QYWX_KEY，取消企业微信推送消息通知🚫
Jun 09 21:10:05 
Jun 09 21:10:05 您未提供企业微信应用消息推送所需的QYWX_AM，取消企业微信应用消息推送消息通知🚫
Jun 09 21:10:05 
Jun 09 21:10:05 您未提供iGot的推送IGOT_PUSH_KEY，取消iGot推送消息通知🚫
Jun 09 21:10:05 
Jun 09 21:10:05 
Jun 09 21:10:05 🔔京东种豆得豆, 结束! 🕛 1.283 秒
Jun 09 21:10:05 
Jun 09 22:10:11 
Jun 09 22:10:11 🔔京东种豆得豆, 开始!
Jun 09 22:10:11 开始获取种豆得豆配置文件
Jun 09 22:10:11 
Jun 09 22:10:11 
Jun 09 22:10:11 ====================共1个京东账号Cookie=========
Jun 09 22:10:11 
Jun 09 22:10:11 ==================脚本执行- 北京时间(UTC+8)：6/9/2021, 10:10:11 PM=====================
Jun 09 22:10:11 
Jun 09 22:10:11 由于您环境变量(PLANT_BEAN_SHARECODES)里面未提供助力码，故此处运行将会给脚本内置的码进行助力，请知晓！
Jun 09 22:10:11 共1个京东账号
Jun 09 22:10:11 
Jun 09 22:10:11 您提供了2个账号的种豆得豆助力码
Jun 09 22:10:11 
Jun 09 22:10:12 
Jun 09 22:10:12 开始【京东账号1】liu1071607950
Jun 09 22:10:12 
Jun 09 22:10:12 
Jun 09 22:10:12 ==============📣系统通知📣==============
Jun 09 22:10:12 京东种豆得豆
Jun 09 22:10:12 【提示】cookie已失效
Jun 09 22:10:12 京东账号1 liu1071607950
Jun 09 22:10:12 请重新登录获取
Jun 09 22:10:12 https://bean.m.jd.com/bean/signIndex.action
Jun 09 22:10:12 
Jun 09 22:10:12 
Jun 09 22:10:12 您未提供server酱的SCKEY，取消微信推送消息通知🚫
Jun 09 22:10:12 
Jun 09 22:10:12 您未提供push+推送所需的PUSH_PLUS_TOKEN，取消push+推送消息通知🚫
Jun 09 22:10:12 
Jun 09 22:10:12 您未提供Bark的APP推送BARK_PUSH，取消Bark推送消息通知🚫
Jun 09 22:10:12 
Jun 09 22:10:12 您未提供telegram机器人推送所需的TG_BOT_TOKEN和TG_USER_ID，取消telegram推送消息通知🚫
Jun 09 22:10:12 
Jun 09 22:10:12 您未提供钉钉机器人推送所需的DD_BOT_TOKEN或者DD_BOT_SECRET，取消钉钉推送消息通知🚫
Jun 09 22:10:12 
Jun 09 22:10:12 您未提供企业微信机器人推送所需的QYWX_KEY，取消企业微信推送消息通知🚫
Jun 09 22:10:12 
Jun 09 22:10:12 您未提供企业微信应用消息推送所需的QYWX_AM，取消企业微信应用消息推送消息通知🚫
Jun 09 22:10:12 
Jun 09 22:10:12 您未提供iGot的推送IGOT_PUSH_KEY，取消iGot推送消息通知🚫
Jun 09 22:10:12 
Jun 09 22:10:12 
Jun 09 22:10:12 🔔京东种豆得豆, 结束! 🕛 1.263 秒
Jun 09 22:10:12 
Jun 10 10:10:03 
Jun 10 10:10:03 🔔京东种豆得豆, 开始!
Jun 10 10:10:03 开始获取种豆得豆配置文件
Jun 10 10:10:03 
Jun 10 10:10:04 
Jun 10 10:10:04 ====================共1个京东账号Cookie=========
Jun 10 10:10:04 
Jun 10 10:10:04 ==================脚本执行- 北京时间(UTC+8)：6/10/2021, 10:10:04 AM=====================
Jun 10 10:10:04 
Jun 10 10:10:04 由于您环境变量(PLANT_BEAN_SHARECODES)里面未提供助力码，故此处运行将会给脚本内置的码进行助力，请知晓！
Jun 10 10:10:04 共1个京东账号
Jun 10 10:10:04 
Jun 10 10:10:04 您提供了2个账号的种豆得豆助力码
Jun 10 10:10:04 
Jun 10 10:10:05 
Jun 10 10:10:05 开始【京东账号1】liu1071607950
Jun 10 10:10:05 
Jun 10 10:10:05 
Jun 10 10:10:05 ==============📣系统通知📣==============
Jun 10 10:10:05 京东种豆得豆
Jun 10 10:10:05 【提示】cookie已失效
Jun 10 10:10:05 京东账号1 liu1071607950
Jun 10 10:10:05 请重新登录获取
Jun 10 10:10:05 https://bean.m.jd.com/bean/signIndex.action
Jun 10 10:10:05 
Jun 10 10:10:05 
Jun 10 10:10:05 您未提供server酱的SCKEY，取消微信推送消息通知🚫
Jun 10 10:10:05 
Jun 10 10:10:05 您未提供push+推送所需的PUSH_PLUS_TOKEN，取消push+推送消息通知🚫
Jun 10 10:10:05 
Jun 10 10:10:05 您未提供Bark的APP推送BARK_PUSH，取消Bark推送消息通知🚫
Jun 10 10:10:05 
Jun 10 10:10:05 您未提供telegram机器人推送所需的TG_BOT_TOKEN和TG_USER_ID，取消telegram推送消息通知🚫
Jun 10 10:10:05 
Jun 10 10:10:05 您未提供钉钉机器人推送所需的DD_BOT_TOKEN或者DD_BOT_SECRET，取消钉钉推送消息通知🚫
Jun 10 10:10:05 
Jun 10 10:10:05 您未提供企业微信机器人推送所需的QYWX_KEY，取消企业微信推送消息通知🚫
Jun 10 10:10:05 
Jun 10 10:10:05 您未提供企业微信应用消息推送所需的QYWX_AM，取消企业微信应用消息推送消息通知🚫
Jun 10 10:10:05 
Jun 10 10:10:05 您未提供iGot的推送IGOT_PUSH_KEY，取消iGot推送消息通知🚫
Jun 10 10:10:05 
Jun 10 10:10:05 
Jun 10 10:10:05 🔔京东种豆得豆, 结束! 🕛 1.791 秒
Jun 10 10:10:05 
Jun 10 11:10:19 
Jun 10 11:10:19 🔔京东种豆得豆, 开始!
Jun 10 11:10:19 开始获取种豆得豆配置文件
Jun 10 11:10:19 
Jun 10 11:10:19 
Jun 10 11:10:19 ====================共1个京东账号Cookie=========
Jun 10 11:10:19 
Jun 10 11:10:19 ==================脚本执行- 北京时间(UTC+8)：6/10/2021, 11:10:19 AM=====================
Jun 10 11:10:19 
Jun 10 11:10:19 由于您环境变量(PLANT_BEAN_SHARECODES)里面未提供助力码，故此处运行将会给脚本内置的码进行助力，请知晓！
Jun 10 11:10:19 共1个京东账号
Jun 10 11:10:19 
Jun 10 11:10:19 您提供了2个账号的种豆得豆助力码
Jun 10 11:10:19 
Jun 10 11:10:20 
Jun 10 11:10:20 开始【京东账号1】liu1071607950
Jun 10 11:10:20 
Jun 10 11:10:20 
Jun 10 11:10:20 ==============📣系统通知📣==============
Jun 10 11:10:20 京东种豆得豆
Jun 10 11:10:20 【提示】cookie已失效
Jun 10 11:10:20 京东账号1 liu1071607950
Jun 10 11:10:20 请重新登录获取
Jun 10 11:10:20 https://bean.m.jd.com/bean/signIndex.action
Jun 10 11:10:20 
Jun 10 11:10:20 
Jun 10 11:10:20 您未提供server酱的SCKEY，取消微信推送消息通知🚫
Jun 10 11:10:20 
Jun 10 11:10:20 您未提供push+推送所需的PUSH_PLUS_TOKEN，取消push+推送消息通知🚫
Jun 10 11:10:20 
Jun 10 11:10:20 您未提供Bark的APP推送BARK_PUSH，取消Bark推送消息通知🚫
Jun 10 11:10:20 
Jun 10 11:10:20 您未提供telegram机器人推送所需的TG_BOT_TOKEN和TG_USER_ID，取消telegram推送消息通知🚫
Jun 10 11:10:20 
Jun 10 11:10:20 您未提供钉钉机器人推送所需的DD_BOT_TOKEN或者DD_BOT_SECRET，取消钉钉推送消息通知🚫
Jun 10 11:10:20 
Jun 10 11:10:20 您未提供企业微信机器人推送所需的QYWX_KEY，取消企业微信推送消息通知🚫
Jun 10 11:10:20 
Jun 10 11:10:20 您未提供企业微信应用消息推送所需的QYWX_AM，取消企业微信应用消息推送消息通知🚫
Jun 10 11:10:20 
Jun 10 11:10:20 您未提供iGot的推送IGOT_PUSH_KEY，取消iGot推送消息通知🚫
Jun 10 11:10:20 
Jun 10 11:10:20 
Jun 10 11:10:20 🔔京东种豆得豆, 结束! 🕛 1.166 秒
Jun 10 11:10:20 
Jun 10 12:11:51 
Jun 10 12:11:51 🔔京东种豆得豆, 开始!
Jun 10 12:11:51 开始获取种豆得豆配置文件
Jun 10 12:11:51 
Jun 10 12:11:51 
Jun 10 12:11:51 ====================共1个京东账号Cookie=========
Jun 10 12:11:51 
Jun 10 12:11:51 ==================脚本执行- 北京时间(UTC+8)：6/10/2021, 12:11:51 PM=====================
Jun 10 12:11:51 
Jun 10 12:11:51 由于您环境变量(PLANT_BEAN_SHARECODES)里面未提供助力码，故此处运行将会给脚本内置的码进行助力，请知晓！
Jun 10 12:11:51 共1个京东账号
Jun 10 12:11:51 
Jun 10 12:11:51 您提供了2个账号的种豆得豆助力码
Jun 10 12:11:51 
Jun 10 12:11:53 
Jun 10 12:11:53 开始【京东账号1】liu1071607950
Jun 10 12:11:53 
Jun 10 12:11:53 
Jun 10 12:11:53 ==============📣系统通知📣==============
Jun 10 12:11:53 京东种豆得豆
Jun 10 12:11:53 【提示】cookie已失效
Jun 10 12:11:53 京东账号1 liu1071607950
Jun 10 12:11:53 请重新登录获取
Jun 10 12:11:53 https://bean.m.jd.com/bean/signIndex.action
Jun 10 12:11:53 
Jun 10 12:11:53 
Jun 10 12:11:53 您未提供server酱的SCKEY，取消微信推送消息通知🚫
Jun 10 12:11:53 
Jun 10 12:11:53 您未提供push+推送所需的PUSH_PLUS_TOKEN，取消push+推送消息通知🚫
Jun 10 12:11:53 
Jun 10 12:11:53 您未提供Bark的APP推送BARK_PUSH，取消Bark推送消息通知🚫
Jun 10 12:11:53 
Jun 10 12:11:53 您未提供telegram机器人推送所需的TG_BOT_TOKEN和TG_USER_ID，取消telegram推送消息通知🚫
Jun 10 12:11:53 
Jun 10 12:11:53 您未提供钉钉机器人推送所需的DD_BOT_TOKEN或者DD_BOT_SECRET，取消钉钉推送消息通知🚫
Jun 10 12:11:53 
Jun 10 12:11:53 您未提供企业微信机器人推送所需的QYWX_KEY，取消企业微信推送消息通知🚫
Jun 10 12:11:53 
Jun 10 12:11:53 您未提供企业微信应用消息推送所需的QYWX_AM，取消企业微信应用消息推送消息通知🚫
Jun 10 12:11:53 
Jun 10 12:11:53 您未提供iGot的推送IGOT_PUSH_KEY，取消iGot推送消息通知🚫
Jun 10 12:11:53 
Jun 10 12:11:53 
Jun 10 12:11:53 🔔京东种豆得豆, 结束! 🕛 1.702 秒
Jun 10 12:11:53 
Jun 10 13:11:35 
Jun 10 13:11:35 🔔京东种豆得豆, 开始!
Jun 10 13:11:35 开始获取种豆得豆配置文件
Jun 10 13:11:35 
Jun 10 13:11:35 
Jun 10 13:11:35 ====================共1个京东账号Cookie=========
Jun 10 13:11:35 
Jun 10 13:11:35 ==================脚本执行- 北京时间(UTC+8)：6/10/2021, 1:11:35 PM=====================
Jun 10 13:11:35 
Jun 10 13:11:35 由于您环境变量(PLANT_BEAN_SHARECODES)里面未提供助力码，故此处运行将会给脚本内置的码进行助力，请知晓！
Jun 10 13:11:35 共1个京东账号
Jun 10 13:11:35 
Jun 10 13:11:35 您提供了2个账号的种豆得豆助力码
Jun 10 13:11:35 
Jun 10 13:11:36 "getaddrinfo ENOTFOUND wq.jd.com"
Jun 10 13:11:36 京东种豆得豆 API请求失败，请检查网路重试
Jun 10 13:11:36 
Jun 10 13:11:36 开始【京东账号1】liu1071607950
Jun 10 13:11:36 
Jun 10 13:11:41 "getaddrinfo ENOTFOUND share.turinglabs.net"
Jun 10 13:11:41 京东种豆得豆 API请求失败，请检查网路重试
Jun 10 13:11:41 第1个京东账号将要助力的好友["66j4yt3ebl5ierjljoszp7e4izzbzaqhi5k2unz2afwlyqsgnasq","olmijoxgmjutyrsovl2xalt2tbtfmg6sqldcb3q","e7lhibzb3zek27amgsvywffxx7hxgtzstrk2lba","olmijoxgmjutyx55upqaqxrblt7f3h26dgj2riy"]
Jun 10 13:11:41 获取任务及基本信息
Jun 10 13:11:43 
Jun 10 13:11:43 种豆得豆: API查询请求失败 ‼️‼️
Jun 10 13:11:43 function_id:plantBeanIndex
Jun 10 13:11:43 
Jun 10 13:11:43 ❗️京东种豆得豆, 错误!
Jun 10 13:11:43 
Jun 10 13:11:43 种豆得豆-初始失败:  undefined
Jun 10 13:11:43 
Jun 10 13:11:43 
Jun 10 13:11:43 
Jun 10 13:11:43 
Jun 10 13:11:43 🔔京东种豆得豆, 结束! 🕛 7.974 秒
Jun 10 13:11:43 
Jun 10 14:10:09 
Jun 10 14:10:09 🔔京东种豆得豆, 开始!
Jun 10 14:10:09 开始获取种豆得豆配置文件
Jun 10 14:10:09 
Jun 10 14:10:09 
Jun 10 14:10:09 ====================共1个京东账号Cookie=========
Jun 10 14:10:09 
Jun 10 14:10:09 ==================脚本执行- 北京时间(UTC+8)：6/10/2021, 2:10:09 PM=====================
Jun 10 14:10:09 
Jun 10 14:10:09 由于您环境变量(PLANT_BEAN_SHARECODES)里面未提供助力码，故此处运行将会给脚本内置的码进行助力，请知晓！
Jun 10 14:10:09 共1个京东账号
Jun 10 14:10:09 
Jun 10 14:10:09 您提供了2个账号的种豆得豆助力码
Jun 10 14:10:09 
Jun 10 14:10:10 
Jun 10 14:10:10 开始【京东账号1】liu1071607950
Jun 10 14:10:10 
Jun 10 14:10:10 
Jun 10 14:10:10 ==============📣系统通知📣==============
Jun 10 14:10:10 京东种豆得豆
Jun 10 14:10:10 【提示】cookie已失效
Jun 10 14:10:10 京东账号1 liu1071607950
Jun 10 14:10:10 请重新登录获取
Jun 10 14:10:10 https://bean.m.jd.com/bean/signIndex.action
Jun 10 14:10:10 
Jun 10 14:10:10 
Jun 10 14:10:10 您未提供server酱的SCKEY，取消微信推送消息通知🚫
Jun 10 14:10:10 
Jun 10 14:10:10 您未提供push+推送所需的PUSH_PLUS_TOKEN，取消push+推送消息通知🚫
Jun 10 14:10:10 
Jun 10 14:10:10 您未提供Bark的APP推送BARK_PUSH，取消Bark推送消息通知🚫
Jun 10 14:10:10 
Jun 10 14:10:10 您未提供telegram机器人推送所需的TG_BOT_TOKEN和TG_USER_ID，取消telegram推送消息通知🚫
Jun 10 14:10:10 
Jun 10 14:10:10 您未提供钉钉机器人推送所需的DD_BOT_TOKEN或者DD_BOT_SECRET，取消钉钉推送消息通知🚫
Jun 10 14:10:10 
Jun 10 14:10:10 您未提供企业微信机器人推送所需的QYWX_KEY，取消企业微信推送消息通知🚫
Jun 10 14:10:10 
Jun 10 14:10:10 您未提供企业微信应用消息推送所需的QYWX_AM，取消企业微信应用消息推送消息通知🚫
Jun 10 14:10:10 
Jun 10 14:10:10 您未提供iGot的推送IGOT_PUSH_KEY，取消iGot推送消息通知🚫
Jun 10 14:10:10 
Jun 10 14:10:10 
Jun 10 14:10:10 🔔京东种豆得豆, 结束! 🕛 1.785 秒
Jun 10 14:10:10 
Jun 10 15:10:33 
Jun 10 15:10:33 🔔京东种豆得豆, 开始!
Jun 10 15:10:33 开始获取种豆得豆配置文件
Jun 10 15:10:33 
Jun 10 15:10:33 
Jun 10 15:10:33 ====================共1个京东账号Cookie=========
Jun 10 15:10:33 
Jun 10 15:10:33 ==================脚本执行- 北京时间(UTC+8)：6/10/2021, 3:10:33 PM=====================
Jun 10 15:10:33 
Jun 10 15:10:34 由于您环境变量(PLANT_BEAN_SHARECODES)里面未提供助力码，故此处运行将会给脚本内置的码进行助力，请知晓！
Jun 10 15:10:34 共1个京东账号
Jun 10 15:10:34 
Jun 10 15:10:34 您提供了2个账号的种豆得豆助力码
Jun 10 15:10:34 
Jun 10 15:10:35 
Jun 10 15:10:35 开始【京东账号1】liu1071607950
Jun 10 15:10:35 
Jun 10 15:10:35 
Jun 10 15:10:35 ==============📣系统通知📣==============
Jun 10 15:10:35 京东种豆得豆
Jun 10 15:10:35 【提示】cookie已失效
Jun 10 15:10:35 京东账号1 liu1071607950
Jun 10 15:10:35 请重新登录获取
Jun 10 15:10:35 https://bean.m.jd.com/bean/signIndex.action
Jun 10 15:10:35 
Jun 10 15:10:35 
Jun 10 15:10:35 您未提供server酱的SCKEY，取消微信推送消息通知🚫
Jun 10 15:10:35 
Jun 10 15:10:35 您未提供push+推送所需的PUSH_PLUS_TOKEN，取消push+推送消息通知🚫
Jun 10 15:10:35 
Jun 10 15:10:35 您未提供Bark的APP推送BARK_PUSH，取消Bark推送消息通知🚫
Jun 10 15:10:35 
Jun 10 15:10:35 您未提供telegram机器人推送所需的TG_BOT_TOKEN和TG_USER_ID，取消telegram推送消息通知🚫
Jun 10 15:10:35 
Jun 10 15:10:35 您未提供钉钉机器人推送所需的DD_BOT_TOKEN或者DD_BOT_SECRET，取消钉钉推送消息通知🚫
Jun 10 15:10:35 
Jun 10 15:10:35 您未提供企业微信机器人推送所需的QYWX_KEY，取消企业微信推送消息通知🚫
Jun 10 15:10:35 
Jun 10 15:10:35 您未提供企业微信应用消息推送所需的QYWX_AM，取消企业微信应用消息推送消息通知🚫
Jun 10 15:10:35 
Jun 10 15:10:35 您未提供iGot的推送IGOT_PUSH_KEY，取消iGot推送消息通知🚫
Jun 10 15:10:35 
Jun 10 15:10:35 
Jun 10 15:10:35 🔔京东种豆得豆, 结束! 🕛 1.497 秒
Jun 10 15:10:35 
Jun 10 16:10:17 
Jun 10 16:10:17 🔔京东种豆得豆, 开始!
Jun 10 16:10:17 开始获取种豆得豆配置文件
Jun 10 16:10:17 
Jun 10 16:10:17 
Jun 10 16:10:17 ====================共1个京东账号Cookie=========
Jun 10 16:10:17 
Jun 10 16:10:17 ==================脚本执行- 北京时间(UTC+8)：6/10/2021, 4:10:17 PM=====================
Jun 10 16:10:17 
Jun 10 16:10:17 由于您环境变量(PLANT_BEAN_SHARECODES)里面未提供助力码，故此处运行将会给脚本内置的码进行助力，请知晓！
Jun 10 16:10:17 共1个京东账号
Jun 10 16:10:17 
Jun 10 16:10:17 您提供了2个账号的种豆得豆助力码
Jun 10 16:10:17 
Jun 10 16:10:18 
Jun 10 16:10:18 开始【京东账号1】liu1071607950
Jun 10 16:10:18 
Jun 10 16:10:18 
Jun 10 16:10:18 ==============📣系统通知📣==============
Jun 10 16:10:18 京东种豆得豆
Jun 10 16:10:18 【提示】cookie已失效
Jun 10 16:10:18 京东账号1 liu1071607950
Jun 10 16:10:18 请重新登录获取
Jun 10 16:10:18 https://bean.m.jd.com/bean/signIndex.action
Jun 10 16:10:18 
Jun 10 16:10:18 
Jun 10 16:10:18 您未提供server酱的SCKEY，取消微信推送消息通知🚫
Jun 10 16:10:18 
Jun 10 16:10:18 您未提供push+推送所需的PUSH_PLUS_TOKEN，取消push+推送消息通知🚫
Jun 10 16:10:18 
Jun 10 16:10:18 您未提供Bark的APP推送BARK_PUSH，取消Bark推送消息通知🚫
Jun 10 16:10:18 
Jun 10 16:10:18 您未提供telegram机器人推送所需的TG_BOT_TOKEN和TG_USER_ID，取消telegram推送消息通知🚫
Jun 10 16:10:18 
Jun 10 16:10:18 您未提供钉钉机器人推送所需的DD_BOT_TOKEN或者DD_BOT_SECRET，取消钉钉推送消息通知🚫
Jun 10 16:10:18 
Jun 10 16:10:18 您未提供企业微信机器人推送所需的QYWX_KEY，取消企业微信推送消息通知🚫
Jun 10 16:10:18 
Jun 10 16:10:18 您未提供企业微信应用消息推送所需的QYWX_AM，取消企业微信应用消息推送消息通知🚫
Jun 10 16:10:18 
Jun 10 16:10:18 您未提供iGot的推送IGOT_PUSH_KEY，取消iGot推送消息通知🚫
Jun 10 16:10:18 
Jun 10 16:10:18 
Jun 10 16:10:18 🔔京东种豆得豆, 结束! 🕛 1.559 秒
Jun 10 16:10:18 
Jun 10 17:10:02 
Jun 10 17:10:02 🔔京东种豆得豆, 开始!
Jun 10 17:10:02 开始获取种豆得豆配置文件
Jun 10 17:10:02 
Jun 10 17:10:02 
Jun 10 17:10:02 ====================共1个京东账号Cookie=========
Jun 10 17:10:02 
Jun 10 17:10:02 ==================脚本执行- 北京时间(UTC+8)：6/10/2021, 5:10:02 PM=====================
Jun 10 17:10:02 
Jun 10 17:10:02 由于您环境变量(PLANT_BEAN_SHARECODES)里面未提供助力码，故此处运行将会给脚本内置的码进行助力，请知晓！
Jun 10 17:10:02 共1个京东账号
Jun 10 17:10:02 
Jun 10 17:10:02 您提供了2个账号的种豆得豆助力码
Jun 10 17:10:02 
Jun 10 17:10:04 
Jun 10 17:10:04 开始【京东账号1】liu1071607950
Jun 10 17:10:04 
Jun 10 17:10:10 "getaddrinfo ENOTFOUND share.turinglabs.net"
Jun 10 17:10:10 京东种豆得豆 API请求失败，请检查网路重试
Jun 10 17:10:10 第1个京东账号将要助力的好友["66j4yt3ebl5ierjljoszp7e4izzbzaqhi5k2unz2afwlyqsgnasq","olmijoxgmjutyrsovl2xalt2tbtfmg6sqldcb3q","e7lhibzb3zek27amgsvywffxx7hxgtzstrk2lba","olmijoxgmjutyx55upqaqxrblt7f3h26dgj2riy"]
Jun 10 17:10:10 获取任务及基本信息
Jun 10 17:10:12 种豆得豆-初始失败:  {"code":"3"}
Jun 10 17:10:12 
Jun 10 17:10:12 
Jun 10 17:10:12 
Jun 10 17:10:12 
Jun 10 17:10:12 🔔京东种豆得豆, 结束! 🕛 9.896 秒
Jun 10 17:10:12 
Jun 10 18:11:54 
Jun 10 18:11:54 🔔京东种豆得豆, 开始!
Jun 10 18:11:54 开始获取种豆得豆配置文件
Jun 10 18:11:54 
Jun 10 18:11:54 
Jun 10 18:11:54 ====================共1个京东账号Cookie=========
Jun 10 18:11:54 
Jun 10 18:11:54 ==================脚本执行- 北京时间(UTC+8)：6/10/2021, 6:11:54 PM=====================
Jun 10 18:11:54 
Jun 10 18:11:54 由于您环境变量(PLANT_BEAN_SHARECODES)里面未提供助力码，故此处运行将会给脚本内置的码进行助力，请知晓！
Jun 10 18:11:54 共1个京东账号
Jun 10 18:11:54 
Jun 10 18:11:54 您提供了2个账号的种豆得豆助力码
Jun 10 18:11:54 
Jun 10 18:11:55 
Jun 10 18:11:55 开始【京东账号1】liu1071607950
Jun 10 18:11:55 
Jun 10 18:11:55 
Jun 10 18:11:55 ==============📣系统通知📣==============
Jun 10 18:11:55 京东种豆得豆
Jun 10 18:11:55 【提示】cookie已失效
Jun 10 18:11:55 京东账号1 liu1071607950
Jun 10 18:11:55 请重新登录获取
Jun 10 18:11:55 https://bean.m.jd.com/bean/signIndex.action
Jun 10 18:11:55 
Jun 10 18:11:55 
Jun 10 18:11:55 您未提供server酱的SCKEY，取消微信推送消息通知🚫
Jun 10 18:11:55 
Jun 10 18:11:55 您未提供push+推送所需的PUSH_PLUS_TOKEN，取消push+推送消息通知🚫
Jun 10 18:11:55 
Jun 10 18:11:55 您未提供Bark的APP推送BARK_PUSH，取消Bark推送消息通知🚫
Jun 10 18:11:55 
Jun 10 18:11:55 您未提供telegram机器人推送所需的TG_BOT_TOKEN和TG_USER_ID，取消telegram推送消息通知🚫
Jun 10 18:11:55 
Jun 10 18:11:55 您未提供钉钉机器人推送所需的DD_BOT_TOKEN或者DD_BOT_SECRET，取消钉钉推送消息通知🚫
Jun 10 18:11:55 
Jun 10 18:11:55 您未提供企业微信机器人推送所需的QYWX_KEY，取消企业微信推送消息通知🚫
Jun 10 18:11:55 
Jun 10 18:11:55 您未提供企业微信应用消息推送所需的QYWX_AM，取消企业微信应用消息推送消息通知🚫
Jun 10 18:11:55 
Jun 10 18:11:55 您未提供iGot的推送IGOT_PUSH_KEY，取消iGot推送消息通知🚫
Jun 10 18:11:55 
Jun 10 18:11:55 
Jun 10 18:11:55 🔔京东种豆得豆, 结束! 🕛 1.437 秒
Jun 10 18:11:55 
Jun 10 19:11:18 
Jun 10 19:11:18 🔔京东种豆得豆, 开始!
Jun 10 19:11:18 开始获取种豆得豆配置文件
Jun 10 19:11:18 
Jun 10 19:11:18 
Jun 10 19:11:18 ====================共1个京东账号Cookie=========
Jun 10 19:11:18 
Jun 10 19:11:18 ==================脚本执行- 北京时间(UTC+8)：6/10/2021, 7:11:18 PM=====================
Jun 10 19:11:18 
Jun 10 19:11:18 由于您环境变量(PLANT_BEAN_SHARECODES)里面未提供助力码，故此处运行将会给脚本内置的码进行助力，请知晓！
Jun 10 19:11:18 共1个京东账号
Jun 10 19:11:18 
Jun 10 19:11:18 您提供了2个账号的种豆得豆助力码
Jun 10 19:11:18 
Jun 10 19:11:20 
Jun 10 19:11:20 开始【京东账号1】liu1071607950
Jun 10 19:11:20 
Jun 10 19:11:20 
Jun 10 19:11:20 ==============📣系统通知📣==============
Jun 10 19:11:20 京东种豆得豆
Jun 10 19:11:20 【提示】cookie已失效
Jun 10 19:11:20 京东账号1 liu1071607950
Jun 10 19:11:20 请重新登录获取
Jun 10 19:11:20 https://bean.m.jd.com/bean/signIndex.action
Jun 10 19:11:20 
Jun 10 19:11:20 
Jun 10 19:11:20 您未提供server酱的SCKEY，取消微信推送消息通知🚫
Jun 10 19:11:20 
Jun 10 19:11:20 您未提供push+推送所需的PUSH_PLUS_TOKEN，取消push+推送消息通知🚫
Jun 10 19:11:20 
Jun 10 19:11:20 您未提供Bark的APP推送BARK_PUSH，取消Bark推送消息通知🚫
Jun 10 19:11:20 
Jun 10 19:11:20 您未提供telegram机器人推送所需的TG_BOT_TOKEN和TG_USER_ID，取消telegram推送消息通知🚫
Jun 10 19:11:20 
Jun 10 19:11:20 您未提供钉钉机器人推送所需的DD_BOT_TOKEN或者DD_BOT_SECRET，取消钉钉推送消息通知🚫
Jun 10 19:11:20 
Jun 10 19:11:20 您未提供企业微信机器人推送所需的QYWX_KEY，取消企业微信推送消息通知🚫
Jun 10 19:11:20 
Jun 10 19:11:20 您未提供企业微信应用消息推送所需的QYWX_AM，取消企业微信应用消息推送消息通知🚫
Jun 10 19:11:20 
Jun 10 19:11:20 您未提供iGot的推送IGOT_PUSH_KEY，取消iGot推送消息通知🚫
Jun 10 19:11:20 
Jun 10 19:11:20 
Jun 10 19:11:20 🔔京东种豆得豆, 结束! 🕛 2.093 秒
Jun 10 19:11:20 
Jun 10 20:11:11 
Jun 10 20:11:11 🔔京东种豆得豆, 开始!
Jun 10 20:11:11 开始获取种豆得豆配置文件
Jun 10 20:11:11 
Jun 10 20:11:11 
Jun 10 20:11:11 ====================共1个京东账号Cookie=========
Jun 10 20:11:11 
Jun 10 20:11:11 ==================脚本执行- 北京时间(UTC+8)：6/10/2021, 8:11:11 PM=====================
Jun 10 20:11:11 
Jun 10 20:11:11 由于您环境变量(PLANT_BEAN_SHARECODES)里面未提供助力码，故此处运行将会给脚本内置的码进行助力，请知晓！
Jun 10 20:11:11 共1个京东账号
Jun 10 20:11:11 
Jun 10 20:11:11 您提供了2个账号的种豆得豆助力码
Jun 10 20:11:11 
Jun 10 20:11:12 "getaddrinfo ENOTFOUND wq.jd.com"
Jun 10 20:11:12 京东种豆得豆 API请求失败，请检查网路重试
Jun 10 20:11:12 
Jun 10 20:11:12 开始【京东账号1】liu1071607950
Jun 10 20:11:12 
Jun 10 20:11:16 "getaddrinfo ENOTFOUND share.turinglabs.net"
Jun 10 20:11:16 京东种豆得豆 API请求失败，请检查网路重试
Jun 10 20:11:16 第1个京东账号将要助力的好友["66j4yt3ebl5ierjljoszp7e4izzbzaqhi5k2unz2afwlyqsgnasq","olmijoxgmjutyrsovl2xalt2tbtfmg6sqldcb3q","e7lhibzb3zek27amgsvywffxx7hxgtzstrk2lba","olmijoxgmjutyx55upqaqxrblt7f3h26dgj2riy"]
Jun 10 20:11:16 获取任务及基本信息
Jun 10 20:11:18 
Jun 10 20:11:18 种豆得豆: API查询请求失败 ‼️‼️
Jun 10 20:11:18 function_id:plantBeanIndex
Jun 10 20:11:18 
Jun 10 20:11:18 ❗️京东种豆得豆, 错误!
Jun 10 20:11:18 
Jun 10 20:11:18 种豆得豆-初始失败:  undefined
Jun 10 20:11:18 
Jun 10 20:11:18 
Jun 10 20:11:18 
Jun 10 20:11:18 
Jun 10 20:11:18 🔔京东种豆得豆, 结束! 🕛 7.009 秒
Jun 10 20:11:18 
Jun 10 21:11:43 
Jun 10 21:11:43 🔔京东种豆得豆, 开始!
Jun 10 21:11:43 开始获取种豆得豆配置文件
Jun 10 21:11:43 
Jun 10 21:11:43 
Jun 10 21:11:43 ====================共1个京东账号Cookie=========
Jun 10 21:11:43 
Jun 10 21:11:43 ==================脚本执行- 北京时间(UTC+8)：6/10/2021, 9:11:43 PM=====================
Jun 10 21:11:43 
Jun 10 21:11:43 由于您环境变量(PLANT_BEAN_SHARECODES)里面未提供助力码，故此处运行将会给脚本内置的码进行助力，请知晓！
Jun 10 21:11:43 共1个京东账号
Jun 10 21:11:43 
Jun 10 21:11:43 您提供了2个账号的种豆得豆助力码
Jun 10 21:11:43 
Jun 10 21:11:45 
Jun 10 21:11:45 开始【京东账号1】liu1071607950
Jun 10 21:11:45 
Jun 10 21:11:45 
Jun 10 21:11:45 ==============📣系统通知📣==============
Jun 10 21:11:45 京东种豆得豆
Jun 10 21:11:45 【提示】cookie已失效
Jun 10 21:11:45 京东账号1 liu1071607950
Jun 10 21:11:45 请重新登录获取
Jun 10 21:11:45 https://bean.m.jd.com/bean/signIndex.action
Jun 10 21:11:45 
Jun 10 21:11:45 
Jun 10 21:11:45 您未提供server酱的SCKEY，取消微信推送消息通知🚫
Jun 10 21:11:45 
Jun 10 21:11:45 您未提供push+推送所需的PUSH_PLUS_TOKEN，取消push+推送消息通知🚫
Jun 10 21:11:46 
Jun 10 21:11:46 您未提供Bark的APP推送BARK_PUSH，取消Bark推送消息通知🚫
Jun 10 21:11:46 
Jun 10 21:11:46 您未提供telegram机器人推送所需的TG_BOT_TOKEN和TG_USER_ID，取消telegram推送消息通知🚫
Jun 10 21:11:46 
Jun 10 21:11:46 您未提供钉钉机器人推送所需的DD_BOT_TOKEN或者DD_BOT_SECRET，取消钉钉推送消息通知🚫
Jun 10 21:11:46 
Jun 10 21:11:46 您未提供企业微信机器人推送所需的QYWX_KEY，取消企业微信推送消息通知🚫
Jun 10 21:11:46 
Jun 10 21:11:46 您未提供企业微信应用消息推送所需的QYWX_AM，取消企业微信应用消息推送消息通知🚫
Jun 10 21:11:46 
Jun 10 21:11:46 您未提供iGot的推送IGOT_PUSH_KEY，取消iGot推送消息通知🚫
Jun 10 21:11:46 
Jun 10 21:11:46 
Jun 10 21:11:46 🔔京东种豆得豆, 结束! 🕛 2.191 秒
Jun 10 21:11:46 
Jun 10 22:10:35 
Jun 10 22:10:35 🔔京东种豆得豆, 开始!
Jun 10 22:10:35 开始获取种豆得豆配置文件
Jun 10 22:10:35 
Jun 10 22:10:35 
Jun 10 22:10:35 ====================共1个京东账号Cookie=========
Jun 10 22:10:35 
Jun 10 22:10:35 ==================脚本执行- 北京时间(UTC+8)：6/10/2021, 10:10:35 PM=====================
Jun 10 22:10:35 
Jun 10 22:10:35 由于您环境变量(PLANT_BEAN_SHARECODES)里面未提供助力码，故此处运行将会给脚本内置的码进行助力，请知晓！
Jun 10 22:10:35 共1个京东账号
Jun 10 22:10:35 
Jun 10 22:10:35 您提供了2个账号的种豆得豆助力码
Jun 10 22:10:35 
Jun 10 22:10:36 
Jun 10 22:10:36 开始【京东账号1】liu1071607950
Jun 10 22:10:36 
Jun 10 22:10:36 
Jun 10 22:10:36 ==============📣系统通知📣==============
Jun 10 22:10:36 京东种豆得豆
Jun 10 22:10:36 【提示】cookie已失效
Jun 10 22:10:36 京东账号1 liu1071607950
Jun 10 22:10:36 请重新登录获取
Jun 10 22:10:36 https://bean.m.jd.com/bean/signIndex.action
Jun 10 22:10:36 
Jun 10 22:10:36 
Jun 10 22:10:36 您未提供server酱的SCKEY，取消微信推送消息通知🚫
Jun 10 22:10:36 
Jun 10 22:10:36 您未提供push+推送所需的PUSH_PLUS_TOKEN，取消push+推送消息通知🚫
Jun 10 22:10:36 
Jun 10 22:10:36 您未提供Bark的APP推送BARK_PUSH，取消Bark推送消息通知🚫
Jun 10 22:10:36 
Jun 10 22:10:36 您未提供telegram机器人推送所需的TG_BOT_TOKEN和TG_USER_ID，取消telegram推送消息通知🚫
Jun 10 22:10:36 
Jun 10 22:10:36 您未提供钉钉机器人推送所需的DD_BOT_TOKEN或者DD_BOT_SECRET，取消钉钉推送消息通知🚫
Jun 10 22:10:36 
Jun 10 22:10:36 您未提供企业微信机器人推送所需的QYWX_KEY，取消企业微信推送消息通知🚫
Jun 10 22:10:36 
Jun 10 22:10:36 您未提供企业微信应用消息推送所需的QYWX_AM，取消企业微信应用消息推送消息通知🚫
Jun 10 22:10:36 
Jun 10 22:10:36 您未提供iGot的推送IGOT_PUSH_KEY，取消iGot推送消息通知🚫
Jun 10 22:10:36 
Jun 10 22:10:36 
Jun 10 22:10:36 🔔京东种豆得豆, 结束! 🕛 1.289 秒
Jun 10 22:10:36 
Jun 11 08:11:02 
Jun 11 08:11:02 🔔京东种豆得豆, 开始!
Jun 11 08:11:02 开始获取种豆得豆配置文件
Jun 11 08:11:02 
Jun 11 08:11:02 
Jun 11 08:11:02 ====================共1个京东账号Cookie=========
Jun 11 08:11:02 
Jun 11 08:11:02 ==================脚本执行- 北京时间(UTC+8)：6/11/2021, 8:11:02 AM=====================
Jun 11 08:11:02 
Jun 11 08:11:02 由于您环境变量(PLANT_BEAN_SHARECODES)里面未提供助力码，故此处运行将会给脚本内置的码进行助力，请知晓！
Jun 11 08:11:02 共1个京东账号
Jun 11 08:11:02 
Jun 11 08:11:02 您提供了2个账号的种豆得豆助力码
Jun 11 08:11:02 
Jun 11 08:11:05 
Jun 11 08:11:05 开始【京东账号1】liu1071607950
Jun 11 08:11:05 
Jun 11 08:11:05 
Jun 11 08:11:05 ==============📣系统通知📣==============
Jun 11 08:11:05 京东种豆得豆
Jun 11 08:11:05 【提示】cookie已失效
Jun 11 08:11:05 京东账号1 liu1071607950
Jun 11 08:11:05 请重新登录获取
Jun 11 08:11:05 https://bean.m.jd.com/bean/signIndex.action
Jun 11 08:11:05 
Jun 11 08:11:05 
Jun 11 08:11:05 您未提供server酱的SCKEY，取消微信推送消息通知🚫
Jun 11 08:11:05 
Jun 11 08:11:05 您未提供push+推送所需的PUSH_PLUS_TOKEN，取消push+推送消息通知🚫
Jun 11 08:11:05 
Jun 11 08:11:05 您未提供Bark的APP推送BARK_PUSH，取消Bark推送消息通知🚫
Jun 11 08:11:05 
Jun 11 08:11:05 您未提供telegram机器人推送所需的TG_BOT_TOKEN和TG_USER_ID，取消telegram推送消息通知🚫
Jun 11 08:11:05 
Jun 11 08:11:05 您未提供钉钉机器人推送所需的DD_BOT_TOKEN或者DD_BOT_SECRET，取消钉钉推送消息通知🚫
Jun 11 08:11:05 
Jun 11 08:11:05 您未提供企业微信机器人推送所需的QYWX_KEY，取消企业微信推送消息通知🚫
Jun 11 08:11:05 
Jun 11 08:11:05 您未提供企业微信应用消息推送所需的QYWX_AM，取消企业微信应用消息推送消息通知🚫
Jun 11 08:11:05 
Jun 11 08:11:05 您未提供iGot的推送IGOT_PUSH_KEY，取消iGot推送消息通知🚫
Jun 11 08:11:05 
Jun 11 08:11:05 
Jun 11 08:11:05 🔔京东种豆得豆, 结束! 🕛 2.794 秒
Jun 11 08:11:05 
Jun 24 14:10:23 
Jun 24 14:10:23 🔔京东种豆得豆, 开始!
Jun 24 14:10:23 开始获取种豆得豆配置文件
Jun 24 14:10:23 
Jun 24 14:10:23 
Jun 24 14:10:23 ====================共1个京东账号Cookie=========
Jun 24 14:10:23 
Jun 24 14:10:23 ==================脚本执行- 北京时间(UTC+8)：6/24/2021, 2:10:23 PM=====================
Jun 24 14:10:23 
Jun 24 14:10:23 由于您环境变量(PLANT_BEAN_SHARECODES)里面未提供助力码，故此处运行将会给脚本内置的码进行助力，请知晓！
Jun 24 14:10:23 共1个京东账号
Jun 24 14:10:23 
Jun 24 14:10:23 您提供了2个账号的种豆得豆助力码
Jun 24 14:10:23 
Jun 24 14:10:26 
Jun 24 14:10:26 开始【京东账号1】liu1071607950
Jun 24 14:10:26 
Jun 24 14:10:26 
Jun 24 14:10:26 ==============📣系统通知📣==============
Jun 24 14:10:26 京东种豆得豆
Jun 24 14:10:26 【提示】cookie已失效
Jun 24 14:10:26 京东账号1 liu1071607950
Jun 24 14:10:26 请重新登录获取
Jun 24 14:10:26 https://bean.m.jd.com/bean/signIndex.action
Jun 24 14:10:26 
Jun 24 14:10:26 
Jun 24 14:10:26 您未提供server酱的SCKEY，取消微信推送消息通知🚫
Jun 24 14:10:26 
Jun 24 14:10:26 您未提供push+推送所需的PUSH_PLUS_TOKEN，取消push+推送消息通知🚫
Jun 24 14:10:26 
Jun 24 14:10:26 您未提供Bark的APP推送BARK_PUSH，取消Bark推送消息通知🚫
Jun 24 14:10:26 
Jun 24 14:10:26 您未提供telegram机器人推送所需的TG_BOT_TOKEN和TG_USER_ID，取消telegram推送消息通知🚫
Jun 24 14:10:26 
Jun 24 14:10:26 您未提供钉钉机器人推送所需的DD_BOT_TOKEN或者DD_BOT_SECRET，取消钉钉推送消息通知🚫
Jun 24 14:10:26 
Jun 24 14:10:26 您未提供企业微信机器人推送所需的QYWX_KEY，取消企业微信推送消息通知🚫
Jun 24 14:10:26 
Jun 24 14:10:26 您未提供企业微信应用消息推送所需的QYWX_AM，取消企业微信应用消息推送消息通知🚫
Jun 24 14:10:26 
Jun 24 14:10:26 您未提供iGot的推送IGOT_PUSH_KEY，取消iGot推送消息通知🚫
Jun 24 14:10:26 
Jun 24 14:10:26 
Jun 24 14:10:26 🔔京东种豆得豆, 结束! 🕛 2.806 秒
Jun 24 14:10:26 
