Jun 08 23:46:55 
Jun 08 23:46:55 🔔京东极速版红包, 开始!
Jun 08 23:46:55 
Jun 08 23:46:55 ====================共1个京东账号Cookie=========
Jun 08 23:46:55 
Jun 08 23:46:55 ==================脚本执行- 北京时间(UTC+8)：6/8/2021, 11:46:55 PM=====================
Jun 08 23:46:55 
Jun 08 23:46:55 
Jun 08 23:46:55 如提示活动火爆,可再执行一次尝试
Jun 08 23:46:55 
Jun 08 23:46:57 
Jun 08 23:46:57 ******开始【京东账号1】liu1071607950*********
Jun 08 23:46:57 
Jun 08 23:46:57 
Jun 08 23:46:57 ==============📣系统通知📣==============
Jun 08 23:46:57 京东极速版红包
Jun 08 23:46:57 【提示】cookie已失效
Jun 08 23:46:57 京东账号1 liu1071607950
Jun 08 23:46:57 请重新登录获取
Jun 08 23:46:57 https://bean.m.jd.com/bean/signIndex.action
Jun 08 23:46:57 
Jun 08 23:46:57 
Jun 08 23:46:57 您未提供server酱的SCKEY，取消微信推送消息通知🚫
Jun 08 23:46:57 
Jun 08 23:46:57 您未提供push+推送所需的PUSH_PLUS_TOKEN，取消push+推送消息通知🚫
Jun 08 23:46:57 
Jun 08 23:46:57 您未提供Bark的APP推送BARK_PUSH，取消Bark推送消息通知🚫
Jun 08 23:46:57 
Jun 08 23:46:57 您未提供telegram机器人推送所需的TG_BOT_TOKEN和TG_USER_ID，取消telegram推送消息通知🚫
Jun 08 23:46:57 
Jun 08 23:46:57 您未提供钉钉机器人推送所需的DD_BOT_TOKEN或者DD_BOT_SECRET，取消钉钉推送消息通知🚫
Jun 08 23:46:57 
Jun 08 23:46:57 您未提供企业微信机器人推送所需的QYWX_KEY，取消企业微信推送消息通知🚫
Jun 08 23:46:57 
Jun 08 23:46:57 您未提供企业微信应用消息推送所需的QYWX_AM，取消企业微信应用消息推送消息通知🚫
Jun 08 23:46:57 
Jun 08 23:46:57 您未提供iGot的推送IGOT_PUSH_KEY，取消iGot推送消息通知🚫
Jun 08 23:46:57 
Jun 08 23:46:57 
Jun 08 23:46:57 🔔京东极速版红包, 结束! 🕛 1.795 秒
Jun 08 23:46:57 
Jun 10 23:46:20 
Jun 10 23:46:20 🔔京东极速版红包, 开始!
Jun 10 23:46:20 
Jun 10 23:46:20 ====================共1个京东账号Cookie=========
Jun 10 23:46:20 
Jun 10 23:46:20 ==================脚本执行- 北京时间(UTC+8)：6/10/2021, 11:46:20 PM=====================
Jun 10 23:46:20 
Jun 10 23:46:20 
Jun 10 23:46:20 如提示活动火爆,可再执行一次尝试
Jun 10 23:46:20 
Jun 10 23:46:21 
Jun 10 23:46:21 ******开始【京东账号1】liu1071607950*********
Jun 10 23:46:21 
Jun 10 23:46:21 
Jun 10 23:46:21 ==============📣系统通知📣==============
Jun 10 23:46:21 京东极速版红包
Jun 10 23:46:21 【提示】cookie已失效
Jun 10 23:46:21 京东账号1 liu1071607950
Jun 10 23:46:21 请重新登录获取
Jun 10 23:46:21 https://bean.m.jd.com/bean/signIndex.action
Jun 10 23:46:21 
Jun 10 23:46:21 
Jun 10 23:46:21 您未提供server酱的SCKEY，取消微信推送消息通知🚫
Jun 10 23:46:21 
Jun 10 23:46:21 您未提供push+推送所需的PUSH_PLUS_TOKEN，取消push+推送消息通知🚫
Jun 10 23:46:21 
Jun 10 23:46:21 您未提供Bark的APP推送BARK_PUSH，取消Bark推送消息通知🚫
Jun 10 23:46:21 
Jun 10 23:46:21 您未提供telegram机器人推送所需的TG_BOT_TOKEN和TG_USER_ID，取消telegram推送消息通知🚫
Jun 10 23:46:21 
Jun 10 23:46:21 您未提供钉钉机器人推送所需的DD_BOT_TOKEN或者DD_BOT_SECRET，取消钉钉推送消息通知🚫
Jun 10 23:46:21 
Jun 10 23:46:21 您未提供企业微信机器人推送所需的QYWX_KEY，取消企业微信推送消息通知🚫
Jun 10 23:46:21 
Jun 10 23:46:21 您未提供企业微信应用消息推送所需的QYWX_AM，取消企业微信应用消息推送消息通知🚫
Jun 10 23:46:21 
Jun 10 23:46:21 您未提供iGot的推送IGOT_PUSH_KEY，取消iGot推送消息通知🚫
Jun 10 23:46:21 
Jun 10 23:46:21 
Jun 10 23:46:21 🔔京东极速版红包, 结束! 🕛 1.391 秒
Jun 10 23:46:21 
