Jun 08 11:32:35 
Jun 08 11:32:35 🔔东东超市, 开始!
Jun 08 11:32:35 
Jun 08 11:32:35 ====================共1个京东账号Cookie=========
Jun 08 11:32:35 
Jun 08 11:32:35 ==================脚本执行- 北京时间(UTC+8)：6/8/2021, 11:32:35 AM=====================
Jun 08 11:32:35 
Jun 08 11:32:35 共1个京东账号
Jun 08 11:32:35 
Jun 08 11:32:37 
Jun 08 11:32:37 开始【京东账号1】liu1071607950
Jun 08 11:32:37 
Jun 08 11:32:37 
Jun 08 11:32:37 ==============📣系统通知📣==============
Jun 08 11:32:37 东东超市
Jun 08 11:32:37 【提示】cookie已失效
Jun 08 11:32:37 京东账号1 liu1071607950
Jun 08 11:32:37 请重新登录获取
Jun 08 11:32:37 https://bean.m.jd.com/bean/signIndex.action
Jun 08 11:32:37 
Jun 08 11:32:37 
Jun 08 11:32:37 您未提供server酱的SCKEY，取消微信推送消息通知🚫
Jun 08 11:32:37 
Jun 08 11:32:37 您未提供push+推送所需的PUSH_PLUS_TOKEN，取消push+推送消息通知🚫
Jun 08 11:32:37 
Jun 08 11:32:37 您未提供Bark的APP推送BARK_PUSH，取消Bark推送消息通知🚫
Jun 08 11:32:37 
Jun 08 11:32:37 您未提供telegram机器人推送所需的TG_BOT_TOKEN和TG_USER_ID，取消telegram推送消息通知🚫
Jun 08 11:32:37 
Jun 08 11:32:37 您未提供钉钉机器人推送所需的DD_BOT_TOKEN或者DD_BOT_SECRET，取消钉钉推送消息通知🚫
Jun 08 11:32:37 
Jun 08 11:32:37 您未提供企业微信机器人推送所需的QYWX_KEY，取消企业微信推送消息通知🚫
Jun 08 11:32:37 
Jun 08 11:32:37 您未提供企业微信应用消息推送所需的QYWX_AM，取消企业微信应用消息推送消息通知🚫
Jun 08 11:32:37 
Jun 08 11:32:37 您未提供iGot的推送IGOT_PUSH_KEY，取消iGot推送消息通知🚫
Jun 08 11:32:37 
Jun 08 11:32:37 
Jun 08 11:32:37 🔔东东超市, 结束! 🕛 2.082 秒
Jun 08 11:32:37 
Jun 08 13:32:10 
Jun 08 13:32:10 🔔东东超市, 开始!
Jun 08 13:32:10 
Jun 08 13:32:10 ====================共1个京东账号Cookie=========
Jun 08 13:32:10 
Jun 08 13:32:10 ==================脚本执行- 北京时间(UTC+8)：6/8/2021, 1:32:10 PM=====================
Jun 08 13:32:10 
Jun 08 13:32:10 共1个京东账号
Jun 08 13:32:10 
Jun 08 13:32:11 
Jun 08 13:32:11 开始【京东账号1】liu1071607950
Jun 08 13:32:11 
Jun 08 13:32:11 
Jun 08 13:32:11 ==============📣系统通知📣==============
Jun 08 13:32:11 东东超市
Jun 08 13:32:11 【提示】cookie已失效
Jun 08 13:32:11 京东账号1 liu1071607950
Jun 08 13:32:11 请重新登录获取
Jun 08 13:32:11 https://bean.m.jd.com/bean/signIndex.action
Jun 08 13:32:11 
Jun 08 13:32:11 
Jun 08 13:32:11 您未提供server酱的SCKEY，取消微信推送消息通知🚫
Jun 08 13:32:11 
Jun 08 13:32:11 您未提供push+推送所需的PUSH_PLUS_TOKEN，取消push+推送消息通知🚫
Jun 08 13:32:11 
Jun 08 13:32:11 您未提供Bark的APP推送BARK_PUSH，取消Bark推送消息通知🚫
Jun 08 13:32:11 
Jun 08 13:32:11 您未提供telegram机器人推送所需的TG_BOT_TOKEN和TG_USER_ID，取消telegram推送消息通知🚫
Jun 08 13:32:11 
Jun 08 13:32:11 您未提供钉钉机器人推送所需的DD_BOT_TOKEN或者DD_BOT_SECRET，取消钉钉推送消息通知🚫
Jun 08 13:32:11 
Jun 08 13:32:11 您未提供企业微信机器人推送所需的QYWX_KEY，取消企业微信推送消息通知🚫
Jun 08 13:32:11 
Jun 08 13:32:11 您未提供企业微信应用消息推送所需的QYWX_AM，取消企业微信应用消息推送消息通知🚫
Jun 08 13:32:11 
Jun 08 13:32:11 您未提供iGot的推送IGOT_PUSH_KEY，取消iGot推送消息通知🚫
Jun 08 13:32:11 
Jun 08 13:32:11 
Jun 08 13:32:11 🔔东东超市, 结束! 🕛 1.699 秒
Jun 08 13:32:11 
Jun 08 15:32:56 
Jun 08 15:32:56 🔔东东超市, 开始!
Jun 08 15:32:57 
Jun 08 15:32:57 ====================共1个京东账号Cookie=========
Jun 08 15:32:57 
Jun 08 15:32:57 ==================脚本执行- 北京时间(UTC+8)：6/8/2021, 3:32:57 PM=====================
Jun 08 15:32:57 
Jun 08 15:32:57 共1个京东账号
Jun 08 15:32:57 
Jun 08 15:33:01 
Jun 08 15:33:01 ❗️东东超市, 错误!
Jun 08 15:33:01 
Jun 08 15:33:01 
Jun 08 15:33:01 开始【京东账号1】liu1071607950
Jun 08 15:33:01 
Jun 08 15:33:04 
Jun 08 15:33:04 东东超市: API查询请求失败 ‼️‼️
Jun 08 15:33:04 "getaddrinfo ENOTFOUND api.m.jd.com"
Jun 08 15:33:04 
Jun 08 15:33:04 ❗️东东超市, 错误!
Jun 08 15:33:04 TypeError: Cannot read property 'data' of undefined
Jun 08 15:33:04     at receiveGoldCoin (/scripts/jd_superMarket.js:214:7622)
Jun 08 15:33:04     at processTicksAndRejections (internal/process/task_queues.js:93:5)
Jun 08 15:33:04     at async jdSuperMarket (/scripts/jd_superMarket.js:85:5)
Jun 08 15:33:04     at async /scripts/jd_superMarket.js:71:7
Jun 08 15:33:04 【京东账号1】
Jun 08 15:33:04 
Jun 08 15:33:04 
Jun 08 15:33:04 🔔东东超市, 结束! 🕛 7.91 秒
Jun 08 15:33:04 
Jun 08 17:32:49 
Jun 08 17:32:49 🔔东东超市, 开始!
Jun 08 17:32:49 
Jun 08 17:32:49 ====================共1个京东账号Cookie=========
Jun 08 17:32:49 
Jun 08 17:32:49 ==================脚本执行- 北京时间(UTC+8)：6/8/2021, 5:32:49 PM=====================
Jun 08 17:32:49 
Jun 08 17:32:49 共1个京东账号
Jun 08 17:32:49 
Jun 08 17:32:50 
Jun 08 17:32:50 开始【京东账号1】liu1071607950
Jun 08 17:32:50 
Jun 08 17:32:50 
Jun 08 17:32:51 ==============📣系统通知📣==============
Jun 08 17:32:51 东东超市
Jun 08 17:32:51 【提示】cookie已失效
Jun 08 17:32:51 京东账号1 liu1071607950
Jun 08 17:32:51 请重新登录获取
Jun 08 17:32:51 https://bean.m.jd.com/bean/signIndex.action
Jun 08 17:32:51 
Jun 08 17:32:51 
Jun 08 17:32:51 您未提供server酱的SCKEY，取消微信推送消息通知🚫
Jun 08 17:32:51 
Jun 08 17:32:51 您未提供push+推送所需的PUSH_PLUS_TOKEN，取消push+推送消息通知🚫
Jun 08 17:32:51 
Jun 08 17:32:51 您未提供Bark的APP推送BARK_PUSH，取消Bark推送消息通知🚫
Jun 08 17:32:51 
Jun 08 17:32:51 您未提供telegram机器人推送所需的TG_BOT_TOKEN和TG_USER_ID，取消telegram推送消息通知🚫
Jun 08 17:32:51 
Jun 08 17:32:51 您未提供钉钉机器人推送所需的DD_BOT_TOKEN或者DD_BOT_SECRET，取消钉钉推送消息通知🚫
Jun 08 17:32:51 
Jun 08 17:32:51 您未提供企业微信机器人推送所需的QYWX_KEY，取消企业微信推送消息通知🚫
Jun 08 17:32:51 
Jun 08 17:32:51 您未提供企业微信应用消息推送所需的QYWX_AM，取消企业微信应用消息推送消息通知🚫
Jun 08 17:32:51 
Jun 08 17:32:51 您未提供iGot的推送IGOT_PUSH_KEY，取消iGot推送消息通知🚫
Jun 08 17:32:51 
Jun 08 17:32:51 
Jun 08 17:32:51 🔔东东超市, 结束! 🕛 1.501 秒
Jun 08 17:32:51 
Jun 08 19:32:27 
Jun 08 19:32:27 🔔东东超市, 开始!
Jun 08 19:32:27 
Jun 08 19:32:27 ====================共1个京东账号Cookie=========
Jun 08 19:32:27 
Jun 08 19:32:27 ==================脚本执行- 北京时间(UTC+8)：6/8/2021, 7:32:27 PM=====================
Jun 08 19:32:27 
Jun 08 19:32:27 共1个京东账号
Jun 08 19:32:27 
Jun 08 19:32:31 
Jun 08 19:32:31 ❗️东东超市, 错误!
Jun 08 19:32:31 
Jun 08 19:32:31 
Jun 08 19:32:31 开始【京东账号1】liu1071607950
Jun 08 19:32:31 
Jun 08 19:32:34 
Jun 08 19:32:34 东东超市: API查询请求失败 ‼️‼️
Jun 08 19:32:34 "getaddrinfo ENOTFOUND api.m.jd.com"
Jun 08 19:32:34 
Jun 08 19:32:34 ❗️东东超市, 错误!
Jun 08 19:32:34 TypeError: Cannot read property 'data' of undefined
Jun 08 19:32:34     at receiveGoldCoin (/scripts/jd_superMarket.js:214:7622)
Jun 08 19:32:34     at processTicksAndRejections (internal/process/task_queues.js:93:5)
Jun 08 19:32:34     at async jdSuperMarket (/scripts/jd_superMarket.js:85:5)
Jun 08 19:32:34     at async /scripts/jd_superMarket.js:71:7
Jun 08 19:32:34 【京东账号1】
Jun 08 19:32:34 
Jun 08 19:32:34 
Jun 08 19:32:34 🔔东东超市, 结束! 🕛 7.819 秒
Jun 08 19:32:34 
Jun 08 21:31:07 
Jun 08 21:31:07 🔔东东超市, 开始!
Jun 08 21:31:07 
Jun 08 21:31:07 ====================共1个京东账号Cookie=========
Jun 08 21:31:07 
Jun 08 21:31:07 ==================脚本执行- 北京时间(UTC+8)：6/8/2021, 9:31:07 PM=====================
Jun 08 21:31:07 
Jun 08 21:31:07 共1个京东账号
Jun 08 21:31:07 
Jun 08 21:31:08 
Jun 08 21:31:08 开始【京东账号1】liu1071607950
Jun 08 21:31:08 
Jun 08 21:31:08 
Jun 08 21:31:08 ==============📣系统通知📣==============
Jun 08 21:31:08 东东超市
Jun 08 21:31:08 【提示】cookie已失效
Jun 08 21:31:08 京东账号1 liu1071607950
Jun 08 21:31:08 请重新登录获取
Jun 08 21:31:08 https://bean.m.jd.com/bean/signIndex.action
Jun 08 21:31:08 
Jun 08 21:31:08 
Jun 08 21:31:08 您未提供server酱的SCKEY，取消微信推送消息通知🚫
Jun 08 21:31:08 
Jun 08 21:31:08 您未提供push+推送所需的PUSH_PLUS_TOKEN，取消push+推送消息通知🚫
Jun 08 21:31:08 
Jun 08 21:31:08 您未提供Bark的APP推送BARK_PUSH，取消Bark推送消息通知🚫
Jun 08 21:31:08 
Jun 08 21:31:08 您未提供telegram机器人推送所需的TG_BOT_TOKEN和TG_USER_ID，取消telegram推送消息通知🚫
Jun 08 21:31:08 
Jun 08 21:31:09 您未提供钉钉机器人推送所需的DD_BOT_TOKEN或者DD_BOT_SECRET，取消钉钉推送消息通知🚫
Jun 08 21:31:09 
Jun 08 21:31:09 您未提供企业微信机器人推送所需的QYWX_KEY，取消企业微信推送消息通知🚫
Jun 08 21:31:09 
Jun 08 21:31:09 您未提供企业微信应用消息推送所需的QYWX_AM，取消企业微信应用消息推送消息通知🚫
Jun 08 21:31:09 
Jun 08 21:31:09 您未提供iGot的推送IGOT_PUSH_KEY，取消iGot推送消息通知🚫
Jun 08 21:31:09 
Jun 08 21:31:09 
Jun 08 21:31:09 🔔东东超市, 结束! 🕛 1.628 秒
Jun 08 21:31:09 
Jun 08 23:31:35 
Jun 08 23:31:35 🔔东东超市, 开始!
Jun 08 23:31:35 
Jun 08 23:31:35 ====================共1个京东账号Cookie=========
Jun 08 23:31:35 
Jun 08 23:31:36 ==================脚本执行- 北京时间(UTC+8)：6/8/2021, 11:31:35 PM=====================
Jun 08 23:31:36 
Jun 08 23:31:36 共1个京东账号
Jun 08 23:31:36 
Jun 08 23:31:37 
Jun 08 23:31:37 开始【京东账号1】liu1071607950
Jun 08 23:31:37 
Jun 08 23:31:37 
Jun 08 23:31:37 ==============📣系统通知📣==============
Jun 08 23:31:37 东东超市
Jun 08 23:31:37 【提示】cookie已失效
Jun 08 23:31:37 京东账号1 liu1071607950
Jun 08 23:31:37 请重新登录获取
Jun 08 23:31:37 https://bean.m.jd.com/bean/signIndex.action
Jun 08 23:31:37 
Jun 08 23:31:37 
Jun 08 23:31:37 您未提供server酱的SCKEY，取消微信推送消息通知🚫
Jun 08 23:31:37 
Jun 08 23:31:37 您未提供push+推送所需的PUSH_PLUS_TOKEN，取消push+推送消息通知🚫
Jun 08 23:31:37 
Jun 08 23:31:37 您未提供Bark的APP推送BARK_PUSH，取消Bark推送消息通知🚫
Jun 08 23:31:37 
Jun 08 23:31:37 您未提供telegram机器人推送所需的TG_BOT_TOKEN和TG_USER_ID，取消telegram推送消息通知🚫
Jun 08 23:31:37 
Jun 08 23:31:38 您未提供钉钉机器人推送所需的DD_BOT_TOKEN或者DD_BOT_SECRET，取消钉钉推送消息通知🚫
Jun 08 23:31:38 
Jun 08 23:31:38 您未提供企业微信机器人推送所需的QYWX_KEY，取消企业微信推送消息通知🚫
Jun 08 23:31:38 
Jun 08 23:31:38 您未提供企业微信应用消息推送所需的QYWX_AM，取消企业微信应用消息推送消息通知🚫
Jun 08 23:31:38 
Jun 08 23:31:38 您未提供iGot的推送IGOT_PUSH_KEY，取消iGot推送消息通知🚫
Jun 08 23:31:38 
Jun 08 23:31:38 
Jun 08 23:31:38 🔔东东超市, 结束! 🕛 2.107 秒
Jun 08 23:31:38 
Jun 09 11:31:11 
Jun 09 11:31:11 🔔东东超市, 开始!
Jun 09 11:31:11 
Jun 09 11:31:11 ====================共1个京东账号Cookie=========
Jun 09 11:31:11 
Jun 09 11:31:11 ==================脚本执行- 北京时间(UTC+8)：6/9/2021, 11:31:11 AM=====================
Jun 09 11:31:11 
Jun 09 11:31:11 共1个京东账号
Jun 09 11:31:11 
Jun 09 11:31:13 
Jun 09 11:31:13 开始【京东账号1】liu1071607950
Jun 09 11:31:13 
Jun 09 11:31:13 
Jun 09 11:31:13 ==============📣系统通知📣==============
Jun 09 11:31:13 东东超市
Jun 09 11:31:13 【提示】cookie已失效
Jun 09 11:31:13 京东账号1 liu1071607950
Jun 09 11:31:13 请重新登录获取
Jun 09 11:31:13 https://bean.m.jd.com/bean/signIndex.action
Jun 09 11:31:13 
Jun 09 11:31:13 
Jun 09 11:31:13 您未提供server酱的SCKEY，取消微信推送消息通知🚫
Jun 09 11:31:13 
Jun 09 11:31:13 您未提供push+推送所需的PUSH_PLUS_TOKEN，取消push+推送消息通知🚫
Jun 09 11:31:13 
Jun 09 11:31:13 您未提供Bark的APP推送BARK_PUSH，取消Bark推送消息通知🚫
Jun 09 11:31:13 
Jun 09 11:31:13 您未提供telegram机器人推送所需的TG_BOT_TOKEN和TG_USER_ID，取消telegram推送消息通知🚫
Jun 09 11:31:13 
Jun 09 11:31:13 您未提供钉钉机器人推送所需的DD_BOT_TOKEN或者DD_BOT_SECRET，取消钉钉推送消息通知🚫
Jun 09 11:31:13 
Jun 09 11:31:13 您未提供企业微信机器人推送所需的QYWX_KEY，取消企业微信推送消息通知🚫
Jun 09 11:31:13 
Jun 09 11:31:13 您未提供企业微信应用消息推送所需的QYWX_AM，取消企业微信应用消息推送消息通知🚫
Jun 09 11:31:13 
Jun 09 11:31:13 您未提供iGot的推送IGOT_PUSH_KEY，取消iGot推送消息通知🚫
Jun 09 11:31:13 
Jun 09 11:31:13 
Jun 09 11:31:13 🔔东东超市, 结束! 🕛 2.091 秒
Jun 09 11:31:13 
Jun 09 13:32:12 
Jun 09 13:32:12 🔔东东超市, 开始!
Jun 09 13:32:12 
Jun 09 13:32:12 ====================共1个京东账号Cookie=========
Jun 09 13:32:12 
Jun 09 13:32:12 ==================脚本执行- 北京时间(UTC+8)：6/9/2021, 1:32:12 PM=====================
Jun 09 13:32:12 
Jun 09 13:32:12 共1个京东账号
Jun 09 13:32:12 
Jun 09 13:32:13 
Jun 09 13:32:13 开始【京东账号1】liu1071607950
Jun 09 13:32:13 
Jun 09 13:32:13 
Jun 09 13:32:13 ==============📣系统通知📣==============
Jun 09 13:32:13 东东超市
Jun 09 13:32:13 【提示】cookie已失效
Jun 09 13:32:13 京东账号1 liu1071607950
Jun 09 13:32:13 请重新登录获取
Jun 09 13:32:13 https://bean.m.jd.com/bean/signIndex.action
Jun 09 13:32:13 
Jun 09 13:32:13 
Jun 09 13:32:13 您未提供server酱的SCKEY，取消微信推送消息通知🚫
Jun 09 13:32:13 
Jun 09 13:32:13 您未提供push+推送所需的PUSH_PLUS_TOKEN，取消push+推送消息通知🚫
Jun 09 13:32:13 
Jun 09 13:32:13 您未提供Bark的APP推送BARK_PUSH，取消Bark推送消息通知🚫
Jun 09 13:32:13 
Jun 09 13:32:13 您未提供telegram机器人推送所需的TG_BOT_TOKEN和TG_USER_ID，取消telegram推送消息通知🚫
Jun 09 13:32:13 
Jun 09 13:32:13 您未提供钉钉机器人推送所需的DD_BOT_TOKEN或者DD_BOT_SECRET，取消钉钉推送消息通知🚫
Jun 09 13:32:13 
Jun 09 13:32:13 您未提供企业微信机器人推送所需的QYWX_KEY，取消企业微信推送消息通知🚫
Jun 09 13:32:13 
Jun 09 13:32:13 您未提供企业微信应用消息推送所需的QYWX_AM，取消企业微信应用消息推送消息通知🚫
Jun 09 13:32:13 
Jun 09 13:32:13 您未提供iGot的推送IGOT_PUSH_KEY，取消iGot推送消息通知🚫
Jun 09 13:32:13 
Jun 09 13:32:13 
Jun 09 13:32:13 🔔东东超市, 结束! 🕛 1.387 秒
Jun 09 13:32:13 
Jun 09 15:31:41 
Jun 09 15:31:41 🔔东东超市, 开始!
Jun 09 15:31:41 
Jun 09 15:31:41 ====================共1个京东账号Cookie=========
Jun 09 15:31:41 
Jun 09 15:31:41 ==================脚本执行- 北京时间(UTC+8)：6/9/2021, 3:31:41 PM=====================
Jun 09 15:31:41 
Jun 09 15:31:41 共1个京东账号
Jun 09 15:31:41 
Jun 09 15:31:42 
Jun 09 15:31:42 开始【京东账号1】liu1071607950
Jun 09 15:31:42 
Jun 09 15:31:42 
Jun 09 15:31:42 ==============📣系统通知📣==============
Jun 09 15:31:42 东东超市
Jun 09 15:31:42 【提示】cookie已失效
Jun 09 15:31:42 京东账号1 liu1071607950
Jun 09 15:31:42 请重新登录获取
Jun 09 15:31:42 https://bean.m.jd.com/bean/signIndex.action
Jun 09 15:31:42 
Jun 09 15:31:42 
Jun 09 15:31:42 您未提供server酱的SCKEY，取消微信推送消息通知🚫
Jun 09 15:31:42 
Jun 09 15:31:42 您未提供push+推送所需的PUSH_PLUS_TOKEN，取消push+推送消息通知🚫
Jun 09 15:31:42 
Jun 09 15:31:42 您未提供Bark的APP推送BARK_PUSH，取消Bark推送消息通知🚫
Jun 09 15:31:42 
Jun 09 15:31:42 您未提供telegram机器人推送所需的TG_BOT_TOKEN和TG_USER_ID，取消telegram推送消息通知🚫
Jun 09 15:31:42 
Jun 09 15:31:42 您未提供钉钉机器人推送所需的DD_BOT_TOKEN或者DD_BOT_SECRET，取消钉钉推送消息通知🚫
Jun 09 15:31:42 
Jun 09 15:31:42 您未提供企业微信机器人推送所需的QYWX_KEY，取消企业微信推送消息通知🚫
Jun 09 15:31:42 
Jun 09 15:31:42 您未提供企业微信应用消息推送所需的QYWX_AM，取消企业微信应用消息推送消息通知🚫
Jun 09 15:31:42 
Jun 09 15:31:42 您未提供iGot的推送IGOT_PUSH_KEY，取消iGot推送消息通知🚫
Jun 09 15:31:42 
Jun 09 15:31:42 
Jun 09 15:31:42 🔔东东超市, 结束! 🕛 1.448 秒
Jun 09 15:31:42 
Jun 09 17:32:05 
Jun 09 17:32:05 🔔东东超市, 开始!
Jun 09 17:32:05 
Jun 09 17:32:05 ====================共1个京东账号Cookie=========
Jun 09 17:32:05 
Jun 09 17:32:05 ==================脚本执行- 北京时间(UTC+8)：6/9/2021, 5:32:05 PM=====================
Jun 09 17:32:05 
Jun 09 17:32:05 共1个京东账号
Jun 09 17:32:05 
Jun 09 17:32:06 
Jun 09 17:32:06 开始【京东账号1】liu1071607950
Jun 09 17:32:06 
Jun 09 17:32:06 
Jun 09 17:32:06 ==============📣系统通知📣==============
Jun 09 17:32:06 东东超市
Jun 09 17:32:06 【提示】cookie已失效
Jun 09 17:32:06 京东账号1 liu1071607950
Jun 09 17:32:06 请重新登录获取
Jun 09 17:32:06 https://bean.m.jd.com/bean/signIndex.action
Jun 09 17:32:06 
Jun 09 17:32:06 
Jun 09 17:32:06 您未提供server酱的SCKEY，取消微信推送消息通知🚫
Jun 09 17:32:06 
Jun 09 17:32:06 您未提供push+推送所需的PUSH_PLUS_TOKEN，取消push+推送消息通知🚫
Jun 09 17:32:06 
Jun 09 17:32:06 您未提供Bark的APP推送BARK_PUSH，取消Bark推送消息通知🚫
Jun 09 17:32:06 
Jun 09 17:32:06 您未提供telegram机器人推送所需的TG_BOT_TOKEN和TG_USER_ID，取消telegram推送消息通知🚫
Jun 09 17:32:06 
Jun 09 17:32:06 您未提供钉钉机器人推送所需的DD_BOT_TOKEN或者DD_BOT_SECRET，取消钉钉推送消息通知🚫
Jun 09 17:32:06 
Jun 09 17:32:06 您未提供企业微信机器人推送所需的QYWX_KEY，取消企业微信推送消息通知🚫
Jun 09 17:32:06 
Jun 09 17:32:06 您未提供企业微信应用消息推送所需的QYWX_AM，取消企业微信应用消息推送消息通知🚫
Jun 09 17:32:06 
Jun 09 17:32:06 您未提供iGot的推送IGOT_PUSH_KEY，取消iGot推送消息通知🚫
Jun 09 17:32:06 
Jun 09 17:32:06 
Jun 09 17:32:06 🔔东东超市, 结束! 🕛 1.755 秒
Jun 09 17:32:06 
Jun 09 19:32:52 
Jun 09 19:32:52 🔔东东超市, 开始!
Jun 09 19:32:52 
Jun 09 19:32:52 ====================共1个京东账号Cookie=========
Jun 09 19:32:52 
Jun 09 19:32:52 ==================脚本执行- 北京时间(UTC+8)：6/9/2021, 7:32:52 PM=====================
Jun 09 19:32:52 
Jun 09 19:32:52 共1个京东账号
Jun 09 19:32:52 
Jun 09 19:32:55 
Jun 09 19:32:55 ❗️东东超市, 错误!
Jun 09 19:32:55 
Jun 09 19:32:55 
Jun 09 19:32:55 开始【京东账号1】liu1071607950
Jun 09 19:32:55 
Jun 09 19:32:59 
Jun 09 19:32:59 东东超市: API查询请求失败 ‼️‼️
Jun 09 19:32:59 "getaddrinfo ENOTFOUND api.m.jd.com"
Jun 09 19:32:59 
Jun 09 19:32:59 ❗️东东超市, 错误!
Jun 09 19:32:59 TypeError: Cannot read property 'data' of undefined
Jun 09 19:32:59     at receiveGoldCoin (/scripts/jd_superMarket.js:214:7622)
Jun 09 19:32:59     at processTicksAndRejections (internal/process/task_queues.js:93:5)
Jun 09 19:32:59     at async jdSuperMarket (/scripts/jd_superMarket.js:85:5)
Jun 09 19:32:59     at async /scripts/jd_superMarket.js:71:7
Jun 09 19:32:59 【京东账号1】
Jun 09 19:32:59 
Jun 09 19:32:59 
Jun 09 19:32:59 🔔东东超市, 结束! 🕛 7.179 秒
Jun 09 19:32:59 
Jun 09 21:32:23 
Jun 09 21:32:23 🔔东东超市, 开始!
Jun 09 21:32:23 
Jun 09 21:32:23 ====================共1个京东账号Cookie=========
Jun 09 21:32:23 
Jun 09 21:32:23 ==================脚本执行- 北京时间(UTC+8)：6/9/2021, 9:32:23 PM=====================
Jun 09 21:32:23 
Jun 09 21:32:23 共1个京东账号
Jun 09 21:32:23 
Jun 09 21:32:24 
Jun 09 21:32:24 开始【京东账号1】liu1071607950
Jun 09 21:32:24 
Jun 09 21:32:24 
Jun 09 21:32:24 ==============📣系统通知📣==============
Jun 09 21:32:24 东东超市
Jun 09 21:32:24 【提示】cookie已失效
Jun 09 21:32:24 京东账号1 liu1071607950
Jun 09 21:32:24 请重新登录获取
Jun 09 21:32:24 https://bean.m.jd.com/bean/signIndex.action
Jun 09 21:32:24 
Jun 09 21:32:24 
Jun 09 21:32:24 您未提供server酱的SCKEY，取消微信推送消息通知🚫
Jun 09 21:32:24 
Jun 09 21:32:24 您未提供push+推送所需的PUSH_PLUS_TOKEN，取消push+推送消息通知🚫
Jun 09 21:32:24 
Jun 09 21:32:24 您未提供Bark的APP推送BARK_PUSH，取消Bark推送消息通知🚫
Jun 09 21:32:24 
Jun 09 21:32:24 您未提供telegram机器人推送所需的TG_BOT_TOKEN和TG_USER_ID，取消telegram推送消息通知🚫
Jun 09 21:32:24 
Jun 09 21:32:24 您未提供钉钉机器人推送所需的DD_BOT_TOKEN或者DD_BOT_SECRET，取消钉钉推送消息通知🚫
Jun 09 21:32:24 
Jun 09 21:32:24 您未提供企业微信机器人推送所需的QYWX_KEY，取消企业微信推送消息通知🚫
Jun 09 21:32:24 
Jun 09 21:32:24 您未提供企业微信应用消息推送所需的QYWX_AM，取消企业微信应用消息推送消息通知🚫
Jun 09 21:32:24 
Jun 09 21:32:24 您未提供iGot的推送IGOT_PUSH_KEY，取消iGot推送消息通知🚫
Jun 09 21:32:24 
Jun 09 21:32:24 
Jun 09 21:32:24 🔔东东超市, 结束! 🕛 1.547 秒
Jun 09 21:32:24 
Jun 09 23:31:09 
Jun 09 23:31:09 🔔东东超市, 开始!
Jun 09 23:31:09 
Jun 09 23:31:09 ====================共1个京东账号Cookie=========
Jun 09 23:31:09 
Jun 09 23:31:09 ==================脚本执行- 北京时间(UTC+8)：6/9/2021, 11:31:09 PM=====================
Jun 09 23:31:09 
Jun 09 23:31:09 共1个京东账号
Jun 09 23:31:09 
Jun 09 23:31:13 
Jun 09 23:31:13 开始【京东账号1】liu1071607950
Jun 09 23:31:13 
Jun 09 23:31:13 
Jun 09 23:31:13 ==============📣系统通知📣==============
Jun 09 23:31:14 东东超市
Jun 09 23:31:14 【提示】cookie已失效
Jun 09 23:31:14 京东账号1 liu1071607950
Jun 09 23:31:14 请重新登录获取
Jun 09 23:31:14 https://bean.m.jd.com/bean/signIndex.action
Jun 09 23:31:14 
Jun 09 23:31:14 
Jun 09 23:31:14 您未提供server酱的SCKEY，取消微信推送消息通知🚫
Jun 09 23:31:14 
Jun 09 23:31:14 您未提供push+推送所需的PUSH_PLUS_TOKEN，取消push+推送消息通知🚫
Jun 09 23:31:14 
Jun 09 23:31:14 您未提供Bark的APP推送BARK_PUSH，取消Bark推送消息通知🚫
Jun 09 23:31:14 
Jun 09 23:31:14 您未提供telegram机器人推送所需的TG_BOT_TOKEN和TG_USER_ID，取消telegram推送消息通知🚫
Jun 09 23:31:14 
Jun 09 23:31:14 您未提供钉钉机器人推送所需的DD_BOT_TOKEN或者DD_BOT_SECRET，取消钉钉推送消息通知🚫
Jun 09 23:31:14 
Jun 09 23:31:14 您未提供企业微信机器人推送所需的QYWX_KEY，取消企业微信推送消息通知🚫
Jun 09 23:31:14 
Jun 09 23:31:14 您未提供企业微信应用消息推送所需的QYWX_AM，取消企业微信应用消息推送消息通知🚫
Jun 09 23:31:14 
Jun 09 23:31:14 您未提供iGot的推送IGOT_PUSH_KEY，取消iGot推送消息通知🚫
Jun 09 23:31:14 
Jun 09 23:31:14 
Jun 09 23:31:14 🔔东东超市, 结束! 🕛 4.8 秒
Jun 09 23:31:14 
Jun 10 11:32:45 
Jun 10 11:32:45 🔔东东超市, 开始!
Jun 10 11:32:45 
Jun 10 11:32:45 ====================共1个京东账号Cookie=========
Jun 10 11:32:45 
Jun 10 11:32:45 ==================脚本执行- 北京时间(UTC+8)：6/10/2021, 11:32:45 AM=====================
Jun 10 11:32:45 
Jun 10 11:32:45 共1个京东账号
Jun 10 11:32:45 
Jun 10 11:32:47 
Jun 10 11:32:47 开始【京东账号1】liu1071607950
Jun 10 11:32:47 
Jun 10 11:32:47 
Jun 10 11:32:47 ==============📣系统通知📣==============
Jun 10 11:32:47 东东超市
Jun 10 11:32:47 【提示】cookie已失效
Jun 10 11:32:47 京东账号1 liu1071607950
Jun 10 11:32:47 请重新登录获取
Jun 10 11:32:47 https://bean.m.jd.com/bean/signIndex.action
Jun 10 11:32:47 
Jun 10 11:32:47 
Jun 10 11:32:47 您未提供server酱的SCKEY，取消微信推送消息通知🚫
Jun 10 11:32:47 
Jun 10 11:32:47 您未提供push+推送所需的PUSH_PLUS_TOKEN，取消push+推送消息通知🚫
Jun 10 11:32:47 
Jun 10 11:32:47 您未提供Bark的APP推送BARK_PUSH，取消Bark推送消息通知🚫
Jun 10 11:32:47 
Jun 10 11:32:47 您未提供telegram机器人推送所需的TG_BOT_TOKEN和TG_USER_ID，取消telegram推送消息通知🚫
Jun 10 11:32:47 
Jun 10 11:32:47 您未提供钉钉机器人推送所需的DD_BOT_TOKEN或者DD_BOT_SECRET，取消钉钉推送消息通知🚫
Jun 10 11:32:47 
Jun 10 11:32:47 您未提供企业微信机器人推送所需的QYWX_KEY，取消企业微信推送消息通知🚫
Jun 10 11:32:47 
Jun 10 11:32:47 您未提供企业微信应用消息推送所需的QYWX_AM，取消企业微信应用消息推送消息通知🚫
Jun 10 11:32:47 
Jun 10 11:32:47 您未提供iGot的推送IGOT_PUSH_KEY，取消iGot推送消息通知🚫
Jun 10 11:32:47 
Jun 10 11:32:47 
Jun 10 11:32:47 🔔东东超市, 结束! 🕛 1.275 秒
Jun 10 11:32:47 
Jun 10 13:31:14 
Jun 10 13:31:14 🔔东东超市, 开始!
Jun 10 13:31:14 
Jun 10 13:31:14 ====================共1个京东账号Cookie=========
Jun 10 13:31:14 
Jun 10 13:31:14 ==================脚本执行- 北京时间(UTC+8)：6/10/2021, 1:31:14 PM=====================
Jun 10 13:31:14 
Jun 10 13:31:14 共1个京东账号
Jun 10 13:31:14 
Jun 10 13:31:16 
Jun 10 13:31:16 开始【京东账号1】liu1071607950
Jun 10 13:31:16 
Jun 10 13:31:16 
Jun 10 13:31:16 ==============📣系统通知📣==============
Jun 10 13:31:16 东东超市
Jun 10 13:31:16 【提示】cookie已失效
Jun 10 13:31:16 京东账号1 liu1071607950
Jun 10 13:31:16 请重新登录获取
Jun 10 13:31:16 https://bean.m.jd.com/bean/signIndex.action
Jun 10 13:31:16 
Jun 10 13:31:16 
Jun 10 13:31:16 您未提供server酱的SCKEY，取消微信推送消息通知🚫
Jun 10 13:31:16 
Jun 10 13:31:16 您未提供push+推送所需的PUSH_PLUS_TOKEN，取消push+推送消息通知🚫
Jun 10 13:31:16 
Jun 10 13:31:16 您未提供Bark的APP推送BARK_PUSH，取消Bark推送消息通知🚫
Jun 10 13:31:16 
Jun 10 13:31:16 您未提供telegram机器人推送所需的TG_BOT_TOKEN和TG_USER_ID，取消telegram推送消息通知🚫
Jun 10 13:31:16 
Jun 10 13:31:16 您未提供钉钉机器人推送所需的DD_BOT_TOKEN或者DD_BOT_SECRET，取消钉钉推送消息通知🚫
Jun 10 13:31:16 
Jun 10 13:31:16 您未提供企业微信机器人推送所需的QYWX_KEY，取消企业微信推送消息通知🚫
Jun 10 13:31:16 
Jun 10 13:31:16 您未提供企业微信应用消息推送所需的QYWX_AM，取消企业微信应用消息推送消息通知🚫
Jun 10 13:31:16 
Jun 10 13:31:16 您未提供iGot的推送IGOT_PUSH_KEY，取消iGot推送消息通知🚫
Jun 10 13:31:16 
Jun 10 13:31:16 
Jun 10 13:31:16 🔔东东超市, 结束! 🕛 1.696 秒
Jun 10 13:31:16 
Jun 10 15:31:21 
Jun 10 15:31:21 🔔东东超市, 开始!
Jun 10 15:31:21 
Jun 10 15:31:21 ====================共1个京东账号Cookie=========
Jun 10 15:31:21 
Jun 10 15:31:21 ==================脚本执行- 北京时间(UTC+8)：6/10/2021, 3:31:21 PM=====================
Jun 10 15:31:21 
Jun 10 15:31:21 共1个京东账号
Jun 10 15:31:21 
Jun 10 15:31:22 
Jun 10 15:31:22 开始【京东账号1】liu1071607950
Jun 10 15:31:22 
Jun 10 15:31:22 
Jun 10 15:31:22 ==============📣系统通知📣==============
Jun 10 15:31:22 东东超市
Jun 10 15:31:22 【提示】cookie已失效
Jun 10 15:31:22 京东账号1 liu1071607950
Jun 10 15:31:22 请重新登录获取
Jun 10 15:31:22 https://bean.m.jd.com/bean/signIndex.action
Jun 10 15:31:22 
Jun 10 15:31:22 
Jun 10 15:31:22 您未提供server酱的SCKEY，取消微信推送消息通知🚫
Jun 10 15:31:22 
Jun 10 15:31:22 您未提供push+推送所需的PUSH_PLUS_TOKEN，取消push+推送消息通知🚫
Jun 10 15:31:22 
Jun 10 15:31:22 您未提供Bark的APP推送BARK_PUSH，取消Bark推送消息通知🚫
Jun 10 15:31:22 
Jun 10 15:31:22 您未提供telegram机器人推送所需的TG_BOT_TOKEN和TG_USER_ID，取消telegram推送消息通知🚫
Jun 10 15:31:22 
Jun 10 15:31:22 您未提供钉钉机器人推送所需的DD_BOT_TOKEN或者DD_BOT_SECRET，取消钉钉推送消息通知🚫
Jun 10 15:31:22 
Jun 10 15:31:22 您未提供企业微信机器人推送所需的QYWX_KEY，取消企业微信推送消息通知🚫
Jun 10 15:31:22 
Jun 10 15:31:22 您未提供企业微信应用消息推送所需的QYWX_AM，取消企业微信应用消息推送消息通知🚫
Jun 10 15:31:22 
Jun 10 15:31:22 您未提供iGot的推送IGOT_PUSH_KEY，取消iGot推送消息通知🚫
Jun 10 15:31:22 
Jun 10 15:31:22 
Jun 10 15:31:22 🔔东东超市, 结束! 🕛 1.577 秒
Jun 10 15:31:22 
Jun 10 17:32:17 
Jun 10 17:32:17 🔔东东超市, 开始!
Jun 10 17:32:17 
Jun 10 17:32:17 ====================共1个京东账号Cookie=========
Jun 10 17:32:17 
Jun 10 17:32:17 ==================脚本执行- 北京时间(UTC+8)：6/10/2021, 5:32:17 PM=====================
Jun 10 17:32:17 
Jun 10 17:32:17 共1个京东账号
Jun 10 17:32:17 
Jun 10 17:32:19 
Jun 10 17:32:19 开始【京东账号1】liu1071607950
Jun 10 17:32:19 
Jun 10 17:32:19 
Jun 10 17:32:19 ==============📣系统通知📣==============
Jun 10 17:32:19 东东超市
Jun 10 17:32:19 【提示】cookie已失效
Jun 10 17:32:19 京东账号1 liu1071607950
Jun 10 17:32:19 请重新登录获取
Jun 10 17:32:19 https://bean.m.jd.com/bean/signIndex.action
Jun 10 17:32:19 
Jun 10 17:32:19 
Jun 10 17:32:19 您未提供server酱的SCKEY，取消微信推送消息通知🚫
Jun 10 17:32:19 
Jun 10 17:32:19 您未提供push+推送所需的PUSH_PLUS_TOKEN，取消push+推送消息通知🚫
Jun 10 17:32:19 
Jun 10 17:32:19 您未提供Bark的APP推送BARK_PUSH，取消Bark推送消息通知🚫
Jun 10 17:32:19 
Jun 10 17:32:19 您未提供telegram机器人推送所需的TG_BOT_TOKEN和TG_USER_ID，取消telegram推送消息通知🚫
Jun 10 17:32:19 
Jun 10 17:32:19 您未提供钉钉机器人推送所需的DD_BOT_TOKEN或者DD_BOT_SECRET，取消钉钉推送消息通知🚫
Jun 10 17:32:19 
Jun 10 17:32:19 您未提供企业微信机器人推送所需的QYWX_KEY，取消企业微信推送消息通知🚫
Jun 10 17:32:19 
Jun 10 17:32:19 您未提供企业微信应用消息推送所需的QYWX_AM，取消企业微信应用消息推送消息通知🚫
Jun 10 17:32:19 
Jun 10 17:32:19 您未提供iGot的推送IGOT_PUSH_KEY，取消iGot推送消息通知🚫
Jun 10 17:32:19 
Jun 10 17:32:19 
Jun 10 17:32:19 🔔东东超市, 结束! 🕛 1.478 秒
Jun 10 17:32:19 
Jun 10 19:32:30 
Jun 10 19:32:30 🔔东东超市, 开始!
Jun 10 19:32:30 
Jun 10 19:32:30 ====================共1个京东账号Cookie=========
Jun 10 19:32:30 
Jun 10 19:32:30 ==================脚本执行- 北京时间(UTC+8)：6/10/2021, 7:32:30 PM=====================
Jun 10 19:32:30 
Jun 10 19:32:30 共1个京东账号
Jun 10 19:32:30 
Jun 10 19:32:35 
Jun 10 19:32:35 ❗️东东超市, 错误!
Jun 10 19:32:35 
Jun 10 19:32:35 
Jun 10 19:32:35 开始【京东账号1】liu1071607950
Jun 10 19:32:35 
Jun 10 19:32:38 
Jun 10 19:32:38 东东超市: API查询请求失败 ‼️‼️
Jun 10 19:32:38 "getaddrinfo ENOTFOUND api.m.jd.com"
Jun 10 19:32:38 
Jun 10 19:32:38 ❗️东东超市, 错误!
Jun 10 19:32:38 TypeError: Cannot read property 'data' of undefined
Jun 10 19:32:38     at receiveGoldCoin (/scripts/jd_superMarket.js:214:7622)
Jun 10 19:32:38     at processTicksAndRejections (internal/process/task_queues.js:93:5)
Jun 10 19:32:38     at async jdSuperMarket (/scripts/jd_superMarket.js:85:5)
Jun 10 19:32:38     at async /scripts/jd_superMarket.js:71:7
Jun 10 19:32:38 【京东账号1】
Jun 10 19:32:38 
Jun 10 19:32:38 
Jun 10 19:32:38 🔔东东超市, 结束! 🕛 7.92 秒
Jun 10 19:32:38 
Jun 10 21:32:05 
Jun 10 21:32:05 🔔东东超市, 开始!
Jun 10 21:32:05 
Jun 10 21:32:05 ====================共1个京东账号Cookie=========
Jun 10 21:32:05 
Jun 10 21:32:05 ==================脚本执行- 北京时间(UTC+8)：6/10/2021, 9:32:05 PM=====================
Jun 10 21:32:05 
Jun 10 21:32:05 共1个京东账号
Jun 10 21:32:05 
Jun 10 21:32:07 
Jun 10 21:32:07 开始【京东账号1】liu1071607950
Jun 10 21:32:07 
Jun 10 21:32:07 
Jun 10 21:32:07 ==============📣系统通知📣==============
Jun 10 21:32:07 东东超市
Jun 10 21:32:07 【提示】cookie已失效
Jun 10 21:32:07 京东账号1 liu1071607950
Jun 10 21:32:07 请重新登录获取
Jun 10 21:32:07 https://bean.m.jd.com/bean/signIndex.action
Jun 10 21:32:07 
Jun 10 21:32:07 
Jun 10 21:32:07 您未提供server酱的SCKEY，取消微信推送消息通知🚫
Jun 10 21:32:07 
Jun 10 21:32:07 您未提供push+推送所需的PUSH_PLUS_TOKEN，取消push+推送消息通知🚫
Jun 10 21:32:07 
Jun 10 21:32:07 您未提供Bark的APP推送BARK_PUSH，取消Bark推送消息通知🚫
Jun 10 21:32:07 
Jun 10 21:32:07 您未提供telegram机器人推送所需的TG_BOT_TOKEN和TG_USER_ID，取消telegram推送消息通知🚫
Jun 10 21:32:07 
Jun 10 21:32:07 您未提供钉钉机器人推送所需的DD_BOT_TOKEN或者DD_BOT_SECRET，取消钉钉推送消息通知🚫
Jun 10 21:32:07 
Jun 10 21:32:07 您未提供企业微信机器人推送所需的QYWX_KEY，取消企业微信推送消息通知🚫
Jun 10 21:32:07 
Jun 10 21:32:07 您未提供企业微信应用消息推送所需的QYWX_AM，取消企业微信应用消息推送消息通知🚫
Jun 10 21:32:07 
Jun 10 21:32:07 您未提供iGot的推送IGOT_PUSH_KEY，取消iGot推送消息通知🚫
Jun 10 21:32:07 
Jun 10 21:32:07 
Jun 10 21:32:07 🔔东东超市, 结束! 🕛 2.218 秒
Jun 10 21:32:07 
Jun 10 23:31:10 
Jun 10 23:31:10 🔔东东超市, 开始!
Jun 10 23:31:10 
Jun 10 23:31:10 ====================共1个京东账号Cookie=========
Jun 10 23:31:10 
Jun 10 23:31:10 ==================脚本执行- 北京时间(UTC+8)：6/10/2021, 11:31:10 PM=====================
Jun 10 23:31:10 
Jun 10 23:31:10 共1个京东账号
Jun 10 23:31:10 
Jun 10 23:31:12 
Jun 10 23:31:12 开始【京东账号1】liu1071607950
Jun 10 23:31:12 
Jun 10 23:31:12 
Jun 10 23:31:12 ==============📣系统通知📣==============
Jun 10 23:31:12 东东超市
Jun 10 23:31:12 【提示】cookie已失效
Jun 10 23:31:12 京东账号1 liu1071607950
Jun 10 23:31:12 请重新登录获取
Jun 10 23:31:12 https://bean.m.jd.com/bean/signIndex.action
Jun 10 23:31:12 
Jun 10 23:31:12 
Jun 10 23:31:12 您未提供server酱的SCKEY，取消微信推送消息通知🚫
Jun 10 23:31:12 
Jun 10 23:31:12 您未提供push+推送所需的PUSH_PLUS_TOKEN，取消push+推送消息通知🚫
Jun 10 23:31:12 
Jun 10 23:31:12 您未提供Bark的APP推送BARK_PUSH，取消Bark推送消息通知🚫
Jun 10 23:31:12 
Jun 10 23:31:12 您未提供telegram机器人推送所需的TG_BOT_TOKEN和TG_USER_ID，取消telegram推送消息通知🚫
Jun 10 23:31:12 
Jun 10 23:31:12 您未提供钉钉机器人推送所需的DD_BOT_TOKEN或者DD_BOT_SECRET，取消钉钉推送消息通知🚫
Jun 10 23:31:12 
Jun 10 23:31:12 您未提供企业微信机器人推送所需的QYWX_KEY，取消企业微信推送消息通知🚫
Jun 10 23:31:12 
Jun 10 23:31:12 您未提供企业微信应用消息推送所需的QYWX_AM，取消企业微信应用消息推送消息通知🚫
Jun 10 23:31:12 
Jun 10 23:31:12 您未提供iGot的推送IGOT_PUSH_KEY，取消iGot推送消息通知🚫
Jun 10 23:31:12 
Jun 10 23:31:12 
Jun 10 23:31:12 🔔东东超市, 结束! 🕛 2.208 秒
Jun 10 23:31:12 
