2021-06-11 08:21:32,038 INFO PERFORMANCE:|serviceCount|ipCount|subscribeCount|maxPushCost|avgPushCost|totalPushCount|failPushCount

2021-06-11 08:21:32,575 INFO PERFORMANCE:|0|0|0|-1|-1|0|0

2021-06-11 08:21:32,616 INFO Task worker status: 
naming_0%8, pending tasks: 0
naming_1%8, pending tasks: 0
naming_2%8, pending tasks: 0
naming_3%8, pending tasks: 0
naming_4%8, pending tasks: 0
naming_5%8, pending tasks: 0
naming_6%8, pending tasks: 0
naming_7%8, pending tasks: 0


2021-06-11 08:24:35,522 INFO PERFORMANCE:|serviceCount|ipCount|subscribeCount|maxPushCost|avgPushCost|totalPushCount|failPushCount

2021-06-11 08:24:35,938 INFO PERFORMANCE:|0|0|0|-1|-1|0|0

2021-06-11 08:24:36,130 INFO Task worker status: 
naming_0%8, pending tasks: 0
naming_1%8, pending tasks: 0
naming_2%8, pending tasks: 0
naming_3%8, pending tasks: 0
naming_4%8, pending tasks: 0
naming_5%8, pending tasks: 0
naming_6%8, pending tasks: 0
naming_7%8, pending tasks: 0


2021-06-11 08:25:36,134 INFO PERFORMANCE:|3|0|0|-1|-1|0|0

2021-06-11 08:25:36,135 INFO Task worker status: 
naming_0%8, pending tasks: 0
naming_1%8, pending tasks: 0
naming_2%8, pending tasks: 0
naming_3%8, pending tasks: 0
naming_4%8, pending tasks: 0
naming_5%8, pending tasks: 0
naming_6%8, pending tasks: 0
naming_7%8, pending tasks: 0


2021-06-11 08:26:36,136 INFO PERFORMANCE:|3|0|0|-1|-1|0|0

2021-06-11 08:26:36,137 INFO Task worker status: 
naming_0%8, pending tasks: 0
naming_1%8, pending tasks: 0
naming_2%8, pending tasks: 0
naming_3%8, pending tasks: 0
naming_4%8, pending tasks: 0
naming_5%8, pending tasks: 0
naming_6%8, pending tasks: 0
naming_7%8, pending tasks: 0


2021-06-11 08:27:36,139 INFO PERFORMANCE:|0|0|0|-1|-1|0|0

2021-06-11 08:27:36,140 INFO Task worker status: 
naming_0%8, pending tasks: 0
naming_1%8, pending tasks: 0
naming_2%8, pending tasks: 0
naming_3%8, pending tasks: 0
naming_4%8, pending tasks: 0
naming_5%8, pending tasks: 0
naming_6%8, pending tasks: 0
naming_7%8, pending tasks: 0


2021-06-11 08:28:36,141 INFO PERFORMANCE:|0|0|0|-1|-1|0|0

2021-06-11 08:28:36,142 INFO Task worker status: 
naming_0%8, pending tasks: 0
naming_1%8, pending tasks: 0
naming_2%8, pending tasks: 0
naming_3%8, pending tasks: 0
naming_4%8, pending tasks: 0
naming_5%8, pending tasks: 0
naming_6%8, pending tasks: 0
naming_7%8, pending tasks: 0


2021-06-11 08:29:36,143 INFO PERFORMANCE:|0|0|0|-1|-1|0|0

2021-06-11 08:29:36,145 INFO Task worker status: 
naming_0%8, pending tasks: 0
naming_1%8, pending tasks: 0
naming_2%8, pending tasks: 0
naming_3%8, pending tasks: 0
naming_4%8, pending tasks: 0
naming_5%8, pending tasks: 0
naming_6%8, pending tasks: 0
naming_7%8, pending tasks: 0


2021-06-11 08:30:36,146 INFO PERFORMANCE:|0|0|0|-1|-1|0|0

2021-06-11 08:30:36,146 INFO Task worker status: 
naming_0%8, pending tasks: 0
naming_1%8, pending tasks: 0
naming_2%8, pending tasks: 0
naming_3%8, pending tasks: 0
naming_4%8, pending tasks: 0
naming_5%8, pending tasks: 0
naming_6%8, pending tasks: 0
naming_7%8, pending tasks: 0


2021-06-11 08:31:36,147 INFO PERFORMANCE:|2|2|0|-1|-1|0|0

2021-06-11 08:31:36,148 INFO Task worker status: 
naming_0%8, pending tasks: 0
naming_1%8, pending tasks: 0
naming_2%8, pending tasks: 0
naming_3%8, pending tasks: 0
naming_4%8, pending tasks: 0
naming_5%8, pending tasks: 0
naming_6%8, pending tasks: 0
naming_7%8, pending tasks: 0


2021-06-11 08:32:36,149 INFO PERFORMANCE:|6|6|0|-1|-1|0|0

2021-06-11 08:32:36,150 INFO Task worker status: 
naming_0%8, pending tasks: 0
naming_1%8, pending tasks: 0
naming_2%8, pending tasks: 0
naming_3%8, pending tasks: 0
naming_4%8, pending tasks: 0
naming_5%8, pending tasks: 0
naming_6%8, pending tasks: 0
naming_7%8, pending tasks: 0


2021-06-11 08:33:36,150 INFO PERFORMANCE:|10|10|1|1054|1054|1|0

2021-06-11 08:33:36,151 INFO Task worker status: 
naming_0%8, pending tasks: 0
naming_1%8, pending tasks: 0
naming_2%8, pending tasks: 0
naming_3%8, pending tasks: 0
naming_4%8, pending tasks: 0
naming_5%8, pending tasks: 0
naming_6%8, pending tasks: 0
naming_7%8, pending tasks: 0


2021-06-11 08:34:36,151 INFO PERFORMANCE:|serviceCount|ipCount|subscribeCount|maxPushCost|avgPushCost|totalPushCount|failPushCount

2021-06-11 08:34:36,152 INFO PERFORMANCE:|11|11|8|587|558|8|0

2021-06-11 08:34:36,153 INFO Task worker status: 
naming_0%8, pending tasks: 0
naming_1%8, pending tasks: 0
naming_2%8, pending tasks: 0
naming_3%8, pending tasks: 0
naming_4%8, pending tasks: 0
naming_5%8, pending tasks: 0
naming_6%8, pending tasks: 0
naming_7%8, pending tasks: 0


2021-06-11 08:35:36,154 INFO PERFORMANCE:|11|11|16|594|552|16|0

2021-06-11 08:35:36,155 INFO Task worker status: 
naming_0%8, pending tasks: 0
naming_1%8, pending tasks: 0
naming_2%8, pending tasks: 0
naming_3%8, pending tasks: 0
naming_4%8, pending tasks: 0
naming_5%8, pending tasks: 0
naming_6%8, pending tasks: 0
naming_7%8, pending tasks: 0


2021-06-11 08:36:36,155 INFO PERFORMANCE:|11|11|18|563|560|18|0

2021-06-11 08:36:36,156 INFO Task worker status: 
naming_0%8, pending tasks: 0
naming_1%8, pending tasks: 0
naming_2%8, pending tasks: 0
naming_3%8, pending tasks: 0
naming_4%8, pending tasks: 0
naming_5%8, pending tasks: 0
naming_6%8, pending tasks: 0
naming_7%8, pending tasks: 0


2021-06-11 08:37:36,157 INFO PERFORMANCE:|11|11|19|564|564|19|0

2021-06-11 08:37:36,158 INFO Task worker status: 
naming_0%8, pending tasks: 0
naming_1%8, pending tasks: 0
naming_2%8, pending tasks: 0
naming_3%8, pending tasks: 0
naming_4%8, pending tasks: 0
naming_5%8, pending tasks: 0
naming_6%8, pending tasks: 0
naming_7%8, pending tasks: 0


2021-06-11 08:38:36,159 INFO PERFORMANCE:|11|11|21|598|555|21|0

2021-06-11 08:38:36,160 INFO Task worker status: 
naming_0%8, pending tasks: 0
naming_1%8, pending tasks: 0
naming_2%8, pending tasks: 0
naming_3%8, pending tasks: 0
naming_4%8, pending tasks: 0
naming_5%8, pending tasks: 0
naming_6%8, pending tasks: 0
naming_7%8, pending tasks: 0


2021-06-11 08:39:36,161 INFO PERFORMANCE:|11|11|21|-1|-1|21|0

2021-06-11 08:39:36,162 INFO Task worker status: 
naming_0%8, pending tasks: 0
naming_1%8, pending tasks: 0
naming_2%8, pending tasks: 0
naming_3%8, pending tasks: 0
naming_4%8, pending tasks: 0
naming_5%8, pending tasks: 0
naming_6%8, pending tasks: 0
naming_7%8, pending tasks: 0


2021-06-11 08:40:36,163 INFO PERFORMANCE:|11|11|21|-1|-1|21|0

2021-06-11 08:40:36,165 INFO Task worker status: 
naming_0%8, pending tasks: 0
naming_1%8, pending tasks: 0
naming_2%8, pending tasks: 0
naming_3%8, pending tasks: 0
naming_4%8, pending tasks: 0
naming_5%8, pending tasks: 0
naming_6%8, pending tasks: 0
naming_7%8, pending tasks: 0


2021-06-11 08:41:36,167 INFO PERFORMANCE:|11|11|21|-1|-1|21|0

2021-06-11 08:41:36,169 INFO Task worker status: 
naming_0%8, pending tasks: 0
naming_1%8, pending tasks: 0
naming_2%8, pending tasks: 0
naming_3%8, pending tasks: 0
naming_4%8, pending tasks: 0
naming_5%8, pending tasks: 0
naming_6%8, pending tasks: 0
naming_7%8, pending tasks: 0


2021-06-11 08:42:36,171 INFO PERFORMANCE:|11|11|21|-1|-1|21|0

2021-06-11 08:42:36,188 INFO Task worker status: 
naming_0%8, pending tasks: 0
naming_1%8, pending tasks: 0
naming_2%8, pending tasks: 0
naming_3%8, pending tasks: 0
naming_4%8, pending tasks: 0
naming_5%8, pending tasks: 0
naming_6%8, pending tasks: 0
naming_7%8, pending tasks: 0


2021-06-11 08:43:36,251 INFO PERFORMANCE:|11|11|21|-1|-1|21|0

2021-06-11 08:43:36,253 INFO Task worker status: 
naming_0%8, pending tasks: 0
naming_1%8, pending tasks: 0
naming_2%8, pending tasks: 0
naming_3%8, pending tasks: 0
naming_4%8, pending tasks: 0
naming_5%8, pending tasks: 0
naming_6%8, pending tasks: 0
naming_7%8, pending tasks: 0


2021-06-11 08:44:36,255 INFO PERFORMANCE:|serviceCount|ipCount|subscribeCount|maxPushCost|avgPushCost|totalPushCount|failPushCount

2021-06-11 08:44:36,256 INFO PERFORMANCE:|11|11|21|-1|-1|21|0

2021-06-11 08:44:36,257 INFO Task worker status: 
naming_0%8, pending tasks: 0
naming_1%8, pending tasks: 0
naming_2%8, pending tasks: 0
naming_3%8, pending tasks: 0
naming_4%8, pending tasks: 0
naming_5%8, pending tasks: 0
naming_6%8, pending tasks: 0
naming_7%8, pending tasks: 0


2021-06-11 08:45:36,258 INFO PERFORMANCE:|11|11|21|-1|-1|21|0

2021-06-11 08:45:36,260 INFO Task worker status: 
naming_0%8, pending tasks: 0
naming_1%8, pending tasks: 0
naming_2%8, pending tasks: 0
naming_3%8, pending tasks: 0
naming_4%8, pending tasks: 0
naming_5%8, pending tasks: 0
naming_6%8, pending tasks: 0
naming_7%8, pending tasks: 0


2021-06-11 08:46:36,261 INFO PERFORMANCE:|11|11|21|-1|-1|21|0

2021-06-11 08:46:36,262 INFO Task worker status: 
naming_0%8, pending tasks: 0
naming_1%8, pending tasks: 0
naming_2%8, pending tasks: 0
naming_3%8, pending tasks: 0
naming_4%8, pending tasks: 0
naming_5%8, pending tasks: 0
naming_6%8, pending tasks: 0
naming_7%8, pending tasks: 0


2021-06-11 08:47:36,263 INFO PERFORMANCE:|11|11|21|-1|-1|21|0

2021-06-11 08:47:36,264 INFO Task worker status: 
naming_0%8, pending tasks: 0
naming_1%8, pending tasks: 0
naming_2%8, pending tasks: 0
naming_3%8, pending tasks: 0
naming_4%8, pending tasks: 0
naming_5%8, pending tasks: 0
naming_6%8, pending tasks: 0
naming_7%8, pending tasks: 0


