2021-06-11 08:21:02,709 INFO Initializes the Raft protocol, raft-config info : {}

2021-06-11 08:21:07,142 INFO ========= The raft protocol is starting... =========

2021-06-11 08:21:07,523 INFO ========= The raft protocol start finished... =========

2021-06-11 08:21:07,835 INFO create raft group : naming_persistent_service_v2

2021-06-11 08:21:12,319 INFO This Raft event changes : RaftEvent{groupId='naming_persistent_service_v2', leader='null', term=null, raftClusterInfo=[nacos:7848]}

2021-06-11 08:21:13,791 INFO create raft group : naming_instance_metadata

2021-06-11 08:21:13,937 INFO This Raft event changes : RaftEvent{groupId='naming_persistent_service_v2', leader='nacos:7848', term=5, raftClusterInfo=[nacos:7848]}

2021-06-11 08:21:15,519 INFO This Raft event changes : RaftEvent{groupId='naming_instance_metadata', leader='null', term=null, raftClusterInfo=[nacos:7848]}

2021-06-11 08:21:17,370 INFO create raft group : naming_service_metadata

2021-06-11 08:21:18,441 INFO This Raft event changes : RaftEvent{groupId='naming_service_metadata', leader='null', term=null, raftClusterInfo=[nacos:7848]}

2021-06-11 08:21:19,984 INFO This Raft event changes : RaftEvent{groupId='naming_service_metadata', leader='nacos:7848', term=5, raftClusterInfo=[nacos:7848]}

2021-06-11 08:24:05,874 INFO Initializes the Raft protocol, raft-config info : {}

2021-06-11 08:24:10,400 INFO ========= The raft protocol is starting... =========

2021-06-11 08:24:10,649 INFO ========= The raft protocol start finished... =========

2021-06-11 08:24:10,759 INFO create raft group : naming_persistent_service_v2

2021-06-11 08:24:15,504 INFO This Raft event changes : RaftEvent{groupId='naming_persistent_service_v2', leader='null', term=null, raftClusterInfo=[nacos:7848]}

2021-06-11 08:24:16,674 INFO This Raft event changes : RaftEvent{groupId='naming_persistent_service_v2', leader='nacos:7848', term=6, raftClusterInfo=[nacos:7848]}

2021-06-11 08:24:16,699 INFO create raft group : naming_instance_metadata

2021-06-11 08:24:17,287 INFO This Raft event changes : RaftEvent{groupId='naming_instance_metadata', leader='null', term=null, raftClusterInfo=[nacos:7848]}

2021-06-11 08:24:17,562 INFO create raft group : naming_service_metadata

2021-06-11 08:24:17,580 INFO This Raft event changes : RaftEvent{groupId='naming_instance_metadata', leader='nacos:7848', term=6, raftClusterInfo=[nacos:7848]}

2021-06-11 08:24:18,290 INFO This Raft event changes : RaftEvent{groupId='naming_service_metadata', leader='null', term=null, raftClusterInfo=[nacos:7848]}

2021-06-11 08:24:18,644 INFO This Raft event changes : RaftEvent{groupId='naming_service_metadata', leader='nacos:7848', term=6, raftClusterInfo=[nacos:7848]}

