2021-06-11 08:20:41,143 INFO Register tps control,pointName=CONFIG_PUSH_COUNT, point=com.alibaba.nacos.core.remote.control.TpsMonitorPoint@46866946 

2021-06-11 08:20:41,579 INFO Load rule from local,pointName=CONFIG_PUSH_COUNT, ruleContent= 

2021-06-11 08:20:41,929 INFO Apply tps control rule parse start,pointName=[CONFIG_PUSH_COUNT]  

2021-06-11 08:20:42,127 INFO Clear point  control rule ,pointName=[CONFIG_PUSH_COUNT]  

2021-06-11 08:20:42,134 INFO Clear point  control rule for monitorKeys, pointName=[CONFIG_PUSH_COUNT]  

2021-06-11 08:20:42,139 INFO Register tps control,pointName=CONFIG_PUSH_SUCCESS, point=com.alibaba.nacos.core.remote.control.TpsMonitorPoint@44de0113 

2021-06-11 08:20:42,143 INFO Load rule from local,pointName=CONFIG_PUSH_SUCCESS, ruleContent= 

2021-06-11 08:20:42,156 INFO Apply tps control rule parse start,pointName=[CONFIG_PUSH_SUCCESS]  

2021-06-11 08:20:42,157 INFO Clear point  control rule ,pointName=[CONFIG_PUSH_SUCCESS]  

2021-06-11 08:20:42,160 INFO Clear point  control rule for monitorKeys, pointName=[CONFIG_PUSH_SUCCESS]  

2021-06-11 08:20:42,332 INFO Register tps control,pointName=CONFIG_PUSH_FAIL, point=com.alibaba.nacos.core.remote.control.TpsMonitorPoint@236134a1 

2021-06-11 08:20:42,334 INFO Load rule from local,pointName=CONFIG_PUSH_FAIL, ruleContent= 

2021-06-11 08:20:42,450 INFO Apply tps control rule parse start,pointName=[CONFIG_PUSH_FAIL]  

2021-06-11 08:20:42,461 INFO Clear point  control rule ,pointName=[CONFIG_PUSH_FAIL]  

2021-06-11 08:20:42,462 INFO Clear point  control rule for monitorKeys, pointName=[CONFIG_PUSH_FAIL]  

2021-06-11 08:21:49,375 INFO Register tps control,pointName=ConfigQuery, point=com.alibaba.nacos.core.remote.control.TpsMonitorPoint@10947c4e 

2021-06-11 08:21:49,389 INFO Load rule from local,pointName=ConfigQuery, ruleContent= 

2021-06-11 08:21:49,390 INFO Apply tps control rule parse start,pointName=[ConfigQuery]  

2021-06-11 08:21:49,398 INFO Clear point  control rule ,pointName=[ConfigQuery]  

2021-06-11 08:21:49,429 INFO Clear point  control rule for monitorKeys, pointName=[ConfigQuery]  

2021-06-11 08:21:49,431 INFO Register tps control,pointName=ClusterConfigChangeNotify, point=com.alibaba.nacos.core.remote.control.TpsMonitorPoint@3667faa8 

2021-06-11 08:21:49,444 INFO Load rule from local,pointName=ClusterConfigChangeNotify, ruleContent= 

2021-06-11 08:21:49,482 INFO Apply tps control rule parse start,pointName=[ClusterConfigChangeNotify]  

2021-06-11 08:21:49,508 INFO Clear point  control rule ,pointName=[ClusterConfigChangeNotify]  

2021-06-11 08:21:49,530 INFO Clear point  control rule for monitorKeys, pointName=[ClusterConfigChangeNotify]  

2021-06-11 08:21:49,547 INFO Register tps control,pointName=ConfigListen, point=com.alibaba.nacos.core.remote.control.TpsMonitorPoint@1756f7cc 

2021-06-11 08:21:49,548 INFO Load rule from local,pointName=ConfigListen, ruleContent= 

2021-06-11 08:21:49,561 INFO Apply tps control rule parse start,pointName=[ConfigListen]  

2021-06-11 08:21:49,567 INFO Clear point  control rule ,pointName=[ConfigListen]  

2021-06-11 08:21:49,579 INFO Clear point  control rule for monitorKeys, pointName=[ConfigListen]  

2021-06-11 08:21:49,617 INFO Register tps control,pointName=ConfigRemove, point=com.alibaba.nacos.core.remote.control.TpsMonitorPoint@3138953b 

2021-06-11 08:21:49,665 INFO Load rule from local,pointName=ConfigRemove, ruleContent= 

2021-06-11 08:21:49,669 INFO Apply tps control rule parse start,pointName=[ConfigRemove]  

2021-06-11 08:21:49,672 INFO Clear point  control rule ,pointName=[ConfigRemove]  

2021-06-11 08:21:49,679 INFO Clear point  control rule for monitorKeys, pointName=[ConfigRemove]  

2021-06-11 08:21:49,690 INFO Register tps control,pointName=ConfigPublish, point=com.alibaba.nacos.core.remote.control.TpsMonitorPoint@27df95e 

2021-06-11 08:21:49,709 INFO Load rule from local,pointName=ConfigPublish, ruleContent= 

2021-06-11 08:21:49,753 INFO Apply tps control rule parse start,pointName=[ConfigPublish]  

2021-06-11 08:21:49,779 INFO Clear point  control rule ,pointName=[ConfigPublish]  

2021-06-11 08:21:49,809 INFO Clear point  control rule for monitorKeys, pointName=[ConfigPublish]  

2021-06-11 08:21:49,825 INFO Register tps control,pointName=HealthCheck, point=com.alibaba.nacos.core.remote.control.TpsMonitorPoint@b46e103 

2021-06-11 08:21:49,838 INFO Load rule from local,pointName=HealthCheck, ruleContent= 

2021-06-11 08:21:49,841 INFO Apply tps control rule parse start,pointName=[HealthCheck]  

2021-06-11 08:21:49,842 INFO Clear point  control rule ,pointName=[HealthCheck]  

2021-06-11 08:21:49,842 INFO Clear point  control rule for monitorKeys, pointName=[HealthCheck]  

2021-06-11 08:23:49,996 INFO Register tps control,pointName=CONFIG_PUSH_COUNT, point=com.alibaba.nacos.core.remote.control.TpsMonitorPoint@33cbfa57 

2021-06-11 08:23:50,006 INFO Load rule from local,pointName=CONFIG_PUSH_COUNT, ruleContent= 

2021-06-11 08:23:50,019 INFO Apply tps control rule parse start,pointName=[CONFIG_PUSH_COUNT]  

2021-06-11 08:23:50,022 INFO Clear point  control rule ,pointName=[CONFIG_PUSH_COUNT]  

2021-06-11 08:23:50,031 INFO Clear point  control rule for monitorKeys, pointName=[CONFIG_PUSH_COUNT]  

2021-06-11 08:23:50,033 INFO Register tps control,pointName=CONFIG_PUSH_SUCCESS, point=com.alibaba.nacos.core.remote.control.TpsMonitorPoint@1d96d872 

2021-06-11 08:23:50,034 INFO Load rule from local,pointName=CONFIG_PUSH_SUCCESS, ruleContent= 

2021-06-11 08:23:50,035 INFO Apply tps control rule parse start,pointName=[CONFIG_PUSH_SUCCESS]  

2021-06-11 08:23:50,036 INFO Clear point  control rule ,pointName=[CONFIG_PUSH_SUCCESS]  

2021-06-11 08:23:50,037 INFO Clear point  control rule for monitorKeys, pointName=[CONFIG_PUSH_SUCCESS]  

2021-06-11 08:23:50,038 INFO Register tps control,pointName=CONFIG_PUSH_FAIL, point=com.alibaba.nacos.core.remote.control.TpsMonitorPoint@5c748168 

2021-06-11 08:23:50,039 INFO Load rule from local,pointName=CONFIG_PUSH_FAIL, ruleContent= 

2021-06-11 08:23:50,040 INFO Apply tps control rule parse start,pointName=[CONFIG_PUSH_FAIL]  

2021-06-11 08:23:50,040 INFO Clear point  control rule ,pointName=[CONFIG_PUSH_FAIL]  

2021-06-11 08:23:50,041 INFO Clear point  control rule for monitorKeys, pointName=[CONFIG_PUSH_FAIL]  

2021-06-11 08:24:55,727 INFO Register tps control,pointName=ConfigQuery, point=com.alibaba.nacos.core.remote.control.TpsMonitorPoint@7d32e714 

2021-06-11 08:24:55,729 INFO Load rule from local,pointName=ConfigQuery, ruleContent= 

2021-06-11 08:24:55,730 INFO Apply tps control rule parse start,pointName=[ConfigQuery]  

2021-06-11 08:24:55,730 INFO Clear point  control rule ,pointName=[ConfigQuery]  

2021-06-11 08:24:55,731 INFO Clear point  control rule for monitorKeys, pointName=[ConfigQuery]  

2021-06-11 08:24:55,732 INFO Register tps control,pointName=ClusterConfigChangeNotify, point=com.alibaba.nacos.core.remote.control.TpsMonitorPoint@eb6ec6 

2021-06-11 08:24:55,733 INFO Load rule from local,pointName=ClusterConfigChangeNotify, ruleContent= 

2021-06-11 08:24:55,733 INFO Apply tps control rule parse start,pointName=[ClusterConfigChangeNotify]  

2021-06-11 08:24:55,735 INFO Clear point  control rule ,pointName=[ClusterConfigChangeNotify]  

2021-06-11 08:24:55,735 INFO Clear point  control rule for monitorKeys, pointName=[ClusterConfigChangeNotify]  

2021-06-11 08:24:55,736 INFO Register tps control,pointName=ConfigListen, point=com.alibaba.nacos.core.remote.control.TpsMonitorPoint@34d45ec0 

2021-06-11 08:24:55,737 INFO Load rule from local,pointName=ConfigListen, ruleContent= 

2021-06-11 08:24:55,737 INFO Apply tps control rule parse start,pointName=[ConfigListen]  

2021-06-11 08:24:55,739 INFO Clear point  control rule ,pointName=[ConfigListen]  

2021-06-11 08:24:55,739 INFO Clear point  control rule for monitorKeys, pointName=[ConfigListen]  

2021-06-11 08:24:55,740 INFO Register tps control,pointName=ConfigRemove, point=com.alibaba.nacos.core.remote.control.TpsMonitorPoint@18137eab 

2021-06-11 08:24:55,740 INFO Load rule from local,pointName=ConfigRemove, ruleContent= 

2021-06-11 08:24:55,742 INFO Apply tps control rule parse start,pointName=[ConfigRemove]  

2021-06-11 08:24:55,745 INFO Clear point  control rule ,pointName=[ConfigRemove]  

2021-06-11 08:24:55,746 INFO Clear point  control rule for monitorKeys, pointName=[ConfigRemove]  

2021-06-11 08:24:55,747 INFO Register tps control,pointName=ConfigPublish, point=com.alibaba.nacos.core.remote.control.TpsMonitorPoint@727320fa 

2021-06-11 08:24:55,750 INFO Load rule from local,pointName=ConfigPublish, ruleContent= 

2021-06-11 08:24:55,753 INFO Apply tps control rule parse start,pointName=[ConfigPublish]  

2021-06-11 08:24:55,755 INFO Clear point  control rule ,pointName=[ConfigPublish]  

2021-06-11 08:24:55,756 INFO Clear point  control rule for monitorKeys, pointName=[ConfigPublish]  

2021-06-11 08:24:55,759 INFO Register tps control,pointName=HealthCheck, point=com.alibaba.nacos.core.remote.control.TpsMonitorPoint@2935fd2c 

2021-06-11 08:24:55,765 INFO Load rule from local,pointName=HealthCheck, ruleContent= 

2021-06-11 08:24:55,770 INFO Apply tps control rule parse start,pointName=[HealthCheck]  

2021-06-11 08:24:55,771 INFO Clear point  control rule ,pointName=[HealthCheck]  

2021-06-11 08:24:55,772 INFO Clear point  control rule for monitorKeys, pointName=[HealthCheck]  

2021-06-11 08:32:58,455 INFO Register tps control,pointName=NAMING_RPC_PUSH, point=com.alibaba.nacos.core.remote.control.TpsMonitorPoint@31711ed4 

2021-06-11 08:32:58,456 INFO Load rule from local,pointName=NAMING_RPC_PUSH, ruleContent= 

2021-06-11 08:32:58,456 INFO Apply tps control rule parse start,pointName=[NAMING_RPC_PUSH]  

2021-06-11 08:32:58,458 INFO Clear point  control rule ,pointName=[NAMING_RPC_PUSH]  

2021-06-11 08:32:58,458 INFO Clear point  control rule for monitorKeys, pointName=[NAMING_RPC_PUSH]  

2021-06-11 08:32:58,458 INFO Register tps control,pointName=NAMING_RPC_PUSH_SUCCESS, point=com.alibaba.nacos.core.remote.control.TpsMonitorPoint@22787f1c 

2021-06-11 08:32:58,459 INFO Load rule from local,pointName=NAMING_RPC_PUSH_SUCCESS, ruleContent= 

2021-06-11 08:32:58,459 INFO Apply tps control rule parse start,pointName=[NAMING_RPC_PUSH_SUCCESS]  

2021-06-11 08:32:58,460 INFO Clear point  control rule ,pointName=[NAMING_RPC_PUSH_SUCCESS]  

2021-06-11 08:32:58,460 INFO Clear point  control rule for monitorKeys, pointName=[NAMING_RPC_PUSH_SUCCESS]  

2021-06-11 08:32:58,460 INFO Register tps control,pointName=NAMING_RPC_PUSH_FAIL, point=com.alibaba.nacos.core.remote.control.TpsMonitorPoint@49ea638f 

2021-06-11 08:32:58,461 INFO Load rule from local,pointName=NAMING_RPC_PUSH_FAIL, ruleContent= 

2021-06-11 08:32:58,461 INFO Apply tps control rule parse start,pointName=[NAMING_RPC_PUSH_FAIL]  

2021-06-11 08:32:58,461 INFO Clear point  control rule ,pointName=[NAMING_RPC_PUSH_FAIL]  

2021-06-11 08:32:58,462 INFO Clear point  control rule for monitorKeys, pointName=[NAMING_RPC_PUSH_FAIL]  

2021-06-11 08:32:58,462 INFO Register tps control,pointName=NAMING_UDP_PUSH, point=com.alibaba.nacos.core.remote.control.TpsMonitorPoint@12e01c92 

2021-06-11 08:32:58,463 INFO Load rule from local,pointName=NAMING_UDP_PUSH, ruleContent= 

2021-06-11 08:32:58,463 INFO Apply tps control rule parse start,pointName=[NAMING_UDP_PUSH]  

2021-06-11 08:32:58,463 INFO Clear point  control rule ,pointName=[NAMING_UDP_PUSH]  

2021-06-11 08:32:58,464 INFO Clear point  control rule for monitorKeys, pointName=[NAMING_UDP_PUSH]  

2021-06-11 08:32:58,464 INFO Register tps control,pointName=NAMING_UDP_PUSH_SUCCESS, point=com.alibaba.nacos.core.remote.control.TpsMonitorPoint@2bde37a4 

2021-06-11 08:32:58,465 INFO Load rule from local,pointName=NAMING_UDP_PUSH_SUCCESS, ruleContent= 

2021-06-11 08:32:58,465 INFO Apply tps control rule parse start,pointName=[NAMING_UDP_PUSH_SUCCESS]  

2021-06-11 08:32:58,466 INFO Clear point  control rule ,pointName=[NAMING_UDP_PUSH_SUCCESS]  

2021-06-11 08:32:58,466 INFO Clear point  control rule for monitorKeys, pointName=[NAMING_UDP_PUSH_SUCCESS]  

2021-06-11 08:32:58,466 INFO Register tps control,pointName=NAMING_UDP_PUSH_FAIL, point=com.alibaba.nacos.core.remote.control.TpsMonitorPoint@4abf2d5c 

2021-06-11 08:32:58,467 INFO Load rule from local,pointName=NAMING_UDP_PUSH_FAIL, ruleContent= 

2021-06-11 08:32:58,467 INFO Apply tps control rule parse start,pointName=[NAMING_UDP_PUSH_FAIL]  

2021-06-11 08:32:58,467 INFO Clear point  control rule ,pointName=[NAMING_UDP_PUSH_FAIL]  

2021-06-11 08:32:58,468 INFO Clear point  control rule for monitorKeys, pointName=[NAMING_UDP_PUSH_FAIL]  

2021-06-11 08:32:58,468 INFO Register tps control,pointName=NAMING_DISTRO_SYNC, point=com.alibaba.nacos.core.remote.control.TpsMonitorPoint@5053d99f 

2021-06-11 08:32:58,469 INFO Load rule from local,pointName=NAMING_DISTRO_SYNC, ruleContent= 

2021-06-11 08:32:58,469 INFO Apply tps control rule parse start,pointName=[NAMING_DISTRO_SYNC]  

2021-06-11 08:32:58,469 INFO Clear point  control rule ,pointName=[NAMING_DISTRO_SYNC]  

2021-06-11 08:32:58,469 INFO Clear point  control rule for monitorKeys, pointName=[NAMING_DISTRO_SYNC]  

2021-06-11 08:32:58,470 INFO Register tps control,pointName=NAMING_DISTRO_SYNC_SUCCESS, point=com.alibaba.nacos.core.remote.control.TpsMonitorPoint@42c54b8b 

2021-06-11 08:32:58,470 INFO Load rule from local,pointName=NAMING_DISTRO_SYNC_SUCCESS, ruleContent= 

2021-06-11 08:32:58,471 INFO Apply tps control rule parse start,pointName=[NAMING_DISTRO_SYNC_SUCCESS]  

2021-06-11 08:32:58,471 INFO Clear point  control rule ,pointName=[NAMING_DISTRO_SYNC_SUCCESS]  

2021-06-11 08:32:58,471 INFO Clear point  control rule for monitorKeys, pointName=[NAMING_DISTRO_SYNC_SUCCESS]  

2021-06-11 08:32:58,472 INFO Register tps control,pointName=NAMING_DISTRO_SYNC_FAIL, point=com.alibaba.nacos.core.remote.control.TpsMonitorPoint@187c3760 

2021-06-11 08:32:58,472 INFO Load rule from local,pointName=NAMING_DISTRO_SYNC_FAIL, ruleContent= 

2021-06-11 08:32:58,472 INFO Apply tps control rule parse start,pointName=[NAMING_DISTRO_SYNC_FAIL]  

2021-06-11 08:32:58,473 INFO Clear point  control rule ,pointName=[NAMING_DISTRO_SYNC_FAIL]  

2021-06-11 08:32:58,473 INFO Clear point  control rule for monitorKeys, pointName=[NAMING_DISTRO_SYNC_FAIL]  

2021-06-11 08:32:58,473 INFO Register tps control,pointName=NAMING_DISTRO_VERIFY, point=com.alibaba.nacos.core.remote.control.TpsMonitorPoint@2b9a3cfe 

2021-06-11 08:32:58,474 INFO Load rule from local,pointName=NAMING_DISTRO_VERIFY, ruleContent= 

2021-06-11 08:32:58,474 INFO Apply tps control rule parse start,pointName=[NAMING_DISTRO_VERIFY]  

2021-06-11 08:32:58,474 INFO Clear point  control rule ,pointName=[NAMING_DISTRO_VERIFY]  

2021-06-11 08:32:58,475 INFO Clear point  control rule for monitorKeys, pointName=[NAMING_DISTRO_VERIFY]  

2021-06-11 08:32:58,475 INFO Register tps control,pointName=NAMING_DISTRO_VERIFY_SUCCESS, point=com.alibaba.nacos.core.remote.control.TpsMonitorPoint@654b9733 

2021-06-11 08:32:58,476 INFO Load rule from local,pointName=NAMING_DISTRO_VERIFY_SUCCESS, ruleContent= 

2021-06-11 08:32:58,477 INFO Apply tps control rule parse start,pointName=[NAMING_DISTRO_VERIFY_SUCCESS]  

2021-06-11 08:32:58,477 INFO Clear point  control rule ,pointName=[NAMING_DISTRO_VERIFY_SUCCESS]  

2021-06-11 08:32:58,477 INFO Clear point  control rule for monitorKeys, pointName=[NAMING_DISTRO_VERIFY_SUCCESS]  

2021-06-11 08:32:58,478 INFO Register tps control,pointName=NAMING_DISTRO_VERIFY_FAIL, point=com.alibaba.nacos.core.remote.control.TpsMonitorPoint@dba0102 

2021-06-11 08:32:58,479 INFO Load rule from local,pointName=NAMING_DISTRO_VERIFY_FAIL, ruleContent= 

2021-06-11 08:32:58,479 INFO Apply tps control rule parse start,pointName=[NAMING_DISTRO_VERIFY_FAIL]  

2021-06-11 08:32:58,479 INFO Clear point  control rule ,pointName=[NAMING_DISTRO_VERIFY_FAIL]  

2021-06-11 08:32:58,480 INFO Clear point  control rule for monitorKeys, pointName=[NAMING_DISTRO_VERIFY_FAIL]  

